[2025-05-12T21:22:04.971+0500] {processor.py:157} INFO - Started process (PID=55116) to work on /home/maemoon/Documents/MLOPS_Project/env/lib/python3.10/site-packages/airflow/example_dags/subdags/subdag.py
[2025-05-12T21:22:04.971+0500] {processor.py:829} INFO - Processing file /home/maemoon/Documents/MLOPS_Project/env/lib/python3.10/site-packages/airflow/example_dags/subdags/subdag.py for tasks to queue
[2025-05-12T21:22:04.972+0500] {logging_mixin.py:151} INFO - [2025-05-12T21:22:04.972+0500] {dagbag.py:536} INFO - Filling up the DagBag from /home/maemoon/Documents/MLOPS_Project/env/lib/python3.10/site-packages/airflow/example_dags/subdags/subdag.py
[2025-05-12T21:22:04.974+0500] {processor.py:841} WARNING - No viable dags retrieved from /home/maemoon/Documents/MLOPS_Project/env/lib/python3.10/site-packages/airflow/example_dags/subdags/subdag.py
[2025-05-12T21:22:04.982+0500] {processor.py:179} INFO - Processing /home/maemoon/Documents/MLOPS_Project/env/lib/python3.10/site-packages/airflow/example_dags/subdags/subdag.py took 0.014 seconds
[2025-05-12T21:23:03.977+0500] {processor.py:157} INFO - Started process (PID=55492) to work on /home/maemoon/Documents/MLOPS_Project/env/lib/python3.10/site-packages/airflow/example_dags/subdags/subdag.py
[2025-05-12T21:23:03.979+0500] {processor.py:829} INFO - Processing file /home/maemoon/Documents/MLOPS_Project/env/lib/python3.10/site-packages/airflow/example_dags/subdags/subdag.py for tasks to queue
[2025-05-12T21:23:03.980+0500] {logging_mixin.py:151} INFO - [2025-05-12T21:23:03.980+0500] {dagbag.py:536} INFO - Filling up the DagBag from /home/maemoon/Documents/MLOPS_Project/env/lib/python3.10/site-packages/airflow/example_dags/subdags/subdag.py
[2025-05-12T21:23:03.985+0500] {processor.py:841} WARNING - No viable dags retrieved from /home/maemoon/Documents/MLOPS_Project/env/lib/python3.10/site-packages/airflow/example_dags/subdags/subdag.py
[2025-05-12T21:23:04.001+0500] {processor.py:179} INFO - Processing /home/maemoon/Documents/MLOPS_Project/env/lib/python3.10/site-packages/airflow/example_dags/subdags/subdag.py took 0.028 seconds
[2025-05-12T21:29:33.399+0500] {processor.py:157} INFO - Started process (PID=57348) to work on /home/maemoon/Documents/MLOPS_Project/env/lib/python3.10/site-packages/airflow/example_dags/subdags/subdag.py
[2025-05-12T21:29:33.400+0500] {processor.py:829} INFO - Processing file /home/maemoon/Documents/MLOPS_Project/env/lib/python3.10/site-packages/airflow/example_dags/subdags/subdag.py for tasks to queue
[2025-05-12T21:29:33.400+0500] {logging_mixin.py:151} INFO - [2025-05-12T21:29:33.400+0500] {dagbag.py:536} INFO - Filling up the DagBag from /home/maemoon/Documents/MLOPS_Project/env/lib/python3.10/site-packages/airflow/example_dags/subdags/subdag.py
[2025-05-12T21:29:33.402+0500] {processor.py:841} WARNING - No viable dags retrieved from /home/maemoon/Documents/MLOPS_Project/env/lib/python3.10/site-packages/airflow/example_dags/subdags/subdag.py
[2025-05-12T21:29:33.411+0500] {processor.py:179} INFO - Processing /home/maemoon/Documents/MLOPS_Project/env/lib/python3.10/site-packages/airflow/example_dags/subdags/subdag.py took 0.015 seconds
[2025-05-12T21:30:50.178+0500] {processor.py:157} INFO - Started process (PID=58009) to work on /home/maemoon/Documents/MLOPS_Project/env/lib/python3.10/site-packages/airflow/example_dags/subdags/subdag.py
[2025-05-12T21:30:50.179+0500] {processor.py:829} INFO - Processing file /home/maemoon/Documents/MLOPS_Project/env/lib/python3.10/site-packages/airflow/example_dags/subdags/subdag.py for tasks to queue
[2025-05-12T21:30:50.180+0500] {logging_mixin.py:151} INFO - [2025-05-12T21:30:50.179+0500] {dagbag.py:536} INFO - Filling up the DagBag from /home/maemoon/Documents/MLOPS_Project/env/lib/python3.10/site-packages/airflow/example_dags/subdags/subdag.py
[2025-05-12T21:30:50.182+0500] {processor.py:841} WARNING - No viable dags retrieved from /home/maemoon/Documents/MLOPS_Project/env/lib/python3.10/site-packages/airflow/example_dags/subdags/subdag.py
[2025-05-12T21:30:50.191+0500] {processor.py:179} INFO - Processing /home/maemoon/Documents/MLOPS_Project/env/lib/python3.10/site-packages/airflow/example_dags/subdags/subdag.py took 0.018 seconds
[2025-05-12T21:31:35.620+0500] {processor.py:157} INFO - Started process (PID=58442) to work on /home/maemoon/Documents/MLOPS_Project/env/lib/python3.10/site-packages/airflow/example_dags/subdags/subdag.py
[2025-05-12T21:31:35.621+0500] {processor.py:829} INFO - Processing file /home/maemoon/Documents/MLOPS_Project/env/lib/python3.10/site-packages/airflow/example_dags/subdags/subdag.py for tasks to queue
[2025-05-12T21:31:35.622+0500] {logging_mixin.py:151} INFO - [2025-05-12T21:31:35.622+0500] {dagbag.py:536} INFO - Filling up the DagBag from /home/maemoon/Documents/MLOPS_Project/env/lib/python3.10/site-packages/airflow/example_dags/subdags/subdag.py
[2025-05-12T21:31:35.624+0500] {processor.py:841} WARNING - No viable dags retrieved from /home/maemoon/Documents/MLOPS_Project/env/lib/python3.10/site-packages/airflow/example_dags/subdags/subdag.py
[2025-05-12T21:31:35.633+0500] {processor.py:179} INFO - Processing /home/maemoon/Documents/MLOPS_Project/env/lib/python3.10/site-packages/airflow/example_dags/subdags/subdag.py took 0.016 seconds
[2025-05-12T21:32:13.625+0500] {processor.py:157} INFO - Started process (PID=58657) to work on /home/maemoon/Documents/MLOPS_Project/env/lib/python3.10/site-packages/airflow/example_dags/subdags/subdag.py
[2025-05-12T21:32:13.664+0500] {processor.py:829} INFO - Processing file /home/maemoon/Documents/MLOPS_Project/env/lib/python3.10/site-packages/airflow/example_dags/subdags/subdag.py for tasks to queue
[2025-05-12T21:32:13.665+0500] {logging_mixin.py:151} INFO - [2025-05-12T21:32:13.664+0500] {dagbag.py:536} INFO - Filling up the DagBag from /home/maemoon/Documents/MLOPS_Project/env/lib/python3.10/site-packages/airflow/example_dags/subdags/subdag.py
[2025-05-12T21:32:13.667+0500] {processor.py:841} WARNING - No viable dags retrieved from /home/maemoon/Documents/MLOPS_Project/env/lib/python3.10/site-packages/airflow/example_dags/subdags/subdag.py
[2025-05-12T21:32:13.677+0500] {processor.py:179} INFO - Processing /home/maemoon/Documents/MLOPS_Project/env/lib/python3.10/site-packages/airflow/example_dags/subdags/subdag.py took 0.054 seconds
[2025-05-12T21:32:59.425+0500] {processor.py:157} INFO - Started process (PID=59235) to work on /home/maemoon/Documents/MLOPS_Project/env/lib/python3.10/site-packages/airflow/example_dags/subdags/subdag.py
[2025-05-12T21:32:59.426+0500] {processor.py:829} INFO - Processing file /home/maemoon/Documents/MLOPS_Project/env/lib/python3.10/site-packages/airflow/example_dags/subdags/subdag.py for tasks to queue
[2025-05-12T21:32:59.427+0500] {logging_mixin.py:151} INFO - [2025-05-12T21:32:59.427+0500] {dagbag.py:536} INFO - Filling up the DagBag from /home/maemoon/Documents/MLOPS_Project/env/lib/python3.10/site-packages/airflow/example_dags/subdags/subdag.py
[2025-05-12T21:32:59.430+0500] {processor.py:841} WARNING - No viable dags retrieved from /home/maemoon/Documents/MLOPS_Project/env/lib/python3.10/site-packages/airflow/example_dags/subdags/subdag.py
[2025-05-12T21:32:59.440+0500] {processor.py:179} INFO - Processing /home/maemoon/Documents/MLOPS_Project/env/lib/python3.10/site-packages/airflow/example_dags/subdags/subdag.py took 0.017 seconds
