[2025-05-12T21:22:07.253+0500] {processor.py:157} INFO - Started process (PID=55133) to work on /home/maemoon/Documents/MLOPS_Project/env/lib/python3.10/site-packages/airflow/example_dags/plugins/event_listener.py
[2025-05-12T21:22:07.253+0500] {processor.py:829} INFO - Processing file /home/maemoon/Documents/MLOPS_Project/env/lib/python3.10/site-packages/airflow/example_dags/plugins/event_listener.py for tasks to queue
[2025-05-12T21:22:07.254+0500] {logging_mixin.py:151} INFO - [2025-05-12T21:22:07.254+0500] {dagbag.py:536} INFO - Filling up the DagBag from /home/maemoon/Documents/MLOPS_Project/env/lib/python3.10/site-packages/airflow/example_dags/plugins/event_listener.py
[2025-05-12T21:22:07.256+0500] {processor.py:841} WARNING - No viable dags retrieved from /home/maemoon/Documents/MLOPS_Project/env/lib/python3.10/site-packages/airflow/example_dags/plugins/event_listener.py
[2025-05-12T21:22:07.265+0500] {processor.py:179} INFO - Processing /home/maemoon/Documents/MLOPS_Project/env/lib/python3.10/site-packages/airflow/example_dags/plugins/event_listener.py took 0.016 seconds
[2025-05-12T21:23:06.323+0500] {processor.py:157} INFO - Started process (PID=55519) to work on /home/maemoon/Documents/MLOPS_Project/env/lib/python3.10/site-packages/airflow/example_dags/plugins/event_listener.py
[2025-05-12T21:23:06.325+0500] {processor.py:829} INFO - Processing file /home/maemoon/Documents/MLOPS_Project/env/lib/python3.10/site-packages/airflow/example_dags/plugins/event_listener.py for tasks to queue
[2025-05-12T21:23:06.325+0500] {logging_mixin.py:151} INFO - [2025-05-12T21:23:06.325+0500] {dagbag.py:536} INFO - Filling up the DagBag from /home/maemoon/Documents/MLOPS_Project/env/lib/python3.10/site-packages/airflow/example_dags/plugins/event_listener.py
[2025-05-12T21:23:06.327+0500] {processor.py:841} WARNING - No viable dags retrieved from /home/maemoon/Documents/MLOPS_Project/env/lib/python3.10/site-packages/airflow/example_dags/plugins/event_listener.py
[2025-05-12T21:23:06.337+0500] {processor.py:179} INFO - Processing /home/maemoon/Documents/MLOPS_Project/env/lib/python3.10/site-packages/airflow/example_dags/plugins/event_listener.py took 0.016 seconds
[2025-05-12T21:29:35.346+0500] {processor.py:157} INFO - Started process (PID=57355) to work on /home/maemoon/Documents/MLOPS_Project/env/lib/python3.10/site-packages/airflow/example_dags/plugins/event_listener.py
[2025-05-12T21:29:35.347+0500] {processor.py:829} INFO - Processing file /home/maemoon/Documents/MLOPS_Project/env/lib/python3.10/site-packages/airflow/example_dags/plugins/event_listener.py for tasks to queue
[2025-05-12T21:29:35.348+0500] {logging_mixin.py:151} INFO - [2025-05-12T21:29:35.348+0500] {dagbag.py:536} INFO - Filling up the DagBag from /home/maemoon/Documents/MLOPS_Project/env/lib/python3.10/site-packages/airflow/example_dags/plugins/event_listener.py
[2025-05-12T21:29:35.350+0500] {processor.py:841} WARNING - No viable dags retrieved from /home/maemoon/Documents/MLOPS_Project/env/lib/python3.10/site-packages/airflow/example_dags/plugins/event_listener.py
[2025-05-12T21:29:35.363+0500] {processor.py:179} INFO - Processing /home/maemoon/Documents/MLOPS_Project/env/lib/python3.10/site-packages/airflow/example_dags/plugins/event_listener.py took 0.020 seconds
[2025-05-12T21:30:52.450+0500] {processor.py:157} INFO - Started process (PID=58011) to work on /home/maemoon/Documents/MLOPS_Project/env/lib/python3.10/site-packages/airflow/example_dags/plugins/event_listener.py
[2025-05-12T21:30:52.451+0500] {processor.py:829} INFO - Processing file /home/maemoon/Documents/MLOPS_Project/env/lib/python3.10/site-packages/airflow/example_dags/plugins/event_listener.py for tasks to queue
[2025-05-12T21:30:52.452+0500] {logging_mixin.py:151} INFO - [2025-05-12T21:30:52.452+0500] {dagbag.py:536} INFO - Filling up the DagBag from /home/maemoon/Documents/MLOPS_Project/env/lib/python3.10/site-packages/airflow/example_dags/plugins/event_listener.py
[2025-05-12T21:30:52.455+0500] {processor.py:841} WARNING - No viable dags retrieved from /home/maemoon/Documents/MLOPS_Project/env/lib/python3.10/site-packages/airflow/example_dags/plugins/event_listener.py
[2025-05-12T21:30:52.467+0500] {processor.py:179} INFO - Processing /home/maemoon/Documents/MLOPS_Project/env/lib/python3.10/site-packages/airflow/example_dags/plugins/event_listener.py took 0.019 seconds
[2025-05-12T21:31:37.581+0500] {processor.py:157} INFO - Started process (PID=58460) to work on /home/maemoon/Documents/MLOPS_Project/env/lib/python3.10/site-packages/airflow/example_dags/plugins/event_listener.py
[2025-05-12T21:31:37.596+0500] {processor.py:829} INFO - Processing file /home/maemoon/Documents/MLOPS_Project/env/lib/python3.10/site-packages/airflow/example_dags/plugins/event_listener.py for tasks to queue
[2025-05-12T21:31:37.597+0500] {logging_mixin.py:151} INFO - [2025-05-12T21:31:37.597+0500] {dagbag.py:536} INFO - Filling up the DagBag from /home/maemoon/Documents/MLOPS_Project/env/lib/python3.10/site-packages/airflow/example_dags/plugins/event_listener.py
[2025-05-12T21:31:37.600+0500] {processor.py:841} WARNING - No viable dags retrieved from /home/maemoon/Documents/MLOPS_Project/env/lib/python3.10/site-packages/airflow/example_dags/plugins/event_listener.py
[2025-05-12T21:31:37.723+0500] {processor.py:179} INFO - Processing /home/maemoon/Documents/MLOPS_Project/env/lib/python3.10/site-packages/airflow/example_dags/plugins/event_listener.py took 0.145 seconds
[2025-05-12T21:32:15.898+0500] {processor.py:157} INFO - Started process (PID=58659) to work on /home/maemoon/Documents/MLOPS_Project/env/lib/python3.10/site-packages/airflow/example_dags/plugins/event_listener.py
[2025-05-12T21:32:15.898+0500] {processor.py:829} INFO - Processing file /home/maemoon/Documents/MLOPS_Project/env/lib/python3.10/site-packages/airflow/example_dags/plugins/event_listener.py for tasks to queue
[2025-05-12T21:32:15.899+0500] {logging_mixin.py:151} INFO - [2025-05-12T21:32:15.899+0500] {dagbag.py:536} INFO - Filling up the DagBag from /home/maemoon/Documents/MLOPS_Project/env/lib/python3.10/site-packages/airflow/example_dags/plugins/event_listener.py
[2025-05-12T21:32:15.901+0500] {processor.py:841} WARNING - No viable dags retrieved from /home/maemoon/Documents/MLOPS_Project/env/lib/python3.10/site-packages/airflow/example_dags/plugins/event_listener.py
[2025-05-12T21:32:15.912+0500] {processor.py:179} INFO - Processing /home/maemoon/Documents/MLOPS_Project/env/lib/python3.10/site-packages/airflow/example_dags/plugins/event_listener.py took 0.016 seconds
[2025-05-12T21:33:01.706+0500] {processor.py:157} INFO - Started process (PID=59246) to work on /home/maemoon/Documents/MLOPS_Project/env/lib/python3.10/site-packages/airflow/example_dags/plugins/event_listener.py
[2025-05-12T21:33:01.723+0500] {processor.py:829} INFO - Processing file /home/maemoon/Documents/MLOPS_Project/env/lib/python3.10/site-packages/airflow/example_dags/plugins/event_listener.py for tasks to queue
[2025-05-12T21:33:01.724+0500] {logging_mixin.py:151} INFO - [2025-05-12T21:33:01.724+0500] {dagbag.py:536} INFO - Filling up the DagBag from /home/maemoon/Documents/MLOPS_Project/env/lib/python3.10/site-packages/airflow/example_dags/plugins/event_listener.py
[2025-05-12T21:33:01.727+0500] {processor.py:841} WARNING - No viable dags retrieved from /home/maemoon/Documents/MLOPS_Project/env/lib/python3.10/site-packages/airflow/example_dags/plugins/event_listener.py
[2025-05-12T21:33:01.740+0500] {processor.py:179} INFO - Processing /home/maemoon/Documents/MLOPS_Project/env/lib/python3.10/site-packages/airflow/example_dags/plugins/event_listener.py took 0.040 seconds
[2025-05-12T21:33:40.971+0500] {processor.py:157} INFO - Started process (PID=59357) to work on /home/maemoon/Documents/MLOPS_Project/env/lib/python3.10/site-packages/airflow/example_dags/plugins/event_listener.py
[2025-05-12T21:33:40.973+0500] {processor.py:829} INFO - Processing file /home/maemoon/Documents/MLOPS_Project/env/lib/python3.10/site-packages/airflow/example_dags/plugins/event_listener.py for tasks to queue
[2025-05-12T21:33:40.974+0500] {logging_mixin.py:151} INFO - [2025-05-12T21:33:40.973+0500] {dagbag.py:536} INFO - Filling up the DagBag from /home/maemoon/Documents/MLOPS_Project/env/lib/python3.10/site-packages/airflow/example_dags/plugins/event_listener.py
[2025-05-12T21:33:40.976+0500] {processor.py:841} WARNING - No viable dags retrieved from /home/maemoon/Documents/MLOPS_Project/env/lib/python3.10/site-packages/airflow/example_dags/plugins/event_listener.py
[2025-05-12T21:33:40.989+0500] {processor.py:179} INFO - Processing /home/maemoon/Documents/MLOPS_Project/env/lib/python3.10/site-packages/airflow/example_dags/plugins/event_listener.py took 0.024 seconds
[2025-05-12T21:34:28.128+0500] {processor.py:157} INFO - Started process (PID=59437) to work on /home/maemoon/Documents/MLOPS_Project/env/lib/python3.10/site-packages/airflow/example_dags/plugins/event_listener.py
[2025-05-12T21:34:28.129+0500] {processor.py:829} INFO - Processing file /home/maemoon/Documents/MLOPS_Project/env/lib/python3.10/site-packages/airflow/example_dags/plugins/event_listener.py for tasks to queue
[2025-05-12T21:34:28.130+0500] {logging_mixin.py:151} INFO - [2025-05-12T21:34:28.129+0500] {dagbag.py:536} INFO - Filling up the DagBag from /home/maemoon/Documents/MLOPS_Project/env/lib/python3.10/site-packages/airflow/example_dags/plugins/event_listener.py
[2025-05-12T21:34:28.132+0500] {processor.py:841} WARNING - No viable dags retrieved from /home/maemoon/Documents/MLOPS_Project/env/lib/python3.10/site-packages/airflow/example_dags/plugins/event_listener.py
[2025-05-12T21:34:28.141+0500] {processor.py:179} INFO - Processing /home/maemoon/Documents/MLOPS_Project/env/lib/python3.10/site-packages/airflow/example_dags/plugins/event_listener.py took 0.015 seconds
[2025-05-12T21:35:15.716+0500] {processor.py:157} INFO - Started process (PID=59609) to work on /home/maemoon/Documents/MLOPS_Project/env/lib/python3.10/site-packages/airflow/example_dags/plugins/event_listener.py
[2025-05-12T21:35:15.740+0500] {processor.py:829} INFO - Processing file /home/maemoon/Documents/MLOPS_Project/env/lib/python3.10/site-packages/airflow/example_dags/plugins/event_listener.py for tasks to queue
[2025-05-12T21:35:15.741+0500] {logging_mixin.py:151} INFO - [2025-05-12T21:35:15.740+0500] {dagbag.py:536} INFO - Filling up the DagBag from /home/maemoon/Documents/MLOPS_Project/env/lib/python3.10/site-packages/airflow/example_dags/plugins/event_listener.py
[2025-05-12T21:35:15.743+0500] {processor.py:841} WARNING - No viable dags retrieved from /home/maemoon/Documents/MLOPS_Project/env/lib/python3.10/site-packages/airflow/example_dags/plugins/event_listener.py
[2025-05-12T21:35:15.751+0500] {processor.py:179} INFO - Processing /home/maemoon/Documents/MLOPS_Project/env/lib/python3.10/site-packages/airflow/example_dags/plugins/event_listener.py took 0.037 seconds
[2025-05-12T21:36:03.896+0500] {processor.py:157} INFO - Started process (PID=59785) to work on /home/maemoon/Documents/MLOPS_Project/env/lib/python3.10/site-packages/airflow/example_dags/plugins/event_listener.py
[2025-05-12T21:36:03.898+0500] {processor.py:829} INFO - Processing file /home/maemoon/Documents/MLOPS_Project/env/lib/python3.10/site-packages/airflow/example_dags/plugins/event_listener.py for tasks to queue
[2025-05-12T21:36:03.899+0500] {logging_mixin.py:151} INFO - [2025-05-12T21:36:03.898+0500] {dagbag.py:536} INFO - Filling up the DagBag from /home/maemoon/Documents/MLOPS_Project/env/lib/python3.10/site-packages/airflow/example_dags/plugins/event_listener.py
[2025-05-12T21:36:03.902+0500] {processor.py:841} WARNING - No viable dags retrieved from /home/maemoon/Documents/MLOPS_Project/env/lib/python3.10/site-packages/airflow/example_dags/plugins/event_listener.py
[2025-05-12T21:36:03.916+0500] {processor.py:179} INFO - Processing /home/maemoon/Documents/MLOPS_Project/env/lib/python3.10/site-packages/airflow/example_dags/plugins/event_listener.py took 0.023 seconds
[2025-05-12T21:51:56.464+0500] {processor.py:157} INFO - Started process (PID=63416) to work on /home/maemoon/Documents/MLOPS_Project/env/lib/python3.10/site-packages/airflow/example_dags/plugins/event_listener.py
[2025-05-12T21:51:56.495+0500] {processor.py:829} INFO - Processing file /home/maemoon/Documents/MLOPS_Project/env/lib/python3.10/site-packages/airflow/example_dags/plugins/event_listener.py for tasks to queue
[2025-05-12T21:51:56.496+0500] {logging_mixin.py:151} INFO - [2025-05-12T21:51:56.496+0500] {dagbag.py:536} INFO - Filling up the DagBag from /home/maemoon/Documents/MLOPS_Project/env/lib/python3.10/site-packages/airflow/example_dags/plugins/event_listener.py
[2025-05-12T21:51:56.498+0500] {processor.py:841} WARNING - No viable dags retrieved from /home/maemoon/Documents/MLOPS_Project/env/lib/python3.10/site-packages/airflow/example_dags/plugins/event_listener.py
[2025-05-12T21:51:56.739+0500] {processor.py:179} INFO - Processing /home/maemoon/Documents/MLOPS_Project/env/lib/python3.10/site-packages/airflow/example_dags/plugins/event_listener.py took 0.278 seconds
[2025-05-12T21:53:17.500+0500] {processor.py:157} INFO - Started process (PID=64025) to work on /home/maemoon/Documents/MLOPS_Project/env/lib/python3.10/site-packages/airflow/example_dags/plugins/event_listener.py
[2025-05-12T21:53:17.501+0500] {processor.py:829} INFO - Processing file /home/maemoon/Documents/MLOPS_Project/env/lib/python3.10/site-packages/airflow/example_dags/plugins/event_listener.py for tasks to queue
[2025-05-12T21:53:17.502+0500] {logging_mixin.py:151} INFO - [2025-05-12T21:53:17.502+0500] {dagbag.py:536} INFO - Filling up the DagBag from /home/maemoon/Documents/MLOPS_Project/env/lib/python3.10/site-packages/airflow/example_dags/plugins/event_listener.py
[2025-05-12T21:53:17.506+0500] {processor.py:841} WARNING - No viable dags retrieved from /home/maemoon/Documents/MLOPS_Project/env/lib/python3.10/site-packages/airflow/example_dags/plugins/event_listener.py
[2025-05-12T21:53:17.518+0500] {processor.py:179} INFO - Processing /home/maemoon/Documents/MLOPS_Project/env/lib/python3.10/site-packages/airflow/example_dags/plugins/event_listener.py took 0.020 seconds
[2025-05-12T21:54:16.829+0500] {processor.py:157} INFO - Started process (PID=64170) to work on /home/maemoon/Documents/MLOPS_Project/env/lib/python3.10/site-packages/airflow/example_dags/plugins/event_listener.py
[2025-05-12T21:54:16.829+0500] {processor.py:829} INFO - Processing file /home/maemoon/Documents/MLOPS_Project/env/lib/python3.10/site-packages/airflow/example_dags/plugins/event_listener.py for tasks to queue
[2025-05-12T21:54:16.830+0500] {logging_mixin.py:151} INFO - [2025-05-12T21:54:16.830+0500] {dagbag.py:536} INFO - Filling up the DagBag from /home/maemoon/Documents/MLOPS_Project/env/lib/python3.10/site-packages/airflow/example_dags/plugins/event_listener.py
[2025-05-12T21:54:16.832+0500] {processor.py:841} WARNING - No viable dags retrieved from /home/maemoon/Documents/MLOPS_Project/env/lib/python3.10/site-packages/airflow/example_dags/plugins/event_listener.py
[2025-05-12T21:54:16.841+0500] {processor.py:179} INFO - Processing /home/maemoon/Documents/MLOPS_Project/env/lib/python3.10/site-packages/airflow/example_dags/plugins/event_listener.py took 0.015 seconds
[2025-05-12T21:55:55.269+0500] {processor.py:157} INFO - Started process (PID=65139) to work on /home/maemoon/Documents/MLOPS_Project/env/lib/python3.10/site-packages/airflow/example_dags/plugins/event_listener.py
[2025-05-12T21:55:55.270+0500] {processor.py:829} INFO - Processing file /home/maemoon/Documents/MLOPS_Project/env/lib/python3.10/site-packages/airflow/example_dags/plugins/event_listener.py for tasks to queue
[2025-05-12T21:55:55.271+0500] {logging_mixin.py:151} INFO - [2025-05-12T21:55:55.270+0500] {dagbag.py:536} INFO - Filling up the DagBag from /home/maemoon/Documents/MLOPS_Project/env/lib/python3.10/site-packages/airflow/example_dags/plugins/event_listener.py
[2025-05-12T21:55:55.272+0500] {processor.py:841} WARNING - No viable dags retrieved from /home/maemoon/Documents/MLOPS_Project/env/lib/python3.10/site-packages/airflow/example_dags/plugins/event_listener.py
[2025-05-12T21:55:55.281+0500] {processor.py:179} INFO - Processing /home/maemoon/Documents/MLOPS_Project/env/lib/python3.10/site-packages/airflow/example_dags/plugins/event_listener.py took 0.014 seconds
[2025-05-12T21:56:39.052+0500] {processor.py:157} INFO - Started process (PID=65294) to work on /home/maemoon/Documents/MLOPS_Project/env/lib/python3.10/site-packages/airflow/example_dags/plugins/event_listener.py
[2025-05-12T21:56:39.053+0500] {processor.py:829} INFO - Processing file /home/maemoon/Documents/MLOPS_Project/env/lib/python3.10/site-packages/airflow/example_dags/plugins/event_listener.py for tasks to queue
[2025-05-12T21:56:39.053+0500] {logging_mixin.py:151} INFO - [2025-05-12T21:56:39.053+0500] {dagbag.py:536} INFO - Filling up the DagBag from /home/maemoon/Documents/MLOPS_Project/env/lib/python3.10/site-packages/airflow/example_dags/plugins/event_listener.py
[2025-05-12T21:56:39.055+0500] {processor.py:841} WARNING - No viable dags retrieved from /home/maemoon/Documents/MLOPS_Project/env/lib/python3.10/site-packages/airflow/example_dags/plugins/event_listener.py
[2025-05-12T21:56:39.063+0500] {processor.py:179} INFO - Processing /home/maemoon/Documents/MLOPS_Project/env/lib/python3.10/site-packages/airflow/example_dags/plugins/event_listener.py took 0.014 seconds
[2025-05-12T21:57:25.143+0500] {processor.py:157} INFO - Started process (PID=65393) to work on /home/maemoon/Documents/MLOPS_Project/env/lib/python3.10/site-packages/airflow/example_dags/plugins/event_listener.py
[2025-05-12T21:57:25.144+0500] {processor.py:829} INFO - Processing file /home/maemoon/Documents/MLOPS_Project/env/lib/python3.10/site-packages/airflow/example_dags/plugins/event_listener.py for tasks to queue
[2025-05-12T21:57:25.145+0500] {logging_mixin.py:151} INFO - [2025-05-12T21:57:25.144+0500] {dagbag.py:536} INFO - Filling up the DagBag from /home/maemoon/Documents/MLOPS_Project/env/lib/python3.10/site-packages/airflow/example_dags/plugins/event_listener.py
[2025-05-12T21:57:25.147+0500] {processor.py:841} WARNING - No viable dags retrieved from /home/maemoon/Documents/MLOPS_Project/env/lib/python3.10/site-packages/airflow/example_dags/plugins/event_listener.py
[2025-05-12T21:57:25.158+0500] {processor.py:179} INFO - Processing /home/maemoon/Documents/MLOPS_Project/env/lib/python3.10/site-packages/airflow/example_dags/plugins/event_listener.py took 0.017 seconds
[2025-05-12T21:58:18.797+0500] {processor.py:157} INFO - Started process (PID=65528) to work on /home/maemoon/Documents/MLOPS_Project/env/lib/python3.10/site-packages/airflow/example_dags/plugins/event_listener.py
[2025-05-12T21:58:18.798+0500] {processor.py:829} INFO - Processing file /home/maemoon/Documents/MLOPS_Project/env/lib/python3.10/site-packages/airflow/example_dags/plugins/event_listener.py for tasks to queue
[2025-05-12T21:58:18.799+0500] {logging_mixin.py:151} INFO - [2025-05-12T21:58:18.798+0500] {dagbag.py:536} INFO - Filling up the DagBag from /home/maemoon/Documents/MLOPS_Project/env/lib/python3.10/site-packages/airflow/example_dags/plugins/event_listener.py
[2025-05-12T21:58:18.801+0500] {processor.py:841} WARNING - No viable dags retrieved from /home/maemoon/Documents/MLOPS_Project/env/lib/python3.10/site-packages/airflow/example_dags/plugins/event_listener.py
[2025-05-12T21:58:18.812+0500] {processor.py:179} INFO - Processing /home/maemoon/Documents/MLOPS_Project/env/lib/python3.10/site-packages/airflow/example_dags/plugins/event_listener.py took 0.018 seconds
[2025-05-12T21:59:13.899+0500] {processor.py:157} INFO - Started process (PID=65739) to work on /home/maemoon/Documents/MLOPS_Project/env/lib/python3.10/site-packages/airflow/example_dags/plugins/event_listener.py
[2025-05-12T21:59:13.907+0500] {processor.py:829} INFO - Processing file /home/maemoon/Documents/MLOPS_Project/env/lib/python3.10/site-packages/airflow/example_dags/plugins/event_listener.py for tasks to queue
[2025-05-12T21:59:13.908+0500] {logging_mixin.py:151} INFO - [2025-05-12T21:59:13.907+0500] {dagbag.py:536} INFO - Filling up the DagBag from /home/maemoon/Documents/MLOPS_Project/env/lib/python3.10/site-packages/airflow/example_dags/plugins/event_listener.py
[2025-05-12T21:59:13.910+0500] {processor.py:841} WARNING - No viable dags retrieved from /home/maemoon/Documents/MLOPS_Project/env/lib/python3.10/site-packages/airflow/example_dags/plugins/event_listener.py
[2025-05-12T21:59:13.918+0500] {processor.py:179} INFO - Processing /home/maemoon/Documents/MLOPS_Project/env/lib/python3.10/site-packages/airflow/example_dags/plugins/event_listener.py took 0.021 seconds
[2025-05-12T22:00:17.131+0500] {processor.py:157} INFO - Started process (PID=65944) to work on /home/maemoon/Documents/MLOPS_Project/env/lib/python3.10/site-packages/airflow/example_dags/plugins/event_listener.py
[2025-05-12T22:00:17.222+0500] {processor.py:829} INFO - Processing file /home/maemoon/Documents/MLOPS_Project/env/lib/python3.10/site-packages/airflow/example_dags/plugins/event_listener.py for tasks to queue
[2025-05-12T22:00:17.223+0500] {logging_mixin.py:151} INFO - [2025-05-12T22:00:17.222+0500] {dagbag.py:536} INFO - Filling up the DagBag from /home/maemoon/Documents/MLOPS_Project/env/lib/python3.10/site-packages/airflow/example_dags/plugins/event_listener.py
[2025-05-12T22:00:17.225+0500] {processor.py:841} WARNING - No viable dags retrieved from /home/maemoon/Documents/MLOPS_Project/env/lib/python3.10/site-packages/airflow/example_dags/plugins/event_listener.py
[2025-05-12T22:00:17.233+0500] {processor.py:179} INFO - Processing /home/maemoon/Documents/MLOPS_Project/env/lib/python3.10/site-packages/airflow/example_dags/plugins/event_listener.py took 0.105 seconds
[2025-05-12T22:01:24.893+0500] {processor.py:157} INFO - Started process (PID=66204) to work on /home/maemoon/Documents/MLOPS_Project/env/lib/python3.10/site-packages/airflow/example_dags/plugins/event_listener.py
[2025-05-12T22:01:24.908+0500] {processor.py:829} INFO - Processing file /home/maemoon/Documents/MLOPS_Project/env/lib/python3.10/site-packages/airflow/example_dags/plugins/event_listener.py for tasks to queue
[2025-05-12T22:01:24.908+0500] {logging_mixin.py:151} INFO - [2025-05-12T22:01:24.908+0500] {dagbag.py:536} INFO - Filling up the DagBag from /home/maemoon/Documents/MLOPS_Project/env/lib/python3.10/site-packages/airflow/example_dags/plugins/event_listener.py
[2025-05-12T22:01:24.910+0500] {processor.py:841} WARNING - No viable dags retrieved from /home/maemoon/Documents/MLOPS_Project/env/lib/python3.10/site-packages/airflow/example_dags/plugins/event_listener.py
[2025-05-12T22:01:24.919+0500] {processor.py:179} INFO - Processing /home/maemoon/Documents/MLOPS_Project/env/lib/python3.10/site-packages/airflow/example_dags/plugins/event_listener.py took 0.028 seconds
[2025-05-12T22:03:32.289+0500] {processor.py:157} INFO - Started process (PID=67283) to work on /home/maemoon/Documents/MLOPS_Project/env/lib/python3.10/site-packages/airflow/example_dags/plugins/event_listener.py
[2025-05-12T22:03:32.301+0500] {processor.py:829} INFO - Processing file /home/maemoon/Documents/MLOPS_Project/env/lib/python3.10/site-packages/airflow/example_dags/plugins/event_listener.py for tasks to queue
[2025-05-12T22:03:32.302+0500] {logging_mixin.py:151} INFO - [2025-05-12T22:03:32.302+0500] {dagbag.py:536} INFO - Filling up the DagBag from /home/maemoon/Documents/MLOPS_Project/env/lib/python3.10/site-packages/airflow/example_dags/plugins/event_listener.py
[2025-05-12T22:03:32.304+0500] {processor.py:841} WARNING - No viable dags retrieved from /home/maemoon/Documents/MLOPS_Project/env/lib/python3.10/site-packages/airflow/example_dags/plugins/event_listener.py
[2025-05-12T22:03:32.312+0500] {processor.py:179} INFO - Processing /home/maemoon/Documents/MLOPS_Project/env/lib/python3.10/site-packages/airflow/example_dags/plugins/event_listener.py took 0.026 seconds
[2025-05-12T22:04:28.793+0500] {processor.py:157} INFO - Started process (PID=67440) to work on /home/maemoon/Documents/MLOPS_Project/env/lib/python3.10/site-packages/airflow/example_dags/plugins/event_listener.py
[2025-05-12T22:04:28.831+0500] {processor.py:829} INFO - Processing file /home/maemoon/Documents/MLOPS_Project/env/lib/python3.10/site-packages/airflow/example_dags/plugins/event_listener.py for tasks to queue
[2025-05-12T22:04:28.832+0500] {logging_mixin.py:151} INFO - [2025-05-12T22:04:28.832+0500] {dagbag.py:536} INFO - Filling up the DagBag from /home/maemoon/Documents/MLOPS_Project/env/lib/python3.10/site-packages/airflow/example_dags/plugins/event_listener.py
[2025-05-12T22:04:28.834+0500] {processor.py:841} WARNING - No viable dags retrieved from /home/maemoon/Documents/MLOPS_Project/env/lib/python3.10/site-packages/airflow/example_dags/plugins/event_listener.py
[2025-05-12T22:04:28.842+0500] {processor.py:179} INFO - Processing /home/maemoon/Documents/MLOPS_Project/env/lib/python3.10/site-packages/airflow/example_dags/plugins/event_listener.py took 0.052 seconds
[2025-05-12T22:05:23.449+0500] {processor.py:157} INFO - Started process (PID=67594) to work on /home/maemoon/Documents/MLOPS_Project/env/lib/python3.10/site-packages/airflow/example_dags/plugins/event_listener.py
[2025-05-12T22:05:23.456+0500] {processor.py:829} INFO - Processing file /home/maemoon/Documents/MLOPS_Project/env/lib/python3.10/site-packages/airflow/example_dags/plugins/event_listener.py for tasks to queue
[2025-05-12T22:05:23.456+0500] {logging_mixin.py:151} INFO - [2025-05-12T22:05:23.456+0500] {dagbag.py:536} INFO - Filling up the DagBag from /home/maemoon/Documents/MLOPS_Project/env/lib/python3.10/site-packages/airflow/example_dags/plugins/event_listener.py
[2025-05-12T22:05:23.459+0500] {processor.py:841} WARNING - No viable dags retrieved from /home/maemoon/Documents/MLOPS_Project/env/lib/python3.10/site-packages/airflow/example_dags/plugins/event_listener.py
[2025-05-12T22:05:23.468+0500] {processor.py:179} INFO - Processing /home/maemoon/Documents/MLOPS_Project/env/lib/python3.10/site-packages/airflow/example_dags/plugins/event_listener.py took 0.021 seconds
[2025-05-12T22:06:13.225+0500] {processor.py:157} INFO - Started process (PID=67708) to work on /home/maemoon/Documents/MLOPS_Project/env/lib/python3.10/site-packages/airflow/example_dags/plugins/event_listener.py
[2025-05-12T22:06:13.242+0500] {processor.py:829} INFO - Processing file /home/maemoon/Documents/MLOPS_Project/env/lib/python3.10/site-packages/airflow/example_dags/plugins/event_listener.py for tasks to queue
[2025-05-12T22:06:13.243+0500] {logging_mixin.py:151} INFO - [2025-05-12T22:06:13.242+0500] {dagbag.py:536} INFO - Filling up the DagBag from /home/maemoon/Documents/MLOPS_Project/env/lib/python3.10/site-packages/airflow/example_dags/plugins/event_listener.py
[2025-05-12T22:06:13.245+0500] {processor.py:841} WARNING - No viable dags retrieved from /home/maemoon/Documents/MLOPS_Project/env/lib/python3.10/site-packages/airflow/example_dags/plugins/event_listener.py
[2025-05-12T22:06:13.253+0500] {processor.py:179} INFO - Processing /home/maemoon/Documents/MLOPS_Project/env/lib/python3.10/site-packages/airflow/example_dags/plugins/event_listener.py took 0.030 seconds
[2025-05-12T22:07:01.452+0500] {processor.py:157} INFO - Started process (PID=67848) to work on /home/maemoon/Documents/MLOPS_Project/env/lib/python3.10/site-packages/airflow/example_dags/plugins/event_listener.py
[2025-05-12T22:07:01.462+0500] {processor.py:829} INFO - Processing file /home/maemoon/Documents/MLOPS_Project/env/lib/python3.10/site-packages/airflow/example_dags/plugins/event_listener.py for tasks to queue
[2025-05-12T22:07:01.462+0500] {logging_mixin.py:151} INFO - [2025-05-12T22:07:01.462+0500] {dagbag.py:536} INFO - Filling up the DagBag from /home/maemoon/Documents/MLOPS_Project/env/lib/python3.10/site-packages/airflow/example_dags/plugins/event_listener.py
[2025-05-12T22:07:01.464+0500] {processor.py:841} WARNING - No viable dags retrieved from /home/maemoon/Documents/MLOPS_Project/env/lib/python3.10/site-packages/airflow/example_dags/plugins/event_listener.py
[2025-05-12T22:07:01.473+0500] {processor.py:179} INFO - Processing /home/maemoon/Documents/MLOPS_Project/env/lib/python3.10/site-packages/airflow/example_dags/plugins/event_listener.py took 0.023 seconds
[2025-05-12T22:07:57.607+0500] {processor.py:157} INFO - Started process (PID=67996) to work on /home/maemoon/Documents/MLOPS_Project/env/lib/python3.10/site-packages/airflow/example_dags/plugins/event_listener.py
[2025-05-12T22:07:57.625+0500] {processor.py:829} INFO - Processing file /home/maemoon/Documents/MLOPS_Project/env/lib/python3.10/site-packages/airflow/example_dags/plugins/event_listener.py for tasks to queue
[2025-05-12T22:07:57.626+0500] {logging_mixin.py:151} INFO - [2025-05-12T22:07:57.626+0500] {dagbag.py:536} INFO - Filling up the DagBag from /home/maemoon/Documents/MLOPS_Project/env/lib/python3.10/site-packages/airflow/example_dags/plugins/event_listener.py
[2025-05-12T22:07:57.628+0500] {processor.py:841} WARNING - No viable dags retrieved from /home/maemoon/Documents/MLOPS_Project/env/lib/python3.10/site-packages/airflow/example_dags/plugins/event_listener.py
[2025-05-12T22:07:57.637+0500] {processor.py:179} INFO - Processing /home/maemoon/Documents/MLOPS_Project/env/lib/python3.10/site-packages/airflow/example_dags/plugins/event_listener.py took 0.032 seconds
[2025-05-12T22:08:47.303+0500] {processor.py:157} INFO - Started process (PID=68085) to work on /home/maemoon/Documents/MLOPS_Project/env/lib/python3.10/site-packages/airflow/example_dags/plugins/event_listener.py
[2025-05-12T22:08:47.323+0500] {processor.py:829} INFO - Processing file /home/maemoon/Documents/MLOPS_Project/env/lib/python3.10/site-packages/airflow/example_dags/plugins/event_listener.py for tasks to queue
[2025-05-12T22:08:47.324+0500] {logging_mixin.py:151} INFO - [2025-05-12T22:08:47.323+0500] {dagbag.py:536} INFO - Filling up the DagBag from /home/maemoon/Documents/MLOPS_Project/env/lib/python3.10/site-packages/airflow/example_dags/plugins/event_listener.py
[2025-05-12T22:08:47.327+0500] {processor.py:841} WARNING - No viable dags retrieved from /home/maemoon/Documents/MLOPS_Project/env/lib/python3.10/site-packages/airflow/example_dags/plugins/event_listener.py
[2025-05-12T22:08:47.343+0500] {processor.py:179} INFO - Processing /home/maemoon/Documents/MLOPS_Project/env/lib/python3.10/site-packages/airflow/example_dags/plugins/event_listener.py took 0.042 seconds
[2025-05-12T22:09:36.678+0500] {processor.py:157} INFO - Started process (PID=68194) to work on /home/maemoon/Documents/MLOPS_Project/env/lib/python3.10/site-packages/airflow/example_dags/plugins/event_listener.py
[2025-05-12T22:09:36.678+0500] {processor.py:829} INFO - Processing file /home/maemoon/Documents/MLOPS_Project/env/lib/python3.10/site-packages/airflow/example_dags/plugins/event_listener.py for tasks to queue
[2025-05-12T22:09:36.679+0500] {logging_mixin.py:151} INFO - [2025-05-12T22:09:36.679+0500] {dagbag.py:536} INFO - Filling up the DagBag from /home/maemoon/Documents/MLOPS_Project/env/lib/python3.10/site-packages/airflow/example_dags/plugins/event_listener.py
[2025-05-12T22:09:36.681+0500] {processor.py:841} WARNING - No viable dags retrieved from /home/maemoon/Documents/MLOPS_Project/env/lib/python3.10/site-packages/airflow/example_dags/plugins/event_listener.py
[2025-05-12T22:09:36.689+0500] {processor.py:179} INFO - Processing /home/maemoon/Documents/MLOPS_Project/env/lib/python3.10/site-packages/airflow/example_dags/plugins/event_listener.py took 0.013 seconds
[2025-05-12T22:10:30.842+0500] {processor.py:157} INFO - Started process (PID=68318) to work on /home/maemoon/Documents/MLOPS_Project/env/lib/python3.10/site-packages/airflow/example_dags/plugins/event_listener.py
[2025-05-12T22:10:30.855+0500] {processor.py:829} INFO - Processing file /home/maemoon/Documents/MLOPS_Project/env/lib/python3.10/site-packages/airflow/example_dags/plugins/event_listener.py for tasks to queue
[2025-05-12T22:10:30.856+0500] {logging_mixin.py:151} INFO - [2025-05-12T22:10:30.856+0500] {dagbag.py:536} INFO - Filling up the DagBag from /home/maemoon/Documents/MLOPS_Project/env/lib/python3.10/site-packages/airflow/example_dags/plugins/event_listener.py
[2025-05-12T22:10:30.858+0500] {processor.py:841} WARNING - No viable dags retrieved from /home/maemoon/Documents/MLOPS_Project/env/lib/python3.10/site-packages/airflow/example_dags/plugins/event_listener.py
[2025-05-12T22:10:30.871+0500] {processor.py:179} INFO - Processing /home/maemoon/Documents/MLOPS_Project/env/lib/python3.10/site-packages/airflow/example_dags/plugins/event_listener.py took 0.032 seconds
[2025-05-12T22:11:25.867+0500] {processor.py:157} INFO - Started process (PID=68627) to work on /home/maemoon/Documents/MLOPS_Project/env/lib/python3.10/site-packages/airflow/example_dags/plugins/event_listener.py
[2025-05-12T22:11:25.868+0500] {processor.py:829} INFO - Processing file /home/maemoon/Documents/MLOPS_Project/env/lib/python3.10/site-packages/airflow/example_dags/plugins/event_listener.py for tasks to queue
[2025-05-12T22:11:25.869+0500] {logging_mixin.py:151} INFO - [2025-05-12T22:11:25.869+0500] {dagbag.py:536} INFO - Filling up the DagBag from /home/maemoon/Documents/MLOPS_Project/env/lib/python3.10/site-packages/airflow/example_dags/plugins/event_listener.py
[2025-05-12T22:11:25.871+0500] {processor.py:841} WARNING - No viable dags retrieved from /home/maemoon/Documents/MLOPS_Project/env/lib/python3.10/site-packages/airflow/example_dags/plugins/event_listener.py
[2025-05-12T22:11:25.882+0500] {processor.py:179} INFO - Processing /home/maemoon/Documents/MLOPS_Project/env/lib/python3.10/site-packages/airflow/example_dags/plugins/event_listener.py took 0.017 seconds
[2025-05-12T22:12:12.672+0500] {processor.py:157} INFO - Started process (PID=68723) to work on /home/maemoon/Documents/MLOPS_Project/env/lib/python3.10/site-packages/airflow/example_dags/plugins/event_listener.py
[2025-05-12T22:12:12.673+0500] {processor.py:829} INFO - Processing file /home/maemoon/Documents/MLOPS_Project/env/lib/python3.10/site-packages/airflow/example_dags/plugins/event_listener.py for tasks to queue
[2025-05-12T22:12:12.674+0500] {logging_mixin.py:151} INFO - [2025-05-12T22:12:12.673+0500] {dagbag.py:536} INFO - Filling up the DagBag from /home/maemoon/Documents/MLOPS_Project/env/lib/python3.10/site-packages/airflow/example_dags/plugins/event_listener.py
[2025-05-12T22:12:12.675+0500] {processor.py:841} WARNING - No viable dags retrieved from /home/maemoon/Documents/MLOPS_Project/env/lib/python3.10/site-packages/airflow/example_dags/plugins/event_listener.py
[2025-05-12T22:12:12.686+0500] {processor.py:179} INFO - Processing /home/maemoon/Documents/MLOPS_Project/env/lib/python3.10/site-packages/airflow/example_dags/plugins/event_listener.py took 0.016 seconds
[2025-05-12T22:13:05.240+0500] {processor.py:157} INFO - Started process (PID=68822) to work on /home/maemoon/Documents/MLOPS_Project/env/lib/python3.10/site-packages/airflow/example_dags/plugins/event_listener.py
[2025-05-12T22:13:05.241+0500] {processor.py:829} INFO - Processing file /home/maemoon/Documents/MLOPS_Project/env/lib/python3.10/site-packages/airflow/example_dags/plugins/event_listener.py for tasks to queue
[2025-05-12T22:13:05.242+0500] {logging_mixin.py:151} INFO - [2025-05-12T22:13:05.242+0500] {dagbag.py:536} INFO - Filling up the DagBag from /home/maemoon/Documents/MLOPS_Project/env/lib/python3.10/site-packages/airflow/example_dags/plugins/event_listener.py
[2025-05-12T22:13:05.244+0500] {processor.py:841} WARNING - No viable dags retrieved from /home/maemoon/Documents/MLOPS_Project/env/lib/python3.10/site-packages/airflow/example_dags/plugins/event_listener.py
[2025-05-12T22:13:05.253+0500] {processor.py:179} INFO - Processing /home/maemoon/Documents/MLOPS_Project/env/lib/python3.10/site-packages/airflow/example_dags/plugins/event_listener.py took 0.015 seconds
[2025-05-12T22:13:52.292+0500] {processor.py:157} INFO - Started process (PID=68892) to work on /home/maemoon/Documents/MLOPS_Project/env/lib/python3.10/site-packages/airflow/example_dags/plugins/event_listener.py
[2025-05-12T22:13:52.299+0500] {processor.py:829} INFO - Processing file /home/maemoon/Documents/MLOPS_Project/env/lib/python3.10/site-packages/airflow/example_dags/plugins/event_listener.py for tasks to queue
[2025-05-12T22:13:52.300+0500] {logging_mixin.py:151} INFO - [2025-05-12T22:13:52.299+0500] {dagbag.py:536} INFO - Filling up the DagBag from /home/maemoon/Documents/MLOPS_Project/env/lib/python3.10/site-packages/airflow/example_dags/plugins/event_listener.py
[2025-05-12T22:13:52.302+0500] {processor.py:841} WARNING - No viable dags retrieved from /home/maemoon/Documents/MLOPS_Project/env/lib/python3.10/site-packages/airflow/example_dags/plugins/event_listener.py
[2025-05-12T22:13:52.313+0500] {processor.py:179} INFO - Processing /home/maemoon/Documents/MLOPS_Project/env/lib/python3.10/site-packages/airflow/example_dags/plugins/event_listener.py took 0.024 seconds
[2025-05-12T22:14:39.330+0500] {processor.py:157} INFO - Started process (PID=68986) to work on /home/maemoon/Documents/MLOPS_Project/env/lib/python3.10/site-packages/airflow/example_dags/plugins/event_listener.py
[2025-05-12T22:14:39.341+0500] {processor.py:829} INFO - Processing file /home/maemoon/Documents/MLOPS_Project/env/lib/python3.10/site-packages/airflow/example_dags/plugins/event_listener.py for tasks to queue
[2025-05-12T22:14:39.342+0500] {logging_mixin.py:151} INFO - [2025-05-12T22:14:39.341+0500] {dagbag.py:536} INFO - Filling up the DagBag from /home/maemoon/Documents/MLOPS_Project/env/lib/python3.10/site-packages/airflow/example_dags/plugins/event_listener.py
[2025-05-12T22:14:39.343+0500] {processor.py:841} WARNING - No viable dags retrieved from /home/maemoon/Documents/MLOPS_Project/env/lib/python3.10/site-packages/airflow/example_dags/plugins/event_listener.py
[2025-05-12T22:14:39.353+0500] {processor.py:179} INFO - Processing /home/maemoon/Documents/MLOPS_Project/env/lib/python3.10/site-packages/airflow/example_dags/plugins/event_listener.py took 0.026 seconds
[2025-05-12T22:15:32.514+0500] {processor.py:157} INFO - Started process (PID=69059) to work on /home/maemoon/Documents/MLOPS_Project/env/lib/python3.10/site-packages/airflow/example_dags/plugins/event_listener.py
[2025-05-12T22:15:32.527+0500] {processor.py:829} INFO - Processing file /home/maemoon/Documents/MLOPS_Project/env/lib/python3.10/site-packages/airflow/example_dags/plugins/event_listener.py for tasks to queue
[2025-05-12T22:15:32.527+0500] {logging_mixin.py:151} INFO - [2025-05-12T22:15:32.527+0500] {dagbag.py:536} INFO - Filling up the DagBag from /home/maemoon/Documents/MLOPS_Project/env/lib/python3.10/site-packages/airflow/example_dags/plugins/event_listener.py
[2025-05-12T22:15:32.529+0500] {processor.py:841} WARNING - No viable dags retrieved from /home/maemoon/Documents/MLOPS_Project/env/lib/python3.10/site-packages/airflow/example_dags/plugins/event_listener.py
[2025-05-12T22:15:32.540+0500] {processor.py:179} INFO - Processing /home/maemoon/Documents/MLOPS_Project/env/lib/python3.10/site-packages/airflow/example_dags/plugins/event_listener.py took 0.028 seconds
[2025-05-12T22:16:26.217+0500] {processor.py:157} INFO - Started process (PID=69164) to work on /home/maemoon/Documents/MLOPS_Project/env/lib/python3.10/site-packages/airflow/example_dags/plugins/event_listener.py
[2025-05-12T22:16:26.235+0500] {processor.py:829} INFO - Processing file /home/maemoon/Documents/MLOPS_Project/env/lib/python3.10/site-packages/airflow/example_dags/plugins/event_listener.py for tasks to queue
[2025-05-12T22:16:26.236+0500] {logging_mixin.py:151} INFO - [2025-05-12T22:16:26.236+0500] {dagbag.py:536} INFO - Filling up the DagBag from /home/maemoon/Documents/MLOPS_Project/env/lib/python3.10/site-packages/airflow/example_dags/plugins/event_listener.py
[2025-05-12T22:16:26.238+0500] {processor.py:841} WARNING - No viable dags retrieved from /home/maemoon/Documents/MLOPS_Project/env/lib/python3.10/site-packages/airflow/example_dags/plugins/event_listener.py
[2025-05-12T22:16:26.247+0500] {processor.py:179} INFO - Processing /home/maemoon/Documents/MLOPS_Project/env/lib/python3.10/site-packages/airflow/example_dags/plugins/event_listener.py took 0.032 seconds
[2025-05-12T22:17:19.735+0500] {processor.py:157} INFO - Started process (PID=69344) to work on /home/maemoon/Documents/MLOPS_Project/env/lib/python3.10/site-packages/airflow/example_dags/plugins/event_listener.py
[2025-05-12T22:17:19.754+0500] {processor.py:829} INFO - Processing file /home/maemoon/Documents/MLOPS_Project/env/lib/python3.10/site-packages/airflow/example_dags/plugins/event_listener.py for tasks to queue
[2025-05-12T22:17:19.755+0500] {logging_mixin.py:151} INFO - [2025-05-12T22:17:19.755+0500] {dagbag.py:536} INFO - Filling up the DagBag from /home/maemoon/Documents/MLOPS_Project/env/lib/python3.10/site-packages/airflow/example_dags/plugins/event_listener.py
[2025-05-12T22:17:19.760+0500] {processor.py:841} WARNING - No viable dags retrieved from /home/maemoon/Documents/MLOPS_Project/env/lib/python3.10/site-packages/airflow/example_dags/plugins/event_listener.py
[2025-05-12T22:17:19.781+0500] {processor.py:179} INFO - Processing /home/maemoon/Documents/MLOPS_Project/env/lib/python3.10/site-packages/airflow/example_dags/plugins/event_listener.py took 0.049 seconds
[2025-05-12T22:18:12.256+0500] {processor.py:157} INFO - Started process (PID=69502) to work on /home/maemoon/Documents/MLOPS_Project/env/lib/python3.10/site-packages/airflow/example_dags/plugins/event_listener.py
[2025-05-12T22:18:12.257+0500] {processor.py:829} INFO - Processing file /home/maemoon/Documents/MLOPS_Project/env/lib/python3.10/site-packages/airflow/example_dags/plugins/event_listener.py for tasks to queue
[2025-05-12T22:18:12.258+0500] {logging_mixin.py:151} INFO - [2025-05-12T22:18:12.258+0500] {dagbag.py:536} INFO - Filling up the DagBag from /home/maemoon/Documents/MLOPS_Project/env/lib/python3.10/site-packages/airflow/example_dags/plugins/event_listener.py
[2025-05-12T22:18:12.260+0500] {processor.py:841} WARNING - No viable dags retrieved from /home/maemoon/Documents/MLOPS_Project/env/lib/python3.10/site-packages/airflow/example_dags/plugins/event_listener.py
[2025-05-12T22:18:12.273+0500] {processor.py:179} INFO - Processing /home/maemoon/Documents/MLOPS_Project/env/lib/python3.10/site-packages/airflow/example_dags/plugins/event_listener.py took 0.020 seconds
[2025-05-12T22:19:07.404+0500] {processor.py:157} INFO - Started process (PID=69610) to work on /home/maemoon/Documents/MLOPS_Project/env/lib/python3.10/site-packages/airflow/example_dags/plugins/event_listener.py
[2025-05-12T22:19:07.422+0500] {processor.py:829} INFO - Processing file /home/maemoon/Documents/MLOPS_Project/env/lib/python3.10/site-packages/airflow/example_dags/plugins/event_listener.py for tasks to queue
[2025-05-12T22:19:07.424+0500] {logging_mixin.py:151} INFO - [2025-05-12T22:19:07.423+0500] {dagbag.py:536} INFO - Filling up the DagBag from /home/maemoon/Documents/MLOPS_Project/env/lib/python3.10/site-packages/airflow/example_dags/plugins/event_listener.py
[2025-05-12T22:19:07.427+0500] {processor.py:841} WARNING - No viable dags retrieved from /home/maemoon/Documents/MLOPS_Project/env/lib/python3.10/site-packages/airflow/example_dags/plugins/event_listener.py
[2025-05-12T22:19:07.439+0500] {processor.py:179} INFO - Processing /home/maemoon/Documents/MLOPS_Project/env/lib/python3.10/site-packages/airflow/example_dags/plugins/event_listener.py took 0.039 seconds
[2025-05-12T22:20:01.592+0500] {processor.py:157} INFO - Started process (PID=69711) to work on /home/maemoon/Documents/MLOPS_Project/env/lib/python3.10/site-packages/airflow/example_dags/plugins/event_listener.py
[2025-05-12T22:20:01.603+0500] {processor.py:829} INFO - Processing file /home/maemoon/Documents/MLOPS_Project/env/lib/python3.10/site-packages/airflow/example_dags/plugins/event_listener.py for tasks to queue
[2025-05-12T22:20:01.603+0500] {logging_mixin.py:151} INFO - [2025-05-12T22:20:01.603+0500] {dagbag.py:536} INFO - Filling up the DagBag from /home/maemoon/Documents/MLOPS_Project/env/lib/python3.10/site-packages/airflow/example_dags/plugins/event_listener.py
[2025-05-12T22:20:01.605+0500] {processor.py:841} WARNING - No viable dags retrieved from /home/maemoon/Documents/MLOPS_Project/env/lib/python3.10/site-packages/airflow/example_dags/plugins/event_listener.py
[2025-05-12T22:20:01.615+0500] {processor.py:179} INFO - Processing /home/maemoon/Documents/MLOPS_Project/env/lib/python3.10/site-packages/airflow/example_dags/plugins/event_listener.py took 0.025 seconds
[2025-05-12T22:20:54.491+0500] {processor.py:157} INFO - Started process (PID=69850) to work on /home/maemoon/Documents/MLOPS_Project/env/lib/python3.10/site-packages/airflow/example_dags/plugins/event_listener.py
[2025-05-12T22:20:54.492+0500] {processor.py:829} INFO - Processing file /home/maemoon/Documents/MLOPS_Project/env/lib/python3.10/site-packages/airflow/example_dags/plugins/event_listener.py for tasks to queue
[2025-05-12T22:20:54.493+0500] {logging_mixin.py:151} INFO - [2025-05-12T22:20:54.493+0500] {dagbag.py:536} INFO - Filling up the DagBag from /home/maemoon/Documents/MLOPS_Project/env/lib/python3.10/site-packages/airflow/example_dags/plugins/event_listener.py
[2025-05-12T22:20:54.495+0500] {processor.py:841} WARNING - No viable dags retrieved from /home/maemoon/Documents/MLOPS_Project/env/lib/python3.10/site-packages/airflow/example_dags/plugins/event_listener.py
[2025-05-12T22:20:54.503+0500] {processor.py:179} INFO - Processing /home/maemoon/Documents/MLOPS_Project/env/lib/python3.10/site-packages/airflow/example_dags/plugins/event_listener.py took 0.014 seconds
[2025-05-12T22:21:51.628+0500] {processor.py:157} INFO - Started process (PID=70115) to work on /home/maemoon/Documents/MLOPS_Project/env/lib/python3.10/site-packages/airflow/example_dags/plugins/event_listener.py
[2025-05-12T22:21:51.629+0500] {processor.py:829} INFO - Processing file /home/maemoon/Documents/MLOPS_Project/env/lib/python3.10/site-packages/airflow/example_dags/plugins/event_listener.py for tasks to queue
[2025-05-12T22:21:51.630+0500] {logging_mixin.py:151} INFO - [2025-05-12T22:21:51.630+0500] {dagbag.py:536} INFO - Filling up the DagBag from /home/maemoon/Documents/MLOPS_Project/env/lib/python3.10/site-packages/airflow/example_dags/plugins/event_listener.py
[2025-05-12T22:21:51.632+0500] {processor.py:841} WARNING - No viable dags retrieved from /home/maemoon/Documents/MLOPS_Project/env/lib/python3.10/site-packages/airflow/example_dags/plugins/event_listener.py
[2025-05-12T22:21:51.640+0500] {processor.py:179} INFO - Processing /home/maemoon/Documents/MLOPS_Project/env/lib/python3.10/site-packages/airflow/example_dags/plugins/event_listener.py took 0.014 seconds
[2025-05-12T22:22:44.006+0500] {processor.py:157} INFO - Started process (PID=70210) to work on /home/maemoon/Documents/MLOPS_Project/env/lib/python3.10/site-packages/airflow/example_dags/plugins/event_listener.py
[2025-05-12T22:22:44.007+0500] {processor.py:829} INFO - Processing file /home/maemoon/Documents/MLOPS_Project/env/lib/python3.10/site-packages/airflow/example_dags/plugins/event_listener.py for tasks to queue
[2025-05-12T22:22:44.008+0500] {logging_mixin.py:151} INFO - [2025-05-12T22:22:44.007+0500] {dagbag.py:536} INFO - Filling up the DagBag from /home/maemoon/Documents/MLOPS_Project/env/lib/python3.10/site-packages/airflow/example_dags/plugins/event_listener.py
[2025-05-12T22:22:44.010+0500] {processor.py:841} WARNING - No viable dags retrieved from /home/maemoon/Documents/MLOPS_Project/env/lib/python3.10/site-packages/airflow/example_dags/plugins/event_listener.py
[2025-05-12T22:22:44.022+0500] {processor.py:179} INFO - Processing /home/maemoon/Documents/MLOPS_Project/env/lib/python3.10/site-packages/airflow/example_dags/plugins/event_listener.py took 0.019 seconds
[2025-05-12T22:23:37.647+0500] {processor.py:157} INFO - Started process (PID=70287) to work on /home/maemoon/Documents/MLOPS_Project/env/lib/python3.10/site-packages/airflow/example_dags/plugins/event_listener.py
[2025-05-12T22:23:37.648+0500] {processor.py:829} INFO - Processing file /home/maemoon/Documents/MLOPS_Project/env/lib/python3.10/site-packages/airflow/example_dags/plugins/event_listener.py for tasks to queue
[2025-05-12T22:23:37.649+0500] {logging_mixin.py:151} INFO - [2025-05-12T22:23:37.649+0500] {dagbag.py:536} INFO - Filling up the DagBag from /home/maemoon/Documents/MLOPS_Project/env/lib/python3.10/site-packages/airflow/example_dags/plugins/event_listener.py
[2025-05-12T22:23:37.651+0500] {processor.py:841} WARNING - No viable dags retrieved from /home/maemoon/Documents/MLOPS_Project/env/lib/python3.10/site-packages/airflow/example_dags/plugins/event_listener.py
[2025-05-12T22:23:37.661+0500] {processor.py:179} INFO - Processing /home/maemoon/Documents/MLOPS_Project/env/lib/python3.10/site-packages/airflow/example_dags/plugins/event_listener.py took 0.018 seconds
[2025-05-12T22:24:32.998+0500] {processor.py:157} INFO - Started process (PID=70495) to work on /home/maemoon/Documents/MLOPS_Project/env/lib/python3.10/site-packages/airflow/example_dags/plugins/event_listener.py
[2025-05-12T22:24:33.023+0500] {processor.py:829} INFO - Processing file /home/maemoon/Documents/MLOPS_Project/env/lib/python3.10/site-packages/airflow/example_dags/plugins/event_listener.py for tasks to queue
[2025-05-12T22:24:33.023+0500] {logging_mixin.py:151} INFO - [2025-05-12T22:24:33.023+0500] {dagbag.py:536} INFO - Filling up the DagBag from /home/maemoon/Documents/MLOPS_Project/env/lib/python3.10/site-packages/airflow/example_dags/plugins/event_listener.py
[2025-05-12T22:24:33.026+0500] {processor.py:841} WARNING - No viable dags retrieved from /home/maemoon/Documents/MLOPS_Project/env/lib/python3.10/site-packages/airflow/example_dags/plugins/event_listener.py
[2025-05-12T22:24:33.038+0500] {processor.py:179} INFO - Processing /home/maemoon/Documents/MLOPS_Project/env/lib/python3.10/site-packages/airflow/example_dags/plugins/event_listener.py took 0.045 seconds
