[2025-05-12T21:22:08.390+0500] {processor.py:157} INFO - Started process (PID=55149) to work on /home/maemoon/Documents/MLOPS_Project/env/lib/python3.10/site-packages/airflow/example_dags/plugins/listener_plugin.py
[2025-05-12T21:22:08.390+0500] {processor.py:829} INFO - Processing file /home/maemoon/Documents/MLOPS_Project/env/lib/python3.10/site-packages/airflow/example_dags/plugins/listener_plugin.py for tasks to queue
[2025-05-12T21:22:08.391+0500] {logging_mixin.py:151} INFO - [2025-05-12T21:22:08.391+0500] {dagbag.py:536} INFO - Filling up the DagBag from /home/maemoon/Documents/MLOPS_Project/env/lib/python3.10/site-packages/airflow/example_dags/plugins/listener_plugin.py
[2025-05-12T21:22:08.393+0500] {processor.py:841} WARNING - No viable dags retrieved from /home/maemoon/Documents/MLOPS_Project/env/lib/python3.10/site-packages/airflow/example_dags/plugins/listener_plugin.py
[2025-05-12T21:22:08.401+0500] {processor.py:179} INFO - Processing /home/maemoon/Documents/MLOPS_Project/env/lib/python3.10/site-packages/airflow/example_dags/plugins/listener_plugin.py took 0.014 seconds
[2025-05-12T21:23:07.591+0500] {processor.py:157} INFO - Started process (PID=55536) to work on /home/maemoon/Documents/MLOPS_Project/env/lib/python3.10/site-packages/airflow/example_dags/plugins/listener_plugin.py
[2025-05-12T21:23:07.592+0500] {processor.py:829} INFO - Processing file /home/maemoon/Documents/MLOPS_Project/env/lib/python3.10/site-packages/airflow/example_dags/plugins/listener_plugin.py for tasks to queue
[2025-05-12T21:23:07.592+0500] {logging_mixin.py:151} INFO - [2025-05-12T21:23:07.592+0500] {dagbag.py:536} INFO - Filling up the DagBag from /home/maemoon/Documents/MLOPS_Project/env/lib/python3.10/site-packages/airflow/example_dags/plugins/listener_plugin.py
[2025-05-12T21:23:07.595+0500] {processor.py:841} WARNING - No viable dags retrieved from /home/maemoon/Documents/MLOPS_Project/env/lib/python3.10/site-packages/airflow/example_dags/plugins/listener_plugin.py
[2025-05-12T21:23:07.604+0500] {processor.py:179} INFO - Processing /home/maemoon/Documents/MLOPS_Project/env/lib/python3.10/site-packages/airflow/example_dags/plugins/listener_plugin.py took 0.017 seconds
[2025-05-12T21:29:36.498+0500] {processor.py:157} INFO - Started process (PID=57371) to work on /home/maemoon/Documents/MLOPS_Project/env/lib/python3.10/site-packages/airflow/example_dags/plugins/listener_plugin.py
[2025-05-12T21:29:36.499+0500] {processor.py:829} INFO - Processing file /home/maemoon/Documents/MLOPS_Project/env/lib/python3.10/site-packages/airflow/example_dags/plugins/listener_plugin.py for tasks to queue
[2025-05-12T21:29:36.499+0500] {logging_mixin.py:151} INFO - [2025-05-12T21:29:36.499+0500] {dagbag.py:536} INFO - Filling up the DagBag from /home/maemoon/Documents/MLOPS_Project/env/lib/python3.10/site-packages/airflow/example_dags/plugins/listener_plugin.py
[2025-05-12T21:29:36.501+0500] {processor.py:841} WARNING - No viable dags retrieved from /home/maemoon/Documents/MLOPS_Project/env/lib/python3.10/site-packages/airflow/example_dags/plugins/listener_plugin.py
[2025-05-12T21:29:36.514+0500] {processor.py:179} INFO - Processing /home/maemoon/Documents/MLOPS_Project/env/lib/python3.10/site-packages/airflow/example_dags/plugins/listener_plugin.py took 0.019 seconds
[2025-05-12T21:30:52.759+0500] {processor.py:157} INFO - Started process (PID=58012) to work on /home/maemoon/Documents/MLOPS_Project/env/lib/python3.10/site-packages/airflow/example_dags/plugins/listener_plugin.py
[2025-05-12T21:30:52.760+0500] {processor.py:829} INFO - Processing file /home/maemoon/Documents/MLOPS_Project/env/lib/python3.10/site-packages/airflow/example_dags/plugins/listener_plugin.py for tasks to queue
[2025-05-12T21:30:52.760+0500] {logging_mixin.py:151} INFO - [2025-05-12T21:30:52.760+0500] {dagbag.py:536} INFO - Filling up the DagBag from /home/maemoon/Documents/MLOPS_Project/env/lib/python3.10/site-packages/airflow/example_dags/plugins/listener_plugin.py
[2025-05-12T21:30:52.762+0500] {processor.py:841} WARNING - No viable dags retrieved from /home/maemoon/Documents/MLOPS_Project/env/lib/python3.10/site-packages/airflow/example_dags/plugins/listener_plugin.py
[2025-05-12T21:30:52.770+0500] {processor.py:179} INFO - Processing /home/maemoon/Documents/MLOPS_Project/env/lib/python3.10/site-packages/airflow/example_dags/plugins/listener_plugin.py took 0.014 seconds
[2025-05-12T21:31:38.817+0500] {processor.py:157} INFO - Started process (PID=58489) to work on /home/maemoon/Documents/MLOPS_Project/env/lib/python3.10/site-packages/airflow/example_dags/plugins/listener_plugin.py
[2025-05-12T21:31:38.818+0500] {processor.py:829} INFO - Processing file /home/maemoon/Documents/MLOPS_Project/env/lib/python3.10/site-packages/airflow/example_dags/plugins/listener_plugin.py for tasks to queue
[2025-05-12T21:31:38.819+0500] {logging_mixin.py:151} INFO - [2025-05-12T21:31:38.818+0500] {dagbag.py:536} INFO - Filling up the DagBag from /home/maemoon/Documents/MLOPS_Project/env/lib/python3.10/site-packages/airflow/example_dags/plugins/listener_plugin.py
[2025-05-12T21:31:38.821+0500] {processor.py:841} WARNING - No viable dags retrieved from /home/maemoon/Documents/MLOPS_Project/env/lib/python3.10/site-packages/airflow/example_dags/plugins/listener_plugin.py
[2025-05-12T21:31:38.829+0500] {processor.py:179} INFO - Processing /home/maemoon/Documents/MLOPS_Project/env/lib/python3.10/site-packages/airflow/example_dags/plugins/listener_plugin.py took 0.015 seconds
[2025-05-12T21:32:17.033+0500] {processor.py:157} INFO - Started process (PID=58670) to work on /home/maemoon/Documents/MLOPS_Project/env/lib/python3.10/site-packages/airflow/example_dags/plugins/listener_plugin.py
[2025-05-12T21:32:17.034+0500] {processor.py:829} INFO - Processing file /home/maemoon/Documents/MLOPS_Project/env/lib/python3.10/site-packages/airflow/example_dags/plugins/listener_plugin.py for tasks to queue
[2025-05-12T21:32:17.034+0500] {logging_mixin.py:151} INFO - [2025-05-12T21:32:17.034+0500] {dagbag.py:536} INFO - Filling up the DagBag from /home/maemoon/Documents/MLOPS_Project/env/lib/python3.10/site-packages/airflow/example_dags/plugins/listener_plugin.py
[2025-05-12T21:32:17.037+0500] {processor.py:841} WARNING - No viable dags retrieved from /home/maemoon/Documents/MLOPS_Project/env/lib/python3.10/site-packages/airflow/example_dags/plugins/listener_plugin.py
[2025-05-12T21:32:17.046+0500] {processor.py:179} INFO - Processing /home/maemoon/Documents/MLOPS_Project/env/lib/python3.10/site-packages/airflow/example_dags/plugins/listener_plugin.py took 0.015 seconds
[2025-05-12T21:33:02.799+0500] {processor.py:157} INFO - Started process (PID=59247) to work on /home/maemoon/Documents/MLOPS_Project/env/lib/python3.10/site-packages/airflow/example_dags/plugins/listener_plugin.py
[2025-05-12T21:33:02.800+0500] {processor.py:829} INFO - Processing file /home/maemoon/Documents/MLOPS_Project/env/lib/python3.10/site-packages/airflow/example_dags/plugins/listener_plugin.py for tasks to queue
[2025-05-12T21:33:02.801+0500] {logging_mixin.py:151} INFO - [2025-05-12T21:33:02.801+0500] {dagbag.py:536} INFO - Filling up the DagBag from /home/maemoon/Documents/MLOPS_Project/env/lib/python3.10/site-packages/airflow/example_dags/plugins/listener_plugin.py
[2025-05-12T21:33:02.803+0500] {processor.py:841} WARNING - No viable dags retrieved from /home/maemoon/Documents/MLOPS_Project/env/lib/python3.10/site-packages/airflow/example_dags/plugins/listener_plugin.py
[2025-05-12T21:33:02.811+0500] {processor.py:179} INFO - Processing /home/maemoon/Documents/MLOPS_Project/env/lib/python3.10/site-packages/airflow/example_dags/plugins/listener_plugin.py took 0.015 seconds
[2025-05-12T21:33:42.108+0500] {processor.py:157} INFO - Started process (PID=59360) to work on /home/maemoon/Documents/MLOPS_Project/env/lib/python3.10/site-packages/airflow/example_dags/plugins/listener_plugin.py
[2025-05-12T21:33:42.110+0500] {processor.py:829} INFO - Processing file /home/maemoon/Documents/MLOPS_Project/env/lib/python3.10/site-packages/airflow/example_dags/plugins/listener_plugin.py for tasks to queue
[2025-05-12T21:33:42.111+0500] {logging_mixin.py:151} INFO - [2025-05-12T21:33:42.111+0500] {dagbag.py:536} INFO - Filling up the DagBag from /home/maemoon/Documents/MLOPS_Project/env/lib/python3.10/site-packages/airflow/example_dags/plugins/listener_plugin.py
[2025-05-12T21:33:42.114+0500] {processor.py:841} WARNING - No viable dags retrieved from /home/maemoon/Documents/MLOPS_Project/env/lib/python3.10/site-packages/airflow/example_dags/plugins/listener_plugin.py
[2025-05-12T21:33:42.124+0500] {processor.py:179} INFO - Processing /home/maemoon/Documents/MLOPS_Project/env/lib/python3.10/site-packages/airflow/example_dags/plugins/listener_plugin.py took 0.020 seconds
[2025-05-12T21:34:28.973+0500] {processor.py:157} INFO - Started process (PID=59438) to work on /home/maemoon/Documents/MLOPS_Project/env/lib/python3.10/site-packages/airflow/example_dags/plugins/listener_plugin.py
[2025-05-12T21:34:28.974+0500] {processor.py:829} INFO - Processing file /home/maemoon/Documents/MLOPS_Project/env/lib/python3.10/site-packages/airflow/example_dags/plugins/listener_plugin.py for tasks to queue
[2025-05-12T21:34:28.975+0500] {logging_mixin.py:151} INFO - [2025-05-12T21:34:28.975+0500] {dagbag.py:536} INFO - Filling up the DagBag from /home/maemoon/Documents/MLOPS_Project/env/lib/python3.10/site-packages/airflow/example_dags/plugins/listener_plugin.py
[2025-05-12T21:34:28.977+0500] {processor.py:841} WARNING - No viable dags retrieved from /home/maemoon/Documents/MLOPS_Project/env/lib/python3.10/site-packages/airflow/example_dags/plugins/listener_plugin.py
[2025-05-12T21:34:28.986+0500] {processor.py:179} INFO - Processing /home/maemoon/Documents/MLOPS_Project/env/lib/python3.10/site-packages/airflow/example_dags/plugins/listener_plugin.py took 0.015 seconds
[2025-05-12T21:35:16.849+0500] {processor.py:157} INFO - Started process (PID=59613) to work on /home/maemoon/Documents/MLOPS_Project/env/lib/python3.10/site-packages/airflow/example_dags/plugins/listener_plugin.py
[2025-05-12T21:35:16.917+0500] {processor.py:829} INFO - Processing file /home/maemoon/Documents/MLOPS_Project/env/lib/python3.10/site-packages/airflow/example_dags/plugins/listener_plugin.py for tasks to queue
[2025-05-12T21:35:16.917+0500] {logging_mixin.py:151} INFO - [2025-05-12T21:35:16.917+0500] {dagbag.py:536} INFO - Filling up the DagBag from /home/maemoon/Documents/MLOPS_Project/env/lib/python3.10/site-packages/airflow/example_dags/plugins/listener_plugin.py
[2025-05-12T21:35:16.920+0500] {processor.py:841} WARNING - No viable dags retrieved from /home/maemoon/Documents/MLOPS_Project/env/lib/python3.10/site-packages/airflow/example_dags/plugins/listener_plugin.py
[2025-05-12T21:35:16.928+0500] {processor.py:179} INFO - Processing /home/maemoon/Documents/MLOPS_Project/env/lib/python3.10/site-packages/airflow/example_dags/plugins/listener_plugin.py took 0.082 seconds
[2025-05-12T21:36:05.036+0500] {processor.py:157} INFO - Started process (PID=59787) to work on /home/maemoon/Documents/MLOPS_Project/env/lib/python3.10/site-packages/airflow/example_dags/plugins/listener_plugin.py
[2025-05-12T21:36:05.037+0500] {processor.py:829} INFO - Processing file /home/maemoon/Documents/MLOPS_Project/env/lib/python3.10/site-packages/airflow/example_dags/plugins/listener_plugin.py for tasks to queue
[2025-05-12T21:36:05.038+0500] {logging_mixin.py:151} INFO - [2025-05-12T21:36:05.037+0500] {dagbag.py:536} INFO - Filling up the DagBag from /home/maemoon/Documents/MLOPS_Project/env/lib/python3.10/site-packages/airflow/example_dags/plugins/listener_plugin.py
[2025-05-12T21:36:05.042+0500] {processor.py:841} WARNING - No viable dags retrieved from /home/maemoon/Documents/MLOPS_Project/env/lib/python3.10/site-packages/airflow/example_dags/plugins/listener_plugin.py
[2025-05-12T21:36:05.051+0500] {processor.py:179} INFO - Processing /home/maemoon/Documents/MLOPS_Project/env/lib/python3.10/site-packages/airflow/example_dags/plugins/listener_plugin.py took 0.018 seconds
[2025-05-12T21:51:59.070+0500] {processor.py:157} INFO - Started process (PID=63422) to work on /home/maemoon/Documents/MLOPS_Project/env/lib/python3.10/site-packages/airflow/example_dags/plugins/listener_plugin.py
[2025-05-12T21:51:59.072+0500] {processor.py:829} INFO - Processing file /home/maemoon/Documents/MLOPS_Project/env/lib/python3.10/site-packages/airflow/example_dags/plugins/listener_plugin.py for tasks to queue
[2025-05-12T21:51:59.073+0500] {logging_mixin.py:151} INFO - [2025-05-12T21:51:59.072+0500] {dagbag.py:536} INFO - Filling up the DagBag from /home/maemoon/Documents/MLOPS_Project/env/lib/python3.10/site-packages/airflow/example_dags/plugins/listener_plugin.py
[2025-05-12T21:51:59.076+0500] {processor.py:841} WARNING - No viable dags retrieved from /home/maemoon/Documents/MLOPS_Project/env/lib/python3.10/site-packages/airflow/example_dags/plugins/listener_plugin.py
[2025-05-12T21:51:59.090+0500] {processor.py:179} INFO - Processing /home/maemoon/Documents/MLOPS_Project/env/lib/python3.10/site-packages/airflow/example_dags/plugins/listener_plugin.py took 0.023 seconds
[2025-05-12T21:53:18.743+0500] {processor.py:157} INFO - Started process (PID=64026) to work on /home/maemoon/Documents/MLOPS_Project/env/lib/python3.10/site-packages/airflow/example_dags/plugins/listener_plugin.py
[2025-05-12T21:53:18.830+0500] {processor.py:829} INFO - Processing file /home/maemoon/Documents/MLOPS_Project/env/lib/python3.10/site-packages/airflow/example_dags/plugins/listener_plugin.py for tasks to queue
[2025-05-12T21:53:18.831+0500] {logging_mixin.py:151} INFO - [2025-05-12T21:53:18.830+0500] {dagbag.py:536} INFO - Filling up the DagBag from /home/maemoon/Documents/MLOPS_Project/env/lib/python3.10/site-packages/airflow/example_dags/plugins/listener_plugin.py
[2025-05-12T21:53:18.833+0500] {processor.py:841} WARNING - No viable dags retrieved from /home/maemoon/Documents/MLOPS_Project/env/lib/python3.10/site-packages/airflow/example_dags/plugins/listener_plugin.py
[2025-05-12T21:53:18.843+0500] {processor.py:179} INFO - Processing /home/maemoon/Documents/MLOPS_Project/env/lib/python3.10/site-packages/airflow/example_dags/plugins/listener_plugin.py took 0.103 seconds
[2025-05-12T21:54:17.444+0500] {processor.py:157} INFO - Started process (PID=64171) to work on /home/maemoon/Documents/MLOPS_Project/env/lib/python3.10/site-packages/airflow/example_dags/plugins/listener_plugin.py
[2025-05-12T21:54:17.460+0500] {processor.py:829} INFO - Processing file /home/maemoon/Documents/MLOPS_Project/env/lib/python3.10/site-packages/airflow/example_dags/plugins/listener_plugin.py for tasks to queue
[2025-05-12T21:54:17.461+0500] {logging_mixin.py:151} INFO - [2025-05-12T21:54:17.461+0500] {dagbag.py:536} INFO - Filling up the DagBag from /home/maemoon/Documents/MLOPS_Project/env/lib/python3.10/site-packages/airflow/example_dags/plugins/listener_plugin.py
[2025-05-12T21:54:17.464+0500] {processor.py:841} WARNING - No viable dags retrieved from /home/maemoon/Documents/MLOPS_Project/env/lib/python3.10/site-packages/airflow/example_dags/plugins/listener_plugin.py
[2025-05-12T21:54:17.473+0500] {processor.py:179} INFO - Processing /home/maemoon/Documents/MLOPS_Project/env/lib/python3.10/site-packages/airflow/example_dags/plugins/listener_plugin.py took 0.032 seconds
[2025-05-12T21:55:56.407+0500] {processor.py:157} INFO - Started process (PID=65154) to work on /home/maemoon/Documents/MLOPS_Project/env/lib/python3.10/site-packages/airflow/example_dags/plugins/listener_plugin.py
[2025-05-12T21:55:56.422+0500] {processor.py:829} INFO - Processing file /home/maemoon/Documents/MLOPS_Project/env/lib/python3.10/site-packages/airflow/example_dags/plugins/listener_plugin.py for tasks to queue
[2025-05-12T21:55:56.423+0500] {logging_mixin.py:151} INFO - [2025-05-12T21:55:56.422+0500] {dagbag.py:536} INFO - Filling up the DagBag from /home/maemoon/Documents/MLOPS_Project/env/lib/python3.10/site-packages/airflow/example_dags/plugins/listener_plugin.py
[2025-05-12T21:55:56.425+0500] {processor.py:841} WARNING - No viable dags retrieved from /home/maemoon/Documents/MLOPS_Project/env/lib/python3.10/site-packages/airflow/example_dags/plugins/listener_plugin.py
[2025-05-12T21:55:56.433+0500] {processor.py:179} INFO - Processing /home/maemoon/Documents/MLOPS_Project/env/lib/python3.10/site-packages/airflow/example_dags/plugins/listener_plugin.py took 0.029 seconds
[2025-05-12T21:56:40.185+0500] {processor.py:157} INFO - Started process (PID=65295) to work on /home/maemoon/Documents/MLOPS_Project/env/lib/python3.10/site-packages/airflow/example_dags/plugins/listener_plugin.py
[2025-05-12T21:56:40.186+0500] {processor.py:829} INFO - Processing file /home/maemoon/Documents/MLOPS_Project/env/lib/python3.10/site-packages/airflow/example_dags/plugins/listener_plugin.py for tasks to queue
[2025-05-12T21:56:40.187+0500] {logging_mixin.py:151} INFO - [2025-05-12T21:56:40.186+0500] {dagbag.py:536} INFO - Filling up the DagBag from /home/maemoon/Documents/MLOPS_Project/env/lib/python3.10/site-packages/airflow/example_dags/plugins/listener_plugin.py
[2025-05-12T21:56:40.189+0500] {processor.py:841} WARNING - No viable dags retrieved from /home/maemoon/Documents/MLOPS_Project/env/lib/python3.10/site-packages/airflow/example_dags/plugins/listener_plugin.py
[2025-05-12T21:56:40.197+0500] {processor.py:179} INFO - Processing /home/maemoon/Documents/MLOPS_Project/env/lib/python3.10/site-packages/airflow/example_dags/plugins/listener_plugin.py took 0.015 seconds
[2025-05-12T21:57:26.403+0500] {processor.py:157} INFO - Started process (PID=65394) to work on /home/maemoon/Documents/MLOPS_Project/env/lib/python3.10/site-packages/airflow/example_dags/plugins/listener_plugin.py
[2025-05-12T21:57:26.404+0500] {processor.py:829} INFO - Processing file /home/maemoon/Documents/MLOPS_Project/env/lib/python3.10/site-packages/airflow/example_dags/plugins/listener_plugin.py for tasks to queue
[2025-05-12T21:57:26.405+0500] {logging_mixin.py:151} INFO - [2025-05-12T21:57:26.405+0500] {dagbag.py:536} INFO - Filling up the DagBag from /home/maemoon/Documents/MLOPS_Project/env/lib/python3.10/site-packages/airflow/example_dags/plugins/listener_plugin.py
[2025-05-12T21:57:26.407+0500] {processor.py:841} WARNING - No viable dags retrieved from /home/maemoon/Documents/MLOPS_Project/env/lib/python3.10/site-packages/airflow/example_dags/plugins/listener_plugin.py
[2025-05-12T21:57:26.415+0500] {processor.py:179} INFO - Processing /home/maemoon/Documents/MLOPS_Project/env/lib/python3.10/site-packages/airflow/example_dags/plugins/listener_plugin.py took 0.014 seconds
[2025-05-12T21:58:20.067+0500] {processor.py:157} INFO - Started process (PID=65529) to work on /home/maemoon/Documents/MLOPS_Project/env/lib/python3.10/site-packages/airflow/example_dags/plugins/listener_plugin.py
[2025-05-12T21:58:20.068+0500] {processor.py:829} INFO - Processing file /home/maemoon/Documents/MLOPS_Project/env/lib/python3.10/site-packages/airflow/example_dags/plugins/listener_plugin.py for tasks to queue
[2025-05-12T21:58:20.069+0500] {logging_mixin.py:151} INFO - [2025-05-12T21:58:20.069+0500] {dagbag.py:536} INFO - Filling up the DagBag from /home/maemoon/Documents/MLOPS_Project/env/lib/python3.10/site-packages/airflow/example_dags/plugins/listener_plugin.py
[2025-05-12T21:58:20.071+0500] {processor.py:841} WARNING - No viable dags retrieved from /home/maemoon/Documents/MLOPS_Project/env/lib/python3.10/site-packages/airflow/example_dags/plugins/listener_plugin.py
[2025-05-12T21:58:20.079+0500] {processor.py:179} INFO - Processing /home/maemoon/Documents/MLOPS_Project/env/lib/python3.10/site-packages/airflow/example_dags/plugins/listener_plugin.py took 0.014 seconds
[2025-05-12T21:59:14.688+0500] {processor.py:157} INFO - Started process (PID=65740) to work on /home/maemoon/Documents/MLOPS_Project/env/lib/python3.10/site-packages/airflow/example_dags/plugins/listener_plugin.py
[2025-05-12T21:59:14.704+0500] {processor.py:829} INFO - Processing file /home/maemoon/Documents/MLOPS_Project/env/lib/python3.10/site-packages/airflow/example_dags/plugins/listener_plugin.py for tasks to queue
[2025-05-12T21:59:14.705+0500] {logging_mixin.py:151} INFO - [2025-05-12T21:59:14.705+0500] {dagbag.py:536} INFO - Filling up the DagBag from /home/maemoon/Documents/MLOPS_Project/env/lib/python3.10/site-packages/airflow/example_dags/plugins/listener_plugin.py
[2025-05-12T21:59:14.708+0500] {processor.py:841} WARNING - No viable dags retrieved from /home/maemoon/Documents/MLOPS_Project/env/lib/python3.10/site-packages/airflow/example_dags/plugins/listener_plugin.py
[2025-05-12T21:59:14.716+0500] {processor.py:179} INFO - Processing /home/maemoon/Documents/MLOPS_Project/env/lib/python3.10/site-packages/airflow/example_dags/plugins/listener_plugin.py took 0.030 seconds
[2025-05-12T22:00:18.364+0500] {processor.py:157} INFO - Started process (PID=65945) to work on /home/maemoon/Documents/MLOPS_Project/env/lib/python3.10/site-packages/airflow/example_dags/plugins/listener_plugin.py
[2025-05-12T22:00:18.365+0500] {processor.py:829} INFO - Processing file /home/maemoon/Documents/MLOPS_Project/env/lib/python3.10/site-packages/airflow/example_dags/plugins/listener_plugin.py for tasks to queue
[2025-05-12T22:00:18.366+0500] {logging_mixin.py:151} INFO - [2025-05-12T22:00:18.366+0500] {dagbag.py:536} INFO - Filling up the DagBag from /home/maemoon/Documents/MLOPS_Project/env/lib/python3.10/site-packages/airflow/example_dags/plugins/listener_plugin.py
[2025-05-12T22:00:18.368+0500] {processor.py:841} WARNING - No viable dags retrieved from /home/maemoon/Documents/MLOPS_Project/env/lib/python3.10/site-packages/airflow/example_dags/plugins/listener_plugin.py
[2025-05-12T22:00:18.382+0500] {processor.py:179} INFO - Processing /home/maemoon/Documents/MLOPS_Project/env/lib/python3.10/site-packages/airflow/example_dags/plugins/listener_plugin.py took 0.020 seconds
[2025-05-12T22:01:25.879+0500] {processor.py:157} INFO - Started process (PID=66205) to work on /home/maemoon/Documents/MLOPS_Project/env/lib/python3.10/site-packages/airflow/example_dags/plugins/listener_plugin.py
[2025-05-12T22:01:25.880+0500] {processor.py:829} INFO - Processing file /home/maemoon/Documents/MLOPS_Project/env/lib/python3.10/site-packages/airflow/example_dags/plugins/listener_plugin.py for tasks to queue
[2025-05-12T22:01:25.880+0500] {logging_mixin.py:151} INFO - [2025-05-12T22:01:25.880+0500] {dagbag.py:536} INFO - Filling up the DagBag from /home/maemoon/Documents/MLOPS_Project/env/lib/python3.10/site-packages/airflow/example_dags/plugins/listener_plugin.py
[2025-05-12T22:01:25.883+0500] {processor.py:841} WARNING - No viable dags retrieved from /home/maemoon/Documents/MLOPS_Project/env/lib/python3.10/site-packages/airflow/example_dags/plugins/listener_plugin.py
[2025-05-12T22:01:25.891+0500] {processor.py:179} INFO - Processing /home/maemoon/Documents/MLOPS_Project/env/lib/python3.10/site-packages/airflow/example_dags/plugins/listener_plugin.py took 0.015 seconds
[2025-05-12T22:03:33.425+0500] {processor.py:157} INFO - Started process (PID=67284) to work on /home/maemoon/Documents/MLOPS_Project/env/lib/python3.10/site-packages/airflow/example_dags/plugins/listener_plugin.py
[2025-05-12T22:03:33.426+0500] {processor.py:829} INFO - Processing file /home/maemoon/Documents/MLOPS_Project/env/lib/python3.10/site-packages/airflow/example_dags/plugins/listener_plugin.py for tasks to queue
[2025-05-12T22:03:33.426+0500] {logging_mixin.py:151} INFO - [2025-05-12T22:03:33.426+0500] {dagbag.py:536} INFO - Filling up the DagBag from /home/maemoon/Documents/MLOPS_Project/env/lib/python3.10/site-packages/airflow/example_dags/plugins/listener_plugin.py
[2025-05-12T22:03:33.429+0500] {processor.py:841} WARNING - No viable dags retrieved from /home/maemoon/Documents/MLOPS_Project/env/lib/python3.10/site-packages/airflow/example_dags/plugins/listener_plugin.py
[2025-05-12T22:03:33.436+0500] {processor.py:179} INFO - Processing /home/maemoon/Documents/MLOPS_Project/env/lib/python3.10/site-packages/airflow/example_dags/plugins/listener_plugin.py took 0.014 seconds
[2025-05-12T22:04:29.485+0500] {processor.py:157} INFO - Started process (PID=67441) to work on /home/maemoon/Documents/MLOPS_Project/env/lib/python3.10/site-packages/airflow/example_dags/plugins/listener_plugin.py
[2025-05-12T22:04:29.487+0500] {processor.py:829} INFO - Processing file /home/maemoon/Documents/MLOPS_Project/env/lib/python3.10/site-packages/airflow/example_dags/plugins/listener_plugin.py for tasks to queue
[2025-05-12T22:04:29.487+0500] {logging_mixin.py:151} INFO - [2025-05-12T22:04:29.487+0500] {dagbag.py:536} INFO - Filling up the DagBag from /home/maemoon/Documents/MLOPS_Project/env/lib/python3.10/site-packages/airflow/example_dags/plugins/listener_plugin.py
[2025-05-12T22:04:29.489+0500] {processor.py:841} WARNING - No viable dags retrieved from /home/maemoon/Documents/MLOPS_Project/env/lib/python3.10/site-packages/airflow/example_dags/plugins/listener_plugin.py
[2025-05-12T22:04:29.497+0500] {processor.py:179} INFO - Processing /home/maemoon/Documents/MLOPS_Project/env/lib/python3.10/site-packages/airflow/example_dags/plugins/listener_plugin.py took 0.014 seconds
[2025-05-12T22:05:24.584+0500] {processor.py:157} INFO - Started process (PID=67600) to work on /home/maemoon/Documents/MLOPS_Project/env/lib/python3.10/site-packages/airflow/example_dags/plugins/listener_plugin.py
[2025-05-12T22:05:24.611+0500] {processor.py:829} INFO - Processing file /home/maemoon/Documents/MLOPS_Project/env/lib/python3.10/site-packages/airflow/example_dags/plugins/listener_plugin.py for tasks to queue
[2025-05-12T22:05:24.612+0500] {logging_mixin.py:151} INFO - [2025-05-12T22:05:24.611+0500] {dagbag.py:536} INFO - Filling up the DagBag from /home/maemoon/Documents/MLOPS_Project/env/lib/python3.10/site-packages/airflow/example_dags/plugins/listener_plugin.py
[2025-05-12T22:05:24.614+0500] {processor.py:841} WARNING - No viable dags retrieved from /home/maemoon/Documents/MLOPS_Project/env/lib/python3.10/site-packages/airflow/example_dags/plugins/listener_plugin.py
[2025-05-12T22:05:24.623+0500] {processor.py:179} INFO - Processing /home/maemoon/Documents/MLOPS_Project/env/lib/python3.10/site-packages/airflow/example_dags/plugins/listener_plugin.py took 0.041 seconds
[2025-05-12T22:06:13.573+0500] {processor.py:157} INFO - Started process (PID=67709) to work on /home/maemoon/Documents/MLOPS_Project/env/lib/python3.10/site-packages/airflow/example_dags/plugins/listener_plugin.py
[2025-05-12T22:06:13.574+0500] {processor.py:829} INFO - Processing file /home/maemoon/Documents/MLOPS_Project/env/lib/python3.10/site-packages/airflow/example_dags/plugins/listener_plugin.py for tasks to queue
[2025-05-12T22:06:13.574+0500] {logging_mixin.py:151} INFO - [2025-05-12T22:06:13.574+0500] {dagbag.py:536} INFO - Filling up the DagBag from /home/maemoon/Documents/MLOPS_Project/env/lib/python3.10/site-packages/airflow/example_dags/plugins/listener_plugin.py
[2025-05-12T22:06:13.578+0500] {processor.py:841} WARNING - No viable dags retrieved from /home/maemoon/Documents/MLOPS_Project/env/lib/python3.10/site-packages/airflow/example_dags/plugins/listener_plugin.py
[2025-05-12T22:06:13.587+0500] {processor.py:179} INFO - Processing /home/maemoon/Documents/MLOPS_Project/env/lib/python3.10/site-packages/airflow/example_dags/plugins/listener_plugin.py took 0.017 seconds
[2025-05-12T22:07:02.673+0500] {processor.py:157} INFO - Started process (PID=67849) to work on /home/maemoon/Documents/MLOPS_Project/env/lib/python3.10/site-packages/airflow/example_dags/plugins/listener_plugin.py
[2025-05-12T22:07:02.674+0500] {processor.py:829} INFO - Processing file /home/maemoon/Documents/MLOPS_Project/env/lib/python3.10/site-packages/airflow/example_dags/plugins/listener_plugin.py for tasks to queue
[2025-05-12T22:07:02.675+0500] {logging_mixin.py:151} INFO - [2025-05-12T22:07:02.674+0500] {dagbag.py:536} INFO - Filling up the DagBag from /home/maemoon/Documents/MLOPS_Project/env/lib/python3.10/site-packages/airflow/example_dags/plugins/listener_plugin.py
[2025-05-12T22:07:02.677+0500] {processor.py:841} WARNING - No viable dags retrieved from /home/maemoon/Documents/MLOPS_Project/env/lib/python3.10/site-packages/airflow/example_dags/plugins/listener_plugin.py
[2025-05-12T22:07:02.686+0500] {processor.py:179} INFO - Processing /home/maemoon/Documents/MLOPS_Project/env/lib/python3.10/site-packages/airflow/example_dags/plugins/listener_plugin.py took 0.015 seconds
