[2025-05-12T21:22:00.650+0500] {processor.py:157} INFO - Started process (PID=55059) to work on /home/maemoon/Documents/MLOPS_Project/env/lib/python3.10/site-packages/airflow/example_dags/plugins/workday.py
[2025-05-12T21:22:00.651+0500] {processor.py:829} INFO - Processing file /home/maemoon/Documents/MLOPS_Project/env/lib/python3.10/site-packages/airflow/example_dags/plugins/workday.py for tasks to queue
[2025-05-12T21:22:00.652+0500] {logging_mixin.py:151} INFO - [2025-05-12T21:22:00.651+0500] {dagbag.py:536} INFO - Filling up the DagBag from /home/maemoon/Documents/MLOPS_Project/env/lib/python3.10/site-packages/airflow/example_dags/plugins/workday.py
[2025-05-12T21:22:00.985+0500] {processor.py:841} WARNING - No viable dags retrieved from /home/maemoon/Documents/MLOPS_Project/env/lib/python3.10/site-packages/airflow/example_dags/plugins/workday.py
[2025-05-12T21:22:01.128+0500] {processor.py:179} INFO - Processing /home/maemoon/Documents/MLOPS_Project/env/lib/python3.10/site-packages/airflow/example_dags/plugins/workday.py took 0.481 seconds
[2025-05-12T21:23:00.073+0500] {processor.py:157} INFO - Started process (PID=55415) to work on /home/maemoon/Documents/MLOPS_Project/env/lib/python3.10/site-packages/airflow/example_dags/plugins/workday.py
[2025-05-12T21:23:00.074+0500] {processor.py:829} INFO - Processing file /home/maemoon/Documents/MLOPS_Project/env/lib/python3.10/site-packages/airflow/example_dags/plugins/workday.py for tasks to queue
[2025-05-12T21:23:00.075+0500] {logging_mixin.py:151} INFO - [2025-05-12T21:23:00.075+0500] {dagbag.py:536} INFO - Filling up the DagBag from /home/maemoon/Documents/MLOPS_Project/env/lib/python3.10/site-packages/airflow/example_dags/plugins/workday.py
[2025-05-12T21:23:00.338+0500] {processor.py:841} WARNING - No viable dags retrieved from /home/maemoon/Documents/MLOPS_Project/env/lib/python3.10/site-packages/airflow/example_dags/plugins/workday.py
[2025-05-12T21:23:00.346+0500] {processor.py:179} INFO - Processing /home/maemoon/Documents/MLOPS_Project/env/lib/python3.10/site-packages/airflow/example_dags/plugins/workday.py took 0.275 seconds
[2025-05-12T21:29:31.962+0500] {processor.py:157} INFO - Started process (PID=57340) to work on /home/maemoon/Documents/MLOPS_Project/env/lib/python3.10/site-packages/airflow/example_dags/plugins/workday.py
[2025-05-12T21:29:31.963+0500] {processor.py:829} INFO - Processing file /home/maemoon/Documents/MLOPS_Project/env/lib/python3.10/site-packages/airflow/example_dags/plugins/workday.py for tasks to queue
[2025-05-12T21:29:31.964+0500] {logging_mixin.py:151} INFO - [2025-05-12T21:29:31.964+0500] {dagbag.py:536} INFO - Filling up the DagBag from /home/maemoon/Documents/MLOPS_Project/env/lib/python3.10/site-packages/airflow/example_dags/plugins/workday.py
[2025-05-12T21:29:32.287+0500] {processor.py:841} WARNING - No viable dags retrieved from /home/maemoon/Documents/MLOPS_Project/env/lib/python3.10/site-packages/airflow/example_dags/plugins/workday.py
[2025-05-12T21:29:32.296+0500] {processor.py:179} INFO - Processing /home/maemoon/Documents/MLOPS_Project/env/lib/python3.10/site-packages/airflow/example_dags/plugins/workday.py took 0.336 seconds
[2025-05-12T21:30:48.767+0500] {processor.py:157} INFO - Started process (PID=58003) to work on /home/maemoon/Documents/MLOPS_Project/env/lib/python3.10/site-packages/airflow/example_dags/plugins/workday.py
[2025-05-12T21:30:48.771+0500] {processor.py:829} INFO - Processing file /home/maemoon/Documents/MLOPS_Project/env/lib/python3.10/site-packages/airflow/example_dags/plugins/workday.py for tasks to queue
[2025-05-12T21:30:48.772+0500] {logging_mixin.py:151} INFO - [2025-05-12T21:30:48.772+0500] {dagbag.py:536} INFO - Filling up the DagBag from /home/maemoon/Documents/MLOPS_Project/env/lib/python3.10/site-packages/airflow/example_dags/plugins/workday.py
[2025-05-12T21:30:49.127+0500] {processor.py:841} WARNING - No viable dags retrieved from /home/maemoon/Documents/MLOPS_Project/env/lib/python3.10/site-packages/airflow/example_dags/plugins/workday.py
[2025-05-12T21:30:49.140+0500] {processor.py:179} INFO - Processing /home/maemoon/Documents/MLOPS_Project/env/lib/python3.10/site-packages/airflow/example_dags/plugins/workday.py took 0.378 seconds
[2025-05-12T21:31:30.949+0500] {processor.py:157} INFO - Started process (PID=58365) to work on /home/maemoon/Documents/MLOPS_Project/env/lib/python3.10/site-packages/airflow/example_dags/plugins/workday.py
[2025-05-12T21:31:30.950+0500] {processor.py:829} INFO - Processing file /home/maemoon/Documents/MLOPS_Project/env/lib/python3.10/site-packages/airflow/example_dags/plugins/workday.py for tasks to queue
[2025-05-12T21:31:30.951+0500] {logging_mixin.py:151} INFO - [2025-05-12T21:31:30.950+0500] {dagbag.py:536} INFO - Filling up the DagBag from /home/maemoon/Documents/MLOPS_Project/env/lib/python3.10/site-packages/airflow/example_dags/plugins/workday.py
[2025-05-12T21:31:31.255+0500] {processor.py:841} WARNING - No viable dags retrieved from /home/maemoon/Documents/MLOPS_Project/env/lib/python3.10/site-packages/airflow/example_dags/plugins/workday.py
[2025-05-12T21:31:31.269+0500] {processor.py:179} INFO - Processing /home/maemoon/Documents/MLOPS_Project/env/lib/python3.10/site-packages/airflow/example_dags/plugins/workday.py took 0.322 seconds
[2025-05-12T21:32:12.092+0500] {processor.py:157} INFO - Started process (PID=58653) to work on /home/maemoon/Documents/MLOPS_Project/env/lib/python3.10/site-packages/airflow/example_dags/plugins/workday.py
[2025-05-12T21:32:12.128+0500] {processor.py:829} INFO - Processing file /home/maemoon/Documents/MLOPS_Project/env/lib/python3.10/site-packages/airflow/example_dags/plugins/workday.py for tasks to queue
[2025-05-12T21:32:12.129+0500] {logging_mixin.py:151} INFO - [2025-05-12T21:32:12.128+0500] {dagbag.py:536} INFO - Filling up the DagBag from /home/maemoon/Documents/MLOPS_Project/env/lib/python3.10/site-packages/airflow/example_dags/plugins/workday.py
[2025-05-12T21:32:12.390+0500] {processor.py:841} WARNING - No viable dags retrieved from /home/maemoon/Documents/MLOPS_Project/env/lib/python3.10/site-packages/airflow/example_dags/plugins/workday.py
[2025-05-12T21:32:12.398+0500] {processor.py:179} INFO - Processing /home/maemoon/Documents/MLOPS_Project/env/lib/python3.10/site-packages/airflow/example_dags/plugins/workday.py took 0.308 seconds
[2025-05-12T21:32:58.085+0500] {processor.py:157} INFO - Started process (PID=59231) to work on /home/maemoon/Documents/MLOPS_Project/env/lib/python3.10/site-packages/airflow/example_dags/plugins/workday.py
[2025-05-12T21:32:58.100+0500] {processor.py:829} INFO - Processing file /home/maemoon/Documents/MLOPS_Project/env/lib/python3.10/site-packages/airflow/example_dags/plugins/workday.py for tasks to queue
[2025-05-12T21:32:58.101+0500] {logging_mixin.py:151} INFO - [2025-05-12T21:32:58.100+0500] {dagbag.py:536} INFO - Filling up the DagBag from /home/maemoon/Documents/MLOPS_Project/env/lib/python3.10/site-packages/airflow/example_dags/plugins/workday.py
[2025-05-12T21:32:58.354+0500] {processor.py:841} WARNING - No viable dags retrieved from /home/maemoon/Documents/MLOPS_Project/env/lib/python3.10/site-packages/airflow/example_dags/plugins/workday.py
[2025-05-12T21:32:58.361+0500] {processor.py:179} INFO - Processing /home/maemoon/Documents/MLOPS_Project/env/lib/python3.10/site-packages/airflow/example_dags/plugins/workday.py took 0.279 seconds
[2025-05-12T21:33:38.390+0500] {processor.py:157} INFO - Started process (PID=59338) to work on /home/maemoon/Documents/MLOPS_Project/env/lib/python3.10/site-packages/airflow/example_dags/plugins/workday.py
[2025-05-12T21:33:38.408+0500] {processor.py:829} INFO - Processing file /home/maemoon/Documents/MLOPS_Project/env/lib/python3.10/site-packages/airflow/example_dags/plugins/workday.py for tasks to queue
[2025-05-12T21:33:38.409+0500] {logging_mixin.py:151} INFO - [2025-05-12T21:33:38.409+0500] {dagbag.py:536} INFO - Filling up the DagBag from /home/maemoon/Documents/MLOPS_Project/env/lib/python3.10/site-packages/airflow/example_dags/plugins/workday.py
[2025-05-12T21:33:38.682+0500] {processor.py:841} WARNING - No viable dags retrieved from /home/maemoon/Documents/MLOPS_Project/env/lib/python3.10/site-packages/airflow/example_dags/plugins/workday.py
[2025-05-12T21:33:38.692+0500] {processor.py:179} INFO - Processing /home/maemoon/Documents/MLOPS_Project/env/lib/python3.10/site-packages/airflow/example_dags/plugins/workday.py took 0.305 seconds
[2025-05-12T21:34:24.444+0500] {processor.py:157} INFO - Started process (PID=59430) to work on /home/maemoon/Documents/MLOPS_Project/env/lib/python3.10/site-packages/airflow/example_dags/plugins/workday.py
[2025-05-12T21:34:24.451+0500] {processor.py:829} INFO - Processing file /home/maemoon/Documents/MLOPS_Project/env/lib/python3.10/site-packages/airflow/example_dags/plugins/workday.py for tasks to queue
[2025-05-12T21:34:24.451+0500] {logging_mixin.py:151} INFO - [2025-05-12T21:34:24.451+0500] {dagbag.py:536} INFO - Filling up the DagBag from /home/maemoon/Documents/MLOPS_Project/env/lib/python3.10/site-packages/airflow/example_dags/plugins/workday.py
[2025-05-12T21:34:24.703+0500] {processor.py:841} WARNING - No viable dags retrieved from /home/maemoon/Documents/MLOPS_Project/env/lib/python3.10/site-packages/airflow/example_dags/plugins/workday.py
[2025-05-12T21:34:24.711+0500] {processor.py:179} INFO - Processing /home/maemoon/Documents/MLOPS_Project/env/lib/python3.10/site-packages/airflow/example_dags/plugins/workday.py took 0.269 seconds
[2025-05-12T21:35:12.972+0500] {processor.py:157} INFO - Started process (PID=59584) to work on /home/maemoon/Documents/MLOPS_Project/env/lib/python3.10/site-packages/airflow/example_dags/plugins/workday.py
[2025-05-12T21:35:13.015+0500] {processor.py:829} INFO - Processing file /home/maemoon/Documents/MLOPS_Project/env/lib/python3.10/site-packages/airflow/example_dags/plugins/workday.py for tasks to queue
[2025-05-12T21:35:13.015+0500] {logging_mixin.py:151} INFO - [2025-05-12T21:35:13.015+0500] {dagbag.py:536} INFO - Filling up the DagBag from /home/maemoon/Documents/MLOPS_Project/env/lib/python3.10/site-packages/airflow/example_dags/plugins/workday.py
[2025-05-12T21:35:13.281+0500] {processor.py:841} WARNING - No viable dags retrieved from /home/maemoon/Documents/MLOPS_Project/env/lib/python3.10/site-packages/airflow/example_dags/plugins/workday.py
[2025-05-12T21:35:13.289+0500] {processor.py:179} INFO - Processing /home/maemoon/Documents/MLOPS_Project/env/lib/python3.10/site-packages/airflow/example_dags/plugins/workday.py took 0.319 seconds
[2025-05-12T21:36:01.048+0500] {processor.py:157} INFO - Started process (PID=59779) to work on /home/maemoon/Documents/MLOPS_Project/env/lib/python3.10/site-packages/airflow/example_dags/plugins/workday.py
[2025-05-12T21:36:01.057+0500] {processor.py:829} INFO - Processing file /home/maemoon/Documents/MLOPS_Project/env/lib/python3.10/site-packages/airflow/example_dags/plugins/workday.py for tasks to queue
[2025-05-12T21:36:01.058+0500] {logging_mixin.py:151} INFO - [2025-05-12T21:36:01.058+0500] {dagbag.py:536} INFO - Filling up the DagBag from /home/maemoon/Documents/MLOPS_Project/env/lib/python3.10/site-packages/airflow/example_dags/plugins/workday.py
[2025-05-12T21:36:01.396+0500] {processor.py:841} WARNING - No viable dags retrieved from /home/maemoon/Documents/MLOPS_Project/env/lib/python3.10/site-packages/airflow/example_dags/plugins/workday.py
[2025-05-12T21:36:01.404+0500] {processor.py:179} INFO - Processing /home/maemoon/Documents/MLOPS_Project/env/lib/python3.10/site-packages/airflow/example_dags/plugins/workday.py took 0.359 seconds
[2025-05-12T21:51:51.471+0500] {processor.py:157} INFO - Started process (PID=63374) to work on /home/maemoon/Documents/MLOPS_Project/env/lib/python3.10/site-packages/airflow/example_dags/plugins/workday.py
[2025-05-12T21:51:51.496+0500] {processor.py:829} INFO - Processing file /home/maemoon/Documents/MLOPS_Project/env/lib/python3.10/site-packages/airflow/example_dags/plugins/workday.py for tasks to queue
[2025-05-12T21:51:51.496+0500] {logging_mixin.py:151} INFO - [2025-05-12T21:51:51.496+0500] {dagbag.py:536} INFO - Filling up the DagBag from /home/maemoon/Documents/MLOPS_Project/env/lib/python3.10/site-packages/airflow/example_dags/plugins/workday.py
[2025-05-12T21:51:51.949+0500] {processor.py:841} WARNING - No viable dags retrieved from /home/maemoon/Documents/MLOPS_Project/env/lib/python3.10/site-packages/airflow/example_dags/plugins/workday.py
[2025-05-12T21:51:51.956+0500] {processor.py:179} INFO - Processing /home/maemoon/Documents/MLOPS_Project/env/lib/python3.10/site-packages/airflow/example_dags/plugins/workday.py took 0.489 seconds
[2025-05-12T21:53:13.687+0500] {processor.py:157} INFO - Started process (PID=64014) to work on /home/maemoon/Documents/MLOPS_Project/env/lib/python3.10/site-packages/airflow/example_dags/plugins/workday.py
[2025-05-12T21:53:13.695+0500] {processor.py:829} INFO - Processing file /home/maemoon/Documents/MLOPS_Project/env/lib/python3.10/site-packages/airflow/example_dags/plugins/workday.py for tasks to queue
[2025-05-12T21:53:13.696+0500] {logging_mixin.py:151} INFO - [2025-05-12T21:53:13.696+0500] {dagbag.py:536} INFO - Filling up the DagBag from /home/maemoon/Documents/MLOPS_Project/env/lib/python3.10/site-packages/airflow/example_dags/plugins/workday.py
[2025-05-12T21:53:14.160+0500] {processor.py:841} WARNING - No viable dags retrieved from /home/maemoon/Documents/MLOPS_Project/env/lib/python3.10/site-packages/airflow/example_dags/plugins/workday.py
[2025-05-12T21:53:14.165+0500] {processor.py:179} INFO - Processing /home/maemoon/Documents/MLOPS_Project/env/lib/python3.10/site-packages/airflow/example_dags/plugins/workday.py took 0.480 seconds
[2025-05-12T21:54:12.918+0500] {processor.py:157} INFO - Started process (PID=64163) to work on /home/maemoon/Documents/MLOPS_Project/env/lib/python3.10/site-packages/airflow/example_dags/plugins/workday.py
[2025-05-12T21:54:12.970+0500] {processor.py:829} INFO - Processing file /home/maemoon/Documents/MLOPS_Project/env/lib/python3.10/site-packages/airflow/example_dags/plugins/workday.py for tasks to queue
[2025-05-12T21:54:12.971+0500] {logging_mixin.py:151} INFO - [2025-05-12T21:54:12.970+0500] {dagbag.py:536} INFO - Filling up the DagBag from /home/maemoon/Documents/MLOPS_Project/env/lib/python3.10/site-packages/airflow/example_dags/plugins/workday.py
[2025-05-12T21:54:13.473+0500] {processor.py:841} WARNING - No viable dags retrieved from /home/maemoon/Documents/MLOPS_Project/env/lib/python3.10/site-packages/airflow/example_dags/plugins/workday.py
[2025-05-12T21:54:13.478+0500] {processor.py:179} INFO - Processing /home/maemoon/Documents/MLOPS_Project/env/lib/python3.10/site-packages/airflow/example_dags/plugins/workday.py took 0.563 seconds
[2025-05-12T21:55:40.272+0500] {processor.py:157} INFO - Started process (PID=64925) to work on /home/maemoon/Documents/MLOPS_Project/env/lib/python3.10/site-packages/airflow/example_dags/plugins/workday.py
[2025-05-12T21:55:40.288+0500] {processor.py:829} INFO - Processing file /home/maemoon/Documents/MLOPS_Project/env/lib/python3.10/site-packages/airflow/example_dags/plugins/workday.py for tasks to queue
[2025-05-12T21:55:40.289+0500] {logging_mixin.py:151} INFO - [2025-05-12T21:55:40.288+0500] {dagbag.py:536} INFO - Filling up the DagBag from /home/maemoon/Documents/MLOPS_Project/env/lib/python3.10/site-packages/airflow/example_dags/plugins/workday.py
[2025-05-12T21:55:40.808+0500] {processor.py:841} WARNING - No viable dags retrieved from /home/maemoon/Documents/MLOPS_Project/env/lib/python3.10/site-packages/airflow/example_dags/plugins/workday.py
[2025-05-12T21:55:40.814+0500] {processor.py:179} INFO - Processing /home/maemoon/Documents/MLOPS_Project/env/lib/python3.10/site-packages/airflow/example_dags/plugins/workday.py took 0.546 seconds
[2025-05-12T21:56:35.241+0500] {processor.py:157} INFO - Started process (PID=65283) to work on /home/maemoon/Documents/MLOPS_Project/env/lib/python3.10/site-packages/airflow/example_dags/plugins/workday.py
[2025-05-12T21:56:35.251+0500] {processor.py:829} INFO - Processing file /home/maemoon/Documents/MLOPS_Project/env/lib/python3.10/site-packages/airflow/example_dags/plugins/workday.py for tasks to queue
[2025-05-12T21:56:35.252+0500] {logging_mixin.py:151} INFO - [2025-05-12T21:56:35.252+0500] {dagbag.py:536} INFO - Filling up the DagBag from /home/maemoon/Documents/MLOPS_Project/env/lib/python3.10/site-packages/airflow/example_dags/plugins/workday.py
[2025-05-12T21:56:35.683+0500] {processor.py:841} WARNING - No viable dags retrieved from /home/maemoon/Documents/MLOPS_Project/env/lib/python3.10/site-packages/airflow/example_dags/plugins/workday.py
[2025-05-12T21:56:35.688+0500] {processor.py:179} INFO - Processing /home/maemoon/Documents/MLOPS_Project/env/lib/python3.10/site-packages/airflow/example_dags/plugins/workday.py took 0.450 seconds
[2025-05-12T21:57:21.325+0500] {processor.py:157} INFO - Started process (PID=65385) to work on /home/maemoon/Documents/MLOPS_Project/env/lib/python3.10/site-packages/airflow/example_dags/plugins/workday.py
[2025-05-12T21:57:21.360+0500] {processor.py:829} INFO - Processing file /home/maemoon/Documents/MLOPS_Project/env/lib/python3.10/site-packages/airflow/example_dags/plugins/workday.py for tasks to queue
[2025-05-12T21:57:21.361+0500] {logging_mixin.py:151} INFO - [2025-05-12T21:57:21.361+0500] {dagbag.py:536} INFO - Filling up the DagBag from /home/maemoon/Documents/MLOPS_Project/env/lib/python3.10/site-packages/airflow/example_dags/plugins/workday.py
[2025-05-12T21:57:21.762+0500] {processor.py:841} WARNING - No viable dags retrieved from /home/maemoon/Documents/MLOPS_Project/env/lib/python3.10/site-packages/airflow/example_dags/plugins/workday.py
[2025-05-12T21:57:21.767+0500] {processor.py:179} INFO - Processing /home/maemoon/Documents/MLOPS_Project/env/lib/python3.10/site-packages/airflow/example_dags/plugins/workday.py took 0.445 seconds
[2025-05-12T21:58:14.971+0500] {processor.py:157} INFO - Started process (PID=65491) to work on /home/maemoon/Documents/MLOPS_Project/env/lib/python3.10/site-packages/airflow/example_dags/plugins/workday.py
[2025-05-12T21:58:14.990+0500] {processor.py:829} INFO - Processing file /home/maemoon/Documents/MLOPS_Project/env/lib/python3.10/site-packages/airflow/example_dags/plugins/workday.py for tasks to queue
[2025-05-12T21:58:14.991+0500] {logging_mixin.py:151} INFO - [2025-05-12T21:58:14.990+0500] {dagbag.py:536} INFO - Filling up the DagBag from /home/maemoon/Documents/MLOPS_Project/env/lib/python3.10/site-packages/airflow/example_dags/plugins/workday.py
[2025-05-12T21:58:15.460+0500] {processor.py:841} WARNING - No viable dags retrieved from /home/maemoon/Documents/MLOPS_Project/env/lib/python3.10/site-packages/airflow/example_dags/plugins/workday.py
[2025-05-12T21:58:15.465+0500] {processor.py:179} INFO - Processing /home/maemoon/Documents/MLOPS_Project/env/lib/python3.10/site-packages/airflow/example_dags/plugins/workday.py took 0.498 seconds
[2025-05-12T21:59:09.909+0500] {processor.py:157} INFO - Started process (PID=65732) to work on /home/maemoon/Documents/MLOPS_Project/env/lib/python3.10/site-packages/airflow/example_dags/plugins/workday.py
[2025-05-12T21:59:09.920+0500] {processor.py:829} INFO - Processing file /home/maemoon/Documents/MLOPS_Project/env/lib/python3.10/site-packages/airflow/example_dags/plugins/workday.py for tasks to queue
[2025-05-12T21:59:09.921+0500] {logging_mixin.py:151} INFO - [2025-05-12T21:59:09.921+0500] {dagbag.py:536} INFO - Filling up the DagBag from /home/maemoon/Documents/MLOPS_Project/env/lib/python3.10/site-packages/airflow/example_dags/plugins/workday.py
[2025-05-12T21:59:10.583+0500] {processor.py:841} WARNING - No viable dags retrieved from /home/maemoon/Documents/MLOPS_Project/env/lib/python3.10/site-packages/airflow/example_dags/plugins/workday.py
[2025-05-12T21:59:10.593+0500] {processor.py:179} INFO - Processing /home/maemoon/Documents/MLOPS_Project/env/lib/python3.10/site-packages/airflow/example_dags/plugins/workday.py took 0.689 seconds
[2025-05-12T22:00:09.860+0500] {processor.py:157} INFO - Started process (PID=65868) to work on /home/maemoon/Documents/MLOPS_Project/env/lib/python3.10/site-packages/airflow/example_dags/plugins/workday.py
[2025-05-12T22:00:09.884+0500] {processor.py:829} INFO - Processing file /home/maemoon/Documents/MLOPS_Project/env/lib/python3.10/site-packages/airflow/example_dags/plugins/workday.py for tasks to queue
[2025-05-12T22:00:09.885+0500] {logging_mixin.py:151} INFO - [2025-05-12T22:00:09.884+0500] {dagbag.py:536} INFO - Filling up the DagBag from /home/maemoon/Documents/MLOPS_Project/env/lib/python3.10/site-packages/airflow/example_dags/plugins/workday.py
[2025-05-12T22:00:10.600+0500] {processor.py:841} WARNING - No viable dags retrieved from /home/maemoon/Documents/MLOPS_Project/env/lib/python3.10/site-packages/airflow/example_dags/plugins/workday.py
[2025-05-12T22:00:10.608+0500] {processor.py:179} INFO - Processing /home/maemoon/Documents/MLOPS_Project/env/lib/python3.10/site-packages/airflow/example_dags/plugins/workday.py took 0.752 seconds
[2025-05-12T22:00:45.141+0500] {processor.py:157} INFO - Started process (PID=66135) to work on /home/maemoon/Documents/MLOPS_Project/env/lib/python3.10/site-packages/airflow/example_dags/plugins/workday.py
[2025-05-12T22:00:45.151+0500] {processor.py:829} INFO - Processing file /home/maemoon/Documents/MLOPS_Project/env/lib/python3.10/site-packages/airflow/example_dags/plugins/workday.py for tasks to queue
[2025-05-12T22:00:45.152+0500] {logging_mixin.py:151} INFO - [2025-05-12T22:00:45.152+0500] {dagbag.py:536} INFO - Filling up the DagBag from /home/maemoon/Documents/MLOPS_Project/env/lib/python3.10/site-packages/airflow/example_dags/plugins/workday.py
[2025-05-12T22:00:45.576+0500] {processor.py:841} WARNING - No viable dags retrieved from /home/maemoon/Documents/MLOPS_Project/env/lib/python3.10/site-packages/airflow/example_dags/plugins/workday.py
[2025-05-12T22:00:45.581+0500] {processor.py:179} INFO - Processing /home/maemoon/Documents/MLOPS_Project/env/lib/python3.10/site-packages/airflow/example_dags/plugins/workday.py took 0.442 seconds
[2025-05-12T22:01:21.880+0500] {processor.py:157} INFO - Started process (PID=66192) to work on /home/maemoon/Documents/MLOPS_Project/env/lib/python3.10/site-packages/airflow/example_dags/plugins/workday.py
[2025-05-12T22:01:21.881+0500] {processor.py:829} INFO - Processing file /home/maemoon/Documents/MLOPS_Project/env/lib/python3.10/site-packages/airflow/example_dags/plugins/workday.py for tasks to queue
[2025-05-12T22:01:21.882+0500] {logging_mixin.py:151} INFO - [2025-05-12T22:01:21.882+0500] {dagbag.py:536} INFO - Filling up the DagBag from /home/maemoon/Documents/MLOPS_Project/env/lib/python3.10/site-packages/airflow/example_dags/plugins/workday.py
[2025-05-12T22:01:22.295+0500] {processor.py:841} WARNING - No viable dags retrieved from /home/maemoon/Documents/MLOPS_Project/env/lib/python3.10/site-packages/airflow/example_dags/plugins/workday.py
[2025-05-12T22:01:22.300+0500] {processor.py:179} INFO - Processing /home/maemoon/Documents/MLOPS_Project/env/lib/python3.10/site-packages/airflow/example_dags/plugins/workday.py took 0.422 seconds
[2025-05-12T22:03:28.264+0500] {processor.py:157} INFO - Started process (PID=67268) to work on /home/maemoon/Documents/MLOPS_Project/env/lib/python3.10/site-packages/airflow/example_dags/plugins/workday.py
[2025-05-12T22:03:28.269+0500] {processor.py:829} INFO - Processing file /home/maemoon/Documents/MLOPS_Project/env/lib/python3.10/site-packages/airflow/example_dags/plugins/workday.py for tasks to queue
[2025-05-12T22:03:28.270+0500] {logging_mixin.py:151} INFO - [2025-05-12T22:03:28.270+0500] {dagbag.py:536} INFO - Filling up the DagBag from /home/maemoon/Documents/MLOPS_Project/env/lib/python3.10/site-packages/airflow/example_dags/plugins/workday.py
[2025-05-12T22:03:28.775+0500] {processor.py:841} WARNING - No viable dags retrieved from /home/maemoon/Documents/MLOPS_Project/env/lib/python3.10/site-packages/airflow/example_dags/plugins/workday.py
[2025-05-12T22:03:28.784+0500] {processor.py:179} INFO - Processing /home/maemoon/Documents/MLOPS_Project/env/lib/python3.10/site-packages/airflow/example_dags/plugins/workday.py took 0.522 seconds
[2025-05-12T22:04:05.897+0500] {processor.py:157} INFO - Started process (PID=67391) to work on /home/maemoon/Documents/MLOPS_Project/env/lib/python3.10/site-packages/airflow/example_dags/plugins/workday.py
[2025-05-12T22:04:05.912+0500] {processor.py:829} INFO - Processing file /home/maemoon/Documents/MLOPS_Project/env/lib/python3.10/site-packages/airflow/example_dags/plugins/workday.py for tasks to queue
[2025-05-12T22:04:05.913+0500] {logging_mixin.py:151} INFO - [2025-05-12T22:04:05.913+0500] {dagbag.py:536} INFO - Filling up the DagBag from /home/maemoon/Documents/MLOPS_Project/env/lib/python3.10/site-packages/airflow/example_dags/plugins/workday.py
[2025-05-12T22:04:06.367+0500] {processor.py:841} WARNING - No viable dags retrieved from /home/maemoon/Documents/MLOPS_Project/env/lib/python3.10/site-packages/airflow/example_dags/plugins/workday.py
[2025-05-12T22:04:06.375+0500] {processor.py:179} INFO - Processing /home/maemoon/Documents/MLOPS_Project/env/lib/python3.10/site-packages/airflow/example_dags/plugins/workday.py took 0.480 seconds
[2025-05-12T22:04:58.892+0500] {processor.py:157} INFO - Started process (PID=67496) to work on /home/maemoon/Documents/MLOPS_Project/env/lib/python3.10/site-packages/airflow/example_dags/plugins/workday.py
[2025-05-12T22:04:58.909+0500] {processor.py:829} INFO - Processing file /home/maemoon/Documents/MLOPS_Project/env/lib/python3.10/site-packages/airflow/example_dags/plugins/workday.py for tasks to queue
[2025-05-12T22:04:58.910+0500] {logging_mixin.py:151} INFO - [2025-05-12T22:04:58.910+0500] {dagbag.py:536} INFO - Filling up the DagBag from /home/maemoon/Documents/MLOPS_Project/env/lib/python3.10/site-packages/airflow/example_dags/plugins/workday.py
[2025-05-12T22:04:59.496+0500] {processor.py:841} WARNING - No viable dags retrieved from /home/maemoon/Documents/MLOPS_Project/env/lib/python3.10/site-packages/airflow/example_dags/plugins/workday.py
[2025-05-12T22:04:59.503+0500] {processor.py:179} INFO - Processing /home/maemoon/Documents/MLOPS_Project/env/lib/python3.10/site-packages/airflow/example_dags/plugins/workday.py took 0.614 seconds
[2025-05-12T22:05:51.318+0500] {processor.py:157} INFO - Started process (PID=67666) to work on /home/maemoon/Documents/MLOPS_Project/env/lib/python3.10/site-packages/airflow/example_dags/plugins/workday.py
[2025-05-12T22:05:51.318+0500] {processor.py:829} INFO - Processing file /home/maemoon/Documents/MLOPS_Project/env/lib/python3.10/site-packages/airflow/example_dags/plugins/workday.py for tasks to queue
[2025-05-12T22:05:51.319+0500] {logging_mixin.py:151} INFO - [2025-05-12T22:05:51.319+0500] {dagbag.py:536} INFO - Filling up the DagBag from /home/maemoon/Documents/MLOPS_Project/env/lib/python3.10/site-packages/airflow/example_dags/plugins/workday.py
[2025-05-12T22:05:51.754+0500] {processor.py:841} WARNING - No viable dags retrieved from /home/maemoon/Documents/MLOPS_Project/env/lib/python3.10/site-packages/airflow/example_dags/plugins/workday.py
[2025-05-12T22:05:51.759+0500] {processor.py:179} INFO - Processing /home/maemoon/Documents/MLOPS_Project/env/lib/python3.10/site-packages/airflow/example_dags/plugins/workday.py took 0.443 seconds
[2025-05-12T22:06:40.018+0500] {processor.py:157} INFO - Started process (PID=67777) to work on /home/maemoon/Documents/MLOPS_Project/env/lib/python3.10/site-packages/airflow/example_dags/plugins/workday.py
[2025-05-12T22:06:40.037+0500] {processor.py:829} INFO - Processing file /home/maemoon/Documents/MLOPS_Project/env/lib/python3.10/site-packages/airflow/example_dags/plugins/workday.py for tasks to queue
[2025-05-12T22:06:40.039+0500] {logging_mixin.py:151} INFO - [2025-05-12T22:06:40.038+0500] {dagbag.py:536} INFO - Filling up the DagBag from /home/maemoon/Documents/MLOPS_Project/env/lib/python3.10/site-packages/airflow/example_dags/plugins/workday.py
[2025-05-12T22:06:40.506+0500] {processor.py:841} WARNING - No viable dags retrieved from /home/maemoon/Documents/MLOPS_Project/env/lib/python3.10/site-packages/airflow/example_dags/plugins/workday.py
[2025-05-12T22:06:40.511+0500] {processor.py:179} INFO - Processing /home/maemoon/Documents/MLOPS_Project/env/lib/python3.10/site-packages/airflow/example_dags/plugins/workday.py took 0.497 seconds
[2025-05-12T22:07:32.167+0500] {processor.py:157} INFO - Started process (PID=67911) to work on /home/maemoon/Documents/MLOPS_Project/env/lib/python3.10/site-packages/airflow/example_dags/plugins/workday.py
[2025-05-12T22:07:32.168+0500] {processor.py:829} INFO - Processing file /home/maemoon/Documents/MLOPS_Project/env/lib/python3.10/site-packages/airflow/example_dags/plugins/workday.py for tasks to queue
[2025-05-12T22:07:32.169+0500] {logging_mixin.py:151} INFO - [2025-05-12T22:07:32.168+0500] {dagbag.py:536} INFO - Filling up the DagBag from /home/maemoon/Documents/MLOPS_Project/env/lib/python3.10/site-packages/airflow/example_dags/plugins/workday.py
[2025-05-12T22:07:32.588+0500] {processor.py:841} WARNING - No viable dags retrieved from /home/maemoon/Documents/MLOPS_Project/env/lib/python3.10/site-packages/airflow/example_dags/plugins/workday.py
[2025-05-12T22:07:32.593+0500] {processor.py:179} INFO - Processing /home/maemoon/Documents/MLOPS_Project/env/lib/python3.10/site-packages/airflow/example_dags/plugins/workday.py took 0.428 seconds
[2025-05-12T22:08:25.969+0500] {processor.py:157} INFO - Started process (PID=68037) to work on /home/maemoon/Documents/MLOPS_Project/env/lib/python3.10/site-packages/airflow/example_dags/plugins/workday.py
[2025-05-12T22:08:25.970+0500] {processor.py:829} INFO - Processing file /home/maemoon/Documents/MLOPS_Project/env/lib/python3.10/site-packages/airflow/example_dags/plugins/workday.py for tasks to queue
[2025-05-12T22:08:25.971+0500] {logging_mixin.py:151} INFO - [2025-05-12T22:08:25.971+0500] {dagbag.py:536} INFO - Filling up the DagBag from /home/maemoon/Documents/MLOPS_Project/env/lib/python3.10/site-packages/airflow/example_dags/plugins/workday.py
[2025-05-12T22:08:26.367+0500] {processor.py:841} WARNING - No viable dags retrieved from /home/maemoon/Documents/MLOPS_Project/env/lib/python3.10/site-packages/airflow/example_dags/plugins/workday.py
[2025-05-12T22:08:26.372+0500] {processor.py:179} INFO - Processing /home/maemoon/Documents/MLOPS_Project/env/lib/python3.10/site-packages/airflow/example_dags/plugins/workday.py took 0.405 seconds
[2025-05-12T22:09:15.580+0500] {processor.py:157} INFO - Started process (PID=68147) to work on /home/maemoon/Documents/MLOPS_Project/env/lib/python3.10/site-packages/airflow/example_dags/plugins/workday.py
[2025-05-12T22:09:15.581+0500] {processor.py:829} INFO - Processing file /home/maemoon/Documents/MLOPS_Project/env/lib/python3.10/site-packages/airflow/example_dags/plugins/workday.py for tasks to queue
[2025-05-12T22:09:15.582+0500] {logging_mixin.py:151} INFO - [2025-05-12T22:09:15.581+0500] {dagbag.py:536} INFO - Filling up the DagBag from /home/maemoon/Documents/MLOPS_Project/env/lib/python3.10/site-packages/airflow/example_dags/plugins/workday.py
[2025-05-12T22:09:15.976+0500] {processor.py:841} WARNING - No viable dags retrieved from /home/maemoon/Documents/MLOPS_Project/env/lib/python3.10/site-packages/airflow/example_dags/plugins/workday.py
[2025-05-12T22:09:15.981+0500] {processor.py:179} INFO - Processing /home/maemoon/Documents/MLOPS_Project/env/lib/python3.10/site-packages/airflow/example_dags/plugins/workday.py took 0.403 seconds
[2025-05-12T22:10:07.182+0500] {processor.py:157} INFO - Started process (PID=68266) to work on /home/maemoon/Documents/MLOPS_Project/env/lib/python3.10/site-packages/airflow/example_dags/plugins/workday.py
[2025-05-12T22:10:07.201+0500] {processor.py:829} INFO - Processing file /home/maemoon/Documents/MLOPS_Project/env/lib/python3.10/site-packages/airflow/example_dags/plugins/workday.py for tasks to queue
[2025-05-12T22:10:07.201+0500] {logging_mixin.py:151} INFO - [2025-05-12T22:10:07.201+0500] {dagbag.py:536} INFO - Filling up the DagBag from /home/maemoon/Documents/MLOPS_Project/env/lib/python3.10/site-packages/airflow/example_dags/plugins/workday.py
[2025-05-12T22:10:07.595+0500] {processor.py:841} WARNING - No viable dags retrieved from /home/maemoon/Documents/MLOPS_Project/env/lib/python3.10/site-packages/airflow/example_dags/plugins/workday.py
[2025-05-12T22:10:07.600+0500] {processor.py:179} INFO - Processing /home/maemoon/Documents/MLOPS_Project/env/lib/python3.10/site-packages/airflow/example_dags/plugins/workday.py took 0.420 seconds
[2025-05-12T22:11:02.408+0500] {processor.py:157} INFO - Started process (PID=68595) to work on /home/maemoon/Documents/MLOPS_Project/env/lib/python3.10/site-packages/airflow/example_dags/plugins/workday.py
[2025-05-12T22:11:02.409+0500] {processor.py:829} INFO - Processing file /home/maemoon/Documents/MLOPS_Project/env/lib/python3.10/site-packages/airflow/example_dags/plugins/workday.py for tasks to queue
[2025-05-12T22:11:02.410+0500] {logging_mixin.py:151} INFO - [2025-05-12T22:11:02.409+0500] {dagbag.py:536} INFO - Filling up the DagBag from /home/maemoon/Documents/MLOPS_Project/env/lib/python3.10/site-packages/airflow/example_dags/plugins/workday.py
[2025-05-12T22:11:02.808+0500] {processor.py:841} WARNING - No viable dags retrieved from /home/maemoon/Documents/MLOPS_Project/env/lib/python3.10/site-packages/airflow/example_dags/plugins/workday.py
[2025-05-12T22:11:02.813+0500] {processor.py:179} INFO - Processing /home/maemoon/Documents/MLOPS_Project/env/lib/python3.10/site-packages/airflow/example_dags/plugins/workday.py took 0.408 seconds
[2025-05-12T22:11:52.451+0500] {processor.py:157} INFO - Started process (PID=68698) to work on /home/maemoon/Documents/MLOPS_Project/env/lib/python3.10/site-packages/airflow/example_dags/plugins/workday.py
[2025-05-12T22:11:52.451+0500] {processor.py:829} INFO - Processing file /home/maemoon/Documents/MLOPS_Project/env/lib/python3.10/site-packages/airflow/example_dags/plugins/workday.py for tasks to queue
[2025-05-12T22:11:52.452+0500] {logging_mixin.py:151} INFO - [2025-05-12T22:11:52.452+0500] {dagbag.py:536} INFO - Filling up the DagBag from /home/maemoon/Documents/MLOPS_Project/env/lib/python3.10/site-packages/airflow/example_dags/plugins/workday.py
[2025-05-12T22:11:52.847+0500] {processor.py:841} WARNING - No viable dags retrieved from /home/maemoon/Documents/MLOPS_Project/env/lib/python3.10/site-packages/airflow/example_dags/plugins/workday.py
[2025-05-12T22:11:52.852+0500] {processor.py:179} INFO - Processing /home/maemoon/Documents/MLOPS_Project/env/lib/python3.10/site-packages/airflow/example_dags/plugins/workday.py took 0.404 seconds
[2025-05-12T22:12:41.469+0500] {processor.py:157} INFO - Started process (PID=68793) to work on /home/maemoon/Documents/MLOPS_Project/env/lib/python3.10/site-packages/airflow/example_dags/plugins/workday.py
[2025-05-12T22:12:41.470+0500] {processor.py:829} INFO - Processing file /home/maemoon/Documents/MLOPS_Project/env/lib/python3.10/site-packages/airflow/example_dags/plugins/workday.py for tasks to queue
[2025-05-12T22:12:41.472+0500] {logging_mixin.py:151} INFO - [2025-05-12T22:12:41.471+0500] {dagbag.py:536} INFO - Filling up the DagBag from /home/maemoon/Documents/MLOPS_Project/env/lib/python3.10/site-packages/airflow/example_dags/plugins/workday.py
[2025-05-12T22:12:41.874+0500] {processor.py:841} WARNING - No viable dags retrieved from /home/maemoon/Documents/MLOPS_Project/env/lib/python3.10/site-packages/airflow/example_dags/plugins/workday.py
[2025-05-12T22:12:41.878+0500] {processor.py:179} INFO - Processing /home/maemoon/Documents/MLOPS_Project/env/lib/python3.10/site-packages/airflow/example_dags/plugins/workday.py took 0.411 seconds
[2025-05-12T22:13:32.397+0500] {processor.py:157} INFO - Started process (PID=68862) to work on /home/maemoon/Documents/MLOPS_Project/env/lib/python3.10/site-packages/airflow/example_dags/plugins/workday.py
[2025-05-12T22:13:32.409+0500] {processor.py:829} INFO - Processing file /home/maemoon/Documents/MLOPS_Project/env/lib/python3.10/site-packages/airflow/example_dags/plugins/workday.py for tasks to queue
[2025-05-12T22:13:32.410+0500] {logging_mixin.py:151} INFO - [2025-05-12T22:13:32.409+0500] {dagbag.py:536} INFO - Filling up the DagBag from /home/maemoon/Documents/MLOPS_Project/env/lib/python3.10/site-packages/airflow/example_dags/plugins/workday.py
[2025-05-12T22:13:32.809+0500] {processor.py:841} WARNING - No viable dags retrieved from /home/maemoon/Documents/MLOPS_Project/env/lib/python3.10/site-packages/airflow/example_dags/plugins/workday.py
[2025-05-12T22:13:32.813+0500] {processor.py:179} INFO - Processing /home/maemoon/Documents/MLOPS_Project/env/lib/python3.10/site-packages/airflow/example_dags/plugins/workday.py took 0.419 seconds
[2025-05-12T22:14:17.398+0500] {processor.py:157} INFO - Started process (PID=68927) to work on /home/maemoon/Documents/MLOPS_Project/env/lib/python3.10/site-packages/airflow/example_dags/plugins/workday.py
[2025-05-12T22:14:17.407+0500] {processor.py:829} INFO - Processing file /home/maemoon/Documents/MLOPS_Project/env/lib/python3.10/site-packages/airflow/example_dags/plugins/workday.py for tasks to queue
[2025-05-12T22:14:17.408+0500] {logging_mixin.py:151} INFO - [2025-05-12T22:14:17.408+0500] {dagbag.py:536} INFO - Filling up the DagBag from /home/maemoon/Documents/MLOPS_Project/env/lib/python3.10/site-packages/airflow/example_dags/plugins/workday.py
[2025-05-12T22:14:17.809+0500] {processor.py:841} WARNING - No viable dags retrieved from /home/maemoon/Documents/MLOPS_Project/env/lib/python3.10/site-packages/airflow/example_dags/plugins/workday.py
[2025-05-12T22:14:17.814+0500] {processor.py:179} INFO - Processing /home/maemoon/Documents/MLOPS_Project/env/lib/python3.10/site-packages/airflow/example_dags/plugins/workday.py took 0.419 seconds
[2025-05-12T22:15:08.772+0500] {processor.py:157} INFO - Started process (PID=69027) to work on /home/maemoon/Documents/MLOPS_Project/env/lib/python3.10/site-packages/airflow/example_dags/plugins/workday.py
[2025-05-12T22:15:08.782+0500] {processor.py:829} INFO - Processing file /home/maemoon/Documents/MLOPS_Project/env/lib/python3.10/site-packages/airflow/example_dags/plugins/workday.py for tasks to queue
[2025-05-12T22:15:08.783+0500] {logging_mixin.py:151} INFO - [2025-05-12T22:15:08.783+0500] {dagbag.py:536} INFO - Filling up the DagBag from /home/maemoon/Documents/MLOPS_Project/env/lib/python3.10/site-packages/airflow/example_dags/plugins/workday.py
[2025-05-12T22:15:09.181+0500] {processor.py:841} WARNING - No viable dags retrieved from /home/maemoon/Documents/MLOPS_Project/env/lib/python3.10/site-packages/airflow/example_dags/plugins/workday.py
[2025-05-12T22:15:09.186+0500] {processor.py:179} INFO - Processing /home/maemoon/Documents/MLOPS_Project/env/lib/python3.10/site-packages/airflow/example_dags/plugins/workday.py took 0.417 seconds
[2025-05-12T22:16:03.299+0500] {processor.py:157} INFO - Started process (PID=69127) to work on /home/maemoon/Documents/MLOPS_Project/env/lib/python3.10/site-packages/airflow/example_dags/plugins/workday.py
[2025-05-12T22:16:03.346+0500] {processor.py:829} INFO - Processing file /home/maemoon/Documents/MLOPS_Project/env/lib/python3.10/site-packages/airflow/example_dags/plugins/workday.py for tasks to queue
[2025-05-12T22:16:03.347+0500] {logging_mixin.py:151} INFO - [2025-05-12T22:16:03.346+0500] {dagbag.py:536} INFO - Filling up the DagBag from /home/maemoon/Documents/MLOPS_Project/env/lib/python3.10/site-packages/airflow/example_dags/plugins/workday.py
[2025-05-12T22:16:03.869+0500] {processor.py:841} WARNING - No viable dags retrieved from /home/maemoon/Documents/MLOPS_Project/env/lib/python3.10/site-packages/airflow/example_dags/plugins/workday.py
[2025-05-12T22:16:03.875+0500] {processor.py:179} INFO - Processing /home/maemoon/Documents/MLOPS_Project/env/lib/python3.10/site-packages/airflow/example_dags/plugins/workday.py took 0.579 seconds
[2025-05-12T22:16:56.964+0500] {processor.py:157} INFO - Started process (PID=69297) to work on /home/maemoon/Documents/MLOPS_Project/env/lib/python3.10/site-packages/airflow/example_dags/plugins/workday.py
[2025-05-12T22:16:56.976+0500] {processor.py:829} INFO - Processing file /home/maemoon/Documents/MLOPS_Project/env/lib/python3.10/site-packages/airflow/example_dags/plugins/workday.py for tasks to queue
[2025-05-12T22:16:56.978+0500] {logging_mixin.py:151} INFO - [2025-05-12T22:16:56.977+0500] {dagbag.py:536} INFO - Filling up the DagBag from /home/maemoon/Documents/MLOPS_Project/env/lib/python3.10/site-packages/airflow/example_dags/plugins/workday.py
[2025-05-12T22:16:57.591+0500] {processor.py:841} WARNING - No viable dags retrieved from /home/maemoon/Documents/MLOPS_Project/env/lib/python3.10/site-packages/airflow/example_dags/plugins/workday.py
[2025-05-12T22:16:57.597+0500] {processor.py:179} INFO - Processing /home/maemoon/Documents/MLOPS_Project/env/lib/python3.10/site-packages/airflow/example_dags/plugins/workday.py took 0.637 seconds
[2025-05-12T22:17:49.140+0500] {processor.py:157} INFO - Started process (PID=69417) to work on /home/maemoon/Documents/MLOPS_Project/env/lib/python3.10/site-packages/airflow/example_dags/plugins/workday.py
[2025-05-12T22:17:49.152+0500] {processor.py:829} INFO - Processing file /home/maemoon/Documents/MLOPS_Project/env/lib/python3.10/site-packages/airflow/example_dags/plugins/workday.py for tasks to queue
[2025-05-12T22:17:49.153+0500] {logging_mixin.py:151} INFO - [2025-05-12T22:17:49.153+0500] {dagbag.py:536} INFO - Filling up the DagBag from /home/maemoon/Documents/MLOPS_Project/env/lib/python3.10/site-packages/airflow/example_dags/plugins/workday.py
[2025-05-12T22:17:49.723+0500] {processor.py:841} WARNING - No viable dags retrieved from /home/maemoon/Documents/MLOPS_Project/env/lib/python3.10/site-packages/airflow/example_dags/plugins/workday.py
[2025-05-12T22:17:49.729+0500] {processor.py:179} INFO - Processing /home/maemoon/Documents/MLOPS_Project/env/lib/python3.10/site-packages/airflow/example_dags/plugins/workday.py took 0.592 seconds
[2025-05-12T22:18:42.349+0500] {processor.py:157} INFO - Started process (PID=69580) to work on /home/maemoon/Documents/MLOPS_Project/env/lib/python3.10/site-packages/airflow/example_dags/plugins/workday.py
[2025-05-12T22:18:42.349+0500] {processor.py:829} INFO - Processing file /home/maemoon/Documents/MLOPS_Project/env/lib/python3.10/site-packages/airflow/example_dags/plugins/workday.py for tasks to queue
[2025-05-12T22:18:42.350+0500] {logging_mixin.py:151} INFO - [2025-05-12T22:18:42.350+0500] {dagbag.py:536} INFO - Filling up the DagBag from /home/maemoon/Documents/MLOPS_Project/env/lib/python3.10/site-packages/airflow/example_dags/plugins/workday.py
[2025-05-12T22:18:42.826+0500] {processor.py:841} WARNING - No viable dags retrieved from /home/maemoon/Documents/MLOPS_Project/env/lib/python3.10/site-packages/airflow/example_dags/plugins/workday.py
[2025-05-12T22:18:42.831+0500] {processor.py:179} INFO - Processing /home/maemoon/Documents/MLOPS_Project/env/lib/python3.10/site-packages/airflow/example_dags/plugins/workday.py took 0.485 seconds
[2025-05-12T22:19:37.935+0500] {processor.py:157} INFO - Started process (PID=69661) to work on /home/maemoon/Documents/MLOPS_Project/env/lib/python3.10/site-packages/airflow/example_dags/plugins/workday.py
[2025-05-12T22:19:37.936+0500] {processor.py:829} INFO - Processing file /home/maemoon/Documents/MLOPS_Project/env/lib/python3.10/site-packages/airflow/example_dags/plugins/workday.py for tasks to queue
[2025-05-12T22:19:37.936+0500] {logging_mixin.py:151} INFO - [2025-05-12T22:19:37.936+0500] {dagbag.py:536} INFO - Filling up the DagBag from /home/maemoon/Documents/MLOPS_Project/env/lib/python3.10/site-packages/airflow/example_dags/plugins/workday.py
[2025-05-12T22:19:38.403+0500] {processor.py:841} WARNING - No viable dags retrieved from /home/maemoon/Documents/MLOPS_Project/env/lib/python3.10/site-packages/airflow/example_dags/plugins/workday.py
[2025-05-12T22:19:38.407+0500] {processor.py:179} INFO - Processing /home/maemoon/Documents/MLOPS_Project/env/lib/python3.10/site-packages/airflow/example_dags/plugins/workday.py took 0.475 seconds
[2025-05-12T22:20:32.337+0500] {processor.py:157} INFO - Started process (PID=69753) to work on /home/maemoon/Documents/MLOPS_Project/env/lib/python3.10/site-packages/airflow/example_dags/plugins/workday.py
[2025-05-12T22:20:32.355+0500] {processor.py:829} INFO - Processing file /home/maemoon/Documents/MLOPS_Project/env/lib/python3.10/site-packages/airflow/example_dags/plugins/workday.py for tasks to queue
[2025-05-12T22:20:32.356+0500] {logging_mixin.py:151} INFO - [2025-05-12T22:20:32.355+0500] {dagbag.py:536} INFO - Filling up the DagBag from /home/maemoon/Documents/MLOPS_Project/env/lib/python3.10/site-packages/airflow/example_dags/plugins/workday.py
[2025-05-12T22:20:32.999+0500] {processor.py:841} WARNING - No viable dags retrieved from /home/maemoon/Documents/MLOPS_Project/env/lib/python3.10/site-packages/airflow/example_dags/plugins/workday.py
[2025-05-12T22:20:33.005+0500] {processor.py:179} INFO - Processing /home/maemoon/Documents/MLOPS_Project/env/lib/python3.10/site-packages/airflow/example_dags/plugins/workday.py took 0.671 seconds
[2025-05-12T22:21:27.655+0500] {processor.py:157} INFO - Started process (PID=70000) to work on /home/maemoon/Documents/MLOPS_Project/env/lib/python3.10/site-packages/airflow/example_dags/plugins/workday.py
[2025-05-12T22:21:27.656+0500] {processor.py:829} INFO - Processing file /home/maemoon/Documents/MLOPS_Project/env/lib/python3.10/site-packages/airflow/example_dags/plugins/workday.py for tasks to queue
[2025-05-12T22:21:27.657+0500] {logging_mixin.py:151} INFO - [2025-05-12T22:21:27.656+0500] {dagbag.py:536} INFO - Filling up the DagBag from /home/maemoon/Documents/MLOPS_Project/env/lib/python3.10/site-packages/airflow/example_dags/plugins/workday.py
[2025-05-12T22:21:28.137+0500] {processor.py:841} WARNING - No viable dags retrieved from /home/maemoon/Documents/MLOPS_Project/env/lib/python3.10/site-packages/airflow/example_dags/plugins/workday.py
[2025-05-12T22:21:28.143+0500] {processor.py:179} INFO - Processing /home/maemoon/Documents/MLOPS_Project/env/lib/python3.10/site-packages/airflow/example_dags/plugins/workday.py took 0.492 seconds
[2025-05-12T22:22:21.144+0500] {processor.py:157} INFO - Started process (PID=70158) to work on /home/maemoon/Documents/MLOPS_Project/env/lib/python3.10/site-packages/airflow/example_dags/plugins/workday.py
[2025-05-12T22:22:21.159+0500] {processor.py:829} INFO - Processing file /home/maemoon/Documents/MLOPS_Project/env/lib/python3.10/site-packages/airflow/example_dags/plugins/workday.py for tasks to queue
[2025-05-12T22:22:21.160+0500] {logging_mixin.py:151} INFO - [2025-05-12T22:22:21.159+0500] {dagbag.py:536} INFO - Filling up the DagBag from /home/maemoon/Documents/MLOPS_Project/env/lib/python3.10/site-packages/airflow/example_dags/plugins/workday.py
[2025-05-12T22:22:21.621+0500] {processor.py:841} WARNING - No viable dags retrieved from /home/maemoon/Documents/MLOPS_Project/env/lib/python3.10/site-packages/airflow/example_dags/plugins/workday.py
[2025-05-12T22:22:21.628+0500] {processor.py:179} INFO - Processing /home/maemoon/Documents/MLOPS_Project/env/lib/python3.10/site-packages/airflow/example_dags/plugins/workday.py took 0.487 seconds
[2025-05-12T22:23:15.027+0500] {processor.py:157} INFO - Started process (PID=70250) to work on /home/maemoon/Documents/MLOPS_Project/env/lib/python3.10/site-packages/airflow/example_dags/plugins/workday.py
[2025-05-12T22:23:15.034+0500] {processor.py:829} INFO - Processing file /home/maemoon/Documents/MLOPS_Project/env/lib/python3.10/site-packages/airflow/example_dags/plugins/workday.py for tasks to queue
[2025-05-12T22:23:15.035+0500] {logging_mixin.py:151} INFO - [2025-05-12T22:23:15.035+0500] {dagbag.py:536} INFO - Filling up the DagBag from /home/maemoon/Documents/MLOPS_Project/env/lib/python3.10/site-packages/airflow/example_dags/plugins/workday.py
[2025-05-12T22:23:15.486+0500] {processor.py:841} WARNING - No viable dags retrieved from /home/maemoon/Documents/MLOPS_Project/env/lib/python3.10/site-packages/airflow/example_dags/plugins/workday.py
[2025-05-12T22:23:15.492+0500] {processor.py:179} INFO - Processing /home/maemoon/Documents/MLOPS_Project/env/lib/python3.10/site-packages/airflow/example_dags/plugins/workday.py took 0.468 seconds
[2025-05-12T22:24:09.135+0500] {processor.py:157} INFO - Started process (PID=70441) to work on /home/maemoon/Documents/MLOPS_Project/env/lib/python3.10/site-packages/airflow/example_dags/plugins/workday.py
[2025-05-12T22:24:09.153+0500] {processor.py:829} INFO - Processing file /home/maemoon/Documents/MLOPS_Project/env/lib/python3.10/site-packages/airflow/example_dags/plugins/workday.py for tasks to queue
[2025-05-12T22:24:09.154+0500] {logging_mixin.py:151} INFO - [2025-05-12T22:24:09.153+0500] {dagbag.py:536} INFO - Filling up the DagBag from /home/maemoon/Documents/MLOPS_Project/env/lib/python3.10/site-packages/airflow/example_dags/plugins/workday.py
[2025-05-12T22:24:09.692+0500] {processor.py:841} WARNING - No viable dags retrieved from /home/maemoon/Documents/MLOPS_Project/env/lib/python3.10/site-packages/airflow/example_dags/plugins/workday.py
[2025-05-12T22:24:09.697+0500] {processor.py:179} INFO - Processing /home/maemoon/Documents/MLOPS_Project/env/lib/python3.10/site-packages/airflow/example_dags/plugins/workday.py took 0.564 seconds
