[2025-05-12T21:31:33.666+0500] {taskinstance.py:1159} INFO - Dependencies all met for dep_context=non-requeueable deps ti=<TaskInstance: data_pipeline_dag.model_training manual__2025-05-12T16:31:07.203408+00:00 [queued]>
[2025-05-12T21:31:33.674+0500] {taskinstance.py:1159} INFO - Dependencies all met for dep_context=requeueable deps ti=<TaskInstance: data_pipeline_dag.model_training manual__2025-05-12T16:31:07.203408+00:00 [queued]>
[2025-05-12T21:31:33.675+0500] {taskinstance.py:1361} INFO - Starting attempt 1 of 1
[2025-05-12T21:31:33.794+0500] {taskinstance.py:1382} INFO - Executing <Task(PythonOperator): model_training> on 2025-05-12 16:31:07.203408+00:00
[2025-05-12T21:31:33.797+0500] {standard_task_runner.py:57} INFO - Started process 58418 to run task
[2025-05-12T21:31:33.800+0500] {standard_task_runner.py:84} INFO - Running: ['airflow', 'tasks', 'run', 'data_pipeline_dag', 'model_training', 'manual__2025-05-12T16:31:07.203408+00:00', '--job-id', '19', '--raw', '--subdir', 'DAGS_FOLDER/mlflow.py', '--cfg-path', '/tmp/tmp7c4xzqhx']
[2025-05-12T21:31:33.801+0500] {standard_task_runner.py:85} INFO - Job 19: Subtask model_training
[2025-05-12T21:31:33.926+0500] {task_command.py:416} INFO - Running <TaskInstance: data_pipeline_dag.model_training manual__2025-05-12T16:31:07.203408+00:00 [running]> on host maemoon-Inspiron-15-3567
[2025-05-12T21:31:34.158+0500] {taskinstance.py:1662} INFO - Exporting env vars: AIRFLOW_CTX_DAG_OWNER='airflow' AIRFLOW_CTX_DAG_ID='data_pipeline_dag' AIRFLOW_CTX_TASK_ID='model_training' AIRFLOW_CTX_EXECUTION_DATE='2025-05-12T16:31:07.203408+00:00' AIRFLOW_CTX_TRY_NUMBER='1' AIRFLOW_CTX_DAG_RUN_ID='manual__2025-05-12T16:31:07.203408+00:00'
[2025-05-12T21:31:34.872+0500] {taskinstance.py:1937} ERROR - Task failed with exception
Traceback (most recent call last):
  File "/home/maemoon/Documents/MLOPS_Project/env/lib/python3.10/site-packages/airflow/operators/python.py", line 192, in execute
    return_value = self.execute_callable()
  File "/home/maemoon/Documents/MLOPS_Project/env/lib/python3.10/site-packages/airflow/operators/python.py", line 209, in execute_callable
    return self.python_callable(*self.op_args, **self.op_kwargs)
  File "/home/maemoon/Documents/MLOPS_Project/dags/Tasks/model_training.py", line 11, in model_training
    df = pd.read_csv('/home/maemoon/Documents/MLOPS_Project/Processed_Lahore_Forecast.csv')
  File "/home/maemoon/Documents/MLOPS_Project/env/lib/python3.10/site-packages/pandas/io/parsers/readers.py", line 1026, in read_csv
    return _read(filepath_or_buffer, kwds)
  File "/home/maemoon/Documents/MLOPS_Project/env/lib/python3.10/site-packages/pandas/io/parsers/readers.py", line 620, in _read
    parser = TextFileReader(filepath_or_buffer, **kwds)
  File "/home/maemoon/Documents/MLOPS_Project/env/lib/python3.10/site-packages/pandas/io/parsers/readers.py", line 1620, in __init__
    self._engine = self._make_engine(f, self.engine)
  File "/home/maemoon/Documents/MLOPS_Project/env/lib/python3.10/site-packages/pandas/io/parsers/readers.py", line 1880, in _make_engine
    self.handles = get_handle(
  File "/home/maemoon/Documents/MLOPS_Project/env/lib/python3.10/site-packages/pandas/io/common.py", line 873, in get_handle
    handle = open(
FileNotFoundError: [Errno 2] No such file or directory: '/home/maemoon/Documents/MLOPS_Project/Processed_Lahore_Forecast.csv'
[2025-05-12T21:31:34.875+0500] {taskinstance.py:1400} INFO - Marking task as FAILED. dag_id=data_pipeline_dag, task_id=model_training, execution_date=20250512T163107, start_date=20250512T163133, end_date=20250512T163134
[2025-05-12T21:31:34.983+0500] {standard_task_runner.py:104} ERROR - Failed to execute job 19 for task model_training ([Errno 2] No such file or directory: '/home/maemoon/Documents/MLOPS_Project/Processed_Lahore_Forecast.csv'; 58418)
[2025-05-12T21:31:35.026+0500] {local_task_job_runner.py:228} INFO - Task exited with return code 1
[2025-05-12T21:31:35.044+0500] {taskinstance.py:2778} INFO - 0 downstream tasks scheduled from follow-on schedule check
