[2025-05-12T21:24:23.987+0500] {processor.py:157} INFO - Started process (PID=56324) to work on /home/maemoon/Documents/MLOPS_Project/env/lib/python3.10/site-packages/airflow/example_dags/example_latest_only_with_trigger.py
[2025-05-12T21:24:23.988+0500] {processor.py:829} INFO - Processing file /home/maemoon/Documents/MLOPS_Project/env/lib/python3.10/site-packages/airflow/example_dags/example_latest_only_with_trigger.py for tasks to queue
[2025-05-12T21:24:23.989+0500] {logging_mixin.py:151} INFO - [2025-05-12T21:24:23.989+0500] {dagbag.py:536} INFO - Filling up the DagBag from /home/maemoon/Documents/MLOPS_Project/env/lib/python3.10/site-packages/airflow/example_dags/example_latest_only_with_trigger.py
[2025-05-12T21:24:23.994+0500] {processor.py:839} INFO - DAG(s) dict_keys(['latest_only_with_trigger']) retrieved from /home/maemoon/Documents/MLOPS_Project/env/lib/python3.10/site-packages/airflow/example_dags/example_latest_only_with_trigger.py
[2025-05-12T21:24:24.359+0500] {logging_mixin.py:151} INFO - [2025-05-12T21:24:24.359+0500] {manager.py:499} INFO - Created Permission View: %s
[2025-05-12T21:24:24.448+0500] {logging_mixin.py:151} INFO - [2025-05-12T21:24:24.448+0500] {manager.py:499} INFO - Created Permission View: %s
[2025-05-12T21:24:24.548+0500] {logging_mixin.py:151} INFO - [2025-05-12T21:24:24.548+0500] {manager.py:499} INFO - Created Permission View: %s
[2025-05-12T21:24:24.549+0500] {logging_mixin.py:151} INFO - [2025-05-12T21:24:24.548+0500] {dag.py:2941} INFO - Sync 1 DAGs
[2025-05-12T21:24:24.560+0500] {logging_mixin.py:151} INFO - [2025-05-12T21:24:24.560+0500] {dag.py:2963} INFO - Creating ORM DAG for latest_only_with_trigger
[2025-05-12T21:24:24.568+0500] {logging_mixin.py:151} INFO - [2025-05-12T21:24:24.567+0500] {dag.py:3722} INFO - Setting next_dagrun for latest_only_with_trigger to 2025-05-12T12:24:24.567693+00:00, run_after=2025-05-12T16:24:24.567693+00:00
[2025-05-12T21:24:24.742+0500] {processor.py:179} INFO - Processing /home/maemoon/Documents/MLOPS_Project/env/lib/python3.10/site-packages/airflow/example_dags/example_latest_only_with_trigger.py took 0.759 seconds
[2025-05-12T21:30:28.388+0500] {processor.py:157} INFO - Started process (PID=57972) to work on /home/maemoon/Documents/MLOPS_Project/env/lib/python3.10/site-packages/airflow/example_dags/example_latest_only_with_trigger.py
[2025-05-12T21:30:28.389+0500] {processor.py:829} INFO - Processing file /home/maemoon/Documents/MLOPS_Project/env/lib/python3.10/site-packages/airflow/example_dags/example_latest_only_with_trigger.py for tasks to queue
[2025-05-12T21:30:28.390+0500] {logging_mixin.py:151} INFO - [2025-05-12T21:30:28.389+0500] {dagbag.py:536} INFO - Filling up the DagBag from /home/maemoon/Documents/MLOPS_Project/env/lib/python3.10/site-packages/airflow/example_dags/example_latest_only_with_trigger.py
[2025-05-12T21:30:28.395+0500] {processor.py:839} INFO - DAG(s) dict_keys(['latest_only_with_trigger']) retrieved from /home/maemoon/Documents/MLOPS_Project/env/lib/python3.10/site-packages/airflow/example_dags/example_latest_only_with_trigger.py
[2025-05-12T21:30:28.410+0500] {logging_mixin.py:151} INFO - [2025-05-12T21:30:28.410+0500] {dag.py:2941} INFO - Sync 1 DAGs
[2025-05-12T21:30:28.427+0500] {logging_mixin.py:151} INFO - [2025-05-12T21:30:28.426+0500] {dag.py:3722} INFO - Setting next_dagrun for latest_only_with_trigger to 2025-05-12T12:30:28.426798+00:00, run_after=2025-05-12T16:30:28.426798+00:00
[2025-05-12T21:30:28.532+0500] {processor.py:179} INFO - Processing /home/maemoon/Documents/MLOPS_Project/env/lib/python3.10/site-packages/airflow/example_dags/example_latest_only_with_trigger.py took 0.149 seconds
[2025-05-12T21:31:51.569+0500] {processor.py:157} INFO - Started process (PID=58577) to work on /home/maemoon/Documents/MLOPS_Project/env/lib/python3.10/site-packages/airflow/example_dags/example_latest_only_with_trigger.py
[2025-05-12T21:31:51.570+0500] {processor.py:829} INFO - Processing file /home/maemoon/Documents/MLOPS_Project/env/lib/python3.10/site-packages/airflow/example_dags/example_latest_only_with_trigger.py for tasks to queue
[2025-05-12T21:31:51.571+0500] {logging_mixin.py:151} INFO - [2025-05-12T21:31:51.571+0500] {dagbag.py:536} INFO - Filling up the DagBag from /home/maemoon/Documents/MLOPS_Project/env/lib/python3.10/site-packages/airflow/example_dags/example_latest_only_with_trigger.py
[2025-05-12T21:31:51.576+0500] {processor.py:839} INFO - DAG(s) dict_keys(['latest_only_with_trigger']) retrieved from /home/maemoon/Documents/MLOPS_Project/env/lib/python3.10/site-packages/airflow/example_dags/example_latest_only_with_trigger.py
[2025-05-12T21:31:51.590+0500] {logging_mixin.py:151} INFO - [2025-05-12T21:31:51.590+0500] {dag.py:2941} INFO - Sync 1 DAGs
[2025-05-12T21:31:51.606+0500] {logging_mixin.py:151} INFO - [2025-05-12T21:31:51.606+0500] {dag.py:3722} INFO - Setting next_dagrun for latest_only_with_trigger to 2025-05-12T12:31:51.606205+00:00, run_after=2025-05-12T16:31:51.606205+00:00
[2025-05-12T21:31:51.705+0500] {processor.py:179} INFO - Processing /home/maemoon/Documents/MLOPS_Project/env/lib/python3.10/site-packages/airflow/example_dags/example_latest_only_with_trigger.py took 0.138 seconds
[2025-05-12T21:33:15.853+0500] {processor.py:157} INFO - Started process (PID=59266) to work on /home/maemoon/Documents/MLOPS_Project/env/lib/python3.10/site-packages/airflow/example_dags/example_latest_only_with_trigger.py
[2025-05-12T21:33:15.871+0500] {processor.py:829} INFO - Processing file /home/maemoon/Documents/MLOPS_Project/env/lib/python3.10/site-packages/airflow/example_dags/example_latest_only_with_trigger.py for tasks to queue
[2025-05-12T21:33:15.871+0500] {logging_mixin.py:151} INFO - [2025-05-12T21:33:15.871+0500] {dagbag.py:536} INFO - Filling up the DagBag from /home/maemoon/Documents/MLOPS_Project/env/lib/python3.10/site-packages/airflow/example_dags/example_latest_only_with_trigger.py
[2025-05-12T21:33:15.877+0500] {processor.py:839} INFO - DAG(s) dict_keys(['latest_only_with_trigger']) retrieved from /home/maemoon/Documents/MLOPS_Project/env/lib/python3.10/site-packages/airflow/example_dags/example_latest_only_with_trigger.py
[2025-05-12T21:33:15.890+0500] {logging_mixin.py:151} INFO - [2025-05-12T21:33:15.890+0500] {dag.py:2941} INFO - Sync 1 DAGs
[2025-05-12T21:33:15.908+0500] {logging_mixin.py:151} INFO - [2025-05-12T21:33:15.907+0500] {dag.py:3722} INFO - Setting next_dagrun for latest_only_with_trigger to 2025-05-12T12:33:15.907540+00:00, run_after=2025-05-12T16:33:15.907540+00:00
[2025-05-12T21:33:16.012+0500] {processor.py:179} INFO - Processing /home/maemoon/Documents/MLOPS_Project/env/lib/python3.10/site-packages/airflow/example_dags/example_latest_only_with_trigger.py took 0.162 seconds
