[2025-05-12T21:24:03.822+0500] {processor.py:157} INFO - Started process (PID=56164) to work on /home/maemoon/Documents/MLOPS_Project/env/lib/python3.10/site-packages/airflow/example_dags/example_task_group_decorator.py
[2025-05-12T21:24:03.823+0500] {processor.py:829} INFO - Processing file /home/maemoon/Documents/MLOPS_Project/env/lib/python3.10/site-packages/airflow/example_dags/example_task_group_decorator.py for tasks to queue
[2025-05-12T21:24:03.824+0500] {logging_mixin.py:151} INFO - [2025-05-12T21:24:03.823+0500] {dagbag.py:536} INFO - Filling up the DagBag from /home/maemoon/Documents/MLOPS_Project/env/lib/python3.10/site-packages/airflow/example_dags/example_task_group_decorator.py
[2025-05-12T21:24:03.840+0500] {processor.py:839} INFO - DAG(s) dict_keys(['example_task_group_decorator']) retrieved from /home/maemoon/Documents/MLOPS_Project/env/lib/python3.10/site-packages/airflow/example_dags/example_task_group_decorator.py
[2025-05-12T21:24:04.205+0500] {logging_mixin.py:151} INFO - [2025-05-12T21:24:04.204+0500] {manager.py:499} INFO - Created Permission View: %s
[2025-05-12T21:24:04.293+0500] {logging_mixin.py:151} INFO - [2025-05-12T21:24:04.293+0500] {manager.py:499} INFO - Created Permission View: %s
[2025-05-12T21:24:04.382+0500] {logging_mixin.py:151} INFO - [2025-05-12T21:24:04.382+0500] {manager.py:499} INFO - Created Permission View: %s
[2025-05-12T21:24:04.382+0500] {logging_mixin.py:151} INFO - [2025-05-12T21:24:04.382+0500] {dag.py:2941} INFO - Sync 1 DAGs
[2025-05-12T21:24:04.395+0500] {logging_mixin.py:151} INFO - [2025-05-12T21:24:04.395+0500] {dag.py:2963} INFO - Creating ORM DAG for example_task_group_decorator
[2025-05-12T21:24:04.402+0500] {logging_mixin.py:151} INFO - [2025-05-12T21:24:04.402+0500] {dag.py:3722} INFO - Setting next_dagrun for example_task_group_decorator to 2025-05-11T16:24:04.402477+00:00, run_after=2025-05-12T16:24:04.402477+00:00
[2025-05-12T21:24:04.584+0500] {processor.py:179} INFO - Processing /home/maemoon/Documents/MLOPS_Project/env/lib/python3.10/site-packages/airflow/example_dags/example_task_group_decorator.py took 0.766 seconds
[2025-05-12T21:30:16.606+0500] {processor.py:157} INFO - Started process (PID=57922) to work on /home/maemoon/Documents/MLOPS_Project/env/lib/python3.10/site-packages/airflow/example_dags/example_task_group_decorator.py
[2025-05-12T21:30:16.634+0500] {processor.py:829} INFO - Processing file /home/maemoon/Documents/MLOPS_Project/env/lib/python3.10/site-packages/airflow/example_dags/example_task_group_decorator.py for tasks to queue
[2025-05-12T21:30:16.635+0500] {logging_mixin.py:151} INFO - [2025-05-12T21:30:16.634+0500] {dagbag.py:536} INFO - Filling up the DagBag from /home/maemoon/Documents/MLOPS_Project/env/lib/python3.10/site-packages/airflow/example_dags/example_task_group_decorator.py
[2025-05-12T21:30:16.647+0500] {processor.py:839} INFO - DAG(s) dict_keys(['example_task_group_decorator']) retrieved from /home/maemoon/Documents/MLOPS_Project/env/lib/python3.10/site-packages/airflow/example_dags/example_task_group_decorator.py
[2025-05-12T21:30:16.665+0500] {logging_mixin.py:151} INFO - [2025-05-12T21:30:16.665+0500] {dag.py:2941} INFO - Sync 1 DAGs
[2025-05-12T21:30:16.681+0500] {logging_mixin.py:151} INFO - [2025-05-12T21:30:16.681+0500] {dag.py:3722} INFO - Setting next_dagrun for example_task_group_decorator to 2025-05-11T16:30:16.681568+00:00, run_after=2025-05-12T16:30:16.681568+00:00
[2025-05-12T21:30:16.803+0500] {processor.py:179} INFO - Processing /home/maemoon/Documents/MLOPS_Project/env/lib/python3.10/site-packages/airflow/example_dags/example_task_group_decorator.py took 0.200 seconds
[2025-05-12T21:31:21.431+0500] {processor.py:157} INFO - Started process (PID=58218) to work on /home/maemoon/Documents/MLOPS_Project/env/lib/python3.10/site-packages/airflow/example_dags/example_task_group_decorator.py
[2025-05-12T21:31:21.442+0500] {processor.py:829} INFO - Processing file /home/maemoon/Documents/MLOPS_Project/env/lib/python3.10/site-packages/airflow/example_dags/example_task_group_decorator.py for tasks to queue
[2025-05-12T21:31:21.443+0500] {logging_mixin.py:151} INFO - [2025-05-12T21:31:21.443+0500] {dagbag.py:536} INFO - Filling up the DagBag from /home/maemoon/Documents/MLOPS_Project/env/lib/python3.10/site-packages/airflow/example_dags/example_task_group_decorator.py
[2025-05-12T21:31:21.460+0500] {processor.py:839} INFO - DAG(s) dict_keys(['example_task_group_decorator']) retrieved from /home/maemoon/Documents/MLOPS_Project/env/lib/python3.10/site-packages/airflow/example_dags/example_task_group_decorator.py
[2025-05-12T21:31:21.478+0500] {logging_mixin.py:151} INFO - [2025-05-12T21:31:21.478+0500] {dag.py:2941} INFO - Sync 1 DAGs
[2025-05-12T21:31:21.496+0500] {logging_mixin.py:151} INFO - [2025-05-12T21:31:21.496+0500] {dag.py:3722} INFO - Setting next_dagrun for example_task_group_decorator to 2025-05-11T16:31:21.496497+00:00, run_after=2025-05-12T16:31:21.496497+00:00
[2025-05-12T21:31:21.601+0500] {processor.py:179} INFO - Processing /home/maemoon/Documents/MLOPS_Project/env/lib/python3.10/site-packages/airflow/example_dags/example_task_group_decorator.py took 0.173 seconds
[2025-05-12T21:32:56.146+0500] {processor.py:157} INFO - Started process (PID=59225) to work on /home/maemoon/Documents/MLOPS_Project/env/lib/python3.10/site-packages/airflow/example_dags/example_task_group_decorator.py
[2025-05-12T21:32:56.165+0500] {processor.py:829} INFO - Processing file /home/maemoon/Documents/MLOPS_Project/env/lib/python3.10/site-packages/airflow/example_dags/example_task_group_decorator.py for tasks to queue
[2025-05-12T21:32:56.166+0500] {logging_mixin.py:151} INFO - [2025-05-12T21:32:56.165+0500] {dagbag.py:536} INFO - Filling up the DagBag from /home/maemoon/Documents/MLOPS_Project/env/lib/python3.10/site-packages/airflow/example_dags/example_task_group_decorator.py
[2025-05-12T21:32:56.178+0500] {processor.py:839} INFO - DAG(s) dict_keys(['example_task_group_decorator']) retrieved from /home/maemoon/Documents/MLOPS_Project/env/lib/python3.10/site-packages/airflow/example_dags/example_task_group_decorator.py
[2025-05-12T21:32:56.193+0500] {logging_mixin.py:151} INFO - [2025-05-12T21:32:56.193+0500] {dag.py:2941} INFO - Sync 1 DAGs
[2025-05-12T21:32:56.209+0500] {logging_mixin.py:151} INFO - [2025-05-12T21:32:56.208+0500] {dag.py:3722} INFO - Setting next_dagrun for example_task_group_decorator to 2025-05-11T16:32:56.208665+00:00, run_after=2025-05-12T16:32:56.208665+00:00
[2025-05-12T21:32:56.312+0500] {processor.py:179} INFO - Processing /home/maemoon/Documents/MLOPS_Project/env/lib/python3.10/site-packages/airflow/example_dags/example_task_group_decorator.py took 0.169 seconds
