[2025-05-12T21:24:05.804+0500] {processor.py:157} INFO - Started process (PID=56179) to work on /home/maemoon/Documents/MLOPS_Project/env/lib/python3.10/site-packages/airflow/example_dags/example_setup_teardown_taskflow.py
[2025-05-12T21:24:05.805+0500] {processor.py:829} INFO - Processing file /home/maemoon/Documents/MLOPS_Project/env/lib/python3.10/site-packages/airflow/example_dags/example_setup_teardown_taskflow.py for tasks to queue
[2025-05-12T21:24:05.806+0500] {logging_mixin.py:151} INFO - [2025-05-12T21:24:05.805+0500] {dagbag.py:536} INFO - Filling up the DagBag from /home/maemoon/Documents/MLOPS_Project/env/lib/python3.10/site-packages/airflow/example_dags/example_setup_teardown_taskflow.py
[2025-05-12T21:24:05.814+0500] {processor.py:839} INFO - DAG(s) dict_keys(['example_setup_teardown_taskflow']) retrieved from /home/maemoon/Documents/MLOPS_Project/env/lib/python3.10/site-packages/airflow/example_dags/example_setup_teardown_taskflow.py
[2025-05-12T21:24:06.171+0500] {logging_mixin.py:151} INFO - [2025-05-12T21:24:06.171+0500] {manager.py:499} INFO - Created Permission View: %s
[2025-05-12T21:24:06.260+0500] {logging_mixin.py:151} INFO - [2025-05-12T21:24:06.260+0500] {manager.py:499} INFO - Created Permission View: %s
[2025-05-12T21:24:06.349+0500] {logging_mixin.py:151} INFO - [2025-05-12T21:24:06.348+0500] {manager.py:499} INFO - Created Permission View: %s
[2025-05-12T21:24:06.349+0500] {logging_mixin.py:151} INFO - [2025-05-12T21:24:06.349+0500] {dag.py:2941} INFO - Sync 1 DAGs
[2025-05-12T21:24:06.366+0500] {logging_mixin.py:151} INFO - [2025-05-12T21:24:06.366+0500] {dag.py:2963} INFO - Creating ORM DAG for example_setup_teardown_taskflow
[2025-05-12T21:24:06.375+0500] {logging_mixin.py:151} INFO - [2025-05-12T21:24:06.375+0500] {dag.py:3722} INFO - Setting next_dagrun for example_setup_teardown_taskflow to 2025-05-11T16:24:06.375426+00:00, run_after=2025-05-12T16:24:06.375426+00:00
[2025-05-12T21:24:06.516+0500] {processor.py:179} INFO - Processing /home/maemoon/Documents/MLOPS_Project/env/lib/python3.10/site-packages/airflow/example_dags/example_setup_teardown_taskflow.py took 0.714 seconds
[2025-05-12T21:30:17.945+0500] {processor.py:157} INFO - Started process (PID=57923) to work on /home/maemoon/Documents/MLOPS_Project/env/lib/python3.10/site-packages/airflow/example_dags/example_setup_teardown_taskflow.py
[2025-05-12T21:30:17.955+0500] {processor.py:829} INFO - Processing file /home/maemoon/Documents/MLOPS_Project/env/lib/python3.10/site-packages/airflow/example_dags/example_setup_teardown_taskflow.py for tasks to queue
[2025-05-12T21:30:17.955+0500] {logging_mixin.py:151} INFO - [2025-05-12T21:30:17.955+0500] {dagbag.py:536} INFO - Filling up the DagBag from /home/maemoon/Documents/MLOPS_Project/env/lib/python3.10/site-packages/airflow/example_dags/example_setup_teardown_taskflow.py
[2025-05-12T21:30:17.964+0500] {processor.py:839} INFO - DAG(s) dict_keys(['example_setup_teardown_taskflow']) retrieved from /home/maemoon/Documents/MLOPS_Project/env/lib/python3.10/site-packages/airflow/example_dags/example_setup_teardown_taskflow.py
[2025-05-12T21:30:17.979+0500] {logging_mixin.py:151} INFO - [2025-05-12T21:30:17.979+0500] {dag.py:2941} INFO - Sync 1 DAGs
[2025-05-12T21:30:17.996+0500] {logging_mixin.py:151} INFO - [2025-05-12T21:30:17.996+0500] {dag.py:3722} INFO - Setting next_dagrun for example_setup_teardown_taskflow to 2025-05-11T16:30:17.996293+00:00, run_after=2025-05-12T16:30:17.996293+00:00
[2025-05-12T21:30:18.088+0500] {processor.py:179} INFO - Processing /home/maemoon/Documents/MLOPS_Project/env/lib/python3.10/site-packages/airflow/example_dags/example_setup_teardown_taskflow.py took 0.145 seconds
[2025-05-12T21:31:40.939+0500] {processor.py:157} INFO - Started process (PID=58506) to work on /home/maemoon/Documents/MLOPS_Project/env/lib/python3.10/site-packages/airflow/example_dags/example_setup_teardown_taskflow.py
[2025-05-12T21:31:40.950+0500] {processor.py:829} INFO - Processing file /home/maemoon/Documents/MLOPS_Project/env/lib/python3.10/site-packages/airflow/example_dags/example_setup_teardown_taskflow.py for tasks to queue
[2025-05-12T21:31:40.951+0500] {logging_mixin.py:151} INFO - [2025-05-12T21:31:40.951+0500] {dagbag.py:536} INFO - Filling up the DagBag from /home/maemoon/Documents/MLOPS_Project/env/lib/python3.10/site-packages/airflow/example_dags/example_setup_teardown_taskflow.py
[2025-05-12T21:31:40.960+0500] {processor.py:839} INFO - DAG(s) dict_keys(['example_setup_teardown_taskflow']) retrieved from /home/maemoon/Documents/MLOPS_Project/env/lib/python3.10/site-packages/airflow/example_dags/example_setup_teardown_taskflow.py
[2025-05-12T21:31:40.974+0500] {logging_mixin.py:151} INFO - [2025-05-12T21:31:40.974+0500] {dag.py:2941} INFO - Sync 1 DAGs
[2025-05-12T21:31:40.990+0500] {logging_mixin.py:151} INFO - [2025-05-12T21:31:40.990+0500] {dag.py:3722} INFO - Setting next_dagrun for example_setup_teardown_taskflow to 2025-05-11T16:31:40.990158+00:00, run_after=2025-05-12T16:31:40.990158+00:00
[2025-05-12T21:31:41.095+0500] {processor.py:179} INFO - Processing /home/maemoon/Documents/MLOPS_Project/env/lib/python3.10/site-packages/airflow/example_dags/example_setup_teardown_taskflow.py took 0.159 seconds
[2025-05-12T21:33:05.236+0500] {processor.py:157} INFO - Started process (PID=59250) to work on /home/maemoon/Documents/MLOPS_Project/env/lib/python3.10/site-packages/airflow/example_dags/example_setup_teardown_taskflow.py
[2025-05-12T21:33:05.255+0500] {processor.py:829} INFO - Processing file /home/maemoon/Documents/MLOPS_Project/env/lib/python3.10/site-packages/airflow/example_dags/example_setup_teardown_taskflow.py for tasks to queue
[2025-05-12T21:33:05.255+0500] {logging_mixin.py:151} INFO - [2025-05-12T21:33:05.255+0500] {dagbag.py:536} INFO - Filling up the DagBag from /home/maemoon/Documents/MLOPS_Project/env/lib/python3.10/site-packages/airflow/example_dags/example_setup_teardown_taskflow.py
[2025-05-12T21:33:05.270+0500] {processor.py:839} INFO - DAG(s) dict_keys(['example_setup_teardown_taskflow']) retrieved from /home/maemoon/Documents/MLOPS_Project/env/lib/python3.10/site-packages/airflow/example_dags/example_setup_teardown_taskflow.py
[2025-05-12T21:33:05.292+0500] {logging_mixin.py:151} INFO - [2025-05-12T21:33:05.291+0500] {dag.py:2941} INFO - Sync 1 DAGs
[2025-05-12T21:33:05.314+0500] {logging_mixin.py:151} INFO - [2025-05-12T21:33:05.314+0500] {dag.py:3722} INFO - Setting next_dagrun for example_setup_teardown_taskflow to 2025-05-11T16:33:05.314229+00:00, run_after=2025-05-12T16:33:05.314229+00:00
[2025-05-12T21:33:05.413+0500] {processor.py:179} INFO - Processing /home/maemoon/Documents/MLOPS_Project/env/lib/python3.10/site-packages/airflow/example_dags/example_setup_teardown_taskflow.py took 0.180 seconds
[2025-05-12T21:33:58.494+0500] {processor.py:157} INFO - Started process (PID=59400) to work on /home/maemoon/Documents/MLOPS_Project/env/lib/python3.10/site-packages/airflow/example_dags/example_setup_teardown_taskflow.py
[2025-05-12T21:33:58.507+0500] {processor.py:829} INFO - Processing file /home/maemoon/Documents/MLOPS_Project/env/lib/python3.10/site-packages/airflow/example_dags/example_setup_teardown_taskflow.py for tasks to queue
[2025-05-12T21:33:58.508+0500] {logging_mixin.py:151} INFO - [2025-05-12T21:33:58.508+0500] {dagbag.py:536} INFO - Filling up the DagBag from /home/maemoon/Documents/MLOPS_Project/env/lib/python3.10/site-packages/airflow/example_dags/example_setup_teardown_taskflow.py
[2025-05-12T21:33:58.519+0500] {processor.py:839} INFO - DAG(s) dict_keys(['example_setup_teardown_taskflow']) retrieved from /home/maemoon/Documents/MLOPS_Project/env/lib/python3.10/site-packages/airflow/example_dags/example_setup_teardown_taskflow.py
[2025-05-12T21:33:58.535+0500] {logging_mixin.py:151} INFO - [2025-05-12T21:33:58.535+0500] {dag.py:2941} INFO - Sync 1 DAGs
[2025-05-12T21:33:58.553+0500] {logging_mixin.py:151} INFO - [2025-05-12T21:33:58.553+0500] {dag.py:3722} INFO - Setting next_dagrun for example_setup_teardown_taskflow to 2025-05-11T16:33:58.552838+00:00, run_after=2025-05-12T16:33:58.552838+00:00
[2025-05-12T21:33:58.656+0500] {processor.py:179} INFO - Processing /home/maemoon/Documents/MLOPS_Project/env/lib/python3.10/site-packages/airflow/example_dags/example_setup_teardown_taskflow.py took 0.165 seconds
[2025-05-12T21:34:52.322+0500] {processor.py:157} INFO - Started process (PID=59509) to work on /home/maemoon/Documents/MLOPS_Project/env/lib/python3.10/site-packages/airflow/example_dags/example_setup_teardown_taskflow.py
[2025-05-12T21:34:52.323+0500] {processor.py:829} INFO - Processing file /home/maemoon/Documents/MLOPS_Project/env/lib/python3.10/site-packages/airflow/example_dags/example_setup_teardown_taskflow.py for tasks to queue
[2025-05-12T21:34:52.324+0500] {logging_mixin.py:151} INFO - [2025-05-12T21:34:52.324+0500] {dagbag.py:536} INFO - Filling up the DagBag from /home/maemoon/Documents/MLOPS_Project/env/lib/python3.10/site-packages/airflow/example_dags/example_setup_teardown_taskflow.py
[2025-05-12T21:34:52.334+0500] {processor.py:839} INFO - DAG(s) dict_keys(['example_setup_teardown_taskflow']) retrieved from /home/maemoon/Documents/MLOPS_Project/env/lib/python3.10/site-packages/airflow/example_dags/example_setup_teardown_taskflow.py
[2025-05-12T21:34:52.348+0500] {logging_mixin.py:151} INFO - [2025-05-12T21:34:52.348+0500] {dag.py:2941} INFO - Sync 1 DAGs
[2025-05-12T21:34:52.364+0500] {logging_mixin.py:151} INFO - [2025-05-12T21:34:52.364+0500] {dag.py:3722} INFO - Setting next_dagrun for example_setup_teardown_taskflow to 2025-05-11T16:34:52.364365+00:00, run_after=2025-05-12T16:34:52.364365+00:00
[2025-05-12T21:34:52.461+0500] {processor.py:179} INFO - Processing /home/maemoon/Documents/MLOPS_Project/env/lib/python3.10/site-packages/airflow/example_dags/example_setup_teardown_taskflow.py took 0.141 seconds
[2025-05-12T21:35:41.056+0500] {processor.py:157} INFO - Started process (PID=59753) to work on /home/maemoon/Documents/MLOPS_Project/env/lib/python3.10/site-packages/airflow/example_dags/example_setup_teardown_taskflow.py
[2025-05-12T21:35:41.057+0500] {processor.py:829} INFO - Processing file /home/maemoon/Documents/MLOPS_Project/env/lib/python3.10/site-packages/airflow/example_dags/example_setup_teardown_taskflow.py for tasks to queue
[2025-05-12T21:35:41.058+0500] {logging_mixin.py:151} INFO - [2025-05-12T21:35:41.057+0500] {dagbag.py:536} INFO - Filling up the DagBag from /home/maemoon/Documents/MLOPS_Project/env/lib/python3.10/site-packages/airflow/example_dags/example_setup_teardown_taskflow.py
[2025-05-12T21:35:41.067+0500] {processor.py:839} INFO - DAG(s) dict_keys(['example_setup_teardown_taskflow']) retrieved from /home/maemoon/Documents/MLOPS_Project/env/lib/python3.10/site-packages/airflow/example_dags/example_setup_teardown_taskflow.py
[2025-05-12T21:35:41.081+0500] {logging_mixin.py:151} INFO - [2025-05-12T21:35:41.081+0500] {dag.py:2941} INFO - Sync 1 DAGs
[2025-05-12T21:35:41.097+0500] {logging_mixin.py:151} INFO - [2025-05-12T21:35:41.097+0500] {dag.py:3722} INFO - Setting next_dagrun for example_setup_teardown_taskflow to 2025-05-11T16:35:41.097107+00:00, run_after=2025-05-12T16:35:41.097107+00:00
[2025-05-12T21:35:41.205+0500] {processor.py:179} INFO - Processing /home/maemoon/Documents/MLOPS_Project/env/lib/python3.10/site-packages/airflow/example_dags/example_setup_teardown_taskflow.py took 0.152 seconds
[2025-05-12T21:52:36.780+0500] {processor.py:157} INFO - Started process (PID=63798) to work on /home/maemoon/Documents/MLOPS_Project/env/lib/python3.10/site-packages/airflow/example_dags/example_setup_teardown_taskflow.py
[2025-05-12T21:52:36.781+0500] {processor.py:829} INFO - Processing file /home/maemoon/Documents/MLOPS_Project/env/lib/python3.10/site-packages/airflow/example_dags/example_setup_teardown_taskflow.py for tasks to queue
[2025-05-12T21:52:36.782+0500] {logging_mixin.py:151} INFO - [2025-05-12T21:52:36.781+0500] {dagbag.py:536} INFO - Filling up the DagBag from /home/maemoon/Documents/MLOPS_Project/env/lib/python3.10/site-packages/airflow/example_dags/example_setup_teardown_taskflow.py
[2025-05-12T21:52:36.789+0500] {processor.py:839} INFO - DAG(s) dict_keys(['example_setup_teardown_taskflow']) retrieved from /home/maemoon/Documents/MLOPS_Project/env/lib/python3.10/site-packages/airflow/example_dags/example_setup_teardown_taskflow.py
[2025-05-12T21:52:36.804+0500] {logging_mixin.py:151} INFO - [2025-05-12T21:52:36.804+0500] {dag.py:2941} INFO - Sync 1 DAGs
[2025-05-12T21:52:36.820+0500] {logging_mixin.py:151} INFO - [2025-05-12T21:52:36.820+0500] {dag.py:3722} INFO - Setting next_dagrun for example_setup_teardown_taskflow to 2025-05-11T16:52:36.819854+00:00, run_after=2025-05-12T16:52:36.819854+00:00
[2025-05-12T21:52:36.939+0500] {processor.py:179} INFO - Processing /home/maemoon/Documents/MLOPS_Project/env/lib/python3.10/site-packages/airflow/example_dags/example_setup_teardown_taskflow.py took 0.162 seconds
[2025-05-12T21:53:37.823+0500] {processor.py:157} INFO - Started process (PID=64069) to work on /home/maemoon/Documents/MLOPS_Project/env/lib/python3.10/site-packages/airflow/example_dags/example_setup_teardown_taskflow.py
[2025-05-12T21:53:37.824+0500] {processor.py:829} INFO - Processing file /home/maemoon/Documents/MLOPS_Project/env/lib/python3.10/site-packages/airflow/example_dags/example_setup_teardown_taskflow.py for tasks to queue
[2025-05-12T21:53:37.825+0500] {logging_mixin.py:151} INFO - [2025-05-12T21:53:37.824+0500] {dagbag.py:536} INFO - Filling up the DagBag from /home/maemoon/Documents/MLOPS_Project/env/lib/python3.10/site-packages/airflow/example_dags/example_setup_teardown_taskflow.py
[2025-05-12T21:53:37.835+0500] {processor.py:839} INFO - DAG(s) dict_keys(['example_setup_teardown_taskflow']) retrieved from /home/maemoon/Documents/MLOPS_Project/env/lib/python3.10/site-packages/airflow/example_dags/example_setup_teardown_taskflow.py
[2025-05-12T21:53:37.851+0500] {logging_mixin.py:151} INFO - [2025-05-12T21:53:37.850+0500] {dag.py:2941} INFO - Sync 1 DAGs
[2025-05-12T21:53:37.867+0500] {logging_mixin.py:151} INFO - [2025-05-12T21:53:37.867+0500] {dag.py:3722} INFO - Setting next_dagrun for example_setup_teardown_taskflow to 2025-05-11T16:53:37.866743+00:00, run_after=2025-05-12T16:53:37.866743+00:00
[2025-05-12T21:53:37.958+0500] {processor.py:179} INFO - Processing /home/maemoon/Documents/MLOPS_Project/env/lib/python3.10/site-packages/airflow/example_dags/example_setup_teardown_taskflow.py took 0.138 seconds
[2025-05-12T21:54:36.997+0500] {processor.py:157} INFO - Started process (PID=64307) to work on /home/maemoon/Documents/MLOPS_Project/env/lib/python3.10/site-packages/airflow/example_dags/example_setup_teardown_taskflow.py
[2025-05-12T21:54:36.998+0500] {processor.py:829} INFO - Processing file /home/maemoon/Documents/MLOPS_Project/env/lib/python3.10/site-packages/airflow/example_dags/example_setup_teardown_taskflow.py for tasks to queue
[2025-05-12T21:54:36.999+0500] {logging_mixin.py:151} INFO - [2025-05-12T21:54:36.999+0500] {dagbag.py:536} INFO - Filling up the DagBag from /home/maemoon/Documents/MLOPS_Project/env/lib/python3.10/site-packages/airflow/example_dags/example_setup_teardown_taskflow.py
[2025-05-12T21:54:37.016+0500] {processor.py:839} INFO - DAG(s) dict_keys(['example_setup_teardown_taskflow']) retrieved from /home/maemoon/Documents/MLOPS_Project/env/lib/python3.10/site-packages/airflow/example_dags/example_setup_teardown_taskflow.py
[2025-05-12T21:54:37.040+0500] {logging_mixin.py:151} INFO - [2025-05-12T21:54:37.040+0500] {dag.py:2941} INFO - Sync 1 DAGs
[2025-05-12T21:54:37.067+0500] {logging_mixin.py:151} INFO - [2025-05-12T21:54:37.066+0500] {dag.py:3722} INFO - Setting next_dagrun for example_setup_teardown_taskflow to 2025-05-11T16:54:37.066581+00:00, run_after=2025-05-12T16:54:37.066581+00:00
[2025-05-12T21:54:37.184+0500] {processor.py:179} INFO - Processing /home/maemoon/Documents/MLOPS_Project/env/lib/python3.10/site-packages/airflow/example_dags/example_setup_teardown_taskflow.py took 0.191 seconds
[2025-05-12T21:56:12.877+0500] {processor.py:157} INFO - Started process (PID=65245) to work on /home/maemoon/Documents/MLOPS_Project/env/lib/python3.10/site-packages/airflow/example_dags/example_setup_teardown_taskflow.py
[2025-05-12T21:56:12.888+0500] {processor.py:829} INFO - Processing file /home/maemoon/Documents/MLOPS_Project/env/lib/python3.10/site-packages/airflow/example_dags/example_setup_teardown_taskflow.py for tasks to queue
[2025-05-12T21:56:12.889+0500] {logging_mixin.py:151} INFO - [2025-05-12T21:56:12.888+0500] {dagbag.py:536} INFO - Filling up the DagBag from /home/maemoon/Documents/MLOPS_Project/env/lib/python3.10/site-packages/airflow/example_dags/example_setup_teardown_taskflow.py
[2025-05-12T21:56:12.898+0500] {processor.py:839} INFO - DAG(s) dict_keys(['example_setup_teardown_taskflow']) retrieved from /home/maemoon/Documents/MLOPS_Project/env/lib/python3.10/site-packages/airflow/example_dags/example_setup_teardown_taskflow.py
[2025-05-12T21:56:12.913+0500] {logging_mixin.py:151} INFO - [2025-05-12T21:56:12.913+0500] {dag.py:2941} INFO - Sync 1 DAGs
[2025-05-12T21:56:12.928+0500] {logging_mixin.py:151} INFO - [2025-05-12T21:56:12.928+0500] {dag.py:3722} INFO - Setting next_dagrun for example_setup_teardown_taskflow to 2025-05-11T16:56:12.927917+00:00, run_after=2025-05-12T16:56:12.927917+00:00
[2025-05-12T21:56:13.167+0500] {processor.py:179} INFO - Processing /home/maemoon/Documents/MLOPS_Project/env/lib/python3.10/site-packages/airflow/example_dags/example_setup_teardown_taskflow.py took 0.293 seconds
[2025-05-12T21:57:05.633+0500] {processor.py:157} INFO - Started process (PID=65359) to work on /home/maemoon/Documents/MLOPS_Project/env/lib/python3.10/site-packages/airflow/example_dags/example_setup_teardown_taskflow.py
[2025-05-12T21:57:05.635+0500] {processor.py:829} INFO - Processing file /home/maemoon/Documents/MLOPS_Project/env/lib/python3.10/site-packages/airflow/example_dags/example_setup_teardown_taskflow.py for tasks to queue
[2025-05-12T21:57:05.636+0500] {logging_mixin.py:151} INFO - [2025-05-12T21:57:05.636+0500] {dagbag.py:536} INFO - Filling up the DagBag from /home/maemoon/Documents/MLOPS_Project/env/lib/python3.10/site-packages/airflow/example_dags/example_setup_teardown_taskflow.py
[2025-05-12T21:57:05.647+0500] {processor.py:839} INFO - DAG(s) dict_keys(['example_setup_teardown_taskflow']) retrieved from /home/maemoon/Documents/MLOPS_Project/env/lib/python3.10/site-packages/airflow/example_dags/example_setup_teardown_taskflow.py
[2025-05-12T21:57:05.664+0500] {logging_mixin.py:151} INFO - [2025-05-12T21:57:05.664+0500] {dag.py:2941} INFO - Sync 1 DAGs
[2025-05-12T21:57:05.683+0500] {logging_mixin.py:151} INFO - [2025-05-12T21:57:05.683+0500] {dag.py:3722} INFO - Setting next_dagrun for example_setup_teardown_taskflow to 2025-05-11T16:57:05.682970+00:00, run_after=2025-05-12T16:57:05.682970+00:00
[2025-05-12T21:57:05.791+0500] {processor.py:179} INFO - Processing /home/maemoon/Documents/MLOPS_Project/env/lib/python3.10/site-packages/airflow/example_dags/example_setup_teardown_taskflow.py took 0.161 seconds
[2025-05-12T21:57:54.042+0500] {processor.py:157} INFO - Started process (PID=65443) to work on /home/maemoon/Documents/MLOPS_Project/env/lib/python3.10/site-packages/airflow/example_dags/example_setup_teardown_taskflow.py
[2025-05-12T21:57:54.044+0500] {processor.py:829} INFO - Processing file /home/maemoon/Documents/MLOPS_Project/env/lib/python3.10/site-packages/airflow/example_dags/example_setup_teardown_taskflow.py for tasks to queue
[2025-05-12T21:57:54.045+0500] {logging_mixin.py:151} INFO - [2025-05-12T21:57:54.044+0500] {dagbag.py:536} INFO - Filling up the DagBag from /home/maemoon/Documents/MLOPS_Project/env/lib/python3.10/site-packages/airflow/example_dags/example_setup_teardown_taskflow.py
[2025-05-12T21:57:54.055+0500] {processor.py:839} INFO - DAG(s) dict_keys(['example_setup_teardown_taskflow']) retrieved from /home/maemoon/Documents/MLOPS_Project/env/lib/python3.10/site-packages/airflow/example_dags/example_setup_teardown_taskflow.py
[2025-05-12T21:57:54.072+0500] {logging_mixin.py:151} INFO - [2025-05-12T21:57:54.072+0500] {dag.py:2941} INFO - Sync 1 DAGs
[2025-05-12T21:57:54.089+0500] {logging_mixin.py:151} INFO - [2025-05-12T21:57:54.089+0500] {dag.py:3722} INFO - Setting next_dagrun for example_setup_teardown_taskflow to 2025-05-11T16:57:54.089303+00:00, run_after=2025-05-12T16:57:54.089303+00:00
[2025-05-12T21:57:54.202+0500] {processor.py:179} INFO - Processing /home/maemoon/Documents/MLOPS_Project/env/lib/python3.10/site-packages/airflow/example_dags/example_setup_teardown_taskflow.py took 0.163 seconds
[2025-05-12T21:58:48.013+0500] {processor.py:157} INFO - Started process (PID=65655) to work on /home/maemoon/Documents/MLOPS_Project/env/lib/python3.10/site-packages/airflow/example_dags/example_setup_teardown_taskflow.py
[2025-05-12T21:58:48.014+0500] {processor.py:829} INFO - Processing file /home/maemoon/Documents/MLOPS_Project/env/lib/python3.10/site-packages/airflow/example_dags/example_setup_teardown_taskflow.py for tasks to queue
[2025-05-12T21:58:48.015+0500] {logging_mixin.py:151} INFO - [2025-05-12T21:58:48.014+0500] {dagbag.py:536} INFO - Filling up the DagBag from /home/maemoon/Documents/MLOPS_Project/env/lib/python3.10/site-packages/airflow/example_dags/example_setup_teardown_taskflow.py
[2025-05-12T21:58:48.025+0500] {processor.py:839} INFO - DAG(s) dict_keys(['example_setup_teardown_taskflow']) retrieved from /home/maemoon/Documents/MLOPS_Project/env/lib/python3.10/site-packages/airflow/example_dags/example_setup_teardown_taskflow.py
[2025-05-12T21:58:48.042+0500] {logging_mixin.py:151} INFO - [2025-05-12T21:58:48.042+0500] {dag.py:2941} INFO - Sync 1 DAGs
[2025-05-12T21:58:48.062+0500] {logging_mixin.py:151} INFO - [2025-05-12T21:58:48.062+0500] {dag.py:3722} INFO - Setting next_dagrun for example_setup_teardown_taskflow to 2025-05-11T16:58:48.061822+00:00, run_after=2025-05-12T16:58:48.061822+00:00
[2025-05-12T21:58:48.178+0500] {processor.py:179} INFO - Processing /home/maemoon/Documents/MLOPS_Project/env/lib/python3.10/site-packages/airflow/example_dags/example_setup_teardown_taskflow.py took 0.168 seconds
[2025-05-12T21:59:44.857+0500] {processor.py:157} INFO - Started process (PID=65796) to work on /home/maemoon/Documents/MLOPS_Project/env/lib/python3.10/site-packages/airflow/example_dags/example_setup_teardown_taskflow.py
[2025-05-12T21:59:44.857+0500] {processor.py:829} INFO - Processing file /home/maemoon/Documents/MLOPS_Project/env/lib/python3.10/site-packages/airflow/example_dags/example_setup_teardown_taskflow.py for tasks to queue
[2025-05-12T21:59:44.858+0500] {logging_mixin.py:151} INFO - [2025-05-12T21:59:44.858+0500] {dagbag.py:536} INFO - Filling up the DagBag from /home/maemoon/Documents/MLOPS_Project/env/lib/python3.10/site-packages/airflow/example_dags/example_setup_teardown_taskflow.py
[2025-05-12T21:59:44.867+0500] {processor.py:839} INFO - DAG(s) dict_keys(['example_setup_teardown_taskflow']) retrieved from /home/maemoon/Documents/MLOPS_Project/env/lib/python3.10/site-packages/airflow/example_dags/example_setup_teardown_taskflow.py
[2025-05-12T21:59:44.881+0500] {logging_mixin.py:151} INFO - [2025-05-12T21:59:44.881+0500] {dag.py:2941} INFO - Sync 1 DAGs
[2025-05-12T21:59:44.899+0500] {logging_mixin.py:151} INFO - [2025-05-12T21:59:44.899+0500] {dag.py:3722} INFO - Setting next_dagrun for example_setup_teardown_taskflow to 2025-05-11T16:59:44.898925+00:00, run_after=2025-05-12T16:59:44.898925+00:00
[2025-05-12T21:59:45.064+0500] {processor.py:179} INFO - Processing /home/maemoon/Documents/MLOPS_Project/env/lib/python3.10/site-packages/airflow/example_dags/example_setup_teardown_taskflow.py took 0.210 seconds
[2025-05-12T22:00:57.911+0500] {processor.py:157} INFO - Started process (PID=66152) to work on /home/maemoon/Documents/MLOPS_Project/env/lib/python3.10/site-packages/airflow/example_dags/example_setup_teardown_taskflow.py
[2025-05-12T22:00:57.912+0500] {processor.py:829} INFO - Processing file /home/maemoon/Documents/MLOPS_Project/env/lib/python3.10/site-packages/airflow/example_dags/example_setup_teardown_taskflow.py for tasks to queue
[2025-05-12T22:00:57.913+0500] {logging_mixin.py:151} INFO - [2025-05-12T22:00:57.913+0500] {dagbag.py:536} INFO - Filling up the DagBag from /home/maemoon/Documents/MLOPS_Project/env/lib/python3.10/site-packages/airflow/example_dags/example_setup_teardown_taskflow.py
[2025-05-12T22:00:57.926+0500] {processor.py:839} INFO - DAG(s) dict_keys(['example_setup_teardown_taskflow']) retrieved from /home/maemoon/Documents/MLOPS_Project/env/lib/python3.10/site-packages/airflow/example_dags/example_setup_teardown_taskflow.py
[2025-05-12T22:00:57.948+0500] {logging_mixin.py:151} INFO - [2025-05-12T22:00:57.948+0500] {dag.py:2941} INFO - Sync 1 DAGs
[2025-05-12T22:00:57.977+0500] {logging_mixin.py:151} INFO - [2025-05-12T22:00:57.977+0500] {dag.py:3722} INFO - Setting next_dagrun for example_setup_teardown_taskflow to 2025-05-11T17:00:57.977204+00:00, run_after=2025-05-12T17:00:57.977204+00:00
[2025-05-12T22:00:58.098+0500] {processor.py:179} INFO - Processing /home/maemoon/Documents/MLOPS_Project/env/lib/python3.10/site-packages/airflow/example_dags/example_setup_teardown_taskflow.py took 0.190 seconds
[2025-05-12T22:03:02.144+0500] {processor.py:157} INFO - Started process (PID=67124) to work on /home/maemoon/Documents/MLOPS_Project/env/lib/python3.10/site-packages/airflow/example_dags/example_setup_teardown_taskflow.py
[2025-05-12T22:03:02.158+0500] {processor.py:829} INFO - Processing file /home/maemoon/Documents/MLOPS_Project/env/lib/python3.10/site-packages/airflow/example_dags/example_setup_teardown_taskflow.py for tasks to queue
[2025-05-12T22:03:02.159+0500] {logging_mixin.py:151} INFO - [2025-05-12T22:03:02.158+0500] {dagbag.py:536} INFO - Filling up the DagBag from /home/maemoon/Documents/MLOPS_Project/env/lib/python3.10/site-packages/airflow/example_dags/example_setup_teardown_taskflow.py
[2025-05-12T22:03:02.168+0500] {processor.py:839} INFO - DAG(s) dict_keys(['example_setup_teardown_taskflow']) retrieved from /home/maemoon/Documents/MLOPS_Project/env/lib/python3.10/site-packages/airflow/example_dags/example_setup_teardown_taskflow.py
[2025-05-12T22:03:02.182+0500] {logging_mixin.py:151} INFO - [2025-05-12T22:03:02.182+0500] {dag.py:2941} INFO - Sync 1 DAGs
[2025-05-12T22:03:02.198+0500] {logging_mixin.py:151} INFO - [2025-05-12T22:03:02.198+0500] {dag.py:3722} INFO - Setting next_dagrun for example_setup_teardown_taskflow to 2025-05-11T17:03:02.197952+00:00, run_after=2025-05-12T17:03:02.197952+00:00
[2025-05-12T22:03:02.297+0500] {processor.py:179} INFO - Processing /home/maemoon/Documents/MLOPS_Project/env/lib/python3.10/site-packages/airflow/example_dags/example_setup_teardown_taskflow.py took 0.155 seconds
[2025-05-12T22:04:08.889+0500] {processor.py:157} INFO - Started process (PID=67417) to work on /home/maemoon/Documents/MLOPS_Project/env/lib/python3.10/site-packages/airflow/example_dags/example_setup_teardown_taskflow.py
[2025-05-12T22:04:08.909+0500] {processor.py:829} INFO - Processing file /home/maemoon/Documents/MLOPS_Project/env/lib/python3.10/site-packages/airflow/example_dags/example_setup_teardown_taskflow.py for tasks to queue
[2025-05-12T22:04:08.910+0500] {logging_mixin.py:151} INFO - [2025-05-12T22:04:08.910+0500] {dagbag.py:536} INFO - Filling up the DagBag from /home/maemoon/Documents/MLOPS_Project/env/lib/python3.10/site-packages/airflow/example_dags/example_setup_teardown_taskflow.py
[2025-05-12T22:04:08.920+0500] {processor.py:839} INFO - DAG(s) dict_keys(['example_setup_teardown_taskflow']) retrieved from /home/maemoon/Documents/MLOPS_Project/env/lib/python3.10/site-packages/airflow/example_dags/example_setup_teardown_taskflow.py
[2025-05-12T22:04:08.943+0500] {logging_mixin.py:151} INFO - [2025-05-12T22:04:08.942+0500] {dag.py:2941} INFO - Sync 1 DAGs
[2025-05-12T22:04:08.971+0500] {logging_mixin.py:151} INFO - [2025-05-12T22:04:08.970+0500] {dag.py:3722} INFO - Setting next_dagrun for example_setup_teardown_taskflow to 2025-05-11T17:04:08.970767+00:00, run_after=2025-05-12T17:04:08.970767+00:00
[2025-05-12T22:04:09.263+0500] {processor.py:179} INFO - Processing /home/maemoon/Documents/MLOPS_Project/env/lib/python3.10/site-packages/airflow/example_dags/example_setup_teardown_taskflow.py took 0.378 seconds
[2025-05-12T22:05:02.262+0500] {processor.py:157} INFO - Started process (PID=67507) to work on /home/maemoon/Documents/MLOPS_Project/env/lib/python3.10/site-packages/airflow/example_dags/example_setup_teardown_taskflow.py
[2025-05-12T22:05:02.274+0500] {processor.py:829} INFO - Processing file /home/maemoon/Documents/MLOPS_Project/env/lib/python3.10/site-packages/airflow/example_dags/example_setup_teardown_taskflow.py for tasks to queue
[2025-05-12T22:05:02.274+0500] {logging_mixin.py:151} INFO - [2025-05-12T22:05:02.274+0500] {dagbag.py:536} INFO - Filling up the DagBag from /home/maemoon/Documents/MLOPS_Project/env/lib/python3.10/site-packages/airflow/example_dags/example_setup_teardown_taskflow.py
[2025-05-12T22:05:02.289+0500] {processor.py:839} INFO - DAG(s) dict_keys(['example_setup_teardown_taskflow']) retrieved from /home/maemoon/Documents/MLOPS_Project/env/lib/python3.10/site-packages/airflow/example_dags/example_setup_teardown_taskflow.py
[2025-05-12T22:05:02.312+0500] {logging_mixin.py:151} INFO - [2025-05-12T22:05:02.312+0500] {dag.py:2941} INFO - Sync 1 DAGs
[2025-05-12T22:05:02.336+0500] {logging_mixin.py:151} INFO - [2025-05-12T22:05:02.335+0500] {dag.py:3722} INFO - Setting next_dagrun for example_setup_teardown_taskflow to 2025-05-11T17:05:02.335700+00:00, run_after=2025-05-12T17:05:02.335700+00:00
[2025-05-12T22:05:02.451+0500] {processor.py:179} INFO - Processing /home/maemoon/Documents/MLOPS_Project/env/lib/python3.10/site-packages/airflow/example_dags/example_setup_teardown_taskflow.py took 0.193 seconds
[2025-05-12T22:05:55.021+0500] {processor.py:157} INFO - Started process (PID=67677) to work on /home/maemoon/Documents/MLOPS_Project/env/lib/python3.10/site-packages/airflow/example_dags/example_setup_teardown_taskflow.py
[2025-05-12T22:05:55.022+0500] {processor.py:829} INFO - Processing file /home/maemoon/Documents/MLOPS_Project/env/lib/python3.10/site-packages/airflow/example_dags/example_setup_teardown_taskflow.py for tasks to queue
[2025-05-12T22:05:55.023+0500] {logging_mixin.py:151} INFO - [2025-05-12T22:05:55.023+0500] {dagbag.py:536} INFO - Filling up the DagBag from /home/maemoon/Documents/MLOPS_Project/env/lib/python3.10/site-packages/airflow/example_dags/example_setup_teardown_taskflow.py
[2025-05-12T22:05:55.032+0500] {processor.py:839} INFO - DAG(s) dict_keys(['example_setup_teardown_taskflow']) retrieved from /home/maemoon/Documents/MLOPS_Project/env/lib/python3.10/site-packages/airflow/example_dags/example_setup_teardown_taskflow.py
[2025-05-12T22:05:55.046+0500] {logging_mixin.py:151} INFO - [2025-05-12T22:05:55.046+0500] {dag.py:2941} INFO - Sync 1 DAGs
[2025-05-12T22:05:55.061+0500] {logging_mixin.py:151} INFO - [2025-05-12T22:05:55.061+0500] {dag.py:3722} INFO - Setting next_dagrun for example_setup_teardown_taskflow to 2025-05-11T17:05:55.061215+00:00, run_after=2025-05-12T17:05:55.061215+00:00
[2025-05-12T22:05:55.166+0500] {processor.py:179} INFO - Processing /home/maemoon/Documents/MLOPS_Project/env/lib/python3.10/site-packages/airflow/example_dags/example_setup_teardown_taskflow.py took 0.147 seconds
[2025-05-12T22:06:43.855+0500] {processor.py:157} INFO - Started process (PID=67784) to work on /home/maemoon/Documents/MLOPS_Project/env/lib/python3.10/site-packages/airflow/example_dags/example_setup_teardown_taskflow.py
[2025-05-12T22:06:43.856+0500] {processor.py:829} INFO - Processing file /home/maemoon/Documents/MLOPS_Project/env/lib/python3.10/site-packages/airflow/example_dags/example_setup_teardown_taskflow.py for tasks to queue
[2025-05-12T22:06:43.856+0500] {logging_mixin.py:151} INFO - [2025-05-12T22:06:43.856+0500] {dagbag.py:536} INFO - Filling up the DagBag from /home/maemoon/Documents/MLOPS_Project/env/lib/python3.10/site-packages/airflow/example_dags/example_setup_teardown_taskflow.py
[2025-05-12T22:06:43.865+0500] {processor.py:839} INFO - DAG(s) dict_keys(['example_setup_teardown_taskflow']) retrieved from /home/maemoon/Documents/MLOPS_Project/env/lib/python3.10/site-packages/airflow/example_dags/example_setup_teardown_taskflow.py
[2025-05-12T22:06:43.878+0500] {logging_mixin.py:151} INFO - [2025-05-12T22:06:43.878+0500] {dag.py:2941} INFO - Sync 1 DAGs
[2025-05-12T22:06:43.893+0500] {logging_mixin.py:151} INFO - [2025-05-12T22:06:43.893+0500] {dag.py:3722} INFO - Setting next_dagrun for example_setup_teardown_taskflow to 2025-05-11T17:06:43.892919+00:00, run_after=2025-05-12T17:06:43.892919+00:00
[2025-05-12T22:06:43.996+0500] {processor.py:179} INFO - Processing /home/maemoon/Documents/MLOPS_Project/env/lib/python3.10/site-packages/airflow/example_dags/example_setup_teardown_taskflow.py took 0.143 seconds
[2025-05-12T22:07:35.676+0500] {processor.py:157} INFO - Started process (PID=67925) to work on /home/maemoon/Documents/MLOPS_Project/env/lib/python3.10/site-packages/airflow/example_dags/example_setup_teardown_taskflow.py
[2025-05-12T22:07:35.677+0500] {processor.py:829} INFO - Processing file /home/maemoon/Documents/MLOPS_Project/env/lib/python3.10/site-packages/airflow/example_dags/example_setup_teardown_taskflow.py for tasks to queue
[2025-05-12T22:07:35.678+0500] {logging_mixin.py:151} INFO - [2025-05-12T22:07:35.677+0500] {dagbag.py:536} INFO - Filling up the DagBag from /home/maemoon/Documents/MLOPS_Project/env/lib/python3.10/site-packages/airflow/example_dags/example_setup_teardown_taskflow.py
[2025-05-12T22:07:35.686+0500] {processor.py:839} INFO - DAG(s) dict_keys(['example_setup_teardown_taskflow']) retrieved from /home/maemoon/Documents/MLOPS_Project/env/lib/python3.10/site-packages/airflow/example_dags/example_setup_teardown_taskflow.py
[2025-05-12T22:07:35.699+0500] {logging_mixin.py:151} INFO - [2025-05-12T22:07:35.699+0500] {dag.py:2941} INFO - Sync 1 DAGs
[2025-05-12T22:07:35.714+0500] {logging_mixin.py:151} INFO - [2025-05-12T22:07:35.714+0500] {dag.py:3722} INFO - Setting next_dagrun for example_setup_teardown_taskflow to 2025-05-11T17:07:35.713997+00:00, run_after=2025-05-12T17:07:35.713997+00:00
[2025-05-12T22:07:35.854+0500] {processor.py:179} INFO - Processing /home/maemoon/Documents/MLOPS_Project/env/lib/python3.10/site-packages/airflow/example_dags/example_setup_teardown_taskflow.py took 0.180 seconds
[2025-05-12T22:08:29.884+0500] {processor.py:157} INFO - Started process (PID=68049) to work on /home/maemoon/Documents/MLOPS_Project/env/lib/python3.10/site-packages/airflow/example_dags/example_setup_teardown_taskflow.py
[2025-05-12T22:08:29.885+0500] {processor.py:829} INFO - Processing file /home/maemoon/Documents/MLOPS_Project/env/lib/python3.10/site-packages/airflow/example_dags/example_setup_teardown_taskflow.py for tasks to queue
[2025-05-12T22:08:29.886+0500] {logging_mixin.py:151} INFO - [2025-05-12T22:08:29.886+0500] {dagbag.py:536} INFO - Filling up the DagBag from /home/maemoon/Documents/MLOPS_Project/env/lib/python3.10/site-packages/airflow/example_dags/example_setup_teardown_taskflow.py
[2025-05-12T22:08:29.894+0500] {processor.py:839} INFO - DAG(s) dict_keys(['example_setup_teardown_taskflow']) retrieved from /home/maemoon/Documents/MLOPS_Project/env/lib/python3.10/site-packages/airflow/example_dags/example_setup_teardown_taskflow.py
[2025-05-12T22:08:29.908+0500] {logging_mixin.py:151} INFO - [2025-05-12T22:08:29.908+0500] {dag.py:2941} INFO - Sync 1 DAGs
[2025-05-12T22:08:29.930+0500] {logging_mixin.py:151} INFO - [2025-05-12T22:08:29.930+0500] {dag.py:3722} INFO - Setting next_dagrun for example_setup_teardown_taskflow to 2025-05-11T17:08:29.929861+00:00, run_after=2025-05-12T17:08:29.929861+00:00
[2025-05-12T22:08:30.034+0500] {processor.py:179} INFO - Processing /home/maemoon/Documents/MLOPS_Project/env/lib/python3.10/site-packages/airflow/example_dags/example_setup_teardown_taskflow.py took 0.152 seconds
[2025-05-12T22:09:18.441+0500] {processor.py:157} INFO - Started process (PID=68154) to work on /home/maemoon/Documents/MLOPS_Project/env/lib/python3.10/site-packages/airflow/example_dags/example_setup_teardown_taskflow.py
[2025-05-12T22:09:18.442+0500] {processor.py:829} INFO - Processing file /home/maemoon/Documents/MLOPS_Project/env/lib/python3.10/site-packages/airflow/example_dags/example_setup_teardown_taskflow.py for tasks to queue
[2025-05-12T22:09:18.443+0500] {logging_mixin.py:151} INFO - [2025-05-12T22:09:18.442+0500] {dagbag.py:536} INFO - Filling up the DagBag from /home/maemoon/Documents/MLOPS_Project/env/lib/python3.10/site-packages/airflow/example_dags/example_setup_teardown_taskflow.py
[2025-05-12T22:09:18.451+0500] {processor.py:839} INFO - DAG(s) dict_keys(['example_setup_teardown_taskflow']) retrieved from /home/maemoon/Documents/MLOPS_Project/env/lib/python3.10/site-packages/airflow/example_dags/example_setup_teardown_taskflow.py
[2025-05-12T22:09:18.464+0500] {logging_mixin.py:151} INFO - [2025-05-12T22:09:18.464+0500] {dag.py:2941} INFO - Sync 1 DAGs
[2025-05-12T22:09:18.479+0500] {logging_mixin.py:151} INFO - [2025-05-12T22:09:18.478+0500] {dag.py:3722} INFO - Setting next_dagrun for example_setup_teardown_taskflow to 2025-05-11T17:09:18.478790+00:00, run_after=2025-05-12T17:09:18.478790+00:00
[2025-05-12T22:09:18.576+0500] {processor.py:179} INFO - Processing /home/maemoon/Documents/MLOPS_Project/env/lib/python3.10/site-packages/airflow/example_dags/example_setup_teardown_taskflow.py took 0.137 seconds
[2025-05-12T22:10:11.097+0500] {processor.py:157} INFO - Started process (PID=68277) to work on /home/maemoon/Documents/MLOPS_Project/env/lib/python3.10/site-packages/airflow/example_dags/example_setup_teardown_taskflow.py
[2025-05-12T22:10:11.098+0500] {processor.py:829} INFO - Processing file /home/maemoon/Documents/MLOPS_Project/env/lib/python3.10/site-packages/airflow/example_dags/example_setup_teardown_taskflow.py for tasks to queue
[2025-05-12T22:10:11.098+0500] {logging_mixin.py:151} INFO - [2025-05-12T22:10:11.098+0500] {dagbag.py:536} INFO - Filling up the DagBag from /home/maemoon/Documents/MLOPS_Project/env/lib/python3.10/site-packages/airflow/example_dags/example_setup_teardown_taskflow.py
[2025-05-12T22:10:11.111+0500] {processor.py:839} INFO - DAG(s) dict_keys(['example_setup_teardown_taskflow']) retrieved from /home/maemoon/Documents/MLOPS_Project/env/lib/python3.10/site-packages/airflow/example_dags/example_setup_teardown_taskflow.py
[2025-05-12T22:10:11.130+0500] {logging_mixin.py:151} INFO - [2025-05-12T22:10:11.129+0500] {dag.py:2941} INFO - Sync 1 DAGs
[2025-05-12T22:10:11.150+0500] {logging_mixin.py:151} INFO - [2025-05-12T22:10:11.150+0500] {dag.py:3722} INFO - Setting next_dagrun for example_setup_teardown_taskflow to 2025-05-11T17:10:11.150340+00:00, run_after=2025-05-12T17:10:11.150340+00:00
[2025-05-12T22:10:11.256+0500] {processor.py:179} INFO - Processing /home/maemoon/Documents/MLOPS_Project/env/lib/python3.10/site-packages/airflow/example_dags/example_setup_teardown_taskflow.py took 0.163 seconds
[2025-05-12T22:11:06.184+0500] {processor.py:157} INFO - Started process (PID=68606) to work on /home/maemoon/Documents/MLOPS_Project/env/lib/python3.10/site-packages/airflow/example_dags/example_setup_teardown_taskflow.py
[2025-05-12T22:11:06.197+0500] {processor.py:829} INFO - Processing file /home/maemoon/Documents/MLOPS_Project/env/lib/python3.10/site-packages/airflow/example_dags/example_setup_teardown_taskflow.py for tasks to queue
[2025-05-12T22:11:06.198+0500] {logging_mixin.py:151} INFO - [2025-05-12T22:11:06.198+0500] {dagbag.py:536} INFO - Filling up the DagBag from /home/maemoon/Documents/MLOPS_Project/env/lib/python3.10/site-packages/airflow/example_dags/example_setup_teardown_taskflow.py
[2025-05-12T22:11:06.206+0500] {processor.py:839} INFO - DAG(s) dict_keys(['example_setup_teardown_taskflow']) retrieved from /home/maemoon/Documents/MLOPS_Project/env/lib/python3.10/site-packages/airflow/example_dags/example_setup_teardown_taskflow.py
[2025-05-12T22:11:06.220+0500] {logging_mixin.py:151} INFO - [2025-05-12T22:11:06.220+0500] {dag.py:2941} INFO - Sync 1 DAGs
[2025-05-12T22:11:06.235+0500] {logging_mixin.py:151} INFO - [2025-05-12T22:11:06.235+0500] {dag.py:3722} INFO - Setting next_dagrun for example_setup_teardown_taskflow to 2025-05-11T17:11:06.235288+00:00, run_after=2025-05-12T17:11:06.235288+00:00
[2025-05-12T22:11:06.337+0500] {processor.py:179} INFO - Processing /home/maemoon/Documents/MLOPS_Project/env/lib/python3.10/site-packages/airflow/example_dags/example_setup_teardown_taskflow.py took 0.156 seconds
[2025-05-12T22:11:56.370+0500] {processor.py:157} INFO - Started process (PID=68706) to work on /home/maemoon/Documents/MLOPS_Project/env/lib/python3.10/site-packages/airflow/example_dags/example_setup_teardown_taskflow.py
[2025-05-12T22:11:56.371+0500] {processor.py:829} INFO - Processing file /home/maemoon/Documents/MLOPS_Project/env/lib/python3.10/site-packages/airflow/example_dags/example_setup_teardown_taskflow.py for tasks to queue
[2025-05-12T22:11:56.371+0500] {logging_mixin.py:151} INFO - [2025-05-12T22:11:56.371+0500] {dagbag.py:536} INFO - Filling up the DagBag from /home/maemoon/Documents/MLOPS_Project/env/lib/python3.10/site-packages/airflow/example_dags/example_setup_teardown_taskflow.py
[2025-05-12T22:11:56.379+0500] {processor.py:839} INFO - DAG(s) dict_keys(['example_setup_teardown_taskflow']) retrieved from /home/maemoon/Documents/MLOPS_Project/env/lib/python3.10/site-packages/airflow/example_dags/example_setup_teardown_taskflow.py
[2025-05-12T22:11:56.392+0500] {logging_mixin.py:151} INFO - [2025-05-12T22:11:56.392+0500] {dag.py:2941} INFO - Sync 1 DAGs
[2025-05-12T22:11:56.408+0500] {logging_mixin.py:151} INFO - [2025-05-12T22:11:56.407+0500] {dag.py:3722} INFO - Setting next_dagrun for example_setup_teardown_taskflow to 2025-05-11T17:11:56.407806+00:00, run_after=2025-05-12T17:11:56.407806+00:00
[2025-05-12T22:11:56.512+0500] {processor.py:179} INFO - Processing /home/maemoon/Documents/MLOPS_Project/env/lib/python3.10/site-packages/airflow/example_dags/example_setup_teardown_taskflow.py took 0.145 seconds
[2025-05-12T22:12:45.041+0500] {processor.py:157} INFO - Started process (PID=68800) to work on /home/maemoon/Documents/MLOPS_Project/env/lib/python3.10/site-packages/airflow/example_dags/example_setup_teardown_taskflow.py
[2025-05-12T22:12:45.042+0500] {processor.py:829} INFO - Processing file /home/maemoon/Documents/MLOPS_Project/env/lib/python3.10/site-packages/airflow/example_dags/example_setup_teardown_taskflow.py for tasks to queue
[2025-05-12T22:12:45.043+0500] {logging_mixin.py:151} INFO - [2025-05-12T22:12:45.043+0500] {dagbag.py:536} INFO - Filling up the DagBag from /home/maemoon/Documents/MLOPS_Project/env/lib/python3.10/site-packages/airflow/example_dags/example_setup_teardown_taskflow.py
[2025-05-12T22:12:45.051+0500] {processor.py:839} INFO - DAG(s) dict_keys(['example_setup_teardown_taskflow']) retrieved from /home/maemoon/Documents/MLOPS_Project/env/lib/python3.10/site-packages/airflow/example_dags/example_setup_teardown_taskflow.py
[2025-05-12T22:12:45.064+0500] {logging_mixin.py:151} INFO - [2025-05-12T22:12:45.064+0500] {dag.py:2941} INFO - Sync 1 DAGs
[2025-05-12T22:12:45.079+0500] {logging_mixin.py:151} INFO - [2025-05-12T22:12:45.079+0500] {dag.py:3722} INFO - Setting next_dagrun for example_setup_teardown_taskflow to 2025-05-11T17:12:45.079438+00:00, run_after=2025-05-12T17:12:45.079438+00:00
[2025-05-12T22:12:45.166+0500] {processor.py:179} INFO - Processing /home/maemoon/Documents/MLOPS_Project/env/lib/python3.10/site-packages/airflow/example_dags/example_setup_teardown_taskflow.py took 0.127 seconds
[2025-05-12T22:13:35.980+0500] {processor.py:157} INFO - Started process (PID=68872) to work on /home/maemoon/Documents/MLOPS_Project/env/lib/python3.10/site-packages/airflow/example_dags/example_setup_teardown_taskflow.py
[2025-05-12T22:13:35.981+0500] {processor.py:829} INFO - Processing file /home/maemoon/Documents/MLOPS_Project/env/lib/python3.10/site-packages/airflow/example_dags/example_setup_teardown_taskflow.py for tasks to queue
[2025-05-12T22:13:35.982+0500] {logging_mixin.py:151} INFO - [2025-05-12T22:13:35.982+0500] {dagbag.py:536} INFO - Filling up the DagBag from /home/maemoon/Documents/MLOPS_Project/env/lib/python3.10/site-packages/airflow/example_dags/example_setup_teardown_taskflow.py
[2025-05-12T22:13:35.990+0500] {processor.py:839} INFO - DAG(s) dict_keys(['example_setup_teardown_taskflow']) retrieved from /home/maemoon/Documents/MLOPS_Project/env/lib/python3.10/site-packages/airflow/example_dags/example_setup_teardown_taskflow.py
[2025-05-12T22:13:36.006+0500] {logging_mixin.py:151} INFO - [2025-05-12T22:13:36.006+0500] {dag.py:2941} INFO - Sync 1 DAGs
[2025-05-12T22:13:36.024+0500] {logging_mixin.py:151} INFO - [2025-05-12T22:13:36.023+0500] {dag.py:3722} INFO - Setting next_dagrun for example_setup_teardown_taskflow to 2025-05-11T17:13:36.023726+00:00, run_after=2025-05-12T17:13:36.023726+00:00
[2025-05-12T22:13:36.144+0500] {processor.py:179} INFO - Processing /home/maemoon/Documents/MLOPS_Project/env/lib/python3.10/site-packages/airflow/example_dags/example_setup_teardown_taskflow.py took 0.166 seconds
[2025-05-12T22:14:21.227+0500] {processor.py:157} INFO - Started process (PID=68936) to work on /home/maemoon/Documents/MLOPS_Project/env/lib/python3.10/site-packages/airflow/example_dags/example_setup_teardown_taskflow.py
[2025-05-12T22:14:21.228+0500] {processor.py:829} INFO - Processing file /home/maemoon/Documents/MLOPS_Project/env/lib/python3.10/site-packages/airflow/example_dags/example_setup_teardown_taskflow.py for tasks to queue
[2025-05-12T22:14:21.228+0500] {logging_mixin.py:151} INFO - [2025-05-12T22:14:21.228+0500] {dagbag.py:536} INFO - Filling up the DagBag from /home/maemoon/Documents/MLOPS_Project/env/lib/python3.10/site-packages/airflow/example_dags/example_setup_teardown_taskflow.py
[2025-05-12T22:14:21.237+0500] {processor.py:839} INFO - DAG(s) dict_keys(['example_setup_teardown_taskflow']) retrieved from /home/maemoon/Documents/MLOPS_Project/env/lib/python3.10/site-packages/airflow/example_dags/example_setup_teardown_taskflow.py
[2025-05-12T22:14:21.251+0500] {logging_mixin.py:151} INFO - [2025-05-12T22:14:21.251+0500] {dag.py:2941} INFO - Sync 1 DAGs
[2025-05-12T22:14:21.273+0500] {logging_mixin.py:151} INFO - [2025-05-12T22:14:21.273+0500] {dag.py:3722} INFO - Setting next_dagrun for example_setup_teardown_taskflow to 2025-05-11T17:14:21.273513+00:00, run_after=2025-05-12T17:14:21.273513+00:00
[2025-05-12T22:14:21.418+0500] {processor.py:179} INFO - Processing /home/maemoon/Documents/MLOPS_Project/env/lib/python3.10/site-packages/airflow/example_dags/example_setup_teardown_taskflow.py took 0.194 seconds
[2025-05-12T22:15:12.698+0500] {processor.py:157} INFO - Started process (PID=69034) to work on /home/maemoon/Documents/MLOPS_Project/env/lib/python3.10/site-packages/airflow/example_dags/example_setup_teardown_taskflow.py
[2025-05-12T22:15:12.699+0500] {processor.py:829} INFO - Processing file /home/maemoon/Documents/MLOPS_Project/env/lib/python3.10/site-packages/airflow/example_dags/example_setup_teardown_taskflow.py for tasks to queue
[2025-05-12T22:15:12.700+0500] {logging_mixin.py:151} INFO - [2025-05-12T22:15:12.699+0500] {dagbag.py:536} INFO - Filling up the DagBag from /home/maemoon/Documents/MLOPS_Project/env/lib/python3.10/site-packages/airflow/example_dags/example_setup_teardown_taskflow.py
[2025-05-12T22:15:12.710+0500] {processor.py:839} INFO - DAG(s) dict_keys(['example_setup_teardown_taskflow']) retrieved from /home/maemoon/Documents/MLOPS_Project/env/lib/python3.10/site-packages/airflow/example_dags/example_setup_teardown_taskflow.py
[2025-05-12T22:15:12.726+0500] {logging_mixin.py:151} INFO - [2025-05-12T22:15:12.725+0500] {dag.py:2941} INFO - Sync 1 DAGs
[2025-05-12T22:15:12.745+0500] {logging_mixin.py:151} INFO - [2025-05-12T22:15:12.745+0500] {dag.py:3722} INFO - Setting next_dagrun for example_setup_teardown_taskflow to 2025-05-11T17:15:12.745036+00:00, run_after=2025-05-12T17:15:12.745036+00:00
[2025-05-12T22:15:12.881+0500] {processor.py:179} INFO - Processing /home/maemoon/Documents/MLOPS_Project/env/lib/python3.10/site-packages/airflow/example_dags/example_setup_teardown_taskflow.py took 0.186 seconds
[2025-05-12T22:16:07.211+0500] {processor.py:157} INFO - Started process (PID=69135) to work on /home/maemoon/Documents/MLOPS_Project/env/lib/python3.10/site-packages/airflow/example_dags/example_setup_teardown_taskflow.py
[2025-05-12T22:16:07.212+0500] {processor.py:829} INFO - Processing file /home/maemoon/Documents/MLOPS_Project/env/lib/python3.10/site-packages/airflow/example_dags/example_setup_teardown_taskflow.py for tasks to queue
[2025-05-12T22:16:07.212+0500] {logging_mixin.py:151} INFO - [2025-05-12T22:16:07.212+0500] {dagbag.py:536} INFO - Filling up the DagBag from /home/maemoon/Documents/MLOPS_Project/env/lib/python3.10/site-packages/airflow/example_dags/example_setup_teardown_taskflow.py
[2025-05-12T22:16:07.220+0500] {processor.py:839} INFO - DAG(s) dict_keys(['example_setup_teardown_taskflow']) retrieved from /home/maemoon/Documents/MLOPS_Project/env/lib/python3.10/site-packages/airflow/example_dags/example_setup_teardown_taskflow.py
[2025-05-12T22:16:07.234+0500] {logging_mixin.py:151} INFO - [2025-05-12T22:16:07.234+0500] {dag.py:2941} INFO - Sync 1 DAGs
[2025-05-12T22:16:07.248+0500] {logging_mixin.py:151} INFO - [2025-05-12T22:16:07.248+0500] {dag.py:3722} INFO - Setting next_dagrun for example_setup_teardown_taskflow to 2025-05-11T17:16:07.248585+00:00, run_after=2025-05-12T17:16:07.248585+00:00
[2025-05-12T22:16:07.345+0500] {processor.py:179} INFO - Processing /home/maemoon/Documents/MLOPS_Project/env/lib/python3.10/site-packages/airflow/example_dags/example_setup_teardown_taskflow.py took 0.137 seconds
[2025-05-12T22:17:00.458+0500] {processor.py:157} INFO - Started process (PID=69310) to work on /home/maemoon/Documents/MLOPS_Project/env/lib/python3.10/site-packages/airflow/example_dags/example_setup_teardown_taskflow.py
[2025-05-12T22:17:00.460+0500] {processor.py:829} INFO - Processing file /home/maemoon/Documents/MLOPS_Project/env/lib/python3.10/site-packages/airflow/example_dags/example_setup_teardown_taskflow.py for tasks to queue
[2025-05-12T22:17:00.462+0500] {logging_mixin.py:151} INFO - [2025-05-12T22:17:00.461+0500] {dagbag.py:536} INFO - Filling up the DagBag from /home/maemoon/Documents/MLOPS_Project/env/lib/python3.10/site-packages/airflow/example_dags/example_setup_teardown_taskflow.py
[2025-05-12T22:17:00.473+0500] {processor.py:839} INFO - DAG(s) dict_keys(['example_setup_teardown_taskflow']) retrieved from /home/maemoon/Documents/MLOPS_Project/env/lib/python3.10/site-packages/airflow/example_dags/example_setup_teardown_taskflow.py
[2025-05-12T22:17:00.493+0500] {logging_mixin.py:151} INFO - [2025-05-12T22:17:00.493+0500] {dag.py:2941} INFO - Sync 1 DAGs
[2025-05-12T22:17:00.519+0500] {logging_mixin.py:151} INFO - [2025-05-12T22:17:00.519+0500] {dag.py:3722} INFO - Setting next_dagrun for example_setup_teardown_taskflow to 2025-05-11T17:17:00.519085+00:00, run_after=2025-05-12T17:17:00.519085+00:00
[2025-05-12T22:17:00.646+0500] {processor.py:179} INFO - Processing /home/maemoon/Documents/MLOPS_Project/env/lib/python3.10/site-packages/airflow/example_dags/example_setup_teardown_taskflow.py took 0.191 seconds
[2025-05-12T22:17:53.165+0500] {processor.py:157} INFO - Started process (PID=69429) to work on /home/maemoon/Documents/MLOPS_Project/env/lib/python3.10/site-packages/airflow/example_dags/example_setup_teardown_taskflow.py
[2025-05-12T22:17:53.181+0500] {processor.py:829} INFO - Processing file /home/maemoon/Documents/MLOPS_Project/env/lib/python3.10/site-packages/airflow/example_dags/example_setup_teardown_taskflow.py for tasks to queue
[2025-05-12T22:17:53.182+0500] {logging_mixin.py:151} INFO - [2025-05-12T22:17:53.181+0500] {dagbag.py:536} INFO - Filling up the DagBag from /home/maemoon/Documents/MLOPS_Project/env/lib/python3.10/site-packages/airflow/example_dags/example_setup_teardown_taskflow.py
[2025-05-12T22:17:53.191+0500] {processor.py:839} INFO - DAG(s) dict_keys(['example_setup_teardown_taskflow']) retrieved from /home/maemoon/Documents/MLOPS_Project/env/lib/python3.10/site-packages/airflow/example_dags/example_setup_teardown_taskflow.py
[2025-05-12T22:17:53.207+0500] {logging_mixin.py:151} INFO - [2025-05-12T22:17:53.207+0500] {dag.py:2941} INFO - Sync 1 DAGs
[2025-05-12T22:17:53.227+0500] {logging_mixin.py:151} INFO - [2025-05-12T22:17:53.227+0500] {dag.py:3722} INFO - Setting next_dagrun for example_setup_teardown_taskflow to 2025-05-11T17:17:53.227005+00:00, run_after=2025-05-12T17:17:53.227005+00:00
[2025-05-12T22:17:53.339+0500] {processor.py:179} INFO - Processing /home/maemoon/Documents/MLOPS_Project/env/lib/python3.10/site-packages/airflow/example_dags/example_setup_teardown_taskflow.py took 0.176 seconds
[2025-05-12T22:18:45.822+0500] {processor.py:157} INFO - Started process (PID=69587) to work on /home/maemoon/Documents/MLOPS_Project/env/lib/python3.10/site-packages/airflow/example_dags/example_setup_teardown_taskflow.py
[2025-05-12T22:18:45.823+0500] {processor.py:829} INFO - Processing file /home/maemoon/Documents/MLOPS_Project/env/lib/python3.10/site-packages/airflow/example_dags/example_setup_teardown_taskflow.py for tasks to queue
[2025-05-12T22:18:45.824+0500] {logging_mixin.py:151} INFO - [2025-05-12T22:18:45.823+0500] {dagbag.py:536} INFO - Filling up the DagBag from /home/maemoon/Documents/MLOPS_Project/env/lib/python3.10/site-packages/airflow/example_dags/example_setup_teardown_taskflow.py
[2025-05-12T22:18:45.834+0500] {processor.py:839} INFO - DAG(s) dict_keys(['example_setup_teardown_taskflow']) retrieved from /home/maemoon/Documents/MLOPS_Project/env/lib/python3.10/site-packages/airflow/example_dags/example_setup_teardown_taskflow.py
[2025-05-12T22:18:45.849+0500] {logging_mixin.py:151} INFO - [2025-05-12T22:18:45.849+0500] {dag.py:2941} INFO - Sync 1 DAGs
[2025-05-12T22:18:45.867+0500] {logging_mixin.py:151} INFO - [2025-05-12T22:18:45.867+0500] {dag.py:3722} INFO - Setting next_dagrun for example_setup_teardown_taskflow to 2025-05-11T17:18:45.867392+00:00, run_after=2025-05-12T17:18:45.867392+00:00
[2025-05-12T22:18:45.969+0500] {processor.py:179} INFO - Processing /home/maemoon/Documents/MLOPS_Project/env/lib/python3.10/site-packages/airflow/example_dags/example_setup_teardown_taskflow.py took 0.149 seconds
[2025-05-12T22:19:41.750+0500] {processor.py:157} INFO - Started process (PID=69681) to work on /home/maemoon/Documents/MLOPS_Project/env/lib/python3.10/site-packages/airflow/example_dags/example_setup_teardown_taskflow.py
[2025-05-12T22:19:41.751+0500] {processor.py:829} INFO - Processing file /home/maemoon/Documents/MLOPS_Project/env/lib/python3.10/site-packages/airflow/example_dags/example_setup_teardown_taskflow.py for tasks to queue
[2025-05-12T22:19:41.752+0500] {logging_mixin.py:151} INFO - [2025-05-12T22:19:41.751+0500] {dagbag.py:536} INFO - Filling up the DagBag from /home/maemoon/Documents/MLOPS_Project/env/lib/python3.10/site-packages/airflow/example_dags/example_setup_teardown_taskflow.py
[2025-05-12T22:19:41.762+0500] {processor.py:839} INFO - DAG(s) dict_keys(['example_setup_teardown_taskflow']) retrieved from /home/maemoon/Documents/MLOPS_Project/env/lib/python3.10/site-packages/airflow/example_dags/example_setup_teardown_taskflow.py
[2025-05-12T22:19:41.776+0500] {logging_mixin.py:151} INFO - [2025-05-12T22:19:41.776+0500] {dag.py:2941} INFO - Sync 1 DAGs
[2025-05-12T22:19:41.791+0500] {logging_mixin.py:151} INFO - [2025-05-12T22:19:41.791+0500] {dag.py:3722} INFO - Setting next_dagrun for example_setup_teardown_taskflow to 2025-05-11T17:19:41.791056+00:00, run_after=2025-05-12T17:19:41.791056+00:00
[2025-05-12T22:19:41.900+0500] {processor.py:179} INFO - Processing /home/maemoon/Documents/MLOPS_Project/env/lib/python3.10/site-packages/airflow/example_dags/example_setup_teardown_taskflow.py took 0.152 seconds
[2025-05-12T22:20:35.434+0500] {processor.py:157} INFO - Started process (PID=69763) to work on /home/maemoon/Documents/MLOPS_Project/env/lib/python3.10/site-packages/airflow/example_dags/example_setup_teardown_taskflow.py
[2025-05-12T22:20:35.435+0500] {processor.py:829} INFO - Processing file /home/maemoon/Documents/MLOPS_Project/env/lib/python3.10/site-packages/airflow/example_dags/example_setup_teardown_taskflow.py for tasks to queue
[2025-05-12T22:20:35.436+0500] {logging_mixin.py:151} INFO - [2025-05-12T22:20:35.435+0500] {dagbag.py:536} INFO - Filling up the DagBag from /home/maemoon/Documents/MLOPS_Project/env/lib/python3.10/site-packages/airflow/example_dags/example_setup_teardown_taskflow.py
[2025-05-12T22:20:35.446+0500] {processor.py:839} INFO - DAG(s) dict_keys(['example_setup_teardown_taskflow']) retrieved from /home/maemoon/Documents/MLOPS_Project/env/lib/python3.10/site-packages/airflow/example_dags/example_setup_teardown_taskflow.py
[2025-05-12T22:20:35.467+0500] {logging_mixin.py:151} INFO - [2025-05-12T22:20:35.467+0500] {dag.py:2941} INFO - Sync 1 DAGs
[2025-05-12T22:20:35.488+0500] {logging_mixin.py:151} INFO - [2025-05-12T22:20:35.488+0500] {dag.py:3722} INFO - Setting next_dagrun for example_setup_teardown_taskflow to 2025-05-11T17:20:35.488045+00:00, run_after=2025-05-12T17:20:35.488045+00:00
[2025-05-12T22:20:35.605+0500] {processor.py:179} INFO - Processing /home/maemoon/Documents/MLOPS_Project/env/lib/python3.10/site-packages/airflow/example_dags/example_setup_teardown_taskflow.py took 0.175 seconds
