[2025-05-12T21:24:13.474+0500] {processor.py:157} INFO - Started process (PID=56274) to work on /home/maemoon/Documents/MLOPS_Project/env/lib/python3.10/site-packages/airflow/example_dags/example_setup_teardown.py
[2025-05-12T21:24:13.474+0500] {processor.py:829} INFO - Processing file /home/maemoon/Documents/MLOPS_Project/env/lib/python3.10/site-packages/airflow/example_dags/example_setup_teardown.py for tasks to queue
[2025-05-12T21:24:13.475+0500] {logging_mixin.py:151} INFO - [2025-05-12T21:24:13.475+0500] {dagbag.py:536} INFO - Filling up the DagBag from /home/maemoon/Documents/MLOPS_Project/env/lib/python3.10/site-packages/airflow/example_dags/example_setup_teardown.py
[2025-05-12T21:24:13.481+0500] {processor.py:839} INFO - DAG(s) dict_keys(['example_setup_teardown']) retrieved from /home/maemoon/Documents/MLOPS_Project/env/lib/python3.10/site-packages/airflow/example_dags/example_setup_teardown.py
[2025-05-12T21:24:13.804+0500] {logging_mixin.py:151} INFO - [2025-05-12T21:24:13.804+0500] {manager.py:499} INFO - Created Permission View: %s
[2025-05-12T21:24:13.893+0500] {logging_mixin.py:151} INFO - [2025-05-12T21:24:13.893+0500] {manager.py:499} INFO - Created Permission View: %s
[2025-05-12T21:24:13.982+0500] {logging_mixin.py:151} INFO - [2025-05-12T21:24:13.982+0500] {manager.py:499} INFO - Created Permission View: %s
[2025-05-12T21:24:13.982+0500] {logging_mixin.py:151} INFO - [2025-05-12T21:24:13.982+0500] {dag.py:2941} INFO - Sync 1 DAGs
[2025-05-12T21:24:13.990+0500] {logging_mixin.py:151} INFO - [2025-05-12T21:24:13.990+0500] {dag.py:2963} INFO - Creating ORM DAG for example_setup_teardown
[2025-05-12T21:24:13.998+0500] {logging_mixin.py:151} INFO - [2025-05-12T21:24:13.998+0500] {dag.py:3722} INFO - Setting next_dagrun for example_setup_teardown to 2025-05-11T16:24:13.998421+00:00, run_after=2025-05-12T16:24:13.998421+00:00
[2025-05-12T21:24:14.126+0500] {processor.py:179} INFO - Processing /home/maemoon/Documents/MLOPS_Project/env/lib/python3.10/site-packages/airflow/example_dags/example_setup_teardown.py took 0.654 seconds
[2025-05-12T21:30:21.930+0500] {processor.py:157} INFO - Started process (PID=57959) to work on /home/maemoon/Documents/MLOPS_Project/env/lib/python3.10/site-packages/airflow/example_dags/example_setup_teardown.py
[2025-05-12T21:30:21.931+0500] {processor.py:829} INFO - Processing file /home/maemoon/Documents/MLOPS_Project/env/lib/python3.10/site-packages/airflow/example_dags/example_setup_teardown.py for tasks to queue
[2025-05-12T21:30:21.932+0500] {logging_mixin.py:151} INFO - [2025-05-12T21:30:21.931+0500] {dagbag.py:536} INFO - Filling up the DagBag from /home/maemoon/Documents/MLOPS_Project/env/lib/python3.10/site-packages/airflow/example_dags/example_setup_teardown.py
[2025-05-12T21:30:21.938+0500] {processor.py:839} INFO - DAG(s) dict_keys(['example_setup_teardown']) retrieved from /home/maemoon/Documents/MLOPS_Project/env/lib/python3.10/site-packages/airflow/example_dags/example_setup_teardown.py
[2025-05-12T21:30:21.952+0500] {logging_mixin.py:151} INFO - [2025-05-12T21:30:21.952+0500] {dag.py:2941} INFO - Sync 1 DAGs
[2025-05-12T21:30:21.969+0500] {logging_mixin.py:151} INFO - [2025-05-12T21:30:21.969+0500] {dag.py:3722} INFO - Setting next_dagrun for example_setup_teardown to 2025-05-11T16:30:21.968836+00:00, run_after=2025-05-12T16:30:21.968836+00:00
[2025-05-12T21:30:22.065+0500] {processor.py:179} INFO - Processing /home/maemoon/Documents/MLOPS_Project/env/lib/python3.10/site-packages/airflow/example_dags/example_setup_teardown.py took 0.137 seconds
[2025-05-12T21:31:45.977+0500] {processor.py:157} INFO - Started process (PID=58540) to work on /home/maemoon/Documents/MLOPS_Project/env/lib/python3.10/site-packages/airflow/example_dags/example_setup_teardown.py
[2025-05-12T21:31:45.978+0500] {processor.py:829} INFO - Processing file /home/maemoon/Documents/MLOPS_Project/env/lib/python3.10/site-packages/airflow/example_dags/example_setup_teardown.py for tasks to queue
[2025-05-12T21:31:45.979+0500] {logging_mixin.py:151} INFO - [2025-05-12T21:31:45.978+0500] {dagbag.py:536} INFO - Filling up the DagBag from /home/maemoon/Documents/MLOPS_Project/env/lib/python3.10/site-packages/airflow/example_dags/example_setup_teardown.py
[2025-05-12T21:31:45.988+0500] {processor.py:839} INFO - DAG(s) dict_keys(['example_setup_teardown']) retrieved from /home/maemoon/Documents/MLOPS_Project/env/lib/python3.10/site-packages/airflow/example_dags/example_setup_teardown.py
[2025-05-12T21:31:46.003+0500] {logging_mixin.py:151} INFO - [2025-05-12T21:31:46.003+0500] {dag.py:2941} INFO - Sync 1 DAGs
[2025-05-12T21:31:46.019+0500] {logging_mixin.py:151} INFO - [2025-05-12T21:31:46.018+0500] {dag.py:3722} INFO - Setting next_dagrun for example_setup_teardown to 2025-05-11T16:31:46.018715+00:00, run_after=2025-05-12T16:31:46.018715+00:00
[2025-05-12T21:31:46.116+0500] {processor.py:179} INFO - Processing /home/maemoon/Documents/MLOPS_Project/env/lib/python3.10/site-packages/airflow/example_dags/example_setup_teardown.py took 0.143 seconds
[2025-05-12T21:33:09.664+0500] {processor.py:157} INFO - Started process (PID=59257) to work on /home/maemoon/Documents/MLOPS_Project/env/lib/python3.10/site-packages/airflow/example_dags/example_setup_teardown.py
[2025-05-12T21:33:09.666+0500] {processor.py:829} INFO - Processing file /home/maemoon/Documents/MLOPS_Project/env/lib/python3.10/site-packages/airflow/example_dags/example_setup_teardown.py for tasks to queue
[2025-05-12T21:33:09.667+0500] {logging_mixin.py:151} INFO - [2025-05-12T21:33:09.667+0500] {dagbag.py:536} INFO - Filling up the DagBag from /home/maemoon/Documents/MLOPS_Project/env/lib/python3.10/site-packages/airflow/example_dags/example_setup_teardown.py
[2025-05-12T21:33:09.683+0500] {processor.py:839} INFO - DAG(s) dict_keys(['example_setup_teardown']) retrieved from /home/maemoon/Documents/MLOPS_Project/env/lib/python3.10/site-packages/airflow/example_dags/example_setup_teardown.py
[2025-05-12T21:33:09.704+0500] {logging_mixin.py:151} INFO - [2025-05-12T21:33:09.704+0500] {dag.py:2941} INFO - Sync 1 DAGs
[2025-05-12T21:33:09.721+0500] {logging_mixin.py:151} INFO - [2025-05-12T21:33:09.721+0500] {dag.py:3722} INFO - Setting next_dagrun for example_setup_teardown to 2025-05-11T16:33:09.720982+00:00, run_after=2025-05-12T16:33:09.720982+00:00
[2025-05-12T21:33:09.825+0500] {processor.py:179} INFO - Processing /home/maemoon/Documents/MLOPS_Project/env/lib/python3.10/site-packages/airflow/example_dags/example_setup_teardown.py took 0.164 seconds
