[2025-05-12T21:24:25.914+0500] {processor.py:157} INFO - Started process (PID=56326) to work on /home/maemoon/Documents/MLOPS_Project/env/lib/python3.10/site-packages/airflow/example_dags/example_nested_branch_dag.py
[2025-05-12T21:24:25.914+0500] {processor.py:829} INFO - Processing file /home/maemoon/Documents/MLOPS_Project/env/lib/python3.10/site-packages/airflow/example_dags/example_nested_branch_dag.py for tasks to queue
[2025-05-12T21:24:25.915+0500] {logging_mixin.py:151} INFO - [2025-05-12T21:24:25.915+0500] {dagbag.py:536} INFO - Filling up the DagBag from /home/maemoon/Documents/MLOPS_Project/env/lib/python3.10/site-packages/airflow/example_dags/example_nested_branch_dag.py
[2025-05-12T21:24:25.923+0500] {processor.py:839} INFO - DAG(s) dict_keys(['example_nested_branch_dag']) retrieved from /home/maemoon/Documents/MLOPS_Project/env/lib/python3.10/site-packages/airflow/example_dags/example_nested_branch_dag.py
[2025-05-12T21:24:26.275+0500] {logging_mixin.py:151} INFO - [2025-05-12T21:24:26.275+0500] {manager.py:499} INFO - Created Permission View: %s
[2025-05-12T21:24:26.348+0500] {logging_mixin.py:151} INFO - [2025-05-12T21:24:26.348+0500] {manager.py:499} INFO - Created Permission View: %s
[2025-05-12T21:24:26.425+0500] {logging_mixin.py:151} INFO - [2025-05-12T21:24:26.425+0500] {manager.py:499} INFO - Created Permission View: %s
[2025-05-12T21:24:26.426+0500] {logging_mixin.py:151} INFO - [2025-05-12T21:24:26.426+0500] {dag.py:2941} INFO - Sync 1 DAGs
[2025-05-12T21:24:26.436+0500] {logging_mixin.py:151} INFO - [2025-05-12T21:24:26.436+0500] {dag.py:2963} INFO - Creating ORM DAG for example_nested_branch_dag
[2025-05-12T21:24:26.445+0500] {logging_mixin.py:151} INFO - [2025-05-12T21:24:26.445+0500] {dag.py:3722} INFO - Setting next_dagrun for example_nested_branch_dag to 2025-05-11T00:00:00+00:00, run_after=2025-05-12T00:00:00+00:00
[2025-05-12T21:24:26.581+0500] {processor.py:179} INFO - Processing /home/maemoon/Documents/MLOPS_Project/env/lib/python3.10/site-packages/airflow/example_dags/example_nested_branch_dag.py took 0.670 seconds
[2025-05-12T21:30:29.620+0500] {processor.py:157} INFO - Started process (PID=57973) to work on /home/maemoon/Documents/MLOPS_Project/env/lib/python3.10/site-packages/airflow/example_dags/example_nested_branch_dag.py
[2025-05-12T21:30:29.620+0500] {processor.py:829} INFO - Processing file /home/maemoon/Documents/MLOPS_Project/env/lib/python3.10/site-packages/airflow/example_dags/example_nested_branch_dag.py for tasks to queue
[2025-05-12T21:30:29.621+0500] {logging_mixin.py:151} INFO - [2025-05-12T21:30:29.621+0500] {dagbag.py:536} INFO - Filling up the DagBag from /home/maemoon/Documents/MLOPS_Project/env/lib/python3.10/site-packages/airflow/example_dags/example_nested_branch_dag.py
[2025-05-12T21:30:29.630+0500] {processor.py:839} INFO - DAG(s) dict_keys(['example_nested_branch_dag']) retrieved from /home/maemoon/Documents/MLOPS_Project/env/lib/python3.10/site-packages/airflow/example_dags/example_nested_branch_dag.py
[2025-05-12T21:30:29.646+0500] {logging_mixin.py:151} INFO - [2025-05-12T21:30:29.646+0500] {dag.py:2941} INFO - Sync 1 DAGs
[2025-05-12T21:30:29.664+0500] {logging_mixin.py:151} INFO - [2025-05-12T21:30:29.664+0500] {dag.py:3722} INFO - Setting next_dagrun for example_nested_branch_dag to 2025-05-11T00:00:00+00:00, run_after=2025-05-12T00:00:00+00:00
[2025-05-12T21:30:29.755+0500] {processor.py:179} INFO - Processing /home/maemoon/Documents/MLOPS_Project/env/lib/python3.10/site-packages/airflow/example_dags/example_nested_branch_dag.py took 0.138 seconds
[2025-05-12T21:31:52.806+0500] {processor.py:157} INFO - Started process (PID=58578) to work on /home/maemoon/Documents/MLOPS_Project/env/lib/python3.10/site-packages/airflow/example_dags/example_nested_branch_dag.py
[2025-05-12T21:31:52.807+0500] {processor.py:829} INFO - Processing file /home/maemoon/Documents/MLOPS_Project/env/lib/python3.10/site-packages/airflow/example_dags/example_nested_branch_dag.py for tasks to queue
[2025-05-12T21:31:52.808+0500] {logging_mixin.py:151} INFO - [2025-05-12T21:31:52.808+0500] {dagbag.py:536} INFO - Filling up the DagBag from /home/maemoon/Documents/MLOPS_Project/env/lib/python3.10/site-packages/airflow/example_dags/example_nested_branch_dag.py
[2025-05-12T21:31:52.816+0500] {processor.py:839} INFO - DAG(s) dict_keys(['example_nested_branch_dag']) retrieved from /home/maemoon/Documents/MLOPS_Project/env/lib/python3.10/site-packages/airflow/example_dags/example_nested_branch_dag.py
[2025-05-12T21:31:52.830+0500] {logging_mixin.py:151} INFO - [2025-05-12T21:31:52.830+0500] {dag.py:2941} INFO - Sync 1 DAGs
[2025-05-12T21:31:52.848+0500] {logging_mixin.py:151} INFO - [2025-05-12T21:31:52.848+0500] {dag.py:3722} INFO - Setting next_dagrun for example_nested_branch_dag to 2025-05-11T00:00:00+00:00, run_after=2025-05-12T00:00:00+00:00
[2025-05-12T21:31:52.938+0500] {processor.py:179} INFO - Processing /home/maemoon/Documents/MLOPS_Project/env/lib/python3.10/site-packages/airflow/example_dags/example_nested_branch_dag.py took 0.134 seconds
[2025-05-12T21:33:17.091+0500] {processor.py:157} INFO - Started process (PID=59267) to work on /home/maemoon/Documents/MLOPS_Project/env/lib/python3.10/site-packages/airflow/example_dags/example_nested_branch_dag.py
[2025-05-12T21:33:17.110+0500] {processor.py:829} INFO - Processing file /home/maemoon/Documents/MLOPS_Project/env/lib/python3.10/site-packages/airflow/example_dags/example_nested_branch_dag.py for tasks to queue
[2025-05-12T21:33:17.111+0500] {logging_mixin.py:151} INFO - [2025-05-12T21:33:17.111+0500] {dagbag.py:536} INFO - Filling up the DagBag from /home/maemoon/Documents/MLOPS_Project/env/lib/python3.10/site-packages/airflow/example_dags/example_nested_branch_dag.py
[2025-05-12T21:33:17.120+0500] {processor.py:839} INFO - DAG(s) dict_keys(['example_nested_branch_dag']) retrieved from /home/maemoon/Documents/MLOPS_Project/env/lib/python3.10/site-packages/airflow/example_dags/example_nested_branch_dag.py
[2025-05-12T21:33:17.136+0500] {logging_mixin.py:151} INFO - [2025-05-12T21:33:17.136+0500] {dag.py:2941} INFO - Sync 1 DAGs
[2025-05-12T21:33:17.154+0500] {logging_mixin.py:151} INFO - [2025-05-12T21:33:17.154+0500] {dag.py:3722} INFO - Setting next_dagrun for example_nested_branch_dag to 2025-05-11T00:00:00+00:00, run_after=2025-05-12T00:00:00+00:00
[2025-05-12T21:33:17.388+0500] {processor.py:179} INFO - Processing /home/maemoon/Documents/MLOPS_Project/env/lib/python3.10/site-packages/airflow/example_dags/example_nested_branch_dag.py took 0.300 seconds
