[2025-05-12T21:23:35.413+0500] {processor.py:157} INFO - Started process (PID=55777) to work on /home/maemoon/Documents/MLOPS_Project/env/lib/python3.10/site-packages/airflow/example_dags/example_task_group.py
[2025-05-12T21:23:35.414+0500] {processor.py:829} INFO - Processing file /home/maemoon/Documents/MLOPS_Project/env/lib/python3.10/site-packages/airflow/example_dags/example_task_group.py for tasks to queue
[2025-05-12T21:23:35.415+0500] {logging_mixin.py:151} INFO - [2025-05-12T21:23:35.415+0500] {dagbag.py:536} INFO - Filling up the DagBag from /home/maemoon/Documents/MLOPS_Project/env/lib/python3.10/site-packages/airflow/example_dags/example_task_group.py
[2025-05-12T21:23:35.427+0500] {processor.py:839} INFO - DAG(s) dict_keys(['example_task_group']) retrieved from /home/maemoon/Documents/MLOPS_Project/env/lib/python3.10/site-packages/airflow/example_dags/example_task_group.py
[2025-05-12T21:23:35.717+0500] {logging_mixin.py:151} INFO - [2025-05-12T21:23:35.717+0500] {manager.py:499} INFO - Created Permission View: %s
[2025-05-12T21:23:35.817+0500] {logging_mixin.py:151} INFO - [2025-05-12T21:23:35.817+0500] {manager.py:499} INFO - Created Permission View: %s
[2025-05-12T21:23:35.917+0500] {logging_mixin.py:151} INFO - [2025-05-12T21:23:35.917+0500] {manager.py:499} INFO - Created Permission View: %s
[2025-05-12T21:23:35.918+0500] {logging_mixin.py:151} INFO - [2025-05-12T21:23:35.917+0500] {dag.py:2941} INFO - Sync 1 DAGs
[2025-05-12T21:23:35.927+0500] {logging_mixin.py:151} INFO - [2025-05-12T21:23:35.926+0500] {dag.py:2963} INFO - Creating ORM DAG for example_task_group
[2025-05-12T21:23:35.937+0500] {logging_mixin.py:151} INFO - [2025-05-12T21:23:35.937+0500] {dag.py:3722} INFO - Setting next_dagrun for example_task_group to 2025-05-11T16:23:35.937352+00:00, run_after=2025-05-12T16:23:35.937352+00:00
[2025-05-12T21:23:36.089+0500] {processor.py:179} INFO - Processing /home/maemoon/Documents/MLOPS_Project/env/lib/python3.10/site-packages/airflow/example_dags/example_task_group.py took 0.679 seconds
[2025-05-12T21:30:12.963+0500] {processor.py:157} INFO - Started process (PID=57861) to work on /home/maemoon/Documents/MLOPS_Project/env/lib/python3.10/site-packages/airflow/example_dags/example_task_group.py
[2025-05-12T21:30:12.989+0500] {processor.py:829} INFO - Processing file /home/maemoon/Documents/MLOPS_Project/env/lib/python3.10/site-packages/airflow/example_dags/example_task_group.py for tasks to queue
[2025-05-12T21:30:12.991+0500] {logging_mixin.py:151} INFO - [2025-05-12T21:30:12.990+0500] {dagbag.py:536} INFO - Filling up the DagBag from /home/maemoon/Documents/MLOPS_Project/env/lib/python3.10/site-packages/airflow/example_dags/example_task_group.py
[2025-05-12T21:30:12.999+0500] {processor.py:839} INFO - DAG(s) dict_keys(['example_task_group']) retrieved from /home/maemoon/Documents/MLOPS_Project/env/lib/python3.10/site-packages/airflow/example_dags/example_task_group.py
[2025-05-12T21:30:13.019+0500] {logging_mixin.py:151} INFO - [2025-05-12T21:30:13.018+0500] {dag.py:2941} INFO - Sync 1 DAGs
[2025-05-12T21:30:13.042+0500] {logging_mixin.py:151} INFO - [2025-05-12T21:30:13.041+0500] {dag.py:3722} INFO - Setting next_dagrun for example_task_group to 2025-05-11T16:30:13.041133+00:00, run_after=2025-05-12T16:30:13.041133+00:00
[2025-05-12T21:30:13.166+0500] {processor.py:179} INFO - Processing /home/maemoon/Documents/MLOPS_Project/env/lib/python3.10/site-packages/airflow/example_dags/example_task_group.py took 0.206 seconds
[2025-05-12T21:31:05.266+0500] {processor.py:157} INFO - Started process (PID=58025) to work on /home/maemoon/Documents/MLOPS_Project/env/lib/python3.10/site-packages/airflow/example_dags/example_task_group.py
[2025-05-12T21:31:05.267+0500] {processor.py:829} INFO - Processing file /home/maemoon/Documents/MLOPS_Project/env/lib/python3.10/site-packages/airflow/example_dags/example_task_group.py for tasks to queue
[2025-05-12T21:31:05.268+0500] {logging_mixin.py:151} INFO - [2025-05-12T21:31:05.268+0500] {dagbag.py:536} INFO - Filling up the DagBag from /home/maemoon/Documents/MLOPS_Project/env/lib/python3.10/site-packages/airflow/example_dags/example_task_group.py
[2025-05-12T21:31:05.278+0500] {processor.py:839} INFO - DAG(s) dict_keys(['example_task_group']) retrieved from /home/maemoon/Documents/MLOPS_Project/env/lib/python3.10/site-packages/airflow/example_dags/example_task_group.py
[2025-05-12T21:31:05.296+0500] {logging_mixin.py:151} INFO - [2025-05-12T21:31:05.295+0500] {dag.py:2941} INFO - Sync 1 DAGs
[2025-05-12T21:31:05.316+0500] {logging_mixin.py:151} INFO - [2025-05-12T21:31:05.315+0500] {dag.py:3722} INFO - Setting next_dagrun for example_task_group to 2025-05-11T16:31:05.315707+00:00, run_after=2025-05-12T16:31:05.315707+00:00
[2025-05-12T21:31:05.432+0500] {processor.py:179} INFO - Processing /home/maemoon/Documents/MLOPS_Project/env/lib/python3.10/site-packages/airflow/example_dags/example_task_group.py took 0.168 seconds
[2025-05-12T21:32:51.759+0500] {processor.py:157} INFO - Started process (PID=59187) to work on /home/maemoon/Documents/MLOPS_Project/env/lib/python3.10/site-packages/airflow/example_dags/example_task_group.py
[2025-05-12T21:32:51.760+0500] {processor.py:829} INFO - Processing file /home/maemoon/Documents/MLOPS_Project/env/lib/python3.10/site-packages/airflow/example_dags/example_task_group.py for tasks to queue
[2025-05-12T21:32:51.760+0500] {logging_mixin.py:151} INFO - [2025-05-12T21:32:51.760+0500] {dagbag.py:536} INFO - Filling up the DagBag from /home/maemoon/Documents/MLOPS_Project/env/lib/python3.10/site-packages/airflow/example_dags/example_task_group.py
[2025-05-12T21:32:51.770+0500] {processor.py:839} INFO - DAG(s) dict_keys(['example_task_group']) retrieved from /home/maemoon/Documents/MLOPS_Project/env/lib/python3.10/site-packages/airflow/example_dags/example_task_group.py
[2025-05-12T21:32:51.787+0500] {logging_mixin.py:151} INFO - [2025-05-12T21:32:51.786+0500] {dag.py:2941} INFO - Sync 1 DAGs
[2025-05-12T21:32:51.806+0500] {logging_mixin.py:151} INFO - [2025-05-12T21:32:51.806+0500] {dag.py:3722} INFO - Setting next_dagrun for example_task_group to 2025-05-11T16:32:51.806287+00:00, run_after=2025-05-12T16:32:51.806287+00:00
[2025-05-12T21:32:51.901+0500] {processor.py:179} INFO - Processing /home/maemoon/Documents/MLOPS_Project/env/lib/python3.10/site-packages/airflow/example_dags/example_task_group.py took 0.145 seconds
[2025-05-12T21:33:52.870+0500] {processor.py:157} INFO - Started process (PID=59387) to work on /home/maemoon/Documents/MLOPS_Project/env/lib/python3.10/site-packages/airflow/example_dags/example_task_group.py
[2025-05-12T21:33:52.872+0500] {processor.py:829} INFO - Processing file /home/maemoon/Documents/MLOPS_Project/env/lib/python3.10/site-packages/airflow/example_dags/example_task_group.py for tasks to queue
[2025-05-12T21:33:52.873+0500] {logging_mixin.py:151} INFO - [2025-05-12T21:33:52.872+0500] {dagbag.py:536} INFO - Filling up the DagBag from /home/maemoon/Documents/MLOPS_Project/env/lib/python3.10/site-packages/airflow/example_dags/example_task_group.py
[2025-05-12T21:33:52.881+0500] {processor.py:839} INFO - DAG(s) dict_keys(['example_task_group']) retrieved from /home/maemoon/Documents/MLOPS_Project/env/lib/python3.10/site-packages/airflow/example_dags/example_task_group.py
[2025-05-12T21:33:52.899+0500] {logging_mixin.py:151} INFO - [2025-05-12T21:33:52.899+0500] {dag.py:2941} INFO - Sync 1 DAGs
[2025-05-12T21:33:52.920+0500] {logging_mixin.py:151} INFO - [2025-05-12T21:33:52.919+0500] {dag.py:3722} INFO - Setting next_dagrun for example_task_group to 2025-05-11T16:33:52.919569+00:00, run_after=2025-05-12T16:33:52.919569+00:00
[2025-05-12T21:33:53.040+0500] {processor.py:179} INFO - Processing /home/maemoon/Documents/MLOPS_Project/env/lib/python3.10/site-packages/airflow/example_dags/example_task_group.py took 0.174 seconds
[2025-05-12T21:34:46.611+0500] {processor.py:157} INFO - Started process (PID=59495) to work on /home/maemoon/Documents/MLOPS_Project/env/lib/python3.10/site-packages/airflow/example_dags/example_task_group.py
[2025-05-12T21:34:46.627+0500] {processor.py:829} INFO - Processing file /home/maemoon/Documents/MLOPS_Project/env/lib/python3.10/site-packages/airflow/example_dags/example_task_group.py for tasks to queue
[2025-05-12T21:34:46.628+0500] {logging_mixin.py:151} INFO - [2025-05-12T21:34:46.627+0500] {dagbag.py:536} INFO - Filling up the DagBag from /home/maemoon/Documents/MLOPS_Project/env/lib/python3.10/site-packages/airflow/example_dags/example_task_group.py
[2025-05-12T21:34:46.636+0500] {processor.py:839} INFO - DAG(s) dict_keys(['example_task_group']) retrieved from /home/maemoon/Documents/MLOPS_Project/env/lib/python3.10/site-packages/airflow/example_dags/example_task_group.py
[2025-05-12T21:34:46.651+0500] {logging_mixin.py:151} INFO - [2025-05-12T21:34:46.651+0500] {dag.py:2941} INFO - Sync 1 DAGs
[2025-05-12T21:34:46.673+0500] {logging_mixin.py:151} INFO - [2025-05-12T21:34:46.673+0500] {dag.py:3722} INFO - Setting next_dagrun for example_task_group to 2025-05-11T16:34:46.673140+00:00, run_after=2025-05-12T16:34:46.673140+00:00
[2025-05-12T21:34:46.769+0500] {processor.py:179} INFO - Processing /home/maemoon/Documents/MLOPS_Project/env/lib/python3.10/site-packages/airflow/example_dags/example_task_group.py took 0.160 seconds
[2025-05-12T21:35:34.601+0500] {processor.py:157} INFO - Started process (PID=59732) to work on /home/maemoon/Documents/MLOPS_Project/env/lib/python3.10/site-packages/airflow/example_dags/example_task_group.py
[2025-05-12T21:35:34.602+0500] {processor.py:829} INFO - Processing file /home/maemoon/Documents/MLOPS_Project/env/lib/python3.10/site-packages/airflow/example_dags/example_task_group.py for tasks to queue
[2025-05-12T21:35:34.603+0500] {logging_mixin.py:151} INFO - [2025-05-12T21:35:34.602+0500] {dagbag.py:536} INFO - Filling up the DagBag from /home/maemoon/Documents/MLOPS_Project/env/lib/python3.10/site-packages/airflow/example_dags/example_task_group.py
[2025-05-12T21:35:34.611+0500] {processor.py:839} INFO - DAG(s) dict_keys(['example_task_group']) retrieved from /home/maemoon/Documents/MLOPS_Project/env/lib/python3.10/site-packages/airflow/example_dags/example_task_group.py
[2025-05-12T21:35:34.628+0500] {logging_mixin.py:151} INFO - [2025-05-12T21:35:34.627+0500] {dag.py:2941} INFO - Sync 1 DAGs
[2025-05-12T21:35:34.645+0500] {logging_mixin.py:151} INFO - [2025-05-12T21:35:34.645+0500] {dag.py:3722} INFO - Setting next_dagrun for example_task_group to 2025-05-11T16:35:34.645096+00:00, run_after=2025-05-12T16:35:34.645096+00:00
[2025-05-12T21:35:34.759+0500] {processor.py:179} INFO - Processing /home/maemoon/Documents/MLOPS_Project/env/lib/python3.10/site-packages/airflow/example_dags/example_task_group.py took 0.163 seconds
[2025-05-12T21:52:10.806+0500] {processor.py:157} INFO - Started process (PID=63501) to work on /home/maemoon/Documents/MLOPS_Project/env/lib/python3.10/site-packages/airflow/example_dags/example_task_group.py
[2025-05-12T21:52:10.807+0500] {processor.py:829} INFO - Processing file /home/maemoon/Documents/MLOPS_Project/env/lib/python3.10/site-packages/airflow/example_dags/example_task_group.py for tasks to queue
[2025-05-12T21:52:10.808+0500] {logging_mixin.py:151} INFO - [2025-05-12T21:52:10.808+0500] {dagbag.py:536} INFO - Filling up the DagBag from /home/maemoon/Documents/MLOPS_Project/env/lib/python3.10/site-packages/airflow/example_dags/example_task_group.py
[2025-05-12T21:52:10.816+0500] {processor.py:839} INFO - DAG(s) dict_keys(['example_task_group']) retrieved from /home/maemoon/Documents/MLOPS_Project/env/lib/python3.10/site-packages/airflow/example_dags/example_task_group.py
[2025-05-12T21:52:10.834+0500] {logging_mixin.py:151} INFO - [2025-05-12T21:52:10.834+0500] {dag.py:2941} INFO - Sync 1 DAGs
[2025-05-12T21:52:10.854+0500] {logging_mixin.py:151} INFO - [2025-05-12T21:52:10.854+0500] {dag.py:3722} INFO - Setting next_dagrun for example_task_group to 2025-05-11T16:52:10.854381+00:00, run_after=2025-05-12T16:52:10.854381+00:00
[2025-05-12T21:52:10.963+0500] {processor.py:179} INFO - Processing /home/maemoon/Documents/MLOPS_Project/env/lib/python3.10/site-packages/airflow/example_dags/example_task_group.py took 0.160 seconds
[2025-05-12T21:53:31.410+0500] {processor.py:157} INFO - Started process (PID=64054) to work on /home/maemoon/Documents/MLOPS_Project/env/lib/python3.10/site-packages/airflow/example_dags/example_task_group.py
[2025-05-12T21:53:31.423+0500] {processor.py:829} INFO - Processing file /home/maemoon/Documents/MLOPS_Project/env/lib/python3.10/site-packages/airflow/example_dags/example_task_group.py for tasks to queue
[2025-05-12T21:53:31.424+0500] {logging_mixin.py:151} INFO - [2025-05-12T21:53:31.424+0500] {dagbag.py:536} INFO - Filling up the DagBag from /home/maemoon/Documents/MLOPS_Project/env/lib/python3.10/site-packages/airflow/example_dags/example_task_group.py
[2025-05-12T21:53:31.434+0500] {processor.py:839} INFO - DAG(s) dict_keys(['example_task_group']) retrieved from /home/maemoon/Documents/MLOPS_Project/env/lib/python3.10/site-packages/airflow/example_dags/example_task_group.py
[2025-05-12T21:53:31.450+0500] {logging_mixin.py:151} INFO - [2025-05-12T21:53:31.450+0500] {dag.py:2941} INFO - Sync 1 DAGs
[2025-05-12T21:53:31.471+0500] {logging_mixin.py:151} INFO - [2025-05-12T21:53:31.471+0500] {dag.py:3722} INFO - Setting next_dagrun for example_task_group to 2025-05-11T16:53:31.471523+00:00, run_after=2025-05-12T16:53:31.471523+00:00
[2025-05-12T21:53:31.572+0500] {processor.py:179} INFO - Processing /home/maemoon/Documents/MLOPS_Project/env/lib/python3.10/site-packages/airflow/example_dags/example_task_group.py took 0.164 seconds
[2025-05-12T21:54:29.998+0500] {processor.py:157} INFO - Started process (PID=64225) to work on /home/maemoon/Documents/MLOPS_Project/env/lib/python3.10/site-packages/airflow/example_dags/example_task_group.py
[2025-05-12T21:54:30.039+0500] {processor.py:829} INFO - Processing file /home/maemoon/Documents/MLOPS_Project/env/lib/python3.10/site-packages/airflow/example_dags/example_task_group.py for tasks to queue
[2025-05-12T21:54:30.039+0500] {logging_mixin.py:151} INFO - [2025-05-12T21:54:30.039+0500] {dagbag.py:536} INFO - Filling up the DagBag from /home/maemoon/Documents/MLOPS_Project/env/lib/python3.10/site-packages/airflow/example_dags/example_task_group.py
[2025-05-12T21:54:30.046+0500] {processor.py:839} INFO - DAG(s) dict_keys(['example_task_group']) retrieved from /home/maemoon/Documents/MLOPS_Project/env/lib/python3.10/site-packages/airflow/example_dags/example_task_group.py
[2025-05-12T21:54:30.059+0500] {logging_mixin.py:151} INFO - [2025-05-12T21:54:30.059+0500] {dag.py:2941} INFO - Sync 1 DAGs
[2025-05-12T21:54:30.074+0500] {logging_mixin.py:151} INFO - [2025-05-12T21:54:30.074+0500] {dag.py:3722} INFO - Setting next_dagrun for example_task_group to 2025-05-11T16:54:30.074514+00:00, run_after=2025-05-12T16:54:30.074514+00:00
[2025-05-12T21:54:30.269+0500] {processor.py:179} INFO - Processing /home/maemoon/Documents/MLOPS_Project/env/lib/python3.10/site-packages/airflow/example_dags/example_task_group.py took 0.274 seconds
[2025-05-12T21:56:07.454+0500] {processor.py:157} INFO - Started process (PID=65236) to work on /home/maemoon/Documents/MLOPS_Project/env/lib/python3.10/site-packages/airflow/example_dags/example_task_group.py
[2025-05-12T21:56:07.455+0500] {processor.py:829} INFO - Processing file /home/maemoon/Documents/MLOPS_Project/env/lib/python3.10/site-packages/airflow/example_dags/example_task_group.py for tasks to queue
[2025-05-12T21:56:07.455+0500] {logging_mixin.py:151} INFO - [2025-05-12T21:56:07.455+0500] {dagbag.py:536} INFO - Filling up the DagBag from /home/maemoon/Documents/MLOPS_Project/env/lib/python3.10/site-packages/airflow/example_dags/example_task_group.py
[2025-05-12T21:56:07.462+0500] {processor.py:839} INFO - DAG(s) dict_keys(['example_task_group']) retrieved from /home/maemoon/Documents/MLOPS_Project/env/lib/python3.10/site-packages/airflow/example_dags/example_task_group.py
[2025-05-12T21:56:07.477+0500] {logging_mixin.py:151} INFO - [2025-05-12T21:56:07.476+0500] {dag.py:2941} INFO - Sync 1 DAGs
[2025-05-12T21:56:07.512+0500] {logging_mixin.py:151} INFO - [2025-05-12T21:56:07.511+0500] {dag.py:3722} INFO - Setting next_dagrun for example_task_group to 2025-05-11T16:56:07.511301+00:00, run_after=2025-05-12T16:56:07.511301+00:00
[2025-05-12T21:56:07.610+0500] {processor.py:179} INFO - Processing /home/maemoon/Documents/MLOPS_Project/env/lib/python3.10/site-packages/airflow/example_dags/example_task_group.py took 0.158 seconds
[2025-05-12T21:56:59.225+0500] {processor.py:157} INFO - Started process (PID=65348) to work on /home/maemoon/Documents/MLOPS_Project/env/lib/python3.10/site-packages/airflow/example_dags/example_task_group.py
[2025-05-12T21:56:59.228+0500] {processor.py:829} INFO - Processing file /home/maemoon/Documents/MLOPS_Project/env/lib/python3.10/site-packages/airflow/example_dags/example_task_group.py for tasks to queue
[2025-05-12T21:56:59.229+0500] {logging_mixin.py:151} INFO - [2025-05-12T21:56:59.228+0500] {dagbag.py:536} INFO - Filling up the DagBag from /home/maemoon/Documents/MLOPS_Project/env/lib/python3.10/site-packages/airflow/example_dags/example_task_group.py
[2025-05-12T21:56:59.242+0500] {processor.py:839} INFO - DAG(s) dict_keys(['example_task_group']) retrieved from /home/maemoon/Documents/MLOPS_Project/env/lib/python3.10/site-packages/airflow/example_dags/example_task_group.py
[2025-05-12T21:56:59.271+0500] {logging_mixin.py:151} INFO - [2025-05-12T21:56:59.271+0500] {dag.py:2941} INFO - Sync 1 DAGs
[2025-05-12T21:56:59.301+0500] {logging_mixin.py:151} INFO - [2025-05-12T21:56:59.301+0500] {dag.py:3722} INFO - Setting next_dagrun for example_task_group to 2025-05-11T16:56:59.301293+00:00, run_after=2025-05-12T16:56:59.301293+00:00
[2025-05-12T21:56:59.430+0500] {processor.py:179} INFO - Processing /home/maemoon/Documents/MLOPS_Project/env/lib/python3.10/site-packages/airflow/example_dags/example_task_group.py took 0.210 seconds
[2025-05-12T21:57:48.432+0500] {processor.py:157} INFO - Started process (PID=65437) to work on /home/maemoon/Documents/MLOPS_Project/env/lib/python3.10/site-packages/airflow/example_dags/example_task_group.py
[2025-05-12T21:57:48.433+0500] {processor.py:829} INFO - Processing file /home/maemoon/Documents/MLOPS_Project/env/lib/python3.10/site-packages/airflow/example_dags/example_task_group.py for tasks to queue
[2025-05-12T21:57:48.434+0500] {logging_mixin.py:151} INFO - [2025-05-12T21:57:48.433+0500] {dagbag.py:536} INFO - Filling up the DagBag from /home/maemoon/Documents/MLOPS_Project/env/lib/python3.10/site-packages/airflow/example_dags/example_task_group.py
[2025-05-12T21:57:48.445+0500] {processor.py:839} INFO - DAG(s) dict_keys(['example_task_group']) retrieved from /home/maemoon/Documents/MLOPS_Project/env/lib/python3.10/site-packages/airflow/example_dags/example_task_group.py
[2025-05-12T21:57:48.462+0500] {logging_mixin.py:151} INFO - [2025-05-12T21:57:48.462+0500] {dag.py:2941} INFO - Sync 1 DAGs
[2025-05-12T21:57:48.482+0500] {logging_mixin.py:151} INFO - [2025-05-12T21:57:48.482+0500] {dag.py:3722} INFO - Setting next_dagrun for example_task_group to 2025-05-11T16:57:48.482444+00:00, run_after=2025-05-12T16:57:48.482444+00:00
[2025-05-12T21:57:48.603+0500] {processor.py:179} INFO - Processing /home/maemoon/Documents/MLOPS_Project/env/lib/python3.10/site-packages/airflow/example_dags/example_task_group.py took 0.173 seconds
[2025-05-12T21:58:42.716+0500] {processor.py:157} INFO - Started process (PID=65650) to work on /home/maemoon/Documents/MLOPS_Project/env/lib/python3.10/site-packages/airflow/example_dags/example_task_group.py
[2025-05-12T21:58:42.716+0500] {processor.py:829} INFO - Processing file /home/maemoon/Documents/MLOPS_Project/env/lib/python3.10/site-packages/airflow/example_dags/example_task_group.py for tasks to queue
[2025-05-12T21:58:42.717+0500] {logging_mixin.py:151} INFO - [2025-05-12T21:58:42.717+0500] {dagbag.py:536} INFO - Filling up the DagBag from /home/maemoon/Documents/MLOPS_Project/env/lib/python3.10/site-packages/airflow/example_dags/example_task_group.py
[2025-05-12T21:58:42.724+0500] {processor.py:839} INFO - DAG(s) dict_keys(['example_task_group']) retrieved from /home/maemoon/Documents/MLOPS_Project/env/lib/python3.10/site-packages/airflow/example_dags/example_task_group.py
[2025-05-12T21:58:42.737+0500] {logging_mixin.py:151} INFO - [2025-05-12T21:58:42.737+0500] {dag.py:2941} INFO - Sync 1 DAGs
[2025-05-12T21:58:42.753+0500] {logging_mixin.py:151} INFO - [2025-05-12T21:58:42.753+0500] {dag.py:3722} INFO - Setting next_dagrun for example_task_group to 2025-05-11T16:58:42.753157+00:00, run_after=2025-05-12T16:58:42.753157+00:00
[2025-05-12T21:58:42.854+0500] {processor.py:179} INFO - Processing /home/maemoon/Documents/MLOPS_Project/env/lib/python3.10/site-packages/airflow/example_dags/example_task_group.py took 0.141 seconds
[2025-05-12T21:59:38.519+0500] {processor.py:157} INFO - Started process (PID=65791) to work on /home/maemoon/Documents/MLOPS_Project/env/lib/python3.10/site-packages/airflow/example_dags/example_task_group.py
[2025-05-12T21:59:38.521+0500] {processor.py:829} INFO - Processing file /home/maemoon/Documents/MLOPS_Project/env/lib/python3.10/site-packages/airflow/example_dags/example_task_group.py for tasks to queue
[2025-05-12T21:59:38.521+0500] {logging_mixin.py:151} INFO - [2025-05-12T21:59:38.521+0500] {dagbag.py:536} INFO - Filling up the DagBag from /home/maemoon/Documents/MLOPS_Project/env/lib/python3.10/site-packages/airflow/example_dags/example_task_group.py
[2025-05-12T21:59:38.529+0500] {processor.py:839} INFO - DAG(s) dict_keys(['example_task_group']) retrieved from /home/maemoon/Documents/MLOPS_Project/env/lib/python3.10/site-packages/airflow/example_dags/example_task_group.py
[2025-05-12T21:59:38.545+0500] {logging_mixin.py:151} INFO - [2025-05-12T21:59:38.545+0500] {dag.py:2941} INFO - Sync 1 DAGs
[2025-05-12T21:59:38.562+0500] {logging_mixin.py:151} INFO - [2025-05-12T21:59:38.561+0500] {dag.py:3722} INFO - Setting next_dagrun for example_task_group to 2025-05-11T16:59:38.561727+00:00, run_after=2025-05-12T16:59:38.561727+00:00
[2025-05-12T21:59:38.753+0500] {processor.py:179} INFO - Processing /home/maemoon/Documents/MLOPS_Project/env/lib/python3.10/site-packages/airflow/example_dags/example_task_group.py took 0.237 seconds
[2025-05-12T22:00:51.649+0500] {processor.py:157} INFO - Started process (PID=66145) to work on /home/maemoon/Documents/MLOPS_Project/env/lib/python3.10/site-packages/airflow/example_dags/example_task_group.py
[2025-05-12T22:00:51.651+0500] {processor.py:829} INFO - Processing file /home/maemoon/Documents/MLOPS_Project/env/lib/python3.10/site-packages/airflow/example_dags/example_task_group.py for tasks to queue
[2025-05-12T22:00:51.652+0500] {logging_mixin.py:151} INFO - [2025-05-12T22:00:51.651+0500] {dagbag.py:536} INFO - Filling up the DagBag from /home/maemoon/Documents/MLOPS_Project/env/lib/python3.10/site-packages/airflow/example_dags/example_task_group.py
[2025-05-12T22:00:51.659+0500] {processor.py:839} INFO - DAG(s) dict_keys(['example_task_group']) retrieved from /home/maemoon/Documents/MLOPS_Project/env/lib/python3.10/site-packages/airflow/example_dags/example_task_group.py
[2025-05-12T22:00:51.674+0500] {logging_mixin.py:151} INFO - [2025-05-12T22:00:51.674+0500] {dag.py:2941} INFO - Sync 1 DAGs
[2025-05-12T22:00:51.691+0500] {logging_mixin.py:151} INFO - [2025-05-12T22:00:51.691+0500] {dag.py:3722} INFO - Setting next_dagrun for example_task_group to 2025-05-11T17:00:51.691342+00:00, run_after=2025-05-12T17:00:51.691342+00:00
[2025-05-12T22:00:51.805+0500] {processor.py:179} INFO - Processing /home/maemoon/Documents/MLOPS_Project/env/lib/python3.10/site-packages/airflow/example_dags/example_task_group.py took 0.159 seconds
[2025-05-12T22:01:57.588+0500] {processor.py:157} INFO - Started process (PID=66392) to work on /home/maemoon/Documents/MLOPS_Project/env/lib/python3.10/site-packages/airflow/example_dags/example_task_group.py
[2025-05-12T22:01:57.597+0500] {processor.py:829} INFO - Processing file /home/maemoon/Documents/MLOPS_Project/env/lib/python3.10/site-packages/airflow/example_dags/example_task_group.py for tasks to queue
[2025-05-12T22:01:57.598+0500] {logging_mixin.py:151} INFO - [2025-05-12T22:01:57.597+0500] {dagbag.py:536} INFO - Filling up the DagBag from /home/maemoon/Documents/MLOPS_Project/env/lib/python3.10/site-packages/airflow/example_dags/example_task_group.py
[2025-05-12T22:01:57.605+0500] {processor.py:839} INFO - DAG(s) dict_keys(['example_task_group']) retrieved from /home/maemoon/Documents/MLOPS_Project/env/lib/python3.10/site-packages/airflow/example_dags/example_task_group.py
[2025-05-12T22:01:57.619+0500] {logging_mixin.py:151} INFO - [2025-05-12T22:01:57.618+0500] {dag.py:2941} INFO - Sync 1 DAGs
[2025-05-12T22:01:57.634+0500] {logging_mixin.py:151} INFO - [2025-05-12T22:01:57.634+0500] {dag.py:3722} INFO - Setting next_dagrun for example_task_group to 2025-05-11T17:01:57.634472+00:00, run_after=2025-05-12T17:01:57.634472+00:00
[2025-05-12T22:01:57.748+0500] {processor.py:179} INFO - Processing /home/maemoon/Documents/MLOPS_Project/env/lib/python3.10/site-packages/airflow/example_dags/example_task_group.py took 0.163 seconds
[2025-05-12T22:03:44.444+0500] {processor.py:157} INFO - Started process (PID=67311) to work on /home/maemoon/Documents/MLOPS_Project/env/lib/python3.10/site-packages/airflow/example_dags/example_task_group.py
[2025-05-12T22:03:44.445+0500] {processor.py:829} INFO - Processing file /home/maemoon/Documents/MLOPS_Project/env/lib/python3.10/site-packages/airflow/example_dags/example_task_group.py for tasks to queue
[2025-05-12T22:03:44.446+0500] {logging_mixin.py:151} INFO - [2025-05-12T22:03:44.446+0500] {dagbag.py:536} INFO - Filling up the DagBag from /home/maemoon/Documents/MLOPS_Project/env/lib/python3.10/site-packages/airflow/example_dags/example_task_group.py
[2025-05-12T22:03:44.456+0500] {processor.py:839} INFO - DAG(s) dict_keys(['example_task_group']) retrieved from /home/maemoon/Documents/MLOPS_Project/env/lib/python3.10/site-packages/airflow/example_dags/example_task_group.py
[2025-05-12T22:03:44.476+0500] {logging_mixin.py:151} INFO - [2025-05-12T22:03:44.476+0500] {dag.py:2941} INFO - Sync 1 DAGs
[2025-05-12T22:03:44.500+0500] {logging_mixin.py:151} INFO - [2025-05-12T22:03:44.500+0500] {dag.py:3722} INFO - Setting next_dagrun for example_task_group to 2025-05-11T17:03:44.500279+00:00, run_after=2025-05-12T17:03:44.500279+00:00
[2025-05-12T22:03:44.641+0500] {processor.py:179} INFO - Processing /home/maemoon/Documents/MLOPS_Project/env/lib/python3.10/site-packages/airflow/example_dags/example_task_group.py took 0.201 seconds
