[2025-05-12T21:23:25.786+0500] {processor.py:157} INFO - Started process (PID=55641) to work on /home/maemoon/Documents/MLOPS_Project/env/lib/python3.10/site-packages/airflow/example_dags/example_skip_dag.py
[2025-05-12T21:23:25.787+0500] {processor.py:829} INFO - Processing file /home/maemoon/Documents/MLOPS_Project/env/lib/python3.10/site-packages/airflow/example_dags/example_skip_dag.py for tasks to queue
[2025-05-12T21:23:25.787+0500] {logging_mixin.py:151} INFO - [2025-05-12T21:23:25.787+0500] {dagbag.py:536} INFO - Filling up the DagBag from /home/maemoon/Documents/MLOPS_Project/env/lib/python3.10/site-packages/airflow/example_dags/example_skip_dag.py
[2025-05-12T21:23:25.796+0500] {processor.py:839} INFO - DAG(s) dict_keys(['example_skip_dag']) retrieved from /home/maemoon/Documents/MLOPS_Project/env/lib/python3.10/site-packages/airflow/example_dags/example_skip_dag.py
[2025-05-12T21:23:26.084+0500] {logging_mixin.py:151} INFO - [2025-05-12T21:23:26.084+0500] {manager.py:499} INFO - Created Permission View: %s
[2025-05-12T21:23:26.162+0500] {logging_mixin.py:151} INFO - [2025-05-12T21:23:26.162+0500] {manager.py:499} INFO - Created Permission View: %s
[2025-05-12T21:23:26.273+0500] {logging_mixin.py:151} INFO - [2025-05-12T21:23:26.273+0500] {manager.py:499} INFO - Created Permission View: %s
[2025-05-12T21:23:26.273+0500] {logging_mixin.py:151} INFO - [2025-05-12T21:23:26.273+0500] {dag.py:2941} INFO - Sync 1 DAGs
[2025-05-12T21:23:26.282+0500] {logging_mixin.py:151} INFO - [2025-05-12T21:23:26.282+0500] {dag.py:2963} INFO - Creating ORM DAG for example_skip_dag
[2025-05-12T21:23:26.289+0500] {logging_mixin.py:151} INFO - [2025-05-12T21:23:26.289+0500] {dag.py:3722} INFO - Setting next_dagrun for example_skip_dag to 2025-05-11T16:23:26.288997+00:00, run_after=2025-05-12T16:23:26.288997+00:00
[2025-05-12T21:23:26.403+0500] {processor.py:179} INFO - Processing /home/maemoon/Documents/MLOPS_Project/env/lib/python3.10/site-packages/airflow/example_dags/example_skip_dag.py took 0.620 seconds
[2025-05-12T21:30:10.263+0500] {processor.py:157} INFO - Started process (PID=57815) to work on /home/maemoon/Documents/MLOPS_Project/env/lib/python3.10/site-packages/airflow/example_dags/example_skip_dag.py
[2025-05-12T21:30:10.271+0500] {processor.py:829} INFO - Processing file /home/maemoon/Documents/MLOPS_Project/env/lib/python3.10/site-packages/airflow/example_dags/example_skip_dag.py for tasks to queue
[2025-05-12T21:30:10.272+0500] {logging_mixin.py:151} INFO - [2025-05-12T21:30:10.272+0500] {dagbag.py:536} INFO - Filling up the DagBag from /home/maemoon/Documents/MLOPS_Project/env/lib/python3.10/site-packages/airflow/example_dags/example_skip_dag.py
[2025-05-12T21:30:10.281+0500] {processor.py:839} INFO - DAG(s) dict_keys(['example_skip_dag']) retrieved from /home/maemoon/Documents/MLOPS_Project/env/lib/python3.10/site-packages/airflow/example_dags/example_skip_dag.py
[2025-05-12T21:30:10.298+0500] {logging_mixin.py:151} INFO - [2025-05-12T21:30:10.298+0500] {dag.py:2941} INFO - Sync 1 DAGs
[2025-05-12T21:30:10.316+0500] {logging_mixin.py:151} INFO - [2025-05-12T21:30:10.316+0500] {dag.py:3722} INFO - Setting next_dagrun for example_skip_dag to 2025-05-11T16:30:10.315871+00:00, run_after=2025-05-12T16:30:10.315871+00:00
[2025-05-12T21:30:10.425+0500] {processor.py:179} INFO - Processing /home/maemoon/Documents/MLOPS_Project/env/lib/python3.10/site-packages/airflow/example_dags/example_skip_dag.py took 0.165 seconds
[2025-05-12T21:31:02.722+0500] {processor.py:157} INFO - Started process (PID=58022) to work on /home/maemoon/Documents/MLOPS_Project/env/lib/python3.10/site-packages/airflow/example_dags/example_skip_dag.py
[2025-05-12T21:31:02.723+0500] {processor.py:829} INFO - Processing file /home/maemoon/Documents/MLOPS_Project/env/lib/python3.10/site-packages/airflow/example_dags/example_skip_dag.py for tasks to queue
[2025-05-12T21:31:02.723+0500] {logging_mixin.py:151} INFO - [2025-05-12T21:31:02.723+0500] {dagbag.py:536} INFO - Filling up the DagBag from /home/maemoon/Documents/MLOPS_Project/env/lib/python3.10/site-packages/airflow/example_dags/example_skip_dag.py
[2025-05-12T21:31:02.730+0500] {processor.py:839} INFO - DAG(s) dict_keys(['example_skip_dag']) retrieved from /home/maemoon/Documents/MLOPS_Project/env/lib/python3.10/site-packages/airflow/example_dags/example_skip_dag.py
[2025-05-12T21:31:02.745+0500] {logging_mixin.py:151} INFO - [2025-05-12T21:31:02.745+0500] {dag.py:2941} INFO - Sync 1 DAGs
[2025-05-12T21:31:02.765+0500] {logging_mixin.py:151} INFO - [2025-05-12T21:31:02.765+0500] {dag.py:3722} INFO - Setting next_dagrun for example_skip_dag to 2025-05-11T16:31:02.764817+00:00, run_after=2025-05-12T16:31:02.764817+00:00
[2025-05-12T21:31:02.865+0500] {processor.py:179} INFO - Processing /home/maemoon/Documents/MLOPS_Project/env/lib/python3.10/site-packages/airflow/example_dags/example_skip_dag.py took 0.146 seconds
[2025-05-12T21:32:49.082+0500] {processor.py:157} INFO - Started process (PID=59171) to work on /home/maemoon/Documents/MLOPS_Project/env/lib/python3.10/site-packages/airflow/example_dags/example_skip_dag.py
[2025-05-12T21:32:49.103+0500] {processor.py:829} INFO - Processing file /home/maemoon/Documents/MLOPS_Project/env/lib/python3.10/site-packages/airflow/example_dags/example_skip_dag.py for tasks to queue
[2025-05-12T21:32:49.104+0500] {logging_mixin.py:151} INFO - [2025-05-12T21:32:49.104+0500] {dagbag.py:536} INFO - Filling up the DagBag from /home/maemoon/Documents/MLOPS_Project/env/lib/python3.10/site-packages/airflow/example_dags/example_skip_dag.py
[2025-05-12T21:32:49.110+0500] {processor.py:839} INFO - DAG(s) dict_keys(['example_skip_dag']) retrieved from /home/maemoon/Documents/MLOPS_Project/env/lib/python3.10/site-packages/airflow/example_dags/example_skip_dag.py
[2025-05-12T21:32:49.127+0500] {logging_mixin.py:151} INFO - [2025-05-12T21:32:49.127+0500] {dag.py:2941} INFO - Sync 1 DAGs
[2025-05-12T21:32:49.144+0500] {logging_mixin.py:151} INFO - [2025-05-12T21:32:49.144+0500] {dag.py:3722} INFO - Setting next_dagrun for example_skip_dag to 2025-05-11T16:32:49.144164+00:00, run_after=2025-05-12T16:32:49.144164+00:00
[2025-05-12T21:32:49.391+0500] {processor.py:179} INFO - Processing /home/maemoon/Documents/MLOPS_Project/env/lib/python3.10/site-packages/airflow/example_dags/example_skip_dag.py took 0.312 seconds
[2025-05-12T21:33:50.295+0500] {processor.py:157} INFO - Started process (PID=59385) to work on /home/maemoon/Documents/MLOPS_Project/env/lib/python3.10/site-packages/airflow/example_dags/example_skip_dag.py
[2025-05-12T21:33:50.296+0500] {processor.py:829} INFO - Processing file /home/maemoon/Documents/MLOPS_Project/env/lib/python3.10/site-packages/airflow/example_dags/example_skip_dag.py for tasks to queue
[2025-05-12T21:33:50.297+0500] {logging_mixin.py:151} INFO - [2025-05-12T21:33:50.297+0500] {dagbag.py:536} INFO - Filling up the DagBag from /home/maemoon/Documents/MLOPS_Project/env/lib/python3.10/site-packages/airflow/example_dags/example_skip_dag.py
[2025-05-12T21:33:50.304+0500] {processor.py:839} INFO - DAG(s) dict_keys(['example_skip_dag']) retrieved from /home/maemoon/Documents/MLOPS_Project/env/lib/python3.10/site-packages/airflow/example_dags/example_skip_dag.py
[2025-05-12T21:33:50.317+0500] {logging_mixin.py:151} INFO - [2025-05-12T21:33:50.317+0500] {dag.py:2941} INFO - Sync 1 DAGs
[2025-05-12T21:33:50.334+0500] {logging_mixin.py:151} INFO - [2025-05-12T21:33:50.334+0500] {dag.py:3722} INFO - Setting next_dagrun for example_skip_dag to 2025-05-11T16:33:50.333815+00:00, run_after=2025-05-12T16:33:50.333815+00:00
[2025-05-12T21:33:50.445+0500] {processor.py:179} INFO - Processing /home/maemoon/Documents/MLOPS_Project/env/lib/python3.10/site-packages/airflow/example_dags/example_skip_dag.py took 0.152 seconds
[2025-05-12T21:34:38.405+0500] {processor.py:157} INFO - Started process (PID=59483) to work on /home/maemoon/Documents/MLOPS_Project/env/lib/python3.10/site-packages/airflow/example_dags/example_skip_dag.py
[2025-05-12T21:34:38.406+0500] {processor.py:829} INFO - Processing file /home/maemoon/Documents/MLOPS_Project/env/lib/python3.10/site-packages/airflow/example_dags/example_skip_dag.py for tasks to queue
[2025-05-12T21:34:38.407+0500] {logging_mixin.py:151} INFO - [2025-05-12T21:34:38.407+0500] {dagbag.py:536} INFO - Filling up the DagBag from /home/maemoon/Documents/MLOPS_Project/env/lib/python3.10/site-packages/airflow/example_dags/example_skip_dag.py
[2025-05-12T21:34:38.413+0500] {processor.py:839} INFO - DAG(s) dict_keys(['example_skip_dag']) retrieved from /home/maemoon/Documents/MLOPS_Project/env/lib/python3.10/site-packages/airflow/example_dags/example_skip_dag.py
[2025-05-12T21:34:38.427+0500] {logging_mixin.py:151} INFO - [2025-05-12T21:34:38.426+0500] {dag.py:2941} INFO - Sync 1 DAGs
[2025-05-12T21:34:38.442+0500] {logging_mixin.py:151} INFO - [2025-05-12T21:34:38.442+0500] {dag.py:3722} INFO - Setting next_dagrun for example_skip_dag to 2025-05-11T16:34:38.442141+00:00, run_after=2025-05-12T16:34:38.442141+00:00
[2025-05-12T21:34:38.553+0500] {processor.py:179} INFO - Processing /home/maemoon/Documents/MLOPS_Project/env/lib/python3.10/site-packages/airflow/example_dags/example_skip_dag.py took 0.150 seconds
[2025-05-12T21:35:26.791+0500] {processor.py:157} INFO - Started process (PID=59669) to work on /home/maemoon/Documents/MLOPS_Project/env/lib/python3.10/site-packages/airflow/example_dags/example_skip_dag.py
[2025-05-12T21:35:26.792+0500] {processor.py:829} INFO - Processing file /home/maemoon/Documents/MLOPS_Project/env/lib/python3.10/site-packages/airflow/example_dags/example_skip_dag.py for tasks to queue
[2025-05-12T21:35:26.793+0500] {logging_mixin.py:151} INFO - [2025-05-12T21:35:26.792+0500] {dagbag.py:536} INFO - Filling up the DagBag from /home/maemoon/Documents/MLOPS_Project/env/lib/python3.10/site-packages/airflow/example_dags/example_skip_dag.py
[2025-05-12T21:35:26.799+0500] {processor.py:839} INFO - DAG(s) dict_keys(['example_skip_dag']) retrieved from /home/maemoon/Documents/MLOPS_Project/env/lib/python3.10/site-packages/airflow/example_dags/example_skip_dag.py
[2025-05-12T21:35:26.814+0500] {logging_mixin.py:151} INFO - [2025-05-12T21:35:26.814+0500] {dag.py:2941} INFO - Sync 1 DAGs
[2025-05-12T21:35:26.829+0500] {logging_mixin.py:151} INFO - [2025-05-12T21:35:26.829+0500] {dag.py:3722} INFO - Setting next_dagrun for example_skip_dag to 2025-05-11T16:35:26.829260+00:00, run_after=2025-05-12T16:35:26.829260+00:00
[2025-05-12T21:35:26.926+0500] {processor.py:179} INFO - Processing /home/maemoon/Documents/MLOPS_Project/env/lib/python3.10/site-packages/airflow/example_dags/example_skip_dag.py took 0.138 seconds
[2025-05-12T21:36:14.146+0500] {processor.py:157} INFO - Started process (PID=59827) to work on /home/maemoon/Documents/MLOPS_Project/env/lib/python3.10/site-packages/airflow/example_dags/example_skip_dag.py
[2025-05-12T21:36:14.146+0500] {processor.py:829} INFO - Processing file /home/maemoon/Documents/MLOPS_Project/env/lib/python3.10/site-packages/airflow/example_dags/example_skip_dag.py for tasks to queue
[2025-05-12T21:36:14.147+0500] {logging_mixin.py:151} INFO - [2025-05-12T21:36:14.147+0500] {dagbag.py:536} INFO - Filling up the DagBag from /home/maemoon/Documents/MLOPS_Project/env/lib/python3.10/site-packages/airflow/example_dags/example_skip_dag.py
[2025-05-12T21:36:14.153+0500] {processor.py:839} INFO - DAG(s) dict_keys(['example_skip_dag']) retrieved from /home/maemoon/Documents/MLOPS_Project/env/lib/python3.10/site-packages/airflow/example_dags/example_skip_dag.py
[2025-05-12T21:36:14.166+0500] {logging_mixin.py:151} INFO - [2025-05-12T21:36:14.166+0500] {dag.py:2941} INFO - Sync 1 DAGs
[2025-05-12T21:36:14.181+0500] {logging_mixin.py:151} INFO - [2025-05-12T21:36:14.181+0500] {dag.py:3722} INFO - Setting next_dagrun for example_skip_dag to 2025-05-11T16:36:14.181573+00:00, run_after=2025-05-12T16:36:14.181573+00:00
[2025-05-12T21:36:14.280+0500] {processor.py:179} INFO - Processing /home/maemoon/Documents/MLOPS_Project/env/lib/python3.10/site-packages/airflow/example_dags/example_skip_dag.py took 0.137 seconds
[2025-05-12T21:52:08.330+0500] {processor.py:157} INFO - Started process (PID=63499) to work on /home/maemoon/Documents/MLOPS_Project/env/lib/python3.10/site-packages/airflow/example_dags/example_skip_dag.py
[2025-05-12T21:52:08.331+0500] {processor.py:829} INFO - Processing file /home/maemoon/Documents/MLOPS_Project/env/lib/python3.10/site-packages/airflow/example_dags/example_skip_dag.py for tasks to queue
[2025-05-12T21:52:08.331+0500] {logging_mixin.py:151} INFO - [2025-05-12T21:52:08.331+0500] {dagbag.py:536} INFO - Filling up the DagBag from /home/maemoon/Documents/MLOPS_Project/env/lib/python3.10/site-packages/airflow/example_dags/example_skip_dag.py
[2025-05-12T21:52:08.339+0500] {processor.py:839} INFO - DAG(s) dict_keys(['example_skip_dag']) retrieved from /home/maemoon/Documents/MLOPS_Project/env/lib/python3.10/site-packages/airflow/example_dags/example_skip_dag.py
[2025-05-12T21:52:08.354+0500] {logging_mixin.py:151} INFO - [2025-05-12T21:52:08.353+0500] {dag.py:2941} INFO - Sync 1 DAGs
[2025-05-12T21:52:08.370+0500] {logging_mixin.py:151} INFO - [2025-05-12T21:52:08.370+0500] {dag.py:3722} INFO - Setting next_dagrun for example_skip_dag to 2025-05-11T16:52:08.369929+00:00, run_after=2025-05-12T16:52:08.369929+00:00
[2025-05-12T21:52:08.485+0500] {processor.py:179} INFO - Processing /home/maemoon/Documents/MLOPS_Project/env/lib/python3.10/site-packages/airflow/example_dags/example_skip_dag.py took 0.158 seconds
[2025-05-12T21:53:28.937+0500] {processor.py:157} INFO - Started process (PID=64048) to work on /home/maemoon/Documents/MLOPS_Project/env/lib/python3.10/site-packages/airflow/example_dags/example_skip_dag.py
[2025-05-12T21:53:28.939+0500] {processor.py:829} INFO - Processing file /home/maemoon/Documents/MLOPS_Project/env/lib/python3.10/site-packages/airflow/example_dags/example_skip_dag.py for tasks to queue
[2025-05-12T21:53:28.939+0500] {logging_mixin.py:151} INFO - [2025-05-12T21:53:28.939+0500] {dagbag.py:536} INFO - Filling up the DagBag from /home/maemoon/Documents/MLOPS_Project/env/lib/python3.10/site-packages/airflow/example_dags/example_skip_dag.py
[2025-05-12T21:53:28.946+0500] {processor.py:839} INFO - DAG(s) dict_keys(['example_skip_dag']) retrieved from /home/maemoon/Documents/MLOPS_Project/env/lib/python3.10/site-packages/airflow/example_dags/example_skip_dag.py
[2025-05-12T21:53:28.961+0500] {logging_mixin.py:151} INFO - [2025-05-12T21:53:28.961+0500] {dag.py:2941} INFO - Sync 1 DAGs
[2025-05-12T21:53:28.977+0500] {logging_mixin.py:151} INFO - [2025-05-12T21:53:28.976+0500] {dag.py:3722} INFO - Setting next_dagrun for example_skip_dag to 2025-05-11T16:53:28.976618+00:00, run_after=2025-05-12T16:53:28.976618+00:00
[2025-05-12T21:53:29.081+0500] {processor.py:179} INFO - Processing /home/maemoon/Documents/MLOPS_Project/env/lib/python3.10/site-packages/airflow/example_dags/example_skip_dag.py took 0.148 seconds
[2025-05-12T21:54:27.377+0500] {processor.py:157} INFO - Started process (PID=64218) to work on /home/maemoon/Documents/MLOPS_Project/env/lib/python3.10/site-packages/airflow/example_dags/example_skip_dag.py
[2025-05-12T21:54:27.394+0500] {processor.py:829} INFO - Processing file /home/maemoon/Documents/MLOPS_Project/env/lib/python3.10/site-packages/airflow/example_dags/example_skip_dag.py for tasks to queue
[2025-05-12T21:54:27.395+0500] {logging_mixin.py:151} INFO - [2025-05-12T21:54:27.394+0500] {dagbag.py:536} INFO - Filling up the DagBag from /home/maemoon/Documents/MLOPS_Project/env/lib/python3.10/site-packages/airflow/example_dags/example_skip_dag.py
[2025-05-12T21:54:27.402+0500] {processor.py:839} INFO - DAG(s) dict_keys(['example_skip_dag']) retrieved from /home/maemoon/Documents/MLOPS_Project/env/lib/python3.10/site-packages/airflow/example_dags/example_skip_dag.py
[2025-05-12T21:54:27.415+0500] {logging_mixin.py:151} INFO - [2025-05-12T21:54:27.415+0500] {dag.py:2941} INFO - Sync 1 DAGs
[2025-05-12T21:54:27.430+0500] {logging_mixin.py:151} INFO - [2025-05-12T21:54:27.430+0500] {dag.py:3722} INFO - Setting next_dagrun for example_skip_dag to 2025-05-11T16:54:27.430369+00:00, run_after=2025-05-12T16:54:27.430369+00:00
[2025-05-12T21:54:27.678+0500] {processor.py:179} INFO - Processing /home/maemoon/Documents/MLOPS_Project/env/lib/python3.10/site-packages/airflow/example_dags/example_skip_dag.py took 0.304 seconds
[2025-05-12T21:56:04.868+0500] {processor.py:157} INFO - Started process (PID=65229) to work on /home/maemoon/Documents/MLOPS_Project/env/lib/python3.10/site-packages/airflow/example_dags/example_skip_dag.py
[2025-05-12T21:56:04.879+0500] {processor.py:829} INFO - Processing file /home/maemoon/Documents/MLOPS_Project/env/lib/python3.10/site-packages/airflow/example_dags/example_skip_dag.py for tasks to queue
[2025-05-12T21:56:04.880+0500] {logging_mixin.py:151} INFO - [2025-05-12T21:56:04.879+0500] {dagbag.py:536} INFO - Filling up the DagBag from /home/maemoon/Documents/MLOPS_Project/env/lib/python3.10/site-packages/airflow/example_dags/example_skip_dag.py
[2025-05-12T21:56:04.887+0500] {processor.py:839} INFO - DAG(s) dict_keys(['example_skip_dag']) retrieved from /home/maemoon/Documents/MLOPS_Project/env/lib/python3.10/site-packages/airflow/example_dags/example_skip_dag.py
[2025-05-12T21:56:04.906+0500] {logging_mixin.py:151} INFO - [2025-05-12T21:56:04.906+0500] {dag.py:2941} INFO - Sync 1 DAGs
[2025-05-12T21:56:04.928+0500] {logging_mixin.py:151} INFO - [2025-05-12T21:56:04.928+0500] {dag.py:3722} INFO - Setting next_dagrun for example_skip_dag to 2025-05-11T16:56:04.928632+00:00, run_after=2025-05-12T16:56:04.928632+00:00
[2025-05-12T21:56:05.032+0500] {processor.py:179} INFO - Processing /home/maemoon/Documents/MLOPS_Project/env/lib/python3.10/site-packages/airflow/example_dags/example_skip_dag.py took 0.166 seconds
[2025-05-12T21:56:57.357+0500] {processor.py:157} INFO - Started process (PID=65345) to work on /home/maemoon/Documents/MLOPS_Project/env/lib/python3.10/site-packages/airflow/example_dags/example_skip_dag.py
[2025-05-12T21:56:57.365+0500] {processor.py:829} INFO - Processing file /home/maemoon/Documents/MLOPS_Project/env/lib/python3.10/site-packages/airflow/example_dags/example_skip_dag.py for tasks to queue
[2025-05-12T21:56:57.366+0500] {logging_mixin.py:151} INFO - [2025-05-12T21:56:57.365+0500] {dagbag.py:536} INFO - Filling up the DagBag from /home/maemoon/Documents/MLOPS_Project/env/lib/python3.10/site-packages/airflow/example_dags/example_skip_dag.py
[2025-05-12T21:56:57.374+0500] {processor.py:839} INFO - DAG(s) dict_keys(['example_skip_dag']) retrieved from /home/maemoon/Documents/MLOPS_Project/env/lib/python3.10/site-packages/airflow/example_dags/example_skip_dag.py
[2025-05-12T21:56:57.390+0500] {logging_mixin.py:151} INFO - [2025-05-12T21:56:57.390+0500] {dag.py:2941} INFO - Sync 1 DAGs
[2025-05-12T21:56:57.408+0500] {logging_mixin.py:151} INFO - [2025-05-12T21:56:57.408+0500] {dag.py:3722} INFO - Setting next_dagrun for example_skip_dag to 2025-05-11T16:56:57.408141+00:00, run_after=2025-05-12T16:56:57.408141+00:00
[2025-05-12T21:56:57.516+0500] {processor.py:179} INFO - Processing /home/maemoon/Documents/MLOPS_Project/env/lib/python3.10/site-packages/airflow/example_dags/example_skip_dag.py took 0.163 seconds
[2025-05-12T21:57:46.102+0500] {processor.py:157} INFO - Started process (PID=65430) to work on /home/maemoon/Documents/MLOPS_Project/env/lib/python3.10/site-packages/airflow/example_dags/example_skip_dag.py
[2025-05-12T21:57:46.118+0500] {processor.py:829} INFO - Processing file /home/maemoon/Documents/MLOPS_Project/env/lib/python3.10/site-packages/airflow/example_dags/example_skip_dag.py for tasks to queue
[2025-05-12T21:57:46.119+0500] {logging_mixin.py:151} INFO - [2025-05-12T21:57:46.118+0500] {dagbag.py:536} INFO - Filling up the DagBag from /home/maemoon/Documents/MLOPS_Project/env/lib/python3.10/site-packages/airflow/example_dags/example_skip_dag.py
[2025-05-12T21:57:46.125+0500] {processor.py:839} INFO - DAG(s) dict_keys(['example_skip_dag']) retrieved from /home/maemoon/Documents/MLOPS_Project/env/lib/python3.10/site-packages/airflow/example_dags/example_skip_dag.py
[2025-05-12T21:57:46.138+0500] {logging_mixin.py:151} INFO - [2025-05-12T21:57:46.138+0500] {dag.py:2941} INFO - Sync 1 DAGs
[2025-05-12T21:57:46.153+0500] {logging_mixin.py:151} INFO - [2025-05-12T21:57:46.153+0500] {dag.py:3722} INFO - Setting next_dagrun for example_skip_dag to 2025-05-11T16:57:46.153316+00:00, run_after=2025-05-12T16:57:46.153316+00:00
[2025-05-12T21:57:46.268+0500] {processor.py:179} INFO - Processing /home/maemoon/Documents/MLOPS_Project/env/lib/python3.10/site-packages/airflow/example_dags/example_skip_dag.py took 0.168 seconds
[2025-05-12T21:58:40.155+0500] {processor.py:157} INFO - Started process (PID=65648) to work on /home/maemoon/Documents/MLOPS_Project/env/lib/python3.10/site-packages/airflow/example_dags/example_skip_dag.py
[2025-05-12T21:58:40.155+0500] {processor.py:829} INFO - Processing file /home/maemoon/Documents/MLOPS_Project/env/lib/python3.10/site-packages/airflow/example_dags/example_skip_dag.py for tasks to queue
[2025-05-12T21:58:40.156+0500] {logging_mixin.py:151} INFO - [2025-05-12T21:58:40.156+0500] {dagbag.py:536} INFO - Filling up the DagBag from /home/maemoon/Documents/MLOPS_Project/env/lib/python3.10/site-packages/airflow/example_dags/example_skip_dag.py
[2025-05-12T21:58:40.162+0500] {processor.py:839} INFO - DAG(s) dict_keys(['example_skip_dag']) retrieved from /home/maemoon/Documents/MLOPS_Project/env/lib/python3.10/site-packages/airflow/example_dags/example_skip_dag.py
[2025-05-12T21:58:40.175+0500] {logging_mixin.py:151} INFO - [2025-05-12T21:58:40.175+0500] {dag.py:2941} INFO - Sync 1 DAGs
[2025-05-12T21:58:40.191+0500] {logging_mixin.py:151} INFO - [2025-05-12T21:58:40.191+0500] {dag.py:3722} INFO - Setting next_dagrun for example_skip_dag to 2025-05-11T16:58:40.190855+00:00, run_after=2025-05-12T16:58:40.190855+00:00
[2025-05-12T21:58:40.298+0500] {processor.py:179} INFO - Processing /home/maemoon/Documents/MLOPS_Project/env/lib/python3.10/site-packages/airflow/example_dags/example_skip_dag.py took 0.146 seconds
[2025-05-12T21:59:36.041+0500] {processor.py:157} INFO - Started process (PID=65785) to work on /home/maemoon/Documents/MLOPS_Project/env/lib/python3.10/site-packages/airflow/example_dags/example_skip_dag.py
[2025-05-12T21:59:36.042+0500] {processor.py:829} INFO - Processing file /home/maemoon/Documents/MLOPS_Project/env/lib/python3.10/site-packages/airflow/example_dags/example_skip_dag.py for tasks to queue
[2025-05-12T21:59:36.043+0500] {logging_mixin.py:151} INFO - [2025-05-12T21:59:36.043+0500] {dagbag.py:536} INFO - Filling up the DagBag from /home/maemoon/Documents/MLOPS_Project/env/lib/python3.10/site-packages/airflow/example_dags/example_skip_dag.py
[2025-05-12T21:59:36.050+0500] {processor.py:839} INFO - DAG(s) dict_keys(['example_skip_dag']) retrieved from /home/maemoon/Documents/MLOPS_Project/env/lib/python3.10/site-packages/airflow/example_dags/example_skip_dag.py
[2025-05-12T21:59:36.063+0500] {logging_mixin.py:151} INFO - [2025-05-12T21:59:36.063+0500] {dag.py:2941} INFO - Sync 1 DAGs
[2025-05-12T21:59:36.078+0500] {logging_mixin.py:151} INFO - [2025-05-12T21:59:36.078+0500] {dag.py:3722} INFO - Setting next_dagrun for example_skip_dag to 2025-05-11T16:59:36.078480+00:00, run_after=2025-05-12T16:59:36.078480+00:00
[2025-05-12T21:59:36.185+0500] {processor.py:179} INFO - Processing /home/maemoon/Documents/MLOPS_Project/env/lib/python3.10/site-packages/airflow/example_dags/example_skip_dag.py took 0.146 seconds
[2025-05-12T22:00:48.963+0500] {processor.py:157} INFO - Started process (PID=66142) to work on /home/maemoon/Documents/MLOPS_Project/env/lib/python3.10/site-packages/airflow/example_dags/example_skip_dag.py
[2025-05-12T22:00:48.964+0500] {processor.py:829} INFO - Processing file /home/maemoon/Documents/MLOPS_Project/env/lib/python3.10/site-packages/airflow/example_dags/example_skip_dag.py for tasks to queue
[2025-05-12T22:00:48.964+0500] {logging_mixin.py:151} INFO - [2025-05-12T22:00:48.964+0500] {dagbag.py:536} INFO - Filling up the DagBag from /home/maemoon/Documents/MLOPS_Project/env/lib/python3.10/site-packages/airflow/example_dags/example_skip_dag.py
[2025-05-12T22:00:48.971+0500] {processor.py:839} INFO - DAG(s) dict_keys(['example_skip_dag']) retrieved from /home/maemoon/Documents/MLOPS_Project/env/lib/python3.10/site-packages/airflow/example_dags/example_skip_dag.py
[2025-05-12T22:00:48.988+0500] {logging_mixin.py:151} INFO - [2025-05-12T22:00:48.988+0500] {dag.py:2941} INFO - Sync 1 DAGs
[2025-05-12T22:00:49.010+0500] {logging_mixin.py:151} INFO - [2025-05-12T22:00:49.009+0500] {dag.py:3722} INFO - Setting next_dagrun for example_skip_dag to 2025-05-11T17:00:49.009631+00:00, run_after=2025-05-12T17:00:49.009631+00:00
[2025-05-12T22:00:49.193+0500] {processor.py:179} INFO - Processing /home/maemoon/Documents/MLOPS_Project/env/lib/python3.10/site-packages/airflow/example_dags/example_skip_dag.py took 0.233 seconds
[2025-05-12T22:01:47.479+0500] {processor.py:157} INFO - Started process (PID=66239) to work on /home/maemoon/Documents/MLOPS_Project/env/lib/python3.10/site-packages/airflow/example_dags/example_skip_dag.py
[2025-05-12T22:01:47.482+0500] {processor.py:829} INFO - Processing file /home/maemoon/Documents/MLOPS_Project/env/lib/python3.10/site-packages/airflow/example_dags/example_skip_dag.py for tasks to queue
[2025-05-12T22:01:47.483+0500] {logging_mixin.py:151} INFO - [2025-05-12T22:01:47.482+0500] {dagbag.py:536} INFO - Filling up the DagBag from /home/maemoon/Documents/MLOPS_Project/env/lib/python3.10/site-packages/airflow/example_dags/example_skip_dag.py
[2025-05-12T22:01:47.491+0500] {processor.py:839} INFO - DAG(s) dict_keys(['example_skip_dag']) retrieved from /home/maemoon/Documents/MLOPS_Project/env/lib/python3.10/site-packages/airflow/example_dags/example_skip_dag.py
[2025-05-12T22:01:47.511+0500] {logging_mixin.py:151} INFO - [2025-05-12T22:01:47.511+0500] {dag.py:2941} INFO - Sync 1 DAGs
[2025-05-12T22:01:47.531+0500] {logging_mixin.py:151} INFO - [2025-05-12T22:01:47.531+0500] {dag.py:3722} INFO - Setting next_dagrun for example_skip_dag to 2025-05-11T17:01:47.531267+00:00, run_after=2025-05-12T17:01:47.531267+00:00
[2025-05-12T22:01:47.646+0500] {processor.py:179} INFO - Processing /home/maemoon/Documents/MLOPS_Project/env/lib/python3.10/site-packages/airflow/example_dags/example_skip_dag.py took 0.171 seconds
[2025-05-12T22:03:41.981+0500] {processor.py:157} INFO - Started process (PID=67309) to work on /home/maemoon/Documents/MLOPS_Project/env/lib/python3.10/site-packages/airflow/example_dags/example_skip_dag.py
[2025-05-12T22:03:41.983+0500] {processor.py:829} INFO - Processing file /home/maemoon/Documents/MLOPS_Project/env/lib/python3.10/site-packages/airflow/example_dags/example_skip_dag.py for tasks to queue
[2025-05-12T22:03:41.983+0500] {logging_mixin.py:151} INFO - [2025-05-12T22:03:41.983+0500] {dagbag.py:536} INFO - Filling up the DagBag from /home/maemoon/Documents/MLOPS_Project/env/lib/python3.10/site-packages/airflow/example_dags/example_skip_dag.py
[2025-05-12T22:03:41.990+0500] {processor.py:839} INFO - DAG(s) dict_keys(['example_skip_dag']) retrieved from /home/maemoon/Documents/MLOPS_Project/env/lib/python3.10/site-packages/airflow/example_dags/example_skip_dag.py
[2025-05-12T22:03:42.003+0500] {logging_mixin.py:151} INFO - [2025-05-12T22:03:42.003+0500] {dag.py:2941} INFO - Sync 1 DAGs
[2025-05-12T22:03:42.019+0500] {logging_mixin.py:151} INFO - [2025-05-12T22:03:42.018+0500] {dag.py:3722} INFO - Setting next_dagrun for example_skip_dag to 2025-05-11T17:03:42.018719+00:00, run_after=2025-05-12T17:03:42.018719+00:00
[2025-05-12T22:03:42.127+0500] {processor.py:179} INFO - Processing /home/maemoon/Documents/MLOPS_Project/env/lib/python3.10/site-packages/airflow/example_dags/example_skip_dag.py took 0.148 seconds
[2025-05-12T22:04:39.370+0500] {processor.py:157} INFO - Started process (PID=67456) to work on /home/maemoon/Documents/MLOPS_Project/env/lib/python3.10/site-packages/airflow/example_dags/example_skip_dag.py
[2025-05-12T22:04:39.371+0500] {processor.py:829} INFO - Processing file /home/maemoon/Documents/MLOPS_Project/env/lib/python3.10/site-packages/airflow/example_dags/example_skip_dag.py for tasks to queue
[2025-05-12T22:04:39.372+0500] {logging_mixin.py:151} INFO - [2025-05-12T22:04:39.372+0500] {dagbag.py:536} INFO - Filling up the DagBag from /home/maemoon/Documents/MLOPS_Project/env/lib/python3.10/site-packages/airflow/example_dags/example_skip_dag.py
[2025-05-12T22:04:39.378+0500] {processor.py:839} INFO - DAG(s) dict_keys(['example_skip_dag']) retrieved from /home/maemoon/Documents/MLOPS_Project/env/lib/python3.10/site-packages/airflow/example_dags/example_skip_dag.py
[2025-05-12T22:04:39.391+0500] {logging_mixin.py:151} INFO - [2025-05-12T22:04:39.391+0500] {dag.py:2941} INFO - Sync 1 DAGs
[2025-05-12T22:04:39.407+0500] {logging_mixin.py:151} INFO - [2025-05-12T22:04:39.407+0500] {dag.py:3722} INFO - Setting next_dagrun for example_skip_dag to 2025-05-11T17:04:39.406864+00:00, run_after=2025-05-12T17:04:39.406864+00:00
[2025-05-12T22:04:39.513+0500] {processor.py:179} INFO - Processing /home/maemoon/Documents/MLOPS_Project/env/lib/python3.10/site-packages/airflow/example_dags/example_skip_dag.py took 0.145 seconds
[2025-05-12T22:05:32.900+0500] {processor.py:157} INFO - Started process (PID=67613) to work on /home/maemoon/Documents/MLOPS_Project/env/lib/python3.10/site-packages/airflow/example_dags/example_skip_dag.py
[2025-05-12T22:05:32.901+0500] {processor.py:829} INFO - Processing file /home/maemoon/Documents/MLOPS_Project/env/lib/python3.10/site-packages/airflow/example_dags/example_skip_dag.py for tasks to queue
[2025-05-12T22:05:32.902+0500] {logging_mixin.py:151} INFO - [2025-05-12T22:05:32.902+0500] {dagbag.py:536} INFO - Filling up the DagBag from /home/maemoon/Documents/MLOPS_Project/env/lib/python3.10/site-packages/airflow/example_dags/example_skip_dag.py
[2025-05-12T22:05:32.908+0500] {processor.py:839} INFO - DAG(s) dict_keys(['example_skip_dag']) retrieved from /home/maemoon/Documents/MLOPS_Project/env/lib/python3.10/site-packages/airflow/example_dags/example_skip_dag.py
[2025-05-12T22:05:32.922+0500] {logging_mixin.py:151} INFO - [2025-05-12T22:05:32.922+0500] {dag.py:2941} INFO - Sync 1 DAGs
[2025-05-12T22:05:32.937+0500] {logging_mixin.py:151} INFO - [2025-05-12T22:05:32.937+0500] {dag.py:3722} INFO - Setting next_dagrun for example_skip_dag to 2025-05-11T17:05:32.937546+00:00, run_after=2025-05-12T17:05:32.937546+00:00
[2025-05-12T22:05:33.032+0500] {processor.py:179} INFO - Processing /home/maemoon/Documents/MLOPS_Project/env/lib/python3.10/site-packages/airflow/example_dags/example_skip_dag.py took 0.134 seconds
[2025-05-12T22:06:22.224+0500] {processor.py:157} INFO - Started process (PID=67728) to work on /home/maemoon/Documents/MLOPS_Project/env/lib/python3.10/site-packages/airflow/example_dags/example_skip_dag.py
[2025-05-12T22:06:22.225+0500] {processor.py:829} INFO - Processing file /home/maemoon/Documents/MLOPS_Project/env/lib/python3.10/site-packages/airflow/example_dags/example_skip_dag.py for tasks to queue
[2025-05-12T22:06:22.226+0500] {logging_mixin.py:151} INFO - [2025-05-12T22:06:22.226+0500] {dagbag.py:536} INFO - Filling up the DagBag from /home/maemoon/Documents/MLOPS_Project/env/lib/python3.10/site-packages/airflow/example_dags/example_skip_dag.py
[2025-05-12T22:06:22.232+0500] {processor.py:839} INFO - DAG(s) dict_keys(['example_skip_dag']) retrieved from /home/maemoon/Documents/MLOPS_Project/env/lib/python3.10/site-packages/airflow/example_dags/example_skip_dag.py
[2025-05-12T22:06:22.245+0500] {logging_mixin.py:151} INFO - [2025-05-12T22:06:22.245+0500] {dag.py:2941} INFO - Sync 1 DAGs
[2025-05-12T22:06:22.260+0500] {logging_mixin.py:151} INFO - [2025-05-12T22:06:22.260+0500] {dag.py:3722} INFO - Setting next_dagrun for example_skip_dag to 2025-05-11T17:06:22.260003+00:00, run_after=2025-05-12T17:06:22.260003+00:00
[2025-05-12T22:06:22.376+0500] {processor.py:179} INFO - Processing /home/maemoon/Documents/MLOPS_Project/env/lib/python3.10/site-packages/airflow/example_dags/example_skip_dag.py took 0.154 seconds
[2025-05-12T22:07:11.765+0500] {processor.py:157} INFO - Started process (PID=67866) to work on /home/maemoon/Documents/MLOPS_Project/env/lib/python3.10/site-packages/airflow/example_dags/example_skip_dag.py
[2025-05-12T22:07:11.766+0500] {processor.py:829} INFO - Processing file /home/maemoon/Documents/MLOPS_Project/env/lib/python3.10/site-packages/airflow/example_dags/example_skip_dag.py for tasks to queue
[2025-05-12T22:07:11.767+0500] {logging_mixin.py:151} INFO - [2025-05-12T22:07:11.767+0500] {dagbag.py:536} INFO - Filling up the DagBag from /home/maemoon/Documents/MLOPS_Project/env/lib/python3.10/site-packages/airflow/example_dags/example_skip_dag.py
[2025-05-12T22:07:11.773+0500] {processor.py:839} INFO - DAG(s) dict_keys(['example_skip_dag']) retrieved from /home/maemoon/Documents/MLOPS_Project/env/lib/python3.10/site-packages/airflow/example_dags/example_skip_dag.py
[2025-05-12T22:07:11.786+0500] {logging_mixin.py:151} INFO - [2025-05-12T22:07:11.786+0500] {dag.py:2941} INFO - Sync 1 DAGs
[2025-05-12T22:07:11.801+0500] {logging_mixin.py:151} INFO - [2025-05-12T22:07:11.801+0500] {dag.py:3722} INFO - Setting next_dagrun for example_skip_dag to 2025-05-11T17:07:11.801443+00:00, run_after=2025-05-12T17:07:11.801443+00:00
[2025-05-12T22:07:11.906+0500] {processor.py:179} INFO - Processing /home/maemoon/Documents/MLOPS_Project/env/lib/python3.10/site-packages/airflow/example_dags/example_skip_dag.py took 0.143 seconds
[2025-05-12T22:08:05.655+0500] {processor.py:157} INFO - Started process (PID=68007) to work on /home/maemoon/Documents/MLOPS_Project/env/lib/python3.10/site-packages/airflow/example_dags/example_skip_dag.py
[2025-05-12T22:08:05.682+0500] {processor.py:829} INFO - Processing file /home/maemoon/Documents/MLOPS_Project/env/lib/python3.10/site-packages/airflow/example_dags/example_skip_dag.py for tasks to queue
[2025-05-12T22:08:05.683+0500] {logging_mixin.py:151} INFO - [2025-05-12T22:08:05.682+0500] {dagbag.py:536} INFO - Filling up the DagBag from /home/maemoon/Documents/MLOPS_Project/env/lib/python3.10/site-packages/airflow/example_dags/example_skip_dag.py
[2025-05-12T22:08:05.689+0500] {processor.py:839} INFO - DAG(s) dict_keys(['example_skip_dag']) retrieved from /home/maemoon/Documents/MLOPS_Project/env/lib/python3.10/site-packages/airflow/example_dags/example_skip_dag.py
[2025-05-12T22:08:05.702+0500] {logging_mixin.py:151} INFO - [2025-05-12T22:08:05.702+0500] {dag.py:2941} INFO - Sync 1 DAGs
[2025-05-12T22:08:05.717+0500] {logging_mixin.py:151} INFO - [2025-05-12T22:08:05.717+0500] {dag.py:3722} INFO - Setting next_dagrun for example_skip_dag to 2025-05-11T17:08:05.716815+00:00, run_after=2025-05-12T17:08:05.716815+00:00
[2025-05-12T22:08:05.825+0500] {processor.py:179} INFO - Processing /home/maemoon/Documents/MLOPS_Project/env/lib/python3.10/site-packages/airflow/example_dags/example_skip_dag.py took 0.173 seconds
[2025-05-12T22:08:57.072+0500] {processor.py:157} INFO - Started process (PID=68104) to work on /home/maemoon/Documents/MLOPS_Project/env/lib/python3.10/site-packages/airflow/example_dags/example_skip_dag.py
[2025-05-12T22:08:57.073+0500] {processor.py:829} INFO - Processing file /home/maemoon/Documents/MLOPS_Project/env/lib/python3.10/site-packages/airflow/example_dags/example_skip_dag.py for tasks to queue
[2025-05-12T22:08:57.074+0500] {logging_mixin.py:151} INFO - [2025-05-12T22:08:57.074+0500] {dagbag.py:536} INFO - Filling up the DagBag from /home/maemoon/Documents/MLOPS_Project/env/lib/python3.10/site-packages/airflow/example_dags/example_skip_dag.py
[2025-05-12T22:08:57.080+0500] {processor.py:839} INFO - DAG(s) dict_keys(['example_skip_dag']) retrieved from /home/maemoon/Documents/MLOPS_Project/env/lib/python3.10/site-packages/airflow/example_dags/example_skip_dag.py
[2025-05-12T22:08:57.093+0500] {logging_mixin.py:151} INFO - [2025-05-12T22:08:57.093+0500] {dag.py:2941} INFO - Sync 1 DAGs
[2025-05-12T22:08:57.108+0500] {logging_mixin.py:151} INFO - [2025-05-12T22:08:57.108+0500] {dag.py:3722} INFO - Setting next_dagrun for example_skip_dag to 2025-05-11T17:08:57.108118+00:00, run_after=2025-05-12T17:08:57.108118+00:00
[2025-05-12T22:08:57.199+0500] {processor.py:179} INFO - Processing /home/maemoon/Documents/MLOPS_Project/env/lib/python3.10/site-packages/airflow/example_dags/example_skip_dag.py took 0.129 seconds
[2025-05-12T22:09:46.813+0500] {processor.py:157} INFO - Started process (PID=68215) to work on /home/maemoon/Documents/MLOPS_Project/env/lib/python3.10/site-packages/airflow/example_dags/example_skip_dag.py
[2025-05-12T22:09:46.814+0500] {processor.py:829} INFO - Processing file /home/maemoon/Documents/MLOPS_Project/env/lib/python3.10/site-packages/airflow/example_dags/example_skip_dag.py for tasks to queue
[2025-05-12T22:09:46.814+0500] {logging_mixin.py:151} INFO - [2025-05-12T22:09:46.814+0500] {dagbag.py:536} INFO - Filling up the DagBag from /home/maemoon/Documents/MLOPS_Project/env/lib/python3.10/site-packages/airflow/example_dags/example_skip_dag.py
[2025-05-12T22:09:46.820+0500] {processor.py:839} INFO - DAG(s) dict_keys(['example_skip_dag']) retrieved from /home/maemoon/Documents/MLOPS_Project/env/lib/python3.10/site-packages/airflow/example_dags/example_skip_dag.py
[2025-05-12T22:09:46.833+0500] {logging_mixin.py:151} INFO - [2025-05-12T22:09:46.833+0500] {dag.py:2941} INFO - Sync 1 DAGs
[2025-05-12T22:09:46.848+0500] {logging_mixin.py:151} INFO - [2025-05-12T22:09:46.848+0500] {dag.py:3722} INFO - Setting next_dagrun for example_skip_dag to 2025-05-11T17:09:46.848306+00:00, run_after=2025-05-12T17:09:46.848306+00:00
[2025-05-12T22:09:46.930+0500] {processor.py:179} INFO - Processing /home/maemoon/Documents/MLOPS_Project/env/lib/python3.10/site-packages/airflow/example_dags/example_skip_dag.py took 0.120 seconds
[2025-05-12T22:10:41.113+0500] {processor.py:157} INFO - Started process (PID=68550) to work on /home/maemoon/Documents/MLOPS_Project/env/lib/python3.10/site-packages/airflow/example_dags/example_skip_dag.py
[2025-05-12T22:10:41.114+0500] {processor.py:829} INFO - Processing file /home/maemoon/Documents/MLOPS_Project/env/lib/python3.10/site-packages/airflow/example_dags/example_skip_dag.py for tasks to queue
[2025-05-12T22:10:41.116+0500] {logging_mixin.py:151} INFO - [2025-05-12T22:10:41.115+0500] {dagbag.py:536} INFO - Filling up the DagBag from /home/maemoon/Documents/MLOPS_Project/env/lib/python3.10/site-packages/airflow/example_dags/example_skip_dag.py
[2025-05-12T22:10:41.124+0500] {processor.py:839} INFO - DAG(s) dict_keys(['example_skip_dag']) retrieved from /home/maemoon/Documents/MLOPS_Project/env/lib/python3.10/site-packages/airflow/example_dags/example_skip_dag.py
[2025-05-12T22:10:41.143+0500] {logging_mixin.py:151} INFO - [2025-05-12T22:10:41.142+0500] {dag.py:2941} INFO - Sync 1 DAGs
[2025-05-12T22:10:41.169+0500] {logging_mixin.py:151} INFO - [2025-05-12T22:10:41.169+0500] {dag.py:3722} INFO - Setting next_dagrun for example_skip_dag to 2025-05-11T17:10:41.168819+00:00, run_after=2025-05-12T17:10:41.168819+00:00
[2025-05-12T22:10:41.281+0500] {processor.py:179} INFO - Processing /home/maemoon/Documents/MLOPS_Project/env/lib/python3.10/site-packages/airflow/example_dags/example_skip_dag.py took 0.170 seconds
[2025-05-12T22:11:35.409+0500] {processor.py:157} INFO - Started process (PID=68641) to work on /home/maemoon/Documents/MLOPS_Project/env/lib/python3.10/site-packages/airflow/example_dags/example_skip_dag.py
[2025-05-12T22:11:35.410+0500] {processor.py:829} INFO - Processing file /home/maemoon/Documents/MLOPS_Project/env/lib/python3.10/site-packages/airflow/example_dags/example_skip_dag.py for tasks to queue
[2025-05-12T22:11:35.410+0500] {logging_mixin.py:151} INFO - [2025-05-12T22:11:35.410+0500] {dagbag.py:536} INFO - Filling up the DagBag from /home/maemoon/Documents/MLOPS_Project/env/lib/python3.10/site-packages/airflow/example_dags/example_skip_dag.py
[2025-05-12T22:11:35.416+0500] {processor.py:839} INFO - DAG(s) dict_keys(['example_skip_dag']) retrieved from /home/maemoon/Documents/MLOPS_Project/env/lib/python3.10/site-packages/airflow/example_dags/example_skip_dag.py
[2025-05-12T22:11:35.430+0500] {logging_mixin.py:151} INFO - [2025-05-12T22:11:35.429+0500] {dag.py:2941} INFO - Sync 1 DAGs
[2025-05-12T22:11:35.445+0500] {logging_mixin.py:151} INFO - [2025-05-12T22:11:35.445+0500] {dag.py:3722} INFO - Setting next_dagrun for example_skip_dag to 2025-05-11T17:11:35.445265+00:00, run_after=2025-05-12T17:11:35.445265+00:00
[2025-05-12T22:11:35.536+0500] {processor.py:179} INFO - Processing /home/maemoon/Documents/MLOPS_Project/env/lib/python3.10/site-packages/airflow/example_dags/example_skip_dag.py took 0.130 seconds
[2025-05-12T22:12:23.012+0500] {processor.py:157} INFO - Started process (PID=68735) to work on /home/maemoon/Documents/MLOPS_Project/env/lib/python3.10/site-packages/airflow/example_dags/example_skip_dag.py
[2025-05-12T22:12:23.013+0500] {processor.py:829} INFO - Processing file /home/maemoon/Documents/MLOPS_Project/env/lib/python3.10/site-packages/airflow/example_dags/example_skip_dag.py for tasks to queue
[2025-05-12T22:12:23.014+0500] {logging_mixin.py:151} INFO - [2025-05-12T22:12:23.014+0500] {dagbag.py:536} INFO - Filling up the DagBag from /home/maemoon/Documents/MLOPS_Project/env/lib/python3.10/site-packages/airflow/example_dags/example_skip_dag.py
[2025-05-12T22:12:23.020+0500] {processor.py:839} INFO - DAG(s) dict_keys(['example_skip_dag']) retrieved from /home/maemoon/Documents/MLOPS_Project/env/lib/python3.10/site-packages/airflow/example_dags/example_skip_dag.py
[2025-05-12T22:12:23.036+0500] {logging_mixin.py:151} INFO - [2025-05-12T22:12:23.035+0500] {dag.py:2941} INFO - Sync 1 DAGs
[2025-05-12T22:12:23.053+0500] {logging_mixin.py:151} INFO - [2025-05-12T22:12:23.053+0500] {dag.py:3722} INFO - Setting next_dagrun for example_skip_dag to 2025-05-11T17:12:23.053441+00:00, run_after=2025-05-12T17:12:23.053441+00:00
[2025-05-12T22:12:23.156+0500] {processor.py:179} INFO - Processing /home/maemoon/Documents/MLOPS_Project/env/lib/python3.10/site-packages/airflow/example_dags/example_skip_dag.py took 0.147 seconds
[2025-05-12T22:13:14.240+0500] {processor.py:157} INFO - Started process (PID=68833) to work on /home/maemoon/Documents/MLOPS_Project/env/lib/python3.10/site-packages/airflow/example_dags/example_skip_dag.py
[2025-05-12T22:13:14.241+0500] {processor.py:829} INFO - Processing file /home/maemoon/Documents/MLOPS_Project/env/lib/python3.10/site-packages/airflow/example_dags/example_skip_dag.py for tasks to queue
[2025-05-12T22:13:14.242+0500] {logging_mixin.py:151} INFO - [2025-05-12T22:13:14.242+0500] {dagbag.py:536} INFO - Filling up the DagBag from /home/maemoon/Documents/MLOPS_Project/env/lib/python3.10/site-packages/airflow/example_dags/example_skip_dag.py
[2025-05-12T22:13:14.251+0500] {processor.py:839} INFO - DAG(s) dict_keys(['example_skip_dag']) retrieved from /home/maemoon/Documents/MLOPS_Project/env/lib/python3.10/site-packages/airflow/example_dags/example_skip_dag.py
[2025-05-12T22:13:14.267+0500] {logging_mixin.py:151} INFO - [2025-05-12T22:13:14.266+0500] {dag.py:2941} INFO - Sync 1 DAGs
[2025-05-12T22:13:14.284+0500] {logging_mixin.py:151} INFO - [2025-05-12T22:13:14.284+0500] {dag.py:3722} INFO - Setting next_dagrun for example_skip_dag to 2025-05-11T17:13:14.284432+00:00, run_after=2025-05-12T17:13:14.284432+00:00
[2025-05-12T22:13:14.378+0500] {processor.py:179} INFO - Processing /home/maemoon/Documents/MLOPS_Project/env/lib/python3.10/site-packages/airflow/example_dags/example_skip_dag.py took 0.140 seconds
[2025-05-12T22:14:01.260+0500] {processor.py:157} INFO - Started process (PID=68903) to work on /home/maemoon/Documents/MLOPS_Project/env/lib/python3.10/site-packages/airflow/example_dags/example_skip_dag.py
[2025-05-12T22:14:01.261+0500] {processor.py:829} INFO - Processing file /home/maemoon/Documents/MLOPS_Project/env/lib/python3.10/site-packages/airflow/example_dags/example_skip_dag.py for tasks to queue
[2025-05-12T22:14:01.261+0500] {logging_mixin.py:151} INFO - [2025-05-12T22:14:01.261+0500] {dagbag.py:536} INFO - Filling up the DagBag from /home/maemoon/Documents/MLOPS_Project/env/lib/python3.10/site-packages/airflow/example_dags/example_skip_dag.py
[2025-05-12T22:14:01.267+0500] {processor.py:839} INFO - DAG(s) dict_keys(['example_skip_dag']) retrieved from /home/maemoon/Documents/MLOPS_Project/env/lib/python3.10/site-packages/airflow/example_dags/example_skip_dag.py
[2025-05-12T22:14:01.280+0500] {logging_mixin.py:151} INFO - [2025-05-12T22:14:01.280+0500] {dag.py:2941} INFO - Sync 1 DAGs
[2025-05-12T22:14:01.296+0500] {logging_mixin.py:151} INFO - [2025-05-12T22:14:01.295+0500] {dag.py:3722} INFO - Setting next_dagrun for example_skip_dag to 2025-05-11T17:14:01.295772+00:00, run_after=2025-05-12T17:14:01.295772+00:00
[2025-05-12T22:14:01.406+0500] {processor.py:179} INFO - Processing /home/maemoon/Documents/MLOPS_Project/env/lib/python3.10/site-packages/airflow/example_dags/example_skip_dag.py took 0.149 seconds
[2025-05-12T22:14:48.962+0500] {processor.py:157} INFO - Started process (PID=68997) to work on /home/maemoon/Documents/MLOPS_Project/env/lib/python3.10/site-packages/airflow/example_dags/example_skip_dag.py
[2025-05-12T22:14:48.964+0500] {processor.py:829} INFO - Processing file /home/maemoon/Documents/MLOPS_Project/env/lib/python3.10/site-packages/airflow/example_dags/example_skip_dag.py for tasks to queue
[2025-05-12T22:14:48.964+0500] {logging_mixin.py:151} INFO - [2025-05-12T22:14:48.964+0500] {dagbag.py:536} INFO - Filling up the DagBag from /home/maemoon/Documents/MLOPS_Project/env/lib/python3.10/site-packages/airflow/example_dags/example_skip_dag.py
[2025-05-12T22:14:48.971+0500] {processor.py:839} INFO - DAG(s) dict_keys(['example_skip_dag']) retrieved from /home/maemoon/Documents/MLOPS_Project/env/lib/python3.10/site-packages/airflow/example_dags/example_skip_dag.py
[2025-05-12T22:14:48.987+0500] {logging_mixin.py:151} INFO - [2025-05-12T22:14:48.987+0500] {dag.py:2941} INFO - Sync 1 DAGs
[2025-05-12T22:14:49.006+0500] {logging_mixin.py:151} INFO - [2025-05-12T22:14:49.006+0500] {dag.py:3722} INFO - Setting next_dagrun for example_skip_dag to 2025-05-11T17:14:49.005881+00:00, run_after=2025-05-12T17:14:49.005881+00:00
[2025-05-12T22:14:49.117+0500] {processor.py:179} INFO - Processing /home/maemoon/Documents/MLOPS_Project/env/lib/python3.10/site-packages/airflow/example_dags/example_skip_dag.py took 0.158 seconds
[2025-05-12T22:15:41.935+0500] {processor.py:157} INFO - Started process (PID=69074) to work on /home/maemoon/Documents/MLOPS_Project/env/lib/python3.10/site-packages/airflow/example_dags/example_skip_dag.py
[2025-05-12T22:15:41.947+0500] {processor.py:829} INFO - Processing file /home/maemoon/Documents/MLOPS_Project/env/lib/python3.10/site-packages/airflow/example_dags/example_skip_dag.py for tasks to queue
[2025-05-12T22:15:41.948+0500] {logging_mixin.py:151} INFO - [2025-05-12T22:15:41.948+0500] {dagbag.py:536} INFO - Filling up the DagBag from /home/maemoon/Documents/MLOPS_Project/env/lib/python3.10/site-packages/airflow/example_dags/example_skip_dag.py
[2025-05-12T22:15:41.954+0500] {processor.py:839} INFO - DAG(s) dict_keys(['example_skip_dag']) retrieved from /home/maemoon/Documents/MLOPS_Project/env/lib/python3.10/site-packages/airflow/example_dags/example_skip_dag.py
[2025-05-12T22:15:41.967+0500] {logging_mixin.py:151} INFO - [2025-05-12T22:15:41.967+0500] {dag.py:2941} INFO - Sync 1 DAGs
[2025-05-12T22:15:41.983+0500] {logging_mixin.py:151} INFO - [2025-05-12T22:15:41.983+0500] {dag.py:3722} INFO - Setting next_dagrun for example_skip_dag to 2025-05-11T17:15:41.983060+00:00, run_after=2025-05-12T17:15:41.983060+00:00
[2025-05-12T22:15:42.090+0500] {processor.py:179} INFO - Processing /home/maemoon/Documents/MLOPS_Project/env/lib/python3.10/site-packages/airflow/example_dags/example_skip_dag.py took 0.157 seconds
[2025-05-12T22:16:35.604+0500] {processor.py:157} INFO - Started process (PID=69207) to work on /home/maemoon/Documents/MLOPS_Project/env/lib/python3.10/site-packages/airflow/example_dags/example_skip_dag.py
[2025-05-12T22:16:35.667+0500] {processor.py:829} INFO - Processing file /home/maemoon/Documents/MLOPS_Project/env/lib/python3.10/site-packages/airflow/example_dags/example_skip_dag.py for tasks to queue
[2025-05-12T22:16:35.668+0500] {logging_mixin.py:151} INFO - [2025-05-12T22:16:35.668+0500] {dagbag.py:536} INFO - Filling up the DagBag from /home/maemoon/Documents/MLOPS_Project/env/lib/python3.10/site-packages/airflow/example_dags/example_skip_dag.py
[2025-05-12T22:16:35.675+0500] {processor.py:839} INFO - DAG(s) dict_keys(['example_skip_dag']) retrieved from /home/maemoon/Documents/MLOPS_Project/env/lib/python3.10/site-packages/airflow/example_dags/example_skip_dag.py
[2025-05-12T22:16:35.692+0500] {logging_mixin.py:151} INFO - [2025-05-12T22:16:35.692+0500] {dag.py:2941} INFO - Sync 1 DAGs
[2025-05-12T22:16:35.712+0500] {logging_mixin.py:151} INFO - [2025-05-12T22:16:35.711+0500] {dag.py:3722} INFO - Setting next_dagrun for example_skip_dag to 2025-05-11T17:16:35.711585+00:00, run_after=2025-05-12T17:16:35.711585+00:00
[2025-05-12T22:16:35.810+0500] {processor.py:179} INFO - Processing /home/maemoon/Documents/MLOPS_Project/env/lib/python3.10/site-packages/airflow/example_dags/example_skip_dag.py took 0.212 seconds
[2025-05-12T22:17:29.733+0500] {processor.py:157} INFO - Started process (PID=69373) to work on /home/maemoon/Documents/MLOPS_Project/env/lib/python3.10/site-packages/airflow/example_dags/example_skip_dag.py
[2025-05-12T22:17:29.753+0500] {processor.py:829} INFO - Processing file /home/maemoon/Documents/MLOPS_Project/env/lib/python3.10/site-packages/airflow/example_dags/example_skip_dag.py for tasks to queue
[2025-05-12T22:17:29.754+0500] {logging_mixin.py:151} INFO - [2025-05-12T22:17:29.753+0500] {dagbag.py:536} INFO - Filling up the DagBag from /home/maemoon/Documents/MLOPS_Project/env/lib/python3.10/site-packages/airflow/example_dags/example_skip_dag.py
[2025-05-12T22:17:29.765+0500] {processor.py:839} INFO - DAG(s) dict_keys(['example_skip_dag']) retrieved from /home/maemoon/Documents/MLOPS_Project/env/lib/python3.10/site-packages/airflow/example_dags/example_skip_dag.py
[2025-05-12T22:17:29.785+0500] {logging_mixin.py:151} INFO - [2025-05-12T22:17:29.785+0500] {dag.py:2941} INFO - Sync 1 DAGs
[2025-05-12T22:17:29.809+0500] {logging_mixin.py:151} INFO - [2025-05-12T22:17:29.809+0500] {dag.py:3722} INFO - Setting next_dagrun for example_skip_dag to 2025-05-11T17:17:29.809134+00:00, run_after=2025-05-12T17:17:29.809134+00:00
[2025-05-12T22:17:29.912+0500] {processor.py:179} INFO - Processing /home/maemoon/Documents/MLOPS_Project/env/lib/python3.10/site-packages/airflow/example_dags/example_skip_dag.py took 0.183 seconds
[2025-05-12T22:18:21.614+0500] {processor.py:157} INFO - Started process (PID=69525) to work on /home/maemoon/Documents/MLOPS_Project/env/lib/python3.10/site-packages/airflow/example_dags/example_skip_dag.py
[2025-05-12T22:18:21.628+0500] {processor.py:829} INFO - Processing file /home/maemoon/Documents/MLOPS_Project/env/lib/python3.10/site-packages/airflow/example_dags/example_skip_dag.py for tasks to queue
[2025-05-12T22:18:21.629+0500] {logging_mixin.py:151} INFO - [2025-05-12T22:18:21.629+0500] {dagbag.py:536} INFO - Filling up the DagBag from /home/maemoon/Documents/MLOPS_Project/env/lib/python3.10/site-packages/airflow/example_dags/example_skip_dag.py
[2025-05-12T22:18:21.639+0500] {processor.py:839} INFO - DAG(s) dict_keys(['example_skip_dag']) retrieved from /home/maemoon/Documents/MLOPS_Project/env/lib/python3.10/site-packages/airflow/example_dags/example_skip_dag.py
[2025-05-12T22:18:21.658+0500] {logging_mixin.py:151} INFO - [2025-05-12T22:18:21.658+0500] {dag.py:2941} INFO - Sync 1 DAGs
[2025-05-12T22:18:21.682+0500] {logging_mixin.py:151} INFO - [2025-05-12T22:18:21.682+0500] {dag.py:3722} INFO - Setting next_dagrun for example_skip_dag to 2025-05-11T17:18:21.681917+00:00, run_after=2025-05-12T17:18:21.681917+00:00
[2025-05-12T22:18:21.787+0500] {processor.py:179} INFO - Processing /home/maemoon/Documents/MLOPS_Project/env/lib/python3.10/site-packages/airflow/example_dags/example_skip_dag.py took 0.177 seconds
[2025-05-12T22:19:16.210+0500] {processor.py:157} INFO - Started process (PID=69619) to work on /home/maemoon/Documents/MLOPS_Project/env/lib/python3.10/site-packages/airflow/example_dags/example_skip_dag.py
[2025-05-12T22:19:16.225+0500] {processor.py:829} INFO - Processing file /home/maemoon/Documents/MLOPS_Project/env/lib/python3.10/site-packages/airflow/example_dags/example_skip_dag.py for tasks to queue
[2025-05-12T22:19:16.226+0500] {logging_mixin.py:151} INFO - [2025-05-12T22:19:16.226+0500] {dagbag.py:536} INFO - Filling up the DagBag from /home/maemoon/Documents/MLOPS_Project/env/lib/python3.10/site-packages/airflow/example_dags/example_skip_dag.py
[2025-05-12T22:19:16.233+0500] {processor.py:839} INFO - DAG(s) dict_keys(['example_skip_dag']) retrieved from /home/maemoon/Documents/MLOPS_Project/env/lib/python3.10/site-packages/airflow/example_dags/example_skip_dag.py
[2025-05-12T22:19:16.253+0500] {logging_mixin.py:151} INFO - [2025-05-12T22:19:16.253+0500] {dag.py:2941} INFO - Sync 1 DAGs
[2025-05-12T22:19:16.275+0500] {logging_mixin.py:151} INFO - [2025-05-12T22:19:16.275+0500] {dag.py:3722} INFO - Setting next_dagrun for example_skip_dag to 2025-05-11T17:19:16.275299+00:00, run_after=2025-05-12T17:19:16.275299+00:00
[2025-05-12T22:19:16.371+0500] {processor.py:179} INFO - Processing /home/maemoon/Documents/MLOPS_Project/env/lib/python3.10/site-packages/airflow/example_dags/example_skip_dag.py took 0.163 seconds
[2025-05-12T22:20:10.423+0500] {processor.py:157} INFO - Started process (PID=69722) to work on /home/maemoon/Documents/MLOPS_Project/env/lib/python3.10/site-packages/airflow/example_dags/example_skip_dag.py
[2025-05-12T22:20:10.424+0500] {processor.py:829} INFO - Processing file /home/maemoon/Documents/MLOPS_Project/env/lib/python3.10/site-packages/airflow/example_dags/example_skip_dag.py for tasks to queue
[2025-05-12T22:20:10.424+0500] {logging_mixin.py:151} INFO - [2025-05-12T22:20:10.424+0500] {dagbag.py:536} INFO - Filling up the DagBag from /home/maemoon/Documents/MLOPS_Project/env/lib/python3.10/site-packages/airflow/example_dags/example_skip_dag.py
[2025-05-12T22:20:10.430+0500] {processor.py:839} INFO - DAG(s) dict_keys(['example_skip_dag']) retrieved from /home/maemoon/Documents/MLOPS_Project/env/lib/python3.10/site-packages/airflow/example_dags/example_skip_dag.py
[2025-05-12T22:20:10.444+0500] {logging_mixin.py:151} INFO - [2025-05-12T22:20:10.443+0500] {dag.py:2941} INFO - Sync 1 DAGs
[2025-05-12T22:20:10.459+0500] {logging_mixin.py:151} INFO - [2025-05-12T22:20:10.458+0500] {dag.py:3722} INFO - Setting next_dagrun for example_skip_dag to 2025-05-11T17:20:10.458741+00:00, run_after=2025-05-12T17:20:10.458741+00:00
[2025-05-12T22:20:10.565+0500] {processor.py:179} INFO - Processing /home/maemoon/Documents/MLOPS_Project/env/lib/python3.10/site-packages/airflow/example_dags/example_skip_dag.py took 0.144 seconds
[2025-05-12T22:21:04.629+0500] {processor.py:157} INFO - Started process (PID=69898) to work on /home/maemoon/Documents/MLOPS_Project/env/lib/python3.10/site-packages/airflow/example_dags/example_skip_dag.py
[2025-05-12T22:21:04.630+0500] {processor.py:829} INFO - Processing file /home/maemoon/Documents/MLOPS_Project/env/lib/python3.10/site-packages/airflow/example_dags/example_skip_dag.py for tasks to queue
[2025-05-12T22:21:04.631+0500] {logging_mixin.py:151} INFO - [2025-05-12T22:21:04.630+0500] {dagbag.py:536} INFO - Filling up the DagBag from /home/maemoon/Documents/MLOPS_Project/env/lib/python3.10/site-packages/airflow/example_dags/example_skip_dag.py
[2025-05-12T22:21:04.637+0500] {processor.py:839} INFO - DAG(s) dict_keys(['example_skip_dag']) retrieved from /home/maemoon/Documents/MLOPS_Project/env/lib/python3.10/site-packages/airflow/example_dags/example_skip_dag.py
[2025-05-12T22:21:04.651+0500] {logging_mixin.py:151} INFO - [2025-05-12T22:21:04.651+0500] {dag.py:2941} INFO - Sync 1 DAGs
[2025-05-12T22:21:04.666+0500] {logging_mixin.py:151} INFO - [2025-05-12T22:21:04.666+0500] {dag.py:3722} INFO - Setting next_dagrun for example_skip_dag to 2025-05-11T17:21:04.666275+00:00, run_after=2025-05-12T17:21:04.666275+00:00
[2025-05-12T22:21:04.778+0500] {processor.py:179} INFO - Processing /home/maemoon/Documents/MLOPS_Project/env/lib/python3.10/site-packages/airflow/example_dags/example_skip_dag.py took 0.152 seconds
