[2025-05-12T21:24:27.476+0500] {processor.py:157} INFO - Started process (PID=56328) to work on /home/maemoon/Documents/MLOPS_Project/env/lib/python3.10/site-packages/airflow/example_dags/example_params_trigger_ui.py
[2025-05-12T21:24:27.476+0500] {processor.py:829} INFO - Processing file /home/maemoon/Documents/MLOPS_Project/env/lib/python3.10/site-packages/airflow/example_dags/example_params_trigger_ui.py for tasks to queue
[2025-05-12T21:24:27.477+0500] {logging_mixin.py:151} INFO - [2025-05-12T21:24:27.477+0500] {dagbag.py:536} INFO - Filling up the DagBag from /home/maemoon/Documents/MLOPS_Project/env/lib/python3.10/site-packages/airflow/example_dags/example_params_trigger_ui.py
[2025-05-12T21:24:27.491+0500] {processor.py:839} INFO - DAG(s) dict_keys(['example_params_trigger_ui']) retrieved from /home/maemoon/Documents/MLOPS_Project/env/lib/python3.10/site-packages/airflow/example_dags/example_params_trigger_ui.py
[2025-05-12T21:24:27.881+0500] {logging_mixin.py:151} INFO - [2025-05-12T21:24:27.881+0500] {manager.py:499} INFO - Created Permission View: %s
[2025-05-12T21:24:27.981+0500] {logging_mixin.py:151} INFO - [2025-05-12T21:24:27.981+0500] {manager.py:499} INFO - Created Permission View: %s
[2025-05-12T21:24:28.081+0500] {logging_mixin.py:151} INFO - [2025-05-12T21:24:28.081+0500] {manager.py:499} INFO - Created Permission View: %s
[2025-05-12T21:24:28.081+0500] {logging_mixin.py:151} INFO - [2025-05-12T21:24:28.081+0500] {dag.py:2941} INFO - Sync 1 DAGs
[2025-05-12T21:24:28.093+0500] {logging_mixin.py:151} INFO - [2025-05-12T21:24:28.093+0500] {dag.py:2963} INFO - Creating ORM DAG for example_params_trigger_ui
[2025-05-12T21:24:28.094+0500] {logging_mixin.py:151} INFO - [2025-05-12T21:24:28.094+0500] {dag.py:3722} INFO - Setting next_dagrun for example_params_trigger_ui to None, run_after=None
[2025-05-12T21:24:28.239+0500] {processor.py:179} INFO - Processing /home/maemoon/Documents/MLOPS_Project/env/lib/python3.10/site-packages/airflow/example_dags/example_params_trigger_ui.py took 0.765 seconds
[2025-05-12T21:30:30.346+0500] {processor.py:157} INFO - Started process (PID=57974) to work on /home/maemoon/Documents/MLOPS_Project/env/lib/python3.10/site-packages/airflow/example_dags/example_params_trigger_ui.py
[2025-05-12T21:30:30.347+0500] {processor.py:829} INFO - Processing file /home/maemoon/Documents/MLOPS_Project/env/lib/python3.10/site-packages/airflow/example_dags/example_params_trigger_ui.py for tasks to queue
[2025-05-12T21:30:30.348+0500] {logging_mixin.py:151} INFO - [2025-05-12T21:30:30.348+0500] {dagbag.py:536} INFO - Filling up the DagBag from /home/maemoon/Documents/MLOPS_Project/env/lib/python3.10/site-packages/airflow/example_dags/example_params_trigger_ui.py
[2025-05-12T21:30:30.365+0500] {processor.py:839} INFO - DAG(s) dict_keys(['example_params_trigger_ui']) retrieved from /home/maemoon/Documents/MLOPS_Project/env/lib/python3.10/site-packages/airflow/example_dags/example_params_trigger_ui.py
[2025-05-12T21:30:30.420+0500] {logging_mixin.py:151} INFO - [2025-05-12T21:30:30.420+0500] {dag.py:2941} INFO - Sync 1 DAGs
[2025-05-12T21:30:30.437+0500] {logging_mixin.py:151} INFO - [2025-05-12T21:30:30.437+0500] {dag.py:3722} INFO - Setting next_dagrun for example_params_trigger_ui to None, run_after=None
[2025-05-12T21:30:30.549+0500] {processor.py:179} INFO - Processing /home/maemoon/Documents/MLOPS_Project/env/lib/python3.10/site-packages/airflow/example_dags/example_params_trigger_ui.py took 0.206 seconds
[2025-05-12T21:31:54.040+0500] {processor.py:157} INFO - Started process (PID=58594) to work on /home/maemoon/Documents/MLOPS_Project/env/lib/python3.10/site-packages/airflow/example_dags/example_params_trigger_ui.py
[2025-05-12T21:31:54.042+0500] {processor.py:829} INFO - Processing file /home/maemoon/Documents/MLOPS_Project/env/lib/python3.10/site-packages/airflow/example_dags/example_params_trigger_ui.py for tasks to queue
[2025-05-12T21:31:54.042+0500] {logging_mixin.py:151} INFO - [2025-05-12T21:31:54.042+0500] {dagbag.py:536} INFO - Filling up the DagBag from /home/maemoon/Documents/MLOPS_Project/env/lib/python3.10/site-packages/airflow/example_dags/example_params_trigger_ui.py
[2025-05-12T21:31:54.056+0500] {processor.py:839} INFO - DAG(s) dict_keys(['example_params_trigger_ui']) retrieved from /home/maemoon/Documents/MLOPS_Project/env/lib/python3.10/site-packages/airflow/example_dags/example_params_trigger_ui.py
[2025-05-12T21:31:54.090+0500] {logging_mixin.py:151} INFO - [2025-05-12T21:31:54.090+0500] {dag.py:2941} INFO - Sync 1 DAGs
[2025-05-12T21:31:54.099+0500] {logging_mixin.py:151} INFO - [2025-05-12T21:31:54.099+0500] {dag.py:3722} INFO - Setting next_dagrun for example_params_trigger_ui to None, run_after=None
[2025-05-12T21:31:54.192+0500] {processor.py:179} INFO - Processing /home/maemoon/Documents/MLOPS_Project/env/lib/python3.10/site-packages/airflow/example_dags/example_params_trigger_ui.py took 0.154 seconds
[2025-05-12T21:33:18.531+0500] {processor.py:157} INFO - Started process (PID=59268) to work on /home/maemoon/Documents/MLOPS_Project/env/lib/python3.10/site-packages/airflow/example_dags/example_params_trigger_ui.py
[2025-05-12T21:33:18.544+0500] {processor.py:829} INFO - Processing file /home/maemoon/Documents/MLOPS_Project/env/lib/python3.10/site-packages/airflow/example_dags/example_params_trigger_ui.py for tasks to queue
[2025-05-12T21:33:18.546+0500] {logging_mixin.py:151} INFO - [2025-05-12T21:33:18.545+0500] {dagbag.py:536} INFO - Filling up the DagBag from /home/maemoon/Documents/MLOPS_Project/env/lib/python3.10/site-packages/airflow/example_dags/example_params_trigger_ui.py
[2025-05-12T21:33:18.568+0500] {processor.py:839} INFO - DAG(s) dict_keys(['example_params_trigger_ui']) retrieved from /home/maemoon/Documents/MLOPS_Project/env/lib/python3.10/site-packages/airflow/example_dags/example_params_trigger_ui.py
[2025-05-12T21:33:18.620+0500] {logging_mixin.py:151} INFO - [2025-05-12T21:33:18.620+0500] {dag.py:2941} INFO - Sync 1 DAGs
[2025-05-12T21:33:18.634+0500] {logging_mixin.py:151} INFO - [2025-05-12T21:33:18.634+0500] {dag.py:3722} INFO - Setting next_dagrun for example_params_trigger_ui to None, run_after=None
[2025-05-12T21:33:18.725+0500] {processor.py:179} INFO - Processing /home/maemoon/Documents/MLOPS_Project/env/lib/python3.10/site-packages/airflow/example_dags/example_params_trigger_ui.py took 0.199 seconds
