[2025-05-12T21:24:44.235+0500] {processor.py:157} INFO - Started process (PID=56358) to work on /home/maemoon/Documents/MLOPS_Project/env/lib/python3.10/site-packages/airflow/example_dags/example_branch_datetime_operator.py
[2025-05-12T21:24:44.236+0500] {processor.py:829} INFO - Processing file /home/maemoon/Documents/MLOPS_Project/env/lib/python3.10/site-packages/airflow/example_dags/example_branch_datetime_operator.py for tasks to queue
[2025-05-12T21:24:44.237+0500] {logging_mixin.py:151} INFO - [2025-05-12T21:24:44.236+0500] {dagbag.py:536} INFO - Filling up the DagBag from /home/maemoon/Documents/MLOPS_Project/env/lib/python3.10/site-packages/airflow/example_dags/example_branch_datetime_operator.py
[2025-05-12T21:24:44.249+0500] {processor.py:839} INFO - DAG(s) dict_keys(['example_branch_datetime_operator', 'example_branch_datetime_operator_2', 'example_branch_datetime_operator_3']) retrieved from /home/maemoon/Documents/MLOPS_Project/env/lib/python3.10/site-packages/airflow/example_dags/example_branch_datetime_operator.py
[2025-05-12T21:24:44.591+0500] {logging_mixin.py:151} INFO - [2025-05-12T21:24:44.591+0500] {manager.py:499} INFO - Created Permission View: %s
[2025-05-12T21:24:44.691+0500] {logging_mixin.py:151} INFO - [2025-05-12T21:24:44.691+0500] {manager.py:499} INFO - Created Permission View: %s
[2025-05-12T21:24:44.791+0500] {logging_mixin.py:151} INFO - [2025-05-12T21:24:44.791+0500] {manager.py:499} INFO - Created Permission View: %s
[2025-05-12T21:24:45.036+0500] {logging_mixin.py:151} INFO - [2025-05-12T21:24:45.036+0500] {manager.py:499} INFO - Created Permission View: %s
[2025-05-12T21:24:45.136+0500] {logging_mixin.py:151} INFO - [2025-05-12T21:24:45.135+0500] {manager.py:499} INFO - Created Permission View: %s
[2025-05-12T21:24:45.303+0500] {logging_mixin.py:151} INFO - [2025-05-12T21:24:45.302+0500] {manager.py:499} INFO - Created Permission View: %s
[2025-05-12T21:24:45.513+0500] {logging_mixin.py:151} INFO - [2025-05-12T21:24:45.513+0500] {manager.py:499} INFO - Created Permission View: %s
[2025-05-12T21:24:45.591+0500] {logging_mixin.py:151} INFO - [2025-05-12T21:24:45.591+0500] {manager.py:499} INFO - Created Permission View: %s
[2025-05-12T21:24:45.669+0500] {logging_mixin.py:151} INFO - [2025-05-12T21:24:45.669+0500] {manager.py:499} INFO - Created Permission View: %s
[2025-05-12T21:24:45.669+0500] {logging_mixin.py:151} INFO - [2025-05-12T21:24:45.669+0500] {dag.py:2941} INFO - Sync 3 DAGs
[2025-05-12T21:24:45.677+0500] {logging_mixin.py:151} INFO - [2025-05-12T21:24:45.677+0500] {dag.py:2963} INFO - Creating ORM DAG for example_branch_datetime_operator_3
[2025-05-12T21:24:45.678+0500] {logging_mixin.py:151} INFO - [2025-05-12T21:24:45.678+0500] {dag.py:2963} INFO - Creating ORM DAG for example_branch_datetime_operator
[2025-05-12T21:24:45.678+0500] {logging_mixin.py:151} INFO - [2025-05-12T21:24:45.678+0500] {dag.py:2963} INFO - Creating ORM DAG for example_branch_datetime_operator_2
[2025-05-12T21:24:45.689+0500] {logging_mixin.py:151} INFO - [2025-05-12T21:24:45.689+0500] {dag.py:3722} INFO - Setting next_dagrun for example_branch_datetime_operator to 2025-05-11T00:00:00+00:00, run_after=2025-05-12T00:00:00+00:00
[2025-05-12T21:24:45.691+0500] {logging_mixin.py:151} INFO - [2025-05-12T21:24:45.690+0500] {dag.py:3722} INFO - Setting next_dagrun for example_branch_datetime_operator_2 to 2025-05-11T00:00:00+00:00, run_after=2025-05-12T00:00:00+00:00
[2025-05-12T21:24:45.692+0500] {logging_mixin.py:151} INFO - [2025-05-12T21:24:45.692+0500] {dag.py:3722} INFO - Setting next_dagrun for example_branch_datetime_operator_3 to 2025-05-11T00:00:00+00:00, run_after=2025-05-12T00:00:00+00:00
[2025-05-12T21:24:45.840+0500] {processor.py:179} INFO - Processing /home/maemoon/Documents/MLOPS_Project/env/lib/python3.10/site-packages/airflow/example_dags/example_branch_datetime_operator.py took 1.608 seconds
[2025-05-12T21:30:40.589+0500] {processor.py:157} INFO - Started process (PID=57993) to work on /home/maemoon/Documents/MLOPS_Project/env/lib/python3.10/site-packages/airflow/example_dags/example_branch_datetime_operator.py
[2025-05-12T21:30:40.599+0500] {processor.py:829} INFO - Processing file /home/maemoon/Documents/MLOPS_Project/env/lib/python3.10/site-packages/airflow/example_dags/example_branch_datetime_operator.py for tasks to queue
[2025-05-12T21:30:40.600+0500] {logging_mixin.py:151} INFO - [2025-05-12T21:30:40.599+0500] {dagbag.py:536} INFO - Filling up the DagBag from /home/maemoon/Documents/MLOPS_Project/env/lib/python3.10/site-packages/airflow/example_dags/example_branch_datetime_operator.py
[2025-05-12T21:30:40.610+0500] {processor.py:839} INFO - DAG(s) dict_keys(['example_branch_datetime_operator_2', 'example_branch_datetime_operator', 'example_branch_datetime_operator_3']) retrieved from /home/maemoon/Documents/MLOPS_Project/env/lib/python3.10/site-packages/airflow/example_dags/example_branch_datetime_operator.py
[2025-05-12T21:30:40.645+0500] {logging_mixin.py:151} INFO - [2025-05-12T21:30:40.645+0500] {dag.py:2941} INFO - Sync 3 DAGs
[2025-05-12T21:30:40.671+0500] {logging_mixin.py:151} INFO - [2025-05-12T21:30:40.671+0500] {dag.py:3722} INFO - Setting next_dagrun for example_branch_datetime_operator to 2025-05-11T00:00:00+00:00, run_after=2025-05-12T00:00:00+00:00
[2025-05-12T21:30:40.676+0500] {logging_mixin.py:151} INFO - [2025-05-12T21:30:40.676+0500] {dag.py:3722} INFO - Setting next_dagrun for example_branch_datetime_operator_2 to 2025-05-11T00:00:00+00:00, run_after=2025-05-12T00:00:00+00:00
[2025-05-12T21:30:40.678+0500] {logging_mixin.py:151} INFO - [2025-05-12T21:30:40.678+0500] {dag.py:3722} INFO - Setting next_dagrun for example_branch_datetime_operator_3 to 2025-05-11T00:00:00+00:00, run_after=2025-05-12T00:00:00+00:00
[2025-05-12T21:30:40.771+0500] {processor.py:179} INFO - Processing /home/maemoon/Documents/MLOPS_Project/env/lib/python3.10/site-packages/airflow/example_dags/example_branch_datetime_operator.py took 0.185 seconds
[2025-05-12T21:32:04.686+0500] {processor.py:157} INFO - Started process (PID=58635) to work on /home/maemoon/Documents/MLOPS_Project/env/lib/python3.10/site-packages/airflow/example_dags/example_branch_datetime_operator.py
[2025-05-12T21:32:04.707+0500] {processor.py:829} INFO - Processing file /home/maemoon/Documents/MLOPS_Project/env/lib/python3.10/site-packages/airflow/example_dags/example_branch_datetime_operator.py for tasks to queue
[2025-05-12T21:32:04.708+0500] {logging_mixin.py:151} INFO - [2025-05-12T21:32:04.708+0500] {dagbag.py:536} INFO - Filling up the DagBag from /home/maemoon/Documents/MLOPS_Project/env/lib/python3.10/site-packages/airflow/example_dags/example_branch_datetime_operator.py
[2025-05-12T21:32:04.720+0500] {processor.py:839} INFO - DAG(s) dict_keys(['example_branch_datetime_operator_2', 'example_branch_datetime_operator_3', 'example_branch_datetime_operator']) retrieved from /home/maemoon/Documents/MLOPS_Project/env/lib/python3.10/site-packages/airflow/example_dags/example_branch_datetime_operator.py
[2025-05-12T21:32:04.749+0500] {logging_mixin.py:151} INFO - [2025-05-12T21:32:04.749+0500] {dag.py:2941} INFO - Sync 3 DAGs
[2025-05-12T21:32:04.774+0500] {logging_mixin.py:151} INFO - [2025-05-12T21:32:04.774+0500] {dag.py:3722} INFO - Setting next_dagrun for example_branch_datetime_operator to 2025-05-11T00:00:00+00:00, run_after=2025-05-12T00:00:00+00:00
[2025-05-12T21:32:04.779+0500] {logging_mixin.py:151} INFO - [2025-05-12T21:32:04.779+0500] {dag.py:3722} INFO - Setting next_dagrun for example_branch_datetime_operator_2 to 2025-05-11T00:00:00+00:00, run_after=2025-05-12T00:00:00+00:00
[2025-05-12T21:32:04.782+0500] {logging_mixin.py:151} INFO - [2025-05-12T21:32:04.781+0500] {dag.py:3722} INFO - Setting next_dagrun for example_branch_datetime_operator_3 to 2025-05-11T00:00:00+00:00, run_after=2025-05-12T00:00:00+00:00
[2025-05-12T21:32:04.874+0500] {processor.py:179} INFO - Processing /home/maemoon/Documents/MLOPS_Project/env/lib/python3.10/site-packages/airflow/example_dags/example_branch_datetime_operator.py took 0.191 seconds
[2025-05-12T21:33:30.390+0500] {processor.py:157} INFO - Started process (PID=59313) to work on /home/maemoon/Documents/MLOPS_Project/env/lib/python3.10/site-packages/airflow/example_dags/example_branch_datetime_operator.py
[2025-05-12T21:33:30.414+0500] {processor.py:829} INFO - Processing file /home/maemoon/Documents/MLOPS_Project/env/lib/python3.10/site-packages/airflow/example_dags/example_branch_datetime_operator.py for tasks to queue
[2025-05-12T21:33:30.415+0500] {logging_mixin.py:151} INFO - [2025-05-12T21:33:30.415+0500] {dagbag.py:536} INFO - Filling up the DagBag from /home/maemoon/Documents/MLOPS_Project/env/lib/python3.10/site-packages/airflow/example_dags/example_branch_datetime_operator.py
[2025-05-12T21:33:30.424+0500] {processor.py:839} INFO - DAG(s) dict_keys(['example_branch_datetime_operator_2', 'example_branch_datetime_operator', 'example_branch_datetime_operator_3']) retrieved from /home/maemoon/Documents/MLOPS_Project/env/lib/python3.10/site-packages/airflow/example_dags/example_branch_datetime_operator.py
[2025-05-12T21:33:30.452+0500] {logging_mixin.py:151} INFO - [2025-05-12T21:33:30.452+0500] {dag.py:2941} INFO - Sync 3 DAGs
[2025-05-12T21:33:30.474+0500] {logging_mixin.py:151} INFO - [2025-05-12T21:33:30.473+0500] {dag.py:3722} INFO - Setting next_dagrun for example_branch_datetime_operator to 2025-05-11T00:00:00+00:00, run_after=2025-05-12T00:00:00+00:00
[2025-05-12T21:33:30.481+0500] {logging_mixin.py:151} INFO - [2025-05-12T21:33:30.481+0500] {dag.py:3722} INFO - Setting next_dagrun for example_branch_datetime_operator_2 to 2025-05-11T00:00:00+00:00, run_after=2025-05-12T00:00:00+00:00
[2025-05-12T21:33:30.484+0500] {logging_mixin.py:151} INFO - [2025-05-12T21:33:30.484+0500] {dag.py:3722} INFO - Setting next_dagrun for example_branch_datetime_operator_3 to 2025-05-11T00:00:00+00:00, run_after=2025-05-12T00:00:00+00:00
[2025-05-12T21:33:30.604+0500] {processor.py:179} INFO - Processing /home/maemoon/Documents/MLOPS_Project/env/lib/python3.10/site-packages/airflow/example_dags/example_branch_datetime_operator.py took 0.217 seconds
[2025-05-12T21:34:40.832+0500] {processor.py:157} INFO - Started process (PID=59485) to work on /home/maemoon/Documents/MLOPS_Project/env/lib/python3.10/site-packages/airflow/example_dags/example_branch_datetime_operator.py
[2025-05-12T21:34:40.833+0500] {processor.py:829} INFO - Processing file /home/maemoon/Documents/MLOPS_Project/env/lib/python3.10/site-packages/airflow/example_dags/example_branch_datetime_operator.py for tasks to queue
[2025-05-12T21:34:40.834+0500] {logging_mixin.py:151} INFO - [2025-05-12T21:34:40.834+0500] {dagbag.py:536} INFO - Filling up the DagBag from /home/maemoon/Documents/MLOPS_Project/env/lib/python3.10/site-packages/airflow/example_dags/example_branch_datetime_operator.py
[2025-05-12T21:34:40.842+0500] {processor.py:839} INFO - DAG(s) dict_keys(['example_branch_datetime_operator', 'example_branch_datetime_operator_3', 'example_branch_datetime_operator_2']) retrieved from /home/maemoon/Documents/MLOPS_Project/env/lib/python3.10/site-packages/airflow/example_dags/example_branch_datetime_operator.py
[2025-05-12T21:34:40.860+0500] {logging_mixin.py:151} INFO - [2025-05-12T21:34:40.860+0500] {dag.py:2941} INFO - Sync 3 DAGs
[2025-05-12T21:34:40.877+0500] {logging_mixin.py:151} INFO - [2025-05-12T21:34:40.877+0500] {dag.py:3722} INFO - Setting next_dagrun for example_branch_datetime_operator to 2025-05-11T00:00:00+00:00, run_after=2025-05-12T00:00:00+00:00
[2025-05-12T21:34:40.881+0500] {logging_mixin.py:151} INFO - [2025-05-12T21:34:40.881+0500] {dag.py:3722} INFO - Setting next_dagrun for example_branch_datetime_operator_2 to 2025-05-11T00:00:00+00:00, run_after=2025-05-12T00:00:00+00:00
[2025-05-12T21:34:40.883+0500] {logging_mixin.py:151} INFO - [2025-05-12T21:34:40.883+0500] {dag.py:3722} INFO - Setting next_dagrun for example_branch_datetime_operator_3 to 2025-05-11T00:00:00+00:00, run_after=2025-05-12T00:00:00+00:00
[2025-05-12T21:34:40.976+0500] {processor.py:179} INFO - Processing /home/maemoon/Documents/MLOPS_Project/env/lib/python3.10/site-packages/airflow/example_dags/example_branch_datetime_operator.py took 0.147 seconds
[2025-05-12T21:35:33.256+0500] {processor.py:157} INFO - Started process (PID=59709) to work on /home/maemoon/Documents/MLOPS_Project/env/lib/python3.10/site-packages/airflow/example_dags/example_branch_datetime_operator.py
[2025-05-12T21:35:33.275+0500] {processor.py:829} INFO - Processing file /home/maemoon/Documents/MLOPS_Project/env/lib/python3.10/site-packages/airflow/example_dags/example_branch_datetime_operator.py for tasks to queue
[2025-05-12T21:35:33.276+0500] {logging_mixin.py:151} INFO - [2025-05-12T21:35:33.276+0500] {dagbag.py:536} INFO - Filling up the DagBag from /home/maemoon/Documents/MLOPS_Project/env/lib/python3.10/site-packages/airflow/example_dags/example_branch_datetime_operator.py
[2025-05-12T21:35:33.285+0500] {processor.py:839} INFO - DAG(s) dict_keys(['example_branch_datetime_operator', 'example_branch_datetime_operator_2', 'example_branch_datetime_operator_3']) retrieved from /home/maemoon/Documents/MLOPS_Project/env/lib/python3.10/site-packages/airflow/example_dags/example_branch_datetime_operator.py
[2025-05-12T21:35:33.304+0500] {logging_mixin.py:151} INFO - [2025-05-12T21:35:33.304+0500] {dag.py:2941} INFO - Sync 3 DAGs
[2025-05-12T21:35:33.321+0500] {logging_mixin.py:151} INFO - [2025-05-12T21:35:33.321+0500] {dag.py:3722} INFO - Setting next_dagrun for example_branch_datetime_operator to 2025-05-11T00:00:00+00:00, run_after=2025-05-12T00:00:00+00:00
[2025-05-12T21:35:33.324+0500] {logging_mixin.py:151} INFO - [2025-05-12T21:35:33.324+0500] {dag.py:3722} INFO - Setting next_dagrun for example_branch_datetime_operator_2 to 2025-05-11T00:00:00+00:00, run_after=2025-05-12T00:00:00+00:00
[2025-05-12T21:35:33.326+0500] {logging_mixin.py:151} INFO - [2025-05-12T21:35:33.326+0500] {dag.py:3722} INFO - Setting next_dagrun for example_branch_datetime_operator_3 to 2025-05-11T00:00:00+00:00, run_after=2025-05-12T00:00:00+00:00
[2025-05-12T21:35:33.452+0500] {processor.py:179} INFO - Processing /home/maemoon/Documents/MLOPS_Project/env/lib/python3.10/site-packages/airflow/example_dags/example_branch_datetime_operator.py took 0.198 seconds
[2025-05-12T21:53:02.186+0500] {processor.py:157} INFO - Started process (PID=63987) to work on /home/maemoon/Documents/MLOPS_Project/env/lib/python3.10/site-packages/airflow/example_dags/example_branch_datetime_operator.py
[2025-05-12T21:53:02.187+0500] {processor.py:829} INFO - Processing file /home/maemoon/Documents/MLOPS_Project/env/lib/python3.10/site-packages/airflow/example_dags/example_branch_datetime_operator.py for tasks to queue
[2025-05-12T21:53:02.188+0500] {logging_mixin.py:151} INFO - [2025-05-12T21:53:02.188+0500] {dagbag.py:536} INFO - Filling up the DagBag from /home/maemoon/Documents/MLOPS_Project/env/lib/python3.10/site-packages/airflow/example_dags/example_branch_datetime_operator.py
[2025-05-12T21:53:02.198+0500] {processor.py:839} INFO - DAG(s) dict_keys(['example_branch_datetime_operator_3', 'example_branch_datetime_operator_2', 'example_branch_datetime_operator']) retrieved from /home/maemoon/Documents/MLOPS_Project/env/lib/python3.10/site-packages/airflow/example_dags/example_branch_datetime_operator.py
[2025-05-12T21:53:02.220+0500] {logging_mixin.py:151} INFO - [2025-05-12T21:53:02.220+0500] {dag.py:2941} INFO - Sync 3 DAGs
[2025-05-12T21:53:02.239+0500] {logging_mixin.py:151} INFO - [2025-05-12T21:53:02.239+0500] {dag.py:3722} INFO - Setting next_dagrun for example_branch_datetime_operator to 2025-05-11T00:00:00+00:00, run_after=2025-05-12T00:00:00+00:00
[2025-05-12T21:53:02.244+0500] {logging_mixin.py:151} INFO - [2025-05-12T21:53:02.244+0500] {dag.py:3722} INFO - Setting next_dagrun for example_branch_datetime_operator_2 to 2025-05-11T00:00:00+00:00, run_after=2025-05-12T00:00:00+00:00
[2025-05-12T21:53:02.246+0500] {logging_mixin.py:151} INFO - [2025-05-12T21:53:02.246+0500] {dag.py:3722} INFO - Setting next_dagrun for example_branch_datetime_operator_3 to 2025-05-11T00:00:00+00:00, run_after=2025-05-12T00:00:00+00:00
[2025-05-12T21:53:02.341+0500] {processor.py:179} INFO - Processing /home/maemoon/Documents/MLOPS_Project/env/lib/python3.10/site-packages/airflow/example_dags/example_branch_datetime_operator.py took 0.158 seconds
[2025-05-12T21:54:02.434+0500] {processor.py:157} INFO - Started process (PID=64142) to work on /home/maemoon/Documents/MLOPS_Project/env/lib/python3.10/site-packages/airflow/example_dags/example_branch_datetime_operator.py
[2025-05-12T21:54:02.435+0500] {processor.py:829} INFO - Processing file /home/maemoon/Documents/MLOPS_Project/env/lib/python3.10/site-packages/airflow/example_dags/example_branch_datetime_operator.py for tasks to queue
[2025-05-12T21:54:02.436+0500] {logging_mixin.py:151} INFO - [2025-05-12T21:54:02.436+0500] {dagbag.py:536} INFO - Filling up the DagBag from /home/maemoon/Documents/MLOPS_Project/env/lib/python3.10/site-packages/airflow/example_dags/example_branch_datetime_operator.py
[2025-05-12T21:54:02.447+0500] {processor.py:839} INFO - DAG(s) dict_keys(['example_branch_datetime_operator', 'example_branch_datetime_operator_3', 'example_branch_datetime_operator_2']) retrieved from /home/maemoon/Documents/MLOPS_Project/env/lib/python3.10/site-packages/airflow/example_dags/example_branch_datetime_operator.py
[2025-05-12T21:54:02.470+0500] {logging_mixin.py:151} INFO - [2025-05-12T21:54:02.470+0500] {dag.py:2941} INFO - Sync 3 DAGs
[2025-05-12T21:54:02.496+0500] {logging_mixin.py:151} INFO - [2025-05-12T21:54:02.496+0500] {dag.py:3722} INFO - Setting next_dagrun for example_branch_datetime_operator to 2025-05-11T00:00:00+00:00, run_after=2025-05-12T00:00:00+00:00
[2025-05-12T21:54:02.500+0500] {logging_mixin.py:151} INFO - [2025-05-12T21:54:02.500+0500] {dag.py:3722} INFO - Setting next_dagrun for example_branch_datetime_operator_2 to 2025-05-11T00:00:00+00:00, run_after=2025-05-12T00:00:00+00:00
[2025-05-12T21:54:02.502+0500] {logging_mixin.py:151} INFO - [2025-05-12T21:54:02.502+0500] {dag.py:3722} INFO - Setting next_dagrun for example_branch_datetime_operator_3 to 2025-05-11T00:00:00+00:00, run_after=2025-05-12T00:00:00+00:00
[2025-05-12T21:54:02.588+0500] {processor.py:179} INFO - Processing /home/maemoon/Documents/MLOPS_Project/env/lib/python3.10/site-packages/airflow/example_dags/example_branch_datetime_operator.py took 0.160 seconds
[2025-05-12T21:55:06.137+0500] {processor.py:157} INFO - Started process (PID=64552) to work on /home/maemoon/Documents/MLOPS_Project/env/lib/python3.10/site-packages/airflow/example_dags/example_branch_datetime_operator.py
[2025-05-12T21:55:06.178+0500] {processor.py:829} INFO - Processing file /home/maemoon/Documents/MLOPS_Project/env/lib/python3.10/site-packages/airflow/example_dags/example_branch_datetime_operator.py for tasks to queue
[2025-05-12T21:55:06.179+0500] {logging_mixin.py:151} INFO - [2025-05-12T21:55:06.179+0500] {dagbag.py:536} INFO - Filling up the DagBag from /home/maemoon/Documents/MLOPS_Project/env/lib/python3.10/site-packages/airflow/example_dags/example_branch_datetime_operator.py
[2025-05-12T21:55:06.188+0500] {processor.py:839} INFO - DAG(s) dict_keys(['example_branch_datetime_operator_3', 'example_branch_datetime_operator_2', 'example_branch_datetime_operator']) retrieved from /home/maemoon/Documents/MLOPS_Project/env/lib/python3.10/site-packages/airflow/example_dags/example_branch_datetime_operator.py
[2025-05-12T21:55:06.208+0500] {logging_mixin.py:151} INFO - [2025-05-12T21:55:06.207+0500] {dag.py:2941} INFO - Sync 3 DAGs
[2025-05-12T21:55:06.224+0500] {logging_mixin.py:151} INFO - [2025-05-12T21:55:06.224+0500] {dag.py:3722} INFO - Setting next_dagrun for example_branch_datetime_operator to 2025-05-11T00:00:00+00:00, run_after=2025-05-12T00:00:00+00:00
[2025-05-12T21:55:06.228+0500] {logging_mixin.py:151} INFO - [2025-05-12T21:55:06.228+0500] {dag.py:3722} INFO - Setting next_dagrun for example_branch_datetime_operator_2 to 2025-05-11T00:00:00+00:00, run_after=2025-05-12T00:00:00+00:00
[2025-05-12T21:55:06.230+0500] {logging_mixin.py:151} INFO - [2025-05-12T21:55:06.230+0500] {dag.py:3722} INFO - Setting next_dagrun for example_branch_datetime_operator_3 to 2025-05-11T00:00:00+00:00, run_after=2025-05-12T00:00:00+00:00
[2025-05-12T21:55:06.334+0500] {processor.py:179} INFO - Processing /home/maemoon/Documents/MLOPS_Project/env/lib/python3.10/site-packages/airflow/example_dags/example_branch_datetime_operator.py took 0.200 seconds
[2025-05-12T21:56:50.064+0500] {processor.py:157} INFO - Started process (PID=65337) to work on /home/maemoon/Documents/MLOPS_Project/env/lib/python3.10/site-packages/airflow/example_dags/example_branch_datetime_operator.py
[2025-05-12T21:56:50.065+0500] {processor.py:829} INFO - Processing file /home/maemoon/Documents/MLOPS_Project/env/lib/python3.10/site-packages/airflow/example_dags/example_branch_datetime_operator.py for tasks to queue
[2025-05-12T21:56:50.066+0500] {logging_mixin.py:151} INFO - [2025-05-12T21:56:50.065+0500] {dagbag.py:536} INFO - Filling up the DagBag from /home/maemoon/Documents/MLOPS_Project/env/lib/python3.10/site-packages/airflow/example_dags/example_branch_datetime_operator.py
[2025-05-12T21:56:50.073+0500] {processor.py:839} INFO - DAG(s) dict_keys(['example_branch_datetime_operator', 'example_branch_datetime_operator_2', 'example_branch_datetime_operator_3']) retrieved from /home/maemoon/Documents/MLOPS_Project/env/lib/python3.10/site-packages/airflow/example_dags/example_branch_datetime_operator.py
[2025-05-12T21:56:50.091+0500] {logging_mixin.py:151} INFO - [2025-05-12T21:56:50.091+0500] {dag.py:2941} INFO - Sync 3 DAGs
[2025-05-12T21:56:50.107+0500] {logging_mixin.py:151} INFO - [2025-05-12T21:56:50.107+0500] {dag.py:3722} INFO - Setting next_dagrun for example_branch_datetime_operator to 2025-05-11T00:00:00+00:00, run_after=2025-05-12T00:00:00+00:00
[2025-05-12T21:56:50.111+0500] {logging_mixin.py:151} INFO - [2025-05-12T21:56:50.111+0500] {dag.py:3722} INFO - Setting next_dagrun for example_branch_datetime_operator_2 to 2025-05-11T00:00:00+00:00, run_after=2025-05-12T00:00:00+00:00
[2025-05-12T21:56:50.113+0500] {logging_mixin.py:151} INFO - [2025-05-12T21:56:50.113+0500] {dag.py:3722} INFO - Setting next_dagrun for example_branch_datetime_operator_3 to 2025-05-11T00:00:00+00:00, run_after=2025-05-12T00:00:00+00:00
[2025-05-12T21:56:50.219+0500] {processor.py:179} INFO - Processing /home/maemoon/Documents/MLOPS_Project/env/lib/python3.10/site-packages/airflow/example_dags/example_branch_datetime_operator.py took 0.157 seconds
[2025-05-12T21:58:04.761+0500] {processor.py:157} INFO - Started process (PID=65470) to work on /home/maemoon/Documents/MLOPS_Project/env/lib/python3.10/site-packages/airflow/example_dags/example_branch_datetime_operator.py
[2025-05-12T21:58:04.769+0500] {processor.py:829} INFO - Processing file /home/maemoon/Documents/MLOPS_Project/env/lib/python3.10/site-packages/airflow/example_dags/example_branch_datetime_operator.py for tasks to queue
[2025-05-12T21:58:04.770+0500] {logging_mixin.py:151} INFO - [2025-05-12T21:58:04.769+0500] {dagbag.py:536} INFO - Filling up the DagBag from /home/maemoon/Documents/MLOPS_Project/env/lib/python3.10/site-packages/airflow/example_dags/example_branch_datetime_operator.py
[2025-05-12T21:58:04.778+0500] {processor.py:839} INFO - DAG(s) dict_keys(['example_branch_datetime_operator_3', 'example_branch_datetime_operator_2', 'example_branch_datetime_operator']) retrieved from /home/maemoon/Documents/MLOPS_Project/env/lib/python3.10/site-packages/airflow/example_dags/example_branch_datetime_operator.py
[2025-05-12T21:58:04.796+0500] {logging_mixin.py:151} INFO - [2025-05-12T21:58:04.796+0500] {dag.py:2941} INFO - Sync 3 DAGs
[2025-05-12T21:58:04.813+0500] {logging_mixin.py:151} INFO - [2025-05-12T21:58:04.812+0500] {dag.py:3722} INFO - Setting next_dagrun for example_branch_datetime_operator to 2025-05-11T00:00:00+00:00, run_after=2025-05-12T00:00:00+00:00
[2025-05-12T21:58:04.816+0500] {logging_mixin.py:151} INFO - [2025-05-12T21:58:04.816+0500] {dag.py:3722} INFO - Setting next_dagrun for example_branch_datetime_operator_2 to 2025-05-11T00:00:00+00:00, run_after=2025-05-12T00:00:00+00:00
[2025-05-12T21:58:04.818+0500] {logging_mixin.py:151} INFO - [2025-05-12T21:58:04.818+0500] {dag.py:3722} INFO - Setting next_dagrun for example_branch_datetime_operator_3 to 2025-05-11T00:00:00+00:00, run_after=2025-05-12T00:00:00+00:00
[2025-05-12T21:58:04.913+0500] {processor.py:179} INFO - Processing /home/maemoon/Documents/MLOPS_Project/env/lib/python3.10/site-packages/airflow/example_dags/example_branch_datetime_operator.py took 0.155 seconds
[2025-05-12T21:59:00.696+0500] {processor.py:157} INFO - Started process (PID=65716) to work on /home/maemoon/Documents/MLOPS_Project/env/lib/python3.10/site-packages/airflow/example_dags/example_branch_datetime_operator.py
[2025-05-12T21:59:00.698+0500] {processor.py:829} INFO - Processing file /home/maemoon/Documents/MLOPS_Project/env/lib/python3.10/site-packages/airflow/example_dags/example_branch_datetime_operator.py for tasks to queue
[2025-05-12T21:59:00.700+0500] {logging_mixin.py:151} INFO - [2025-05-12T21:59:00.699+0500] {dagbag.py:536} INFO - Filling up the DagBag from /home/maemoon/Documents/MLOPS_Project/env/lib/python3.10/site-packages/airflow/example_dags/example_branch_datetime_operator.py
[2025-05-12T21:59:00.712+0500] {processor.py:839} INFO - DAG(s) dict_keys(['example_branch_datetime_operator', 'example_branch_datetime_operator_2', 'example_branch_datetime_operator_3']) retrieved from /home/maemoon/Documents/MLOPS_Project/env/lib/python3.10/site-packages/airflow/example_dags/example_branch_datetime_operator.py
[2025-05-12T21:59:00.735+0500] {logging_mixin.py:151} INFO - [2025-05-12T21:59:00.735+0500] {dag.py:2941} INFO - Sync 3 DAGs
[2025-05-12T21:59:00.756+0500] {logging_mixin.py:151} INFO - [2025-05-12T21:59:00.755+0500] {dag.py:3722} INFO - Setting next_dagrun for example_branch_datetime_operator to 2025-05-11T00:00:00+00:00, run_after=2025-05-12T00:00:00+00:00
[2025-05-12T21:59:00.759+0500] {logging_mixin.py:151} INFO - [2025-05-12T21:59:00.759+0500] {dag.py:3722} INFO - Setting next_dagrun for example_branch_datetime_operator_2 to 2025-05-11T00:00:00+00:00, run_after=2025-05-12T00:00:00+00:00
[2025-05-12T21:59:00.761+0500] {logging_mixin.py:151} INFO - [2025-05-12T21:59:00.761+0500] {dag.py:3722} INFO - Setting next_dagrun for example_branch_datetime_operator_3 to 2025-05-11T00:00:00+00:00, run_after=2025-05-12T00:00:00+00:00
[2025-05-12T21:59:00.844+0500] {processor.py:179} INFO - Processing /home/maemoon/Documents/MLOPS_Project/env/lib/python3.10/site-packages/airflow/example_dags/example_branch_datetime_operator.py took 0.151 seconds
[2025-05-12T21:59:59.703+0500] {processor.py:157} INFO - Started process (PID=65813) to work on /home/maemoon/Documents/MLOPS_Project/env/lib/python3.10/site-packages/airflow/example_dags/example_branch_datetime_operator.py
[2025-05-12T21:59:59.704+0500] {processor.py:829} INFO - Processing file /home/maemoon/Documents/MLOPS_Project/env/lib/python3.10/site-packages/airflow/example_dags/example_branch_datetime_operator.py for tasks to queue
[2025-05-12T21:59:59.705+0500] {logging_mixin.py:151} INFO - [2025-05-12T21:59:59.705+0500] {dagbag.py:536} INFO - Filling up the DagBag from /home/maemoon/Documents/MLOPS_Project/env/lib/python3.10/site-packages/airflow/example_dags/example_branch_datetime_operator.py
[2025-05-12T21:59:59.713+0500] {processor.py:839} INFO - DAG(s) dict_keys(['example_branch_datetime_operator_2', 'example_branch_datetime_operator_3', 'example_branch_datetime_operator']) retrieved from /home/maemoon/Documents/MLOPS_Project/env/lib/python3.10/site-packages/airflow/example_dags/example_branch_datetime_operator.py
[2025-05-12T21:59:59.735+0500] {logging_mixin.py:151} INFO - [2025-05-12T21:59:59.735+0500] {dag.py:2941} INFO - Sync 3 DAGs
[2025-05-12T21:59:59.753+0500] {logging_mixin.py:151} INFO - [2025-05-12T21:59:59.753+0500] {dag.py:3722} INFO - Setting next_dagrun for example_branch_datetime_operator to 2025-05-11T00:00:00+00:00, run_after=2025-05-12T00:00:00+00:00
[2025-05-12T21:59:59.757+0500] {logging_mixin.py:151} INFO - [2025-05-12T21:59:59.756+0500] {dag.py:3722} INFO - Setting next_dagrun for example_branch_datetime_operator_2 to 2025-05-11T00:00:00+00:00, run_after=2025-05-12T00:00:00+00:00
[2025-05-12T21:59:59.759+0500] {logging_mixin.py:151} INFO - [2025-05-12T21:59:59.759+0500] {dag.py:3722} INFO - Setting next_dagrun for example_branch_datetime_operator_3 to 2025-05-11T00:00:00+00:00, run_after=2025-05-12T00:00:00+00:00
[2025-05-12T21:59:59.843+0500] {processor.py:179} INFO - Processing /home/maemoon/Documents/MLOPS_Project/env/lib/python3.10/site-packages/airflow/example_dags/example_branch_datetime_operator.py took 0.141 seconds
[2025-05-12T22:01:13.336+0500] {processor.py:157} INFO - Started process (PID=66168) to work on /home/maemoon/Documents/MLOPS_Project/env/lib/python3.10/site-packages/airflow/example_dags/example_branch_datetime_operator.py
[2025-05-12T22:01:13.337+0500] {processor.py:829} INFO - Processing file /home/maemoon/Documents/MLOPS_Project/env/lib/python3.10/site-packages/airflow/example_dags/example_branch_datetime_operator.py for tasks to queue
[2025-05-12T22:01:13.338+0500] {logging_mixin.py:151} INFO - [2025-05-12T22:01:13.338+0500] {dagbag.py:536} INFO - Filling up the DagBag from /home/maemoon/Documents/MLOPS_Project/env/lib/python3.10/site-packages/airflow/example_dags/example_branch_datetime_operator.py
[2025-05-12T22:01:13.347+0500] {processor.py:839} INFO - DAG(s) dict_keys(['example_branch_datetime_operator_3', 'example_branch_datetime_operator', 'example_branch_datetime_operator_2']) retrieved from /home/maemoon/Documents/MLOPS_Project/env/lib/python3.10/site-packages/airflow/example_dags/example_branch_datetime_operator.py
[2025-05-12T22:01:13.367+0500] {logging_mixin.py:151} INFO - [2025-05-12T22:01:13.366+0500] {dag.py:2941} INFO - Sync 3 DAGs
[2025-05-12T22:01:13.384+0500] {logging_mixin.py:151} INFO - [2025-05-12T22:01:13.384+0500] {dag.py:3722} INFO - Setting next_dagrun for example_branch_datetime_operator to 2025-05-11T00:00:00+00:00, run_after=2025-05-12T00:00:00+00:00
[2025-05-12T22:01:13.387+0500] {logging_mixin.py:151} INFO - [2025-05-12T22:01:13.387+0500] {dag.py:3722} INFO - Setting next_dagrun for example_branch_datetime_operator_2 to 2025-05-11T00:00:00+00:00, run_after=2025-05-12T00:00:00+00:00
[2025-05-12T22:01:13.389+0500] {logging_mixin.py:151} INFO - [2025-05-12T22:01:13.389+0500] {dag.py:3722} INFO - Setting next_dagrun for example_branch_datetime_operator_3 to 2025-05-11T00:00:00+00:00, run_after=2025-05-12T00:00:00+00:00
[2025-05-12T22:01:13.517+0500] {processor.py:179} INFO - Processing /home/maemoon/Documents/MLOPS_Project/env/lib/python3.10/site-packages/airflow/example_dags/example_branch_datetime_operator.py took 0.183 seconds
[2025-05-12T22:03:20.437+0500] {processor.py:157} INFO - Started process (PID=67250) to work on /home/maemoon/Documents/MLOPS_Project/env/lib/python3.10/site-packages/airflow/example_dags/example_branch_datetime_operator.py
[2025-05-12T22:03:20.438+0500] {processor.py:829} INFO - Processing file /home/maemoon/Documents/MLOPS_Project/env/lib/python3.10/site-packages/airflow/example_dags/example_branch_datetime_operator.py for tasks to queue
[2025-05-12T22:03:20.439+0500] {logging_mixin.py:151} INFO - [2025-05-12T22:03:20.439+0500] {dagbag.py:536} INFO - Filling up the DagBag from /home/maemoon/Documents/MLOPS_Project/env/lib/python3.10/site-packages/airflow/example_dags/example_branch_datetime_operator.py
[2025-05-12T22:03:20.448+0500] {processor.py:839} INFO - DAG(s) dict_keys(['example_branch_datetime_operator_3', 'example_branch_datetime_operator', 'example_branch_datetime_operator_2']) retrieved from /home/maemoon/Documents/MLOPS_Project/env/lib/python3.10/site-packages/airflow/example_dags/example_branch_datetime_operator.py
[2025-05-12T22:03:20.475+0500] {logging_mixin.py:151} INFO - [2025-05-12T22:03:20.474+0500] {dag.py:2941} INFO - Sync 3 DAGs
[2025-05-12T22:03:20.497+0500] {logging_mixin.py:151} INFO - [2025-05-12T22:03:20.496+0500] {dag.py:3722} INFO - Setting next_dagrun for example_branch_datetime_operator to 2025-05-11T00:00:00+00:00, run_after=2025-05-12T00:00:00+00:00
[2025-05-12T22:03:20.503+0500] {logging_mixin.py:151} INFO - [2025-05-12T22:03:20.503+0500] {dag.py:3722} INFO - Setting next_dagrun for example_branch_datetime_operator_2 to 2025-05-11T00:00:00+00:00, run_after=2025-05-12T00:00:00+00:00
[2025-05-12T22:03:20.506+0500] {logging_mixin.py:151} INFO - [2025-05-12T22:03:20.506+0500] {dag.py:3722} INFO - Setting next_dagrun for example_branch_datetime_operator_3 to 2025-05-11T00:00:00+00:00, run_after=2025-05-12T00:00:00+00:00
[2025-05-12T22:03:20.611+0500] {processor.py:179} INFO - Processing /home/maemoon/Documents/MLOPS_Project/env/lib/python3.10/site-packages/airflow/example_dags/example_branch_datetime_operator.py took 0.176 seconds
[2025-05-12T22:04:24.690+0500] {processor.py:157} INFO - Started process (PID=67435) to work on /home/maemoon/Documents/MLOPS_Project/env/lib/python3.10/site-packages/airflow/example_dags/example_branch_datetime_operator.py
[2025-05-12T22:04:24.691+0500] {processor.py:829} INFO - Processing file /home/maemoon/Documents/MLOPS_Project/env/lib/python3.10/site-packages/airflow/example_dags/example_branch_datetime_operator.py for tasks to queue
[2025-05-12T22:04:24.691+0500] {logging_mixin.py:151} INFO - [2025-05-12T22:04:24.691+0500] {dagbag.py:536} INFO - Filling up the DagBag from /home/maemoon/Documents/MLOPS_Project/env/lib/python3.10/site-packages/airflow/example_dags/example_branch_datetime_operator.py
[2025-05-12T22:04:24.704+0500] {processor.py:839} INFO - DAG(s) dict_keys(['example_branch_datetime_operator_2', 'example_branch_datetime_operator_3', 'example_branch_datetime_operator']) retrieved from /home/maemoon/Documents/MLOPS_Project/env/lib/python3.10/site-packages/airflow/example_dags/example_branch_datetime_operator.py
[2025-05-12T22:04:24.723+0500] {logging_mixin.py:151} INFO - [2025-05-12T22:04:24.722+0500] {dag.py:2941} INFO - Sync 3 DAGs
[2025-05-12T22:04:24.739+0500] {logging_mixin.py:151} INFO - [2025-05-12T22:04:24.739+0500] {dag.py:3722} INFO - Setting next_dagrun for example_branch_datetime_operator to 2025-05-11T00:00:00+00:00, run_after=2025-05-12T00:00:00+00:00
[2025-05-12T22:04:24.742+0500] {logging_mixin.py:151} INFO - [2025-05-12T22:04:24.742+0500] {dag.py:3722} INFO - Setting next_dagrun for example_branch_datetime_operator_2 to 2025-05-11T00:00:00+00:00, run_after=2025-05-12T00:00:00+00:00
[2025-05-12T22:04:24.744+0500] {logging_mixin.py:151} INFO - [2025-05-12T22:04:24.744+0500] {dag.py:3722} INFO - Setting next_dagrun for example_branch_datetime_operator_3 to 2025-05-11T00:00:00+00:00, run_after=2025-05-12T00:00:00+00:00
[2025-05-12T22:04:24.850+0500] {processor.py:179} INFO - Processing /home/maemoon/Documents/MLOPS_Project/env/lib/python3.10/site-packages/airflow/example_dags/example_branch_datetime_operator.py took 0.162 seconds
[2025-05-12T22:05:19.320+0500] {processor.py:157} INFO - Started process (PID=67584) to work on /home/maemoon/Documents/MLOPS_Project/env/lib/python3.10/site-packages/airflow/example_dags/example_branch_datetime_operator.py
[2025-05-12T22:05:19.321+0500] {processor.py:829} INFO - Processing file /home/maemoon/Documents/MLOPS_Project/env/lib/python3.10/site-packages/airflow/example_dags/example_branch_datetime_operator.py for tasks to queue
[2025-05-12T22:05:19.322+0500] {logging_mixin.py:151} INFO - [2025-05-12T22:05:19.321+0500] {dagbag.py:536} INFO - Filling up the DagBag from /home/maemoon/Documents/MLOPS_Project/env/lib/python3.10/site-packages/airflow/example_dags/example_branch_datetime_operator.py
[2025-05-12T22:05:19.329+0500] {processor.py:839} INFO - DAG(s) dict_keys(['example_branch_datetime_operator_2', 'example_branch_datetime_operator', 'example_branch_datetime_operator_3']) retrieved from /home/maemoon/Documents/MLOPS_Project/env/lib/python3.10/site-packages/airflow/example_dags/example_branch_datetime_operator.py
[2025-05-12T22:05:19.347+0500] {logging_mixin.py:151} INFO - [2025-05-12T22:05:19.347+0500] {dag.py:2941} INFO - Sync 3 DAGs
[2025-05-12T22:05:19.364+0500] {logging_mixin.py:151} INFO - [2025-05-12T22:05:19.364+0500] {dag.py:3722} INFO - Setting next_dagrun for example_branch_datetime_operator to 2025-05-11T00:00:00+00:00, run_after=2025-05-12T00:00:00+00:00
[2025-05-12T22:05:19.367+0500] {logging_mixin.py:151} INFO - [2025-05-12T22:05:19.367+0500] {dag.py:3722} INFO - Setting next_dagrun for example_branch_datetime_operator_2 to 2025-05-11T00:00:00+00:00, run_after=2025-05-12T00:00:00+00:00
[2025-05-12T22:05:19.369+0500] {logging_mixin.py:151} INFO - [2025-05-12T22:05:19.369+0500] {dag.py:3722} INFO - Setting next_dagrun for example_branch_datetime_operator_3 to 2025-05-11T00:00:00+00:00, run_after=2025-05-12T00:00:00+00:00
[2025-05-12T22:05:19.491+0500] {processor.py:179} INFO - Processing /home/maemoon/Documents/MLOPS_Project/env/lib/python3.10/site-packages/airflow/example_dags/example_branch_datetime_operator.py took 0.174 seconds
[2025-05-12T22:06:32.461+0500] {processor.py:157} INFO - Started process (PID=67747) to work on /home/maemoon/Documents/MLOPS_Project/env/lib/python3.10/site-packages/airflow/example_dags/example_branch_datetime_operator.py
[2025-05-12T22:06:32.462+0500] {processor.py:829} INFO - Processing file /home/maemoon/Documents/MLOPS_Project/env/lib/python3.10/site-packages/airflow/example_dags/example_branch_datetime_operator.py for tasks to queue
[2025-05-12T22:06:32.463+0500] {logging_mixin.py:151} INFO - [2025-05-12T22:06:32.462+0500] {dagbag.py:536} INFO - Filling up the DagBag from /home/maemoon/Documents/MLOPS_Project/env/lib/python3.10/site-packages/airflow/example_dags/example_branch_datetime_operator.py
[2025-05-12T22:06:32.471+0500] {processor.py:839} INFO - DAG(s) dict_keys(['example_branch_datetime_operator', 'example_branch_datetime_operator_3', 'example_branch_datetime_operator_2']) retrieved from /home/maemoon/Documents/MLOPS_Project/env/lib/python3.10/site-packages/airflow/example_dags/example_branch_datetime_operator.py
[2025-05-12T22:06:32.488+0500] {logging_mixin.py:151} INFO - [2025-05-12T22:06:32.488+0500] {dag.py:2941} INFO - Sync 3 DAGs
[2025-05-12T22:06:32.505+0500] {logging_mixin.py:151} INFO - [2025-05-12T22:06:32.505+0500] {dag.py:3722} INFO - Setting next_dagrun for example_branch_datetime_operator to 2025-05-11T00:00:00+00:00, run_after=2025-05-12T00:00:00+00:00
[2025-05-12T22:06:32.508+0500] {logging_mixin.py:151} INFO - [2025-05-12T22:06:32.508+0500] {dag.py:3722} INFO - Setting next_dagrun for example_branch_datetime_operator_2 to 2025-05-11T00:00:00+00:00, run_after=2025-05-12T00:00:00+00:00
[2025-05-12T22:06:32.510+0500] {logging_mixin.py:151} INFO - [2025-05-12T22:06:32.510+0500] {dag.py:3722} INFO - Setting next_dagrun for example_branch_datetime_operator_3 to 2025-05-11T00:00:00+00:00, run_after=2025-05-12T00:00:00+00:00
[2025-05-12T22:06:32.599+0500] {processor.py:179} INFO - Processing /home/maemoon/Documents/MLOPS_Project/env/lib/python3.10/site-packages/airflow/example_dags/example_branch_datetime_operator.py took 0.140 seconds
