[2025-05-12T21:24:48.727+0500] {processor.py:157} INFO - Started process (PID=56360) to work on /home/maemoon/Documents/MLOPS_Project/env/lib/python3.10/site-packages/airflow/example_dags/example_branch_python_dop_operator_3.py
[2025-05-12T21:24:48.728+0500] {processor.py:829} INFO - Processing file /home/maemoon/Documents/MLOPS_Project/env/lib/python3.10/site-packages/airflow/example_dags/example_branch_python_dop_operator_3.py for tasks to queue
[2025-05-12T21:24:48.729+0500] {logging_mixin.py:151} INFO - [2025-05-12T21:24:48.729+0500] {dagbag.py:536} INFO - Filling up the DagBag from /home/maemoon/Documents/MLOPS_Project/env/lib/python3.10/site-packages/airflow/example_dags/example_branch_python_dop_operator_3.py
[2025-05-12T21:24:48.739+0500] {processor.py:839} INFO - DAG(s) dict_keys(['example_branch_dop_operator_v3']) retrieved from /home/maemoon/Documents/MLOPS_Project/env/lib/python3.10/site-packages/airflow/example_dags/example_branch_python_dop_operator_3.py
[2025-05-12T21:24:49.114+0500] {logging_mixin.py:151} INFO - [2025-05-12T21:24:49.113+0500] {manager.py:499} INFO - Created Permission View: %s
[2025-05-12T21:24:49.213+0500] {logging_mixin.py:151} INFO - [2025-05-12T21:24:49.213+0500] {manager.py:499} INFO - Created Permission View: %s
[2025-05-12T21:24:49.291+0500] {logging_mixin.py:151} INFO - [2025-05-12T21:24:49.291+0500] {manager.py:499} INFO - Created Permission View: %s
[2025-05-12T21:24:49.292+0500] {logging_mixin.py:151} INFO - [2025-05-12T21:24:49.292+0500] {dag.py:2941} INFO - Sync 1 DAGs
[2025-05-12T21:24:49.305+0500] {logging_mixin.py:151} INFO - [2025-05-12T21:24:49.305+0500] {dag.py:2963} INFO - Creating ORM DAG for example_branch_dop_operator_v3
[2025-05-12T21:24:49.324+0500] {logging_mixin.py:151} INFO - [2025-05-12T21:24:49.324+0500] {dag.py:3722} INFO - Setting next_dagrun for example_branch_dop_operator_v3 to 2025-05-12T16:23:00+00:00, run_after=2025-05-12T16:24:00+00:00
[2025-05-12T21:24:49.472+0500] {processor.py:179} INFO - Processing /home/maemoon/Documents/MLOPS_Project/env/lib/python3.10/site-packages/airflow/example_dags/example_branch_python_dop_operator_3.py took 0.749 seconds
[2025-05-12T21:30:43.150+0500] {processor.py:157} INFO - Started process (PID=57995) to work on /home/maemoon/Documents/MLOPS_Project/env/lib/python3.10/site-packages/airflow/example_dags/example_branch_python_dop_operator_3.py
[2025-05-12T21:30:43.152+0500] {processor.py:829} INFO - Processing file /home/maemoon/Documents/MLOPS_Project/env/lib/python3.10/site-packages/airflow/example_dags/example_branch_python_dop_operator_3.py for tasks to queue
[2025-05-12T21:30:43.152+0500] {logging_mixin.py:151} INFO - [2025-05-12T21:30:43.152+0500] {dagbag.py:536} INFO - Filling up the DagBag from /home/maemoon/Documents/MLOPS_Project/env/lib/python3.10/site-packages/airflow/example_dags/example_branch_python_dop_operator_3.py
[2025-05-12T21:30:43.160+0500] {processor.py:839} INFO - DAG(s) dict_keys(['example_branch_dop_operator_v3']) retrieved from /home/maemoon/Documents/MLOPS_Project/env/lib/python3.10/site-packages/airflow/example_dags/example_branch_python_dop_operator_3.py
[2025-05-12T21:30:43.181+0500] {logging_mixin.py:151} INFO - [2025-05-12T21:30:43.181+0500] {dag.py:2941} INFO - Sync 1 DAGs
[2025-05-12T21:30:43.208+0500] {logging_mixin.py:151} INFO - [2025-05-12T21:30:43.208+0500] {dag.py:3722} INFO - Setting next_dagrun for example_branch_dop_operator_v3 to 2025-05-12T16:29:00+00:00, run_after=2025-05-12T16:30:00+00:00
[2025-05-12T21:30:43.322+0500] {processor.py:179} INFO - Processing /home/maemoon/Documents/MLOPS_Project/env/lib/python3.10/site-packages/airflow/example_dags/example_branch_python_dop_operator_3.py took 0.174 seconds
[2025-05-12T21:32:06.804+0500] {processor.py:157} INFO - Started process (PID=58641) to work on /home/maemoon/Documents/MLOPS_Project/env/lib/python3.10/site-packages/airflow/example_dags/example_branch_python_dop_operator_3.py
[2025-05-12T21:32:06.805+0500] {processor.py:829} INFO - Processing file /home/maemoon/Documents/MLOPS_Project/env/lib/python3.10/site-packages/airflow/example_dags/example_branch_python_dop_operator_3.py for tasks to queue
[2025-05-12T21:32:06.806+0500] {logging_mixin.py:151} INFO - [2025-05-12T21:32:06.806+0500] {dagbag.py:536} INFO - Filling up the DagBag from /home/maemoon/Documents/MLOPS_Project/env/lib/python3.10/site-packages/airflow/example_dags/example_branch_python_dop_operator_3.py
[2025-05-12T21:32:06.813+0500] {processor.py:839} INFO - DAG(s) dict_keys(['example_branch_dop_operator_v3']) retrieved from /home/maemoon/Documents/MLOPS_Project/env/lib/python3.10/site-packages/airflow/example_dags/example_branch_python_dop_operator_3.py
[2025-05-12T21:32:06.827+0500] {logging_mixin.py:151} INFO - [2025-05-12T21:32:06.827+0500] {dag.py:2941} INFO - Sync 1 DAGs
[2025-05-12T21:32:06.846+0500] {logging_mixin.py:151} INFO - [2025-05-12T21:32:06.846+0500] {dag.py:3722} INFO - Setting next_dagrun for example_branch_dop_operator_v3 to 2025-05-12T16:31:00+00:00, run_after=2025-05-12T16:32:00+00:00
[2025-05-12T21:32:06.940+0500] {processor.py:179} INFO - Processing /home/maemoon/Documents/MLOPS_Project/env/lib/python3.10/site-packages/airflow/example_dags/example_branch_python_dop_operator_3.py took 0.139 seconds
