[2025-05-12T21:24:39.936+0500] {processor.py:157} INFO - Started process (PID=56351) to work on /home/maemoon/Documents/MLOPS_Project/env/lib/python3.10/site-packages/airflow/example_dags/example_dag_decorator.py
[2025-05-12T21:24:39.937+0500] {processor.py:829} INFO - Processing file /home/maemoon/Documents/MLOPS_Project/env/lib/python3.10/site-packages/airflow/example_dags/example_dag_decorator.py for tasks to queue
[2025-05-12T21:24:39.938+0500] {logging_mixin.py:151} INFO - [2025-05-12T21:24:39.937+0500] {dagbag.py:536} INFO - Filling up the DagBag from /home/maemoon/Documents/MLOPS_Project/env/lib/python3.10/site-packages/airflow/example_dags/example_dag_decorator.py
[2025-05-12T21:24:39.992+0500] {processor.py:839} INFO - DAG(s) dict_keys(['example_dag_decorator']) retrieved from /home/maemoon/Documents/MLOPS_Project/env/lib/python3.10/site-packages/airflow/example_dags/example_dag_decorator.py
[2025-05-12T21:24:40.336+0500] {logging_mixin.py:151} INFO - [2025-05-12T21:24:40.336+0500] {manager.py:499} INFO - Created Permission View: %s
[2025-05-12T21:24:40.413+0500] {logging_mixin.py:151} INFO - [2025-05-12T21:24:40.413+0500] {manager.py:499} INFO - Created Permission View: %s
[2025-05-12T21:24:40.492+0500] {logging_mixin.py:151} INFO - [2025-05-12T21:24:40.491+0500] {manager.py:499} INFO - Created Permission View: %s
[2025-05-12T21:24:40.492+0500] {logging_mixin.py:151} INFO - [2025-05-12T21:24:40.492+0500] {dag.py:2941} INFO - Sync 1 DAGs
[2025-05-12T21:24:40.504+0500] {logging_mixin.py:151} INFO - [2025-05-12T21:24:40.504+0500] {dag.py:2963} INFO - Creating ORM DAG for example_dag_decorator
[2025-05-12T21:24:40.505+0500] {logging_mixin.py:151} INFO - [2025-05-12T21:24:40.505+0500] {dag.py:3722} INFO - Setting next_dagrun for example_dag_decorator to None, run_after=None
[2025-05-12T21:24:40.644+0500] {processor.py:179} INFO - Processing /home/maemoon/Documents/MLOPS_Project/env/lib/python3.10/site-packages/airflow/example_dags/example_dag_decorator.py took 0.710 seconds
[2025-05-12T21:30:36.585+0500] {processor.py:157} INFO - Started process (PID=57986) to work on /home/maemoon/Documents/MLOPS_Project/env/lib/python3.10/site-packages/airflow/example_dags/example_dag_decorator.py
[2025-05-12T21:30:36.586+0500] {processor.py:829} INFO - Processing file /home/maemoon/Documents/MLOPS_Project/env/lib/python3.10/site-packages/airflow/example_dags/example_dag_decorator.py for tasks to queue
[2025-05-12T21:30:36.586+0500] {logging_mixin.py:151} INFO - [2025-05-12T21:30:36.586+0500] {dagbag.py:536} INFO - Filling up the DagBag from /home/maemoon/Documents/MLOPS_Project/env/lib/python3.10/site-packages/airflow/example_dags/example_dag_decorator.py
[2025-05-12T21:30:36.641+0500] {processor.py:839} INFO - DAG(s) dict_keys(['example_dag_decorator']) retrieved from /home/maemoon/Documents/MLOPS_Project/env/lib/python3.10/site-packages/airflow/example_dags/example_dag_decorator.py
[2025-05-12T21:30:36.717+0500] {logging_mixin.py:151} INFO - [2025-05-12T21:30:36.716+0500] {dag.py:2941} INFO - Sync 1 DAGs
[2025-05-12T21:30:36.725+0500] {logging_mixin.py:151} INFO - [2025-05-12T21:30:36.725+0500] {dag.py:3722} INFO - Setting next_dagrun for example_dag_decorator to None, run_after=None
[2025-05-12T21:30:36.826+0500] {processor.py:179} INFO - Processing /home/maemoon/Documents/MLOPS_Project/env/lib/python3.10/site-packages/airflow/example_dags/example_dag_decorator.py took 0.243 seconds
[2025-05-12T21:32:01.575+0500] {processor.py:157} INFO - Started process (PID=58628) to work on /home/maemoon/Documents/MLOPS_Project/env/lib/python3.10/site-packages/airflow/example_dags/example_dag_decorator.py
[2025-05-12T21:32:01.577+0500] {processor.py:829} INFO - Processing file /home/maemoon/Documents/MLOPS_Project/env/lib/python3.10/site-packages/airflow/example_dags/example_dag_decorator.py for tasks to queue
[2025-05-12T21:32:01.578+0500] {logging_mixin.py:151} INFO - [2025-05-12T21:32:01.578+0500] {dagbag.py:536} INFO - Filling up the DagBag from /home/maemoon/Documents/MLOPS_Project/env/lib/python3.10/site-packages/airflow/example_dags/example_dag_decorator.py
[2025-05-12T21:32:01.667+0500] {processor.py:839} INFO - DAG(s) dict_keys(['example_dag_decorator']) retrieved from /home/maemoon/Documents/MLOPS_Project/env/lib/python3.10/site-packages/airflow/example_dags/example_dag_decorator.py
[2025-05-12T21:32:01.791+0500] {logging_mixin.py:151} INFO - [2025-05-12T21:32:01.791+0500] {dag.py:2941} INFO - Sync 1 DAGs
[2025-05-12T21:32:01.805+0500] {logging_mixin.py:151} INFO - [2025-05-12T21:32:01.805+0500] {dag.py:3722} INFO - Setting next_dagrun for example_dag_decorator to None, run_after=None
[2025-05-12T21:32:01.899+0500] {processor.py:179} INFO - Processing /home/maemoon/Documents/MLOPS_Project/env/lib/python3.10/site-packages/airflow/example_dags/example_dag_decorator.py took 0.328 seconds
[2025-05-12T21:33:26.278+0500] {processor.py:157} INFO - Started process (PID=59306) to work on /home/maemoon/Documents/MLOPS_Project/env/lib/python3.10/site-packages/airflow/example_dags/example_dag_decorator.py
[2025-05-12T21:33:26.284+0500] {processor.py:829} INFO - Processing file /home/maemoon/Documents/MLOPS_Project/env/lib/python3.10/site-packages/airflow/example_dags/example_dag_decorator.py for tasks to queue
[2025-05-12T21:33:26.285+0500] {logging_mixin.py:151} INFO - [2025-05-12T21:33:26.284+0500] {dagbag.py:536} INFO - Filling up the DagBag from /home/maemoon/Documents/MLOPS_Project/env/lib/python3.10/site-packages/airflow/example_dags/example_dag_decorator.py
[2025-05-12T21:33:26.370+0500] {processor.py:839} INFO - DAG(s) dict_keys(['example_dag_decorator']) retrieved from /home/maemoon/Documents/MLOPS_Project/env/lib/python3.10/site-packages/airflow/example_dags/example_dag_decorator.py
[2025-05-12T21:33:26.510+0500] {logging_mixin.py:151} INFO - [2025-05-12T21:33:26.509+0500] {dag.py:2941} INFO - Sync 1 DAGs
[2025-05-12T21:33:26.527+0500] {logging_mixin.py:151} INFO - [2025-05-12T21:33:26.527+0500] {dag.py:3722} INFO - Setting next_dagrun for example_dag_decorator to None, run_after=None
[2025-05-12T21:33:26.673+0500] {processor.py:179} INFO - Processing /home/maemoon/Documents/MLOPS_Project/env/lib/python3.10/site-packages/airflow/example_dags/example_dag_decorator.py took 0.401 seconds
[2025-05-12T21:34:19.028+0500] {processor.py:157} INFO - Started process (PID=59420) to work on /home/maemoon/Documents/MLOPS_Project/env/lib/python3.10/site-packages/airflow/example_dags/example_dag_decorator.py
[2025-05-12T21:34:19.048+0500] {processor.py:829} INFO - Processing file /home/maemoon/Documents/MLOPS_Project/env/lib/python3.10/site-packages/airflow/example_dags/example_dag_decorator.py for tasks to queue
[2025-05-12T21:34:19.048+0500] {logging_mixin.py:151} INFO - [2025-05-12T21:34:19.048+0500] {dagbag.py:536} INFO - Filling up the DagBag from /home/maemoon/Documents/MLOPS_Project/env/lib/python3.10/site-packages/airflow/example_dags/example_dag_decorator.py
[2025-05-12T21:34:19.153+0500] {processor.py:839} INFO - DAG(s) dict_keys(['example_dag_decorator']) retrieved from /home/maemoon/Documents/MLOPS_Project/env/lib/python3.10/site-packages/airflow/example_dags/example_dag_decorator.py
[2025-05-12T21:34:19.283+0500] {logging_mixin.py:151} INFO - [2025-05-12T21:34:19.282+0500] {dag.py:2941} INFO - Sync 1 DAGs
[2025-05-12T21:34:19.290+0500] {logging_mixin.py:151} INFO - [2025-05-12T21:34:19.290+0500] {dag.py:3722} INFO - Setting next_dagrun for example_dag_decorator to None, run_after=None
[2025-05-12T21:34:19.377+0500] {processor.py:179} INFO - Processing /home/maemoon/Documents/MLOPS_Project/env/lib/python3.10/site-packages/airflow/example_dags/example_dag_decorator.py took 0.352 seconds
[2025-05-12T21:35:30.858+0500] {processor.py:157} INFO - Started process (PID=59700) to work on /home/maemoon/Documents/MLOPS_Project/env/lib/python3.10/site-packages/airflow/example_dags/example_dag_decorator.py
[2025-05-12T21:35:30.866+0500] {processor.py:829} INFO - Processing file /home/maemoon/Documents/MLOPS_Project/env/lib/python3.10/site-packages/airflow/example_dags/example_dag_decorator.py for tasks to queue
[2025-05-12T21:35:30.867+0500] {logging_mixin.py:151} INFO - [2025-05-12T21:35:30.867+0500] {dagbag.py:536} INFO - Filling up the DagBag from /home/maemoon/Documents/MLOPS_Project/env/lib/python3.10/site-packages/airflow/example_dags/example_dag_decorator.py
[2025-05-12T21:35:30.921+0500] {processor.py:839} INFO - DAG(s) dict_keys(['example_dag_decorator']) retrieved from /home/maemoon/Documents/MLOPS_Project/env/lib/python3.10/site-packages/airflow/example_dags/example_dag_decorator.py
[2025-05-12T21:35:30.998+0500] {logging_mixin.py:151} INFO - [2025-05-12T21:35:30.998+0500] {dag.py:2941} INFO - Sync 1 DAGs
[2025-05-12T21:35:31.005+0500] {logging_mixin.py:151} INFO - [2025-05-12T21:35:31.005+0500] {dag.py:3722} INFO - Setting next_dagrun for example_dag_decorator to None, run_after=None
[2025-05-12T21:35:31.106+0500] {processor.py:179} INFO - Processing /home/maemoon/Documents/MLOPS_Project/env/lib/python3.10/site-packages/airflow/example_dags/example_dag_decorator.py took 0.250 seconds
[2025-05-12T21:52:58.283+0500] {processor.py:157} INFO - Started process (PID=63980) to work on /home/maemoon/Documents/MLOPS_Project/env/lib/python3.10/site-packages/airflow/example_dags/example_dag_decorator.py
[2025-05-12T21:52:58.284+0500] {processor.py:829} INFO - Processing file /home/maemoon/Documents/MLOPS_Project/env/lib/python3.10/site-packages/airflow/example_dags/example_dag_decorator.py for tasks to queue
[2025-05-12T21:52:58.285+0500] {logging_mixin.py:151} INFO - [2025-05-12T21:52:58.285+0500] {dagbag.py:536} INFO - Filling up the DagBag from /home/maemoon/Documents/MLOPS_Project/env/lib/python3.10/site-packages/airflow/example_dags/example_dag_decorator.py
[2025-05-12T21:52:58.361+0500] {processor.py:839} INFO - DAG(s) dict_keys(['example_dag_decorator']) retrieved from /home/maemoon/Documents/MLOPS_Project/env/lib/python3.10/site-packages/airflow/example_dags/example_dag_decorator.py
[2025-05-12T21:52:58.465+0500] {logging_mixin.py:151} INFO - [2025-05-12T21:52:58.465+0500] {dag.py:2941} INFO - Sync 1 DAGs
[2025-05-12T21:52:58.475+0500] {logging_mixin.py:151} INFO - [2025-05-12T21:52:58.475+0500] {dag.py:3722} INFO - Setting next_dagrun for example_dag_decorator to None, run_after=None
[2025-05-12T21:52:58.576+0500] {processor.py:179} INFO - Processing /home/maemoon/Documents/MLOPS_Project/env/lib/python3.10/site-packages/airflow/example_dags/example_dag_decorator.py took 0.296 seconds
[2025-05-12T21:53:58.525+0500] {processor.py:157} INFO - Started process (PID=64139) to work on /home/maemoon/Documents/MLOPS_Project/env/lib/python3.10/site-packages/airflow/example_dags/example_dag_decorator.py
[2025-05-12T21:53:58.525+0500] {processor.py:829} INFO - Processing file /home/maemoon/Documents/MLOPS_Project/env/lib/python3.10/site-packages/airflow/example_dags/example_dag_decorator.py for tasks to queue
[2025-05-12T21:53:58.526+0500] {logging_mixin.py:151} INFO - [2025-05-12T21:53:58.526+0500] {dagbag.py:536} INFO - Filling up the DagBag from /home/maemoon/Documents/MLOPS_Project/env/lib/python3.10/site-packages/airflow/example_dags/example_dag_decorator.py
[2025-05-12T21:53:58.578+0500] {processor.py:839} INFO - DAG(s) dict_keys(['example_dag_decorator']) retrieved from /home/maemoon/Documents/MLOPS_Project/env/lib/python3.10/site-packages/airflow/example_dags/example_dag_decorator.py
[2025-05-12T21:53:58.670+0500] {logging_mixin.py:151} INFO - [2025-05-12T21:53:58.669+0500] {dag.py:2941} INFO - Sync 1 DAGs
[2025-05-12T21:53:58.683+0500] {logging_mixin.py:151} INFO - [2025-05-12T21:53:58.682+0500] {dag.py:3722} INFO - Setting next_dagrun for example_dag_decorator to None, run_after=None
[2025-05-12T21:53:58.782+0500] {processor.py:179} INFO - Processing /home/maemoon/Documents/MLOPS_Project/env/lib/python3.10/site-packages/airflow/example_dags/example_dag_decorator.py took 0.260 seconds
[2025-05-12T21:55:02.325+0500] {processor.py:157} INFO - Started process (PID=64529) to work on /home/maemoon/Documents/MLOPS_Project/env/lib/python3.10/site-packages/airflow/example_dags/example_dag_decorator.py
[2025-05-12T21:55:02.367+0500] {processor.py:829} INFO - Processing file /home/maemoon/Documents/MLOPS_Project/env/lib/python3.10/site-packages/airflow/example_dags/example_dag_decorator.py for tasks to queue
[2025-05-12T21:55:02.367+0500] {logging_mixin.py:151} INFO - [2025-05-12T21:55:02.367+0500] {dagbag.py:536} INFO - Filling up the DagBag from /home/maemoon/Documents/MLOPS_Project/env/lib/python3.10/site-packages/airflow/example_dags/example_dag_decorator.py
[2025-05-12T21:55:02.420+0500] {processor.py:839} INFO - DAG(s) dict_keys(['example_dag_decorator']) retrieved from /home/maemoon/Documents/MLOPS_Project/env/lib/python3.10/site-packages/airflow/example_dags/example_dag_decorator.py
[2025-05-12T21:55:02.495+0500] {logging_mixin.py:151} INFO - [2025-05-12T21:55:02.495+0500] {dag.py:2941} INFO - Sync 1 DAGs
[2025-05-12T21:55:02.502+0500] {logging_mixin.py:151} INFO - [2025-05-12T21:55:02.502+0500] {dag.py:3722} INFO - Setting next_dagrun for example_dag_decorator to None, run_after=None
[2025-05-12T21:55:02.611+0500] {processor.py:179} INFO - Processing /home/maemoon/Documents/MLOPS_Project/env/lib/python3.10/site-packages/airflow/example_dags/example_dag_decorator.py took 0.289 seconds
[2025-05-12T21:56:46.474+0500] {processor.py:157} INFO - Started process (PID=65305) to work on /home/maemoon/Documents/MLOPS_Project/env/lib/python3.10/site-packages/airflow/example_dags/example_dag_decorator.py
[2025-05-12T21:56:46.475+0500] {processor.py:829} INFO - Processing file /home/maemoon/Documents/MLOPS_Project/env/lib/python3.10/site-packages/airflow/example_dags/example_dag_decorator.py for tasks to queue
[2025-05-12T21:56:46.475+0500] {logging_mixin.py:151} INFO - [2025-05-12T21:56:46.475+0500] {dagbag.py:536} INFO - Filling up the DagBag from /home/maemoon/Documents/MLOPS_Project/env/lib/python3.10/site-packages/airflow/example_dags/example_dag_decorator.py
[2025-05-12T21:56:46.554+0500] {processor.py:839} INFO - DAG(s) dict_keys(['example_dag_decorator']) retrieved from /home/maemoon/Documents/MLOPS_Project/env/lib/python3.10/site-packages/airflow/example_dags/example_dag_decorator.py
[2025-05-12T21:56:46.650+0500] {logging_mixin.py:151} INFO - [2025-05-12T21:56:46.650+0500] {dag.py:2941} INFO - Sync 1 DAGs
[2025-05-12T21:56:46.659+0500] {logging_mixin.py:151} INFO - [2025-05-12T21:56:46.659+0500] {dag.py:3722} INFO - Setting next_dagrun for example_dag_decorator to None, run_after=None
[2025-05-12T21:56:46.764+0500] {processor.py:179} INFO - Processing /home/maemoon/Documents/MLOPS_Project/env/lib/python3.10/site-packages/airflow/example_dags/example_dag_decorator.py took 0.293 seconds
[2025-05-12T21:57:40.569+0500] {processor.py:157} INFO - Started process (PID=65418) to work on /home/maemoon/Documents/MLOPS_Project/env/lib/python3.10/site-packages/airflow/example_dags/example_dag_decorator.py
[2025-05-12T21:57:40.570+0500] {processor.py:829} INFO - Processing file /home/maemoon/Documents/MLOPS_Project/env/lib/python3.10/site-packages/airflow/example_dags/example_dag_decorator.py for tasks to queue
[2025-05-12T21:57:40.571+0500] {logging_mixin.py:151} INFO - [2025-05-12T21:57:40.570+0500] {dagbag.py:536} INFO - Filling up the DagBag from /home/maemoon/Documents/MLOPS_Project/env/lib/python3.10/site-packages/airflow/example_dags/example_dag_decorator.py
[2025-05-12T21:57:40.664+0500] {processor.py:839} INFO - DAG(s) dict_keys(['example_dag_decorator']) retrieved from /home/maemoon/Documents/MLOPS_Project/env/lib/python3.10/site-packages/airflow/example_dags/example_dag_decorator.py
[2025-05-12T21:57:40.819+0500] {logging_mixin.py:151} INFO - [2025-05-12T21:57:40.819+0500] {dag.py:2941} INFO - Sync 1 DAGs
[2025-05-12T21:57:40.830+0500] {logging_mixin.py:151} INFO - [2025-05-12T21:57:40.830+0500] {dag.py:3722} INFO - Setting next_dagrun for example_dag_decorator to None, run_after=None
[2025-05-12T21:57:40.927+0500] {processor.py:179} INFO - Processing /home/maemoon/Documents/MLOPS_Project/env/lib/python3.10/site-packages/airflow/example_dags/example_dag_decorator.py took 0.364 seconds
[2025-05-12T21:58:37.297+0500] {processor.py:157} INFO - Started process (PID=65614) to work on /home/maemoon/Documents/MLOPS_Project/env/lib/python3.10/site-packages/airflow/example_dags/example_dag_decorator.py
[2025-05-12T21:58:37.312+0500] {processor.py:829} INFO - Processing file /home/maemoon/Documents/MLOPS_Project/env/lib/python3.10/site-packages/airflow/example_dags/example_dag_decorator.py for tasks to queue
[2025-05-12T21:58:37.313+0500] {logging_mixin.py:151} INFO - [2025-05-12T21:58:37.313+0500] {dagbag.py:536} INFO - Filling up the DagBag from /home/maemoon/Documents/MLOPS_Project/env/lib/python3.10/site-packages/airflow/example_dags/example_dag_decorator.py
[2025-05-12T21:58:37.365+0500] {processor.py:839} INFO - DAG(s) dict_keys(['example_dag_decorator']) retrieved from /home/maemoon/Documents/MLOPS_Project/env/lib/python3.10/site-packages/airflow/example_dags/example_dag_decorator.py
[2025-05-12T21:58:37.446+0500] {logging_mixin.py:151} INFO - [2025-05-12T21:58:37.445+0500] {dag.py:2941} INFO - Sync 1 DAGs
[2025-05-12T21:58:37.454+0500] {logging_mixin.py:151} INFO - [2025-05-12T21:58:37.454+0500] {dag.py:3722} INFO - Setting next_dagrun for example_dag_decorator to None, run_after=None
[2025-05-12T21:58:37.556+0500] {processor.py:179} INFO - Processing /home/maemoon/Documents/MLOPS_Project/env/lib/python3.10/site-packages/airflow/example_dags/example_dag_decorator.py took 0.261 seconds
[2025-05-12T21:59:55.665+0500] {processor.py:157} INFO - Started process (PID=65809) to work on /home/maemoon/Documents/MLOPS_Project/env/lib/python3.10/site-packages/airflow/example_dags/example_dag_decorator.py
[2025-05-12T21:59:55.666+0500] {processor.py:829} INFO - Processing file /home/maemoon/Documents/MLOPS_Project/env/lib/python3.10/site-packages/airflow/example_dags/example_dag_decorator.py for tasks to queue
[2025-05-12T21:59:55.666+0500] {logging_mixin.py:151} INFO - [2025-05-12T21:59:55.666+0500] {dagbag.py:536} INFO - Filling up the DagBag from /home/maemoon/Documents/MLOPS_Project/env/lib/python3.10/site-packages/airflow/example_dags/example_dag_decorator.py
[2025-05-12T21:59:55.720+0500] {processor.py:839} INFO - DAG(s) dict_keys(['example_dag_decorator']) retrieved from /home/maemoon/Documents/MLOPS_Project/env/lib/python3.10/site-packages/airflow/example_dags/example_dag_decorator.py
[2025-05-12T21:59:55.794+0500] {logging_mixin.py:151} INFO - [2025-05-12T21:59:55.794+0500] {dag.py:2941} INFO - Sync 1 DAGs
[2025-05-12T21:59:55.801+0500] {logging_mixin.py:151} INFO - [2025-05-12T21:59:55.801+0500] {dag.py:3722} INFO - Setting next_dagrun for example_dag_decorator to None, run_after=None
[2025-05-12T21:59:55.896+0500] {processor.py:179} INFO - Processing /home/maemoon/Documents/MLOPS_Project/env/lib/python3.10/site-packages/airflow/example_dags/example_dag_decorator.py took 0.233 seconds
[2025-05-12T22:01:09.537+0500] {processor.py:157} INFO - Started process (PID=66165) to work on /home/maemoon/Documents/MLOPS_Project/env/lib/python3.10/site-packages/airflow/example_dags/example_dag_decorator.py
[2025-05-12T22:01:09.538+0500] {processor.py:829} INFO - Processing file /home/maemoon/Documents/MLOPS_Project/env/lib/python3.10/site-packages/airflow/example_dags/example_dag_decorator.py for tasks to queue
[2025-05-12T22:01:09.538+0500] {logging_mixin.py:151} INFO - [2025-05-12T22:01:09.538+0500] {dagbag.py:536} INFO - Filling up the DagBag from /home/maemoon/Documents/MLOPS_Project/env/lib/python3.10/site-packages/airflow/example_dags/example_dag_decorator.py
[2025-05-12T22:01:09.596+0500] {processor.py:839} INFO - DAG(s) dict_keys(['example_dag_decorator']) retrieved from /home/maemoon/Documents/MLOPS_Project/env/lib/python3.10/site-packages/airflow/example_dags/example_dag_decorator.py
[2025-05-12T22:01:09.611+0500] {logging_mixin.py:151} INFO - [2025-05-12T22:01:09.610+0500] {dag.py:2941} INFO - Sync 1 DAGs
[2025-05-12T22:01:09.620+0500] {logging_mixin.py:151} INFO - [2025-05-12T22:01:09.620+0500] {dag.py:3722} INFO - Setting next_dagrun for example_dag_decorator to None, run_after=None
[2025-05-12T22:01:09.704+0500] {processor.py:179} INFO - Processing /home/maemoon/Documents/MLOPS_Project/env/lib/python3.10/site-packages/airflow/example_dags/example_dag_decorator.py took 0.169 seconds
[2025-05-12T22:03:16.596+0500] {processor.py:157} INFO - Started process (PID=67206) to work on /home/maemoon/Documents/MLOPS_Project/env/lib/python3.10/site-packages/airflow/example_dags/example_dag_decorator.py
[2025-05-12T22:03:16.646+0500] {processor.py:829} INFO - Processing file /home/maemoon/Documents/MLOPS_Project/env/lib/python3.10/site-packages/airflow/example_dags/example_dag_decorator.py for tasks to queue
[2025-05-12T22:03:16.647+0500] {logging_mixin.py:151} INFO - [2025-05-12T22:03:16.646+0500] {dagbag.py:536} INFO - Filling up the DagBag from /home/maemoon/Documents/MLOPS_Project/env/lib/python3.10/site-packages/airflow/example_dags/example_dag_decorator.py
[2025-05-12T22:03:16.705+0500] {processor.py:839} INFO - DAG(s) dict_keys(['example_dag_decorator']) retrieved from /home/maemoon/Documents/MLOPS_Project/env/lib/python3.10/site-packages/airflow/example_dags/example_dag_decorator.py
[2025-05-12T22:03:16.758+0500] {logging_mixin.py:151} INFO - [2025-05-12T22:03:16.758+0500] {dag.py:2941} INFO - Sync 1 DAGs
[2025-05-12T22:03:16.772+0500] {logging_mixin.py:151} INFO - [2025-05-12T22:03:16.772+0500] {dag.py:3722} INFO - Setting next_dagrun for example_dag_decorator to None, run_after=None
[2025-05-12T22:03:16.911+0500] {processor.py:179} INFO - Processing /home/maemoon/Documents/MLOPS_Project/env/lib/python3.10/site-packages/airflow/example_dags/example_dag_decorator.py took 0.317 seconds
[2025-05-12T22:04:21.628+0500] {processor.py:157} INFO - Started process (PID=67431) to work on /home/maemoon/Documents/MLOPS_Project/env/lib/python3.10/site-packages/airflow/example_dags/example_dag_decorator.py
[2025-05-12T22:04:21.629+0500] {processor.py:829} INFO - Processing file /home/maemoon/Documents/MLOPS_Project/env/lib/python3.10/site-packages/airflow/example_dags/example_dag_decorator.py for tasks to queue
[2025-05-12T22:04:21.630+0500] {logging_mixin.py:151} INFO - [2025-05-12T22:04:21.629+0500] {dagbag.py:536} INFO - Filling up the DagBag from /home/maemoon/Documents/MLOPS_Project/env/lib/python3.10/site-packages/airflow/example_dags/example_dag_decorator.py
[2025-05-12T22:04:21.682+0500] {processor.py:839} INFO - DAG(s) dict_keys(['example_dag_decorator']) retrieved from /home/maemoon/Documents/MLOPS_Project/env/lib/python3.10/site-packages/airflow/example_dags/example_dag_decorator.py
[2025-05-12T22:04:21.778+0500] {logging_mixin.py:151} INFO - [2025-05-12T22:04:21.778+0500] {dag.py:2941} INFO - Sync 1 DAGs
[2025-05-12T22:04:21.785+0500] {logging_mixin.py:151} INFO - [2025-05-12T22:04:21.785+0500] {dag.py:3722} INFO - Setting next_dagrun for example_dag_decorator to None, run_after=None
[2025-05-12T22:04:21.861+0500] {processor.py:179} INFO - Processing /home/maemoon/Documents/MLOPS_Project/env/lib/python3.10/site-packages/airflow/example_dags/example_dag_decorator.py took 0.235 seconds
[2025-05-12T22:05:15.397+0500] {processor.py:157} INFO - Started process (PID=67565) to work on /home/maemoon/Documents/MLOPS_Project/env/lib/python3.10/site-packages/airflow/example_dags/example_dag_decorator.py
[2025-05-12T22:05:15.398+0500] {processor.py:829} INFO - Processing file /home/maemoon/Documents/MLOPS_Project/env/lib/python3.10/site-packages/airflow/example_dags/example_dag_decorator.py for tasks to queue
[2025-05-12T22:05:15.399+0500] {logging_mixin.py:151} INFO - [2025-05-12T22:05:15.399+0500] {dagbag.py:536} INFO - Filling up the DagBag from /home/maemoon/Documents/MLOPS_Project/env/lib/python3.10/site-packages/airflow/example_dags/example_dag_decorator.py
[2025-05-12T22:05:15.457+0500] {processor.py:839} INFO - DAG(s) dict_keys(['example_dag_decorator']) retrieved from /home/maemoon/Documents/MLOPS_Project/env/lib/python3.10/site-packages/airflow/example_dags/example_dag_decorator.py
[2025-05-12T22:05:15.533+0500] {logging_mixin.py:151} INFO - [2025-05-12T22:05:15.533+0500] {dag.py:2941} INFO - Sync 1 DAGs
[2025-05-12T22:05:15.540+0500] {logging_mixin.py:151} INFO - [2025-05-12T22:05:15.540+0500] {dag.py:3722} INFO - Setting next_dagrun for example_dag_decorator to None, run_after=None
[2025-05-12T22:05:15.637+0500] {processor.py:179} INFO - Processing /home/maemoon/Documents/MLOPS_Project/env/lib/python3.10/site-packages/airflow/example_dags/example_dag_decorator.py took 0.242 seconds
[2025-05-12T22:06:09.565+0500] {processor.py:157} INFO - Started process (PID=67701) to work on /home/maemoon/Documents/MLOPS_Project/env/lib/python3.10/site-packages/airflow/example_dags/example_dag_decorator.py
[2025-05-12T22:06:09.582+0500] {processor.py:829} INFO - Processing file /home/maemoon/Documents/MLOPS_Project/env/lib/python3.10/site-packages/airflow/example_dags/example_dag_decorator.py for tasks to queue
[2025-05-12T22:06:09.583+0500] {logging_mixin.py:151} INFO - [2025-05-12T22:06:09.583+0500] {dagbag.py:536} INFO - Filling up the DagBag from /home/maemoon/Documents/MLOPS_Project/env/lib/python3.10/site-packages/airflow/example_dags/example_dag_decorator.py
[2025-05-12T22:06:09.643+0500] {processor.py:839} INFO - DAG(s) dict_keys(['example_dag_decorator']) retrieved from /home/maemoon/Documents/MLOPS_Project/env/lib/python3.10/site-packages/airflow/example_dags/example_dag_decorator.py
[2025-05-12T22:06:09.749+0500] {logging_mixin.py:151} INFO - [2025-05-12T22:06:09.748+0500] {dag.py:2941} INFO - Sync 1 DAGs
[2025-05-12T22:06:09.756+0500] {logging_mixin.py:151} INFO - [2025-05-12T22:06:09.756+0500] {dag.py:3722} INFO - Setting next_dagrun for example_dag_decorator to None, run_after=None
[2025-05-12T22:06:09.833+0500] {processor.py:179} INFO - Processing /home/maemoon/Documents/MLOPS_Project/env/lib/python3.10/site-packages/airflow/example_dags/example_dag_decorator.py took 0.270 seconds
[2025-05-12T22:07:24.398+0500] {processor.py:157} INFO - Started process (PID=67886) to work on /home/maemoon/Documents/MLOPS_Project/env/lib/python3.10/site-packages/airflow/example_dags/example_dag_decorator.py
[2025-05-12T22:07:24.399+0500] {processor.py:829} INFO - Processing file /home/maemoon/Documents/MLOPS_Project/env/lib/python3.10/site-packages/airflow/example_dags/example_dag_decorator.py for tasks to queue
[2025-05-12T22:07:24.400+0500] {logging_mixin.py:151} INFO - [2025-05-12T22:07:24.399+0500] {dagbag.py:536} INFO - Filling up the DagBag from /home/maemoon/Documents/MLOPS_Project/env/lib/python3.10/site-packages/airflow/example_dags/example_dag_decorator.py
[2025-05-12T22:07:24.461+0500] {processor.py:839} INFO - DAG(s) dict_keys(['example_dag_decorator']) retrieved from /home/maemoon/Documents/MLOPS_Project/env/lib/python3.10/site-packages/airflow/example_dags/example_dag_decorator.py
[2025-05-12T22:07:24.534+0500] {logging_mixin.py:151} INFO - [2025-05-12T22:07:24.534+0500] {dag.py:2941} INFO - Sync 1 DAGs
[2025-05-12T22:07:24.541+0500] {logging_mixin.py:151} INFO - [2025-05-12T22:07:24.541+0500] {dag.py:3722} INFO - Setting next_dagrun for example_dag_decorator to None, run_after=None
[2025-05-12T22:07:24.640+0500] {processor.py:179} INFO - Processing /home/maemoon/Documents/MLOPS_Project/env/lib/python3.10/site-packages/airflow/example_dags/example_dag_decorator.py took 0.244 seconds
[2025-05-12T22:08:17.571+0500] {processor.py:157} INFO - Started process (PID=68018) to work on /home/maemoon/Documents/MLOPS_Project/env/lib/python3.10/site-packages/airflow/example_dags/example_dag_decorator.py
[2025-05-12T22:08:17.576+0500] {processor.py:829} INFO - Processing file /home/maemoon/Documents/MLOPS_Project/env/lib/python3.10/site-packages/airflow/example_dags/example_dag_decorator.py for tasks to queue
[2025-05-12T22:08:17.577+0500] {logging_mixin.py:151} INFO - [2025-05-12T22:08:17.576+0500] {dagbag.py:536} INFO - Filling up the DagBag from /home/maemoon/Documents/MLOPS_Project/env/lib/python3.10/site-packages/airflow/example_dags/example_dag_decorator.py
[2025-05-12T22:08:17.629+0500] {processor.py:839} INFO - DAG(s) dict_keys(['example_dag_decorator']) retrieved from /home/maemoon/Documents/MLOPS_Project/env/lib/python3.10/site-packages/airflow/example_dags/example_dag_decorator.py
[2025-05-12T22:08:17.702+0500] {logging_mixin.py:151} INFO - [2025-05-12T22:08:17.701+0500] {dag.py:2941} INFO - Sync 1 DAGs
[2025-05-12T22:08:17.709+0500] {logging_mixin.py:151} INFO - [2025-05-12T22:08:17.709+0500] {dag.py:3722} INFO - Setting next_dagrun for example_dag_decorator to None, run_after=None
[2025-05-12T22:08:17.793+0500] {processor.py:179} INFO - Processing /home/maemoon/Documents/MLOPS_Project/env/lib/python3.10/site-packages/airflow/example_dags/example_dag_decorator.py took 0.224 seconds
[2025-05-12T22:09:31.377+0500] {processor.py:157} INFO - Started process (PID=68182) to work on /home/maemoon/Documents/MLOPS_Project/env/lib/python3.10/site-packages/airflow/example_dags/example_dag_decorator.py
[2025-05-12T22:09:31.377+0500] {processor.py:829} INFO - Processing file /home/maemoon/Documents/MLOPS_Project/env/lib/python3.10/site-packages/airflow/example_dags/example_dag_decorator.py for tasks to queue
[2025-05-12T22:09:31.378+0500] {logging_mixin.py:151} INFO - [2025-05-12T22:09:31.378+0500] {dagbag.py:536} INFO - Filling up the DagBag from /home/maemoon/Documents/MLOPS_Project/env/lib/python3.10/site-packages/airflow/example_dags/example_dag_decorator.py
[2025-05-12T22:09:31.431+0500] {processor.py:839} INFO - DAG(s) dict_keys(['example_dag_decorator']) retrieved from /home/maemoon/Documents/MLOPS_Project/env/lib/python3.10/site-packages/airflow/example_dags/example_dag_decorator.py
[2025-05-12T22:09:31.504+0500] {logging_mixin.py:151} INFO - [2025-05-12T22:09:31.504+0500] {dag.py:2941} INFO - Sync 1 DAGs
[2025-05-12T22:09:31.511+0500] {logging_mixin.py:151} INFO - [2025-05-12T22:09:31.511+0500] {dag.py:3722} INFO - Setting next_dagrun for example_dag_decorator to None, run_after=None
[2025-05-12T22:09:31.611+0500] {processor.py:179} INFO - Processing /home/maemoon/Documents/MLOPS_Project/env/lib/python3.10/site-packages/airflow/example_dags/example_dag_decorator.py took 0.237 seconds
[2025-05-12T22:10:24.413+0500] {processor.py:157} INFO - Started process (PID=68308) to work on /home/maemoon/Documents/MLOPS_Project/env/lib/python3.10/site-packages/airflow/example_dags/example_dag_decorator.py
[2025-05-12T22:10:24.414+0500] {processor.py:829} INFO - Processing file /home/maemoon/Documents/MLOPS_Project/env/lib/python3.10/site-packages/airflow/example_dags/example_dag_decorator.py for tasks to queue
[2025-05-12T22:10:24.414+0500] {logging_mixin.py:151} INFO - [2025-05-12T22:10:24.414+0500] {dagbag.py:536} INFO - Filling up the DagBag from /home/maemoon/Documents/MLOPS_Project/env/lib/python3.10/site-packages/airflow/example_dags/example_dag_decorator.py
[2025-05-12T22:10:24.478+0500] {processor.py:839} INFO - DAG(s) dict_keys(['example_dag_decorator']) retrieved from /home/maemoon/Documents/MLOPS_Project/env/lib/python3.10/site-packages/airflow/example_dags/example_dag_decorator.py
[2025-05-12T22:10:24.551+0500] {logging_mixin.py:151} INFO - [2025-05-12T22:10:24.551+0500] {dag.py:2941} INFO - Sync 1 DAGs
[2025-05-12T22:10:24.559+0500] {logging_mixin.py:151} INFO - [2025-05-12T22:10:24.559+0500] {dag.py:3722} INFO - Setting next_dagrun for example_dag_decorator to None, run_after=None
[2025-05-12T22:10:24.664+0500] {processor.py:179} INFO - Processing /home/maemoon/Documents/MLOPS_Project/env/lib/python3.10/site-packages/airflow/example_dags/example_dag_decorator.py took 0.254 seconds
[2025-05-12T22:11:20.430+0500] {processor.py:157} INFO - Started process (PID=68620) to work on /home/maemoon/Documents/MLOPS_Project/env/lib/python3.10/site-packages/airflow/example_dags/example_dag_decorator.py
[2025-05-12T22:11:20.431+0500] {processor.py:829} INFO - Processing file /home/maemoon/Documents/MLOPS_Project/env/lib/python3.10/site-packages/airflow/example_dags/example_dag_decorator.py for tasks to queue
[2025-05-12T22:11:20.432+0500] {logging_mixin.py:151} INFO - [2025-05-12T22:11:20.431+0500] {dagbag.py:536} INFO - Filling up the DagBag from /home/maemoon/Documents/MLOPS_Project/env/lib/python3.10/site-packages/airflow/example_dags/example_dag_decorator.py
[2025-05-12T22:11:20.484+0500] {processor.py:839} INFO - DAG(s) dict_keys(['example_dag_decorator']) retrieved from /home/maemoon/Documents/MLOPS_Project/env/lib/python3.10/site-packages/airflow/example_dags/example_dag_decorator.py
[2025-05-12T22:11:20.558+0500] {logging_mixin.py:151} INFO - [2025-05-12T22:11:20.557+0500] {dag.py:2941} INFO - Sync 1 DAGs
[2025-05-12T22:11:20.565+0500] {logging_mixin.py:151} INFO - [2025-05-12T22:11:20.564+0500] {dag.py:3722} INFO - Setting next_dagrun for example_dag_decorator to None, run_after=None
[2025-05-12T22:11:20.661+0500] {processor.py:179} INFO - Processing /home/maemoon/Documents/MLOPS_Project/env/lib/python3.10/site-packages/airflow/example_dags/example_dag_decorator.py took 0.233 seconds
[2025-05-12T22:12:32.335+0500] {processor.py:157} INFO - Started process (PID=68770) to work on /home/maemoon/Documents/MLOPS_Project/env/lib/python3.10/site-packages/airflow/example_dags/example_dag_decorator.py
[2025-05-12T22:12:32.347+0500] {processor.py:829} INFO - Processing file /home/maemoon/Documents/MLOPS_Project/env/lib/python3.10/site-packages/airflow/example_dags/example_dag_decorator.py for tasks to queue
[2025-05-12T22:12:32.348+0500] {logging_mixin.py:151} INFO - [2025-05-12T22:12:32.347+0500] {dagbag.py:536} INFO - Filling up the DagBag from /home/maemoon/Documents/MLOPS_Project/env/lib/python3.10/site-packages/airflow/example_dags/example_dag_decorator.py
[2025-05-12T22:12:32.401+0500] {processor.py:839} INFO - DAG(s) dict_keys(['example_dag_decorator']) retrieved from /home/maemoon/Documents/MLOPS_Project/env/lib/python3.10/site-packages/airflow/example_dags/example_dag_decorator.py
[2025-05-12T22:12:32.479+0500] {logging_mixin.py:151} INFO - [2025-05-12T22:12:32.479+0500] {dag.py:2941} INFO - Sync 1 DAGs
[2025-05-12T22:12:32.488+0500] {logging_mixin.py:151} INFO - [2025-05-12T22:12:32.488+0500] {dag.py:3722} INFO - Setting next_dagrun for example_dag_decorator to None, run_after=None
[2025-05-12T22:12:32.601+0500] {processor.py:179} INFO - Processing /home/maemoon/Documents/MLOPS_Project/env/lib/python3.10/site-packages/airflow/example_dags/example_dag_decorator.py took 0.269 seconds
[2025-05-12T22:13:24.498+0500] {processor.py:157} INFO - Started process (PID=68845) to work on /home/maemoon/Documents/MLOPS_Project/env/lib/python3.10/site-packages/airflow/example_dags/example_dag_decorator.py
[2025-05-12T22:13:24.510+0500] {processor.py:829} INFO - Processing file /home/maemoon/Documents/MLOPS_Project/env/lib/python3.10/site-packages/airflow/example_dags/example_dag_decorator.py for tasks to queue
[2025-05-12T22:13:24.511+0500] {logging_mixin.py:151} INFO - [2025-05-12T22:13:24.511+0500] {dagbag.py:536} INFO - Filling up the DagBag from /home/maemoon/Documents/MLOPS_Project/env/lib/python3.10/site-packages/airflow/example_dags/example_dag_decorator.py
[2025-05-12T22:13:24.576+0500] {processor.py:839} INFO - DAG(s) dict_keys(['example_dag_decorator']) retrieved from /home/maemoon/Documents/MLOPS_Project/env/lib/python3.10/site-packages/airflow/example_dags/example_dag_decorator.py
[2025-05-12T22:13:24.656+0500] {logging_mixin.py:151} INFO - [2025-05-12T22:13:24.656+0500] {dag.py:2941} INFO - Sync 1 DAGs
[2025-05-12T22:13:24.663+0500] {logging_mixin.py:151} INFO - [2025-05-12T22:13:24.663+0500] {dag.py:3722} INFO - Setting next_dagrun for example_dag_decorator to None, run_after=None
[2025-05-12T22:13:24.755+0500] {processor.py:179} INFO - Processing /home/maemoon/Documents/MLOPS_Project/env/lib/python3.10/site-packages/airflow/example_dags/example_dag_decorator.py took 0.259 seconds
[2025-05-12T22:14:32.976+0500] {processor.py:157} INFO - Started process (PID=68948) to work on /home/maemoon/Documents/MLOPS_Project/env/lib/python3.10/site-packages/airflow/example_dags/example_dag_decorator.py
[2025-05-12T22:14:32.985+0500] {processor.py:829} INFO - Processing file /home/maemoon/Documents/MLOPS_Project/env/lib/python3.10/site-packages/airflow/example_dags/example_dag_decorator.py for tasks to queue
[2025-05-12T22:14:32.985+0500] {logging_mixin.py:151} INFO - [2025-05-12T22:14:32.985+0500] {dagbag.py:536} INFO - Filling up the DagBag from /home/maemoon/Documents/MLOPS_Project/env/lib/python3.10/site-packages/airflow/example_dags/example_dag_decorator.py
[2025-05-12T22:14:33.049+0500] {processor.py:839} INFO - DAG(s) dict_keys(['example_dag_decorator']) retrieved from /home/maemoon/Documents/MLOPS_Project/env/lib/python3.10/site-packages/airflow/example_dags/example_dag_decorator.py
[2025-05-12T22:14:33.147+0500] {logging_mixin.py:151} INFO - [2025-05-12T22:14:33.147+0500] {dag.py:2941} INFO - Sync 1 DAGs
[2025-05-12T22:14:33.155+0500] {logging_mixin.py:151} INFO - [2025-05-12T22:14:33.154+0500] {dag.py:3722} INFO - Setting next_dagrun for example_dag_decorator to None, run_after=None
[2025-05-12T22:14:33.273+0500] {processor.py:179} INFO - Processing /home/maemoon/Documents/MLOPS_Project/env/lib/python3.10/site-packages/airflow/example_dags/example_dag_decorator.py took 0.299 seconds
[2025-05-12T22:15:27.297+0500] {processor.py:157} INFO - Started process (PID=69053) to work on /home/maemoon/Documents/MLOPS_Project/env/lib/python3.10/site-packages/airflow/example_dags/example_dag_decorator.py
[2025-05-12T22:15:27.304+0500] {processor.py:829} INFO - Processing file /home/maemoon/Documents/MLOPS_Project/env/lib/python3.10/site-packages/airflow/example_dags/example_dag_decorator.py for tasks to queue
[2025-05-12T22:15:27.305+0500] {logging_mixin.py:151} INFO - [2025-05-12T22:15:27.305+0500] {dagbag.py:536} INFO - Filling up the DagBag from /home/maemoon/Documents/MLOPS_Project/env/lib/python3.10/site-packages/airflow/example_dags/example_dag_decorator.py
[2025-05-12T22:15:27.377+0500] {processor.py:839} INFO - DAG(s) dict_keys(['example_dag_decorator']) retrieved from /home/maemoon/Documents/MLOPS_Project/env/lib/python3.10/site-packages/airflow/example_dags/example_dag_decorator.py
[2025-05-12T22:15:27.453+0500] {logging_mixin.py:151} INFO - [2025-05-12T22:15:27.453+0500] {dag.py:2941} INFO - Sync 1 DAGs
[2025-05-12T22:15:27.464+0500] {logging_mixin.py:151} INFO - [2025-05-12T22:15:27.464+0500] {dag.py:3722} INFO - Setting next_dagrun for example_dag_decorator to None, run_after=None
[2025-05-12T22:15:27.561+0500] {processor.py:179} INFO - Processing /home/maemoon/Documents/MLOPS_Project/env/lib/python3.10/site-packages/airflow/example_dags/example_dag_decorator.py took 0.266 seconds
[2025-05-12T22:16:20.788+0500] {processor.py:157} INFO - Started process (PID=69149) to work on /home/maemoon/Documents/MLOPS_Project/env/lib/python3.10/site-packages/airflow/example_dags/example_dag_decorator.py
[2025-05-12T22:16:20.789+0500] {processor.py:829} INFO - Processing file /home/maemoon/Documents/MLOPS_Project/env/lib/python3.10/site-packages/airflow/example_dags/example_dag_decorator.py for tasks to queue
[2025-05-12T22:16:20.790+0500] {logging_mixin.py:151} INFO - [2025-05-12T22:16:20.790+0500] {dagbag.py:536} INFO - Filling up the DagBag from /home/maemoon/Documents/MLOPS_Project/env/lib/python3.10/site-packages/airflow/example_dags/example_dag_decorator.py
[2025-05-12T22:16:20.848+0500] {processor.py:839} INFO - DAG(s) dict_keys(['example_dag_decorator']) retrieved from /home/maemoon/Documents/MLOPS_Project/env/lib/python3.10/site-packages/airflow/example_dags/example_dag_decorator.py
[2025-05-12T22:16:20.930+0500] {logging_mixin.py:151} INFO - [2025-05-12T22:16:20.930+0500] {dag.py:2941} INFO - Sync 1 DAGs
[2025-05-12T22:16:20.938+0500] {logging_mixin.py:151} INFO - [2025-05-12T22:16:20.937+0500] {dag.py:3722} INFO - Setting next_dagrun for example_dag_decorator to None, run_after=None
[2025-05-12T22:16:21.068+0500] {processor.py:179} INFO - Processing /home/maemoon/Documents/MLOPS_Project/env/lib/python3.10/site-packages/airflow/example_dags/example_dag_decorator.py took 0.282 seconds
[2025-05-12T22:17:14.277+0500] {processor.py:157} INFO - Started process (PID=69334) to work on /home/maemoon/Documents/MLOPS_Project/env/lib/python3.10/site-packages/airflow/example_dags/example_dag_decorator.py
[2025-05-12T22:17:14.289+0500] {processor.py:829} INFO - Processing file /home/maemoon/Documents/MLOPS_Project/env/lib/python3.10/site-packages/airflow/example_dags/example_dag_decorator.py for tasks to queue
[2025-05-12T22:17:14.290+0500] {logging_mixin.py:151} INFO - [2025-05-12T22:17:14.289+0500] {dagbag.py:536} INFO - Filling up the DagBag from /home/maemoon/Documents/MLOPS_Project/env/lib/python3.10/site-packages/airflow/example_dags/example_dag_decorator.py
[2025-05-12T22:17:14.362+0500] {processor.py:839} INFO - DAG(s) dict_keys(['example_dag_decorator']) retrieved from /home/maemoon/Documents/MLOPS_Project/env/lib/python3.10/site-packages/airflow/example_dags/example_dag_decorator.py
[2025-05-12T22:17:14.459+0500] {logging_mixin.py:151} INFO - [2025-05-12T22:17:14.459+0500] {dag.py:2941} INFO - Sync 1 DAGs
[2025-05-12T22:17:14.472+0500] {logging_mixin.py:151} INFO - [2025-05-12T22:17:14.471+0500] {dag.py:3722} INFO - Setting next_dagrun for example_dag_decorator to None, run_after=None
[2025-05-12T22:17:14.578+0500] {processor.py:179} INFO - Processing /home/maemoon/Documents/MLOPS_Project/env/lib/python3.10/site-packages/airflow/example_dags/example_dag_decorator.py took 0.303 seconds
[2025-05-12T22:18:07.846+0500] {processor.py:157} INFO - Started process (PID=69474) to work on /home/maemoon/Documents/MLOPS_Project/env/lib/python3.10/site-packages/airflow/example_dags/example_dag_decorator.py
[2025-05-12T22:18:07.847+0500] {processor.py:829} INFO - Processing file /home/maemoon/Documents/MLOPS_Project/env/lib/python3.10/site-packages/airflow/example_dags/example_dag_decorator.py for tasks to queue
[2025-05-12T22:18:07.848+0500] {logging_mixin.py:151} INFO - [2025-05-12T22:18:07.848+0500] {dagbag.py:536} INFO - Filling up the DagBag from /home/maemoon/Documents/MLOPS_Project/env/lib/python3.10/site-packages/airflow/example_dags/example_dag_decorator.py
[2025-05-12T22:18:07.909+0500] {processor.py:839} INFO - DAG(s) dict_keys(['example_dag_decorator']) retrieved from /home/maemoon/Documents/MLOPS_Project/env/lib/python3.10/site-packages/airflow/example_dags/example_dag_decorator.py
[2025-05-12T22:18:07.991+0500] {logging_mixin.py:151} INFO - [2025-05-12T22:18:07.991+0500] {dag.py:2941} INFO - Sync 1 DAGs
[2025-05-12T22:18:07.999+0500] {logging_mixin.py:151} INFO - [2025-05-12T22:18:07.999+0500] {dag.py:3722} INFO - Setting next_dagrun for example_dag_decorator to None, run_after=None
[2025-05-12T22:18:08.095+0500] {processor.py:179} INFO - Processing /home/maemoon/Documents/MLOPS_Project/env/lib/python3.10/site-packages/airflow/example_dags/example_dag_decorator.py took 0.251 seconds
[2025-05-12T22:19:02.041+0500] {processor.py:157} INFO - Started process (PID=69605) to work on /home/maemoon/Documents/MLOPS_Project/env/lib/python3.10/site-packages/airflow/example_dags/example_dag_decorator.py
[2025-05-12T22:19:02.041+0500] {processor.py:829} INFO - Processing file /home/maemoon/Documents/MLOPS_Project/env/lib/python3.10/site-packages/airflow/example_dags/example_dag_decorator.py for tasks to queue
[2025-05-12T22:19:02.042+0500] {logging_mixin.py:151} INFO - [2025-05-12T22:19:02.042+0500] {dagbag.py:536} INFO - Filling up the DagBag from /home/maemoon/Documents/MLOPS_Project/env/lib/python3.10/site-packages/airflow/example_dags/example_dag_decorator.py
[2025-05-12T22:19:02.095+0500] {processor.py:839} INFO - DAG(s) dict_keys(['example_dag_decorator']) retrieved from /home/maemoon/Documents/MLOPS_Project/env/lib/python3.10/site-packages/airflow/example_dags/example_dag_decorator.py
[2025-05-12T22:19:02.168+0500] {logging_mixin.py:151} INFO - [2025-05-12T22:19:02.168+0500] {dag.py:2941} INFO - Sync 1 DAGs
[2025-05-12T22:19:02.176+0500] {logging_mixin.py:151} INFO - [2025-05-12T22:19:02.176+0500] {dag.py:3722} INFO - Setting next_dagrun for example_dag_decorator to None, run_after=None
[2025-05-12T22:19:02.270+0500] {processor.py:179} INFO - Processing /home/maemoon/Documents/MLOPS_Project/env/lib/python3.10/site-packages/airflow/example_dags/example_dag_decorator.py took 0.232 seconds
[2025-05-12T22:19:57.590+0500] {processor.py:157} INFO - Started process (PID=69707) to work on /home/maemoon/Documents/MLOPS_Project/env/lib/python3.10/site-packages/airflow/example_dags/example_dag_decorator.py
[2025-05-12T22:19:57.609+0500] {processor.py:829} INFO - Processing file /home/maemoon/Documents/MLOPS_Project/env/lib/python3.10/site-packages/airflow/example_dags/example_dag_decorator.py for tasks to queue
[2025-05-12T22:19:57.609+0500] {logging_mixin.py:151} INFO - [2025-05-12T22:19:57.609+0500] {dagbag.py:536} INFO - Filling up the DagBag from /home/maemoon/Documents/MLOPS_Project/env/lib/python3.10/site-packages/airflow/example_dags/example_dag_decorator.py
[2025-05-12T22:19:57.668+0500] {processor.py:839} INFO - DAG(s) dict_keys(['example_dag_decorator']) retrieved from /home/maemoon/Documents/MLOPS_Project/env/lib/python3.10/site-packages/airflow/example_dags/example_dag_decorator.py
[2025-05-12T22:19:57.745+0500] {logging_mixin.py:151} INFO - [2025-05-12T22:19:57.745+0500] {dag.py:2941} INFO - Sync 1 DAGs
[2025-05-12T22:19:57.754+0500] {logging_mixin.py:151} INFO - [2025-05-12T22:19:57.754+0500] {dag.py:3722} INFO - Setting next_dagrun for example_dag_decorator to None, run_after=None
[2025-05-12T22:19:57.889+0500] {processor.py:179} INFO - Processing /home/maemoon/Documents/MLOPS_Project/env/lib/python3.10/site-packages/airflow/example_dags/example_dag_decorator.py took 0.301 seconds
[2025-05-12T22:21:17.378+0500] {processor.py:157} INFO - Started process (PID=69972) to work on /home/maemoon/Documents/MLOPS_Project/env/lib/python3.10/site-packages/airflow/example_dags/example_dag_decorator.py
[2025-05-12T22:21:17.391+0500] {processor.py:829} INFO - Processing file /home/maemoon/Documents/MLOPS_Project/env/lib/python3.10/site-packages/airflow/example_dags/example_dag_decorator.py for tasks to queue
[2025-05-12T22:21:17.392+0500] {logging_mixin.py:151} INFO - [2025-05-12T22:21:17.392+0500] {dagbag.py:536} INFO - Filling up the DagBag from /home/maemoon/Documents/MLOPS_Project/env/lib/python3.10/site-packages/airflow/example_dags/example_dag_decorator.py
[2025-05-12T22:21:17.464+0500] {processor.py:839} INFO - DAG(s) dict_keys(['example_dag_decorator']) retrieved from /home/maemoon/Documents/MLOPS_Project/env/lib/python3.10/site-packages/airflow/example_dags/example_dag_decorator.py
[2025-05-12T22:21:17.565+0500] {logging_mixin.py:151} INFO - [2025-05-12T22:21:17.564+0500] {dag.py:2941} INFO - Sync 1 DAGs
[2025-05-12T22:21:17.574+0500] {logging_mixin.py:151} INFO - [2025-05-12T22:21:17.573+0500] {dag.py:3722} INFO - Setting next_dagrun for example_dag_decorator to None, run_after=None
[2025-05-12T22:21:17.669+0500] {processor.py:179} INFO - Processing /home/maemoon/Documents/MLOPS_Project/env/lib/python3.10/site-packages/airflow/example_dags/example_dag_decorator.py took 0.295 seconds
