[2025-05-12T21:23:17.175+0500] {processor.py:157} INFO - Started process (PID=55605) to work on /home/maemoon/Documents/MLOPS_Project/env/lib/python3.10/site-packages/airflow/example_dags/example_trigger_controller_dag.py
[2025-05-12T21:23:17.176+0500] {processor.py:829} INFO - Processing file /home/maemoon/Documents/MLOPS_Project/env/lib/python3.10/site-packages/airflow/example_dags/example_trigger_controller_dag.py for tasks to queue
[2025-05-12T21:23:17.176+0500] {logging_mixin.py:151} INFO - [2025-05-12T21:23:17.176+0500] {dagbag.py:536} INFO - Filling up the DagBag from /home/maemoon/Documents/MLOPS_Project/env/lib/python3.10/site-packages/airflow/example_dags/example_trigger_controller_dag.py
[2025-05-12T21:23:17.181+0500] {processor.py:839} INFO - DAG(s) dict_keys(['example_trigger_controller_dag']) retrieved from /home/maemoon/Documents/MLOPS_Project/env/lib/python3.10/site-packages/airflow/example_dags/example_trigger_controller_dag.py
[2025-05-12T21:23:21.007+0500] {logging_mixin.py:151} INFO - [2025-05-12T21:23:21.007+0500] {manager.py:499} INFO - Created Permission View: %s
[2025-05-12T21:23:21.107+0500] {logging_mixin.py:151} INFO - [2025-05-12T21:23:21.106+0500] {manager.py:499} INFO - Created Permission View: %s
[2025-05-12T21:23:21.195+0500] {logging_mixin.py:151} INFO - [2025-05-12T21:23:21.195+0500] {manager.py:499} INFO - Created Permission View: %s
[2025-05-12T21:23:21.196+0500] {logging_mixin.py:151} INFO - [2025-05-12T21:23:21.196+0500] {dag.py:2941} INFO - Sync 1 DAGs
[2025-05-12T21:23:21.207+0500] {logging_mixin.py:151} INFO - [2025-05-12T21:23:21.207+0500] {dag.py:2963} INFO - Creating ORM DAG for example_trigger_controller_dag
[2025-05-12T21:23:21.213+0500] {logging_mixin.py:151} INFO - [2025-05-12T21:23:21.213+0500] {dag.py:3722} INFO - Setting next_dagrun for example_trigger_controller_dag to 2021-01-01T00:00:00+00:00, run_after=2021-01-01T00:00:00+00:00
[2025-05-12T21:23:21.353+0500] {processor.py:179} INFO - Processing /home/maemoon/Documents/MLOPS_Project/env/lib/python3.10/site-packages/airflow/example_dags/example_trigger_controller_dag.py took 4.181 seconds
[2025-05-12T21:29:54.699+0500] {processor.py:157} INFO - Started process (PID=57589) to work on /home/maemoon/Documents/MLOPS_Project/env/lib/python3.10/site-packages/airflow/example_dags/example_trigger_controller_dag.py
[2025-05-12T21:29:54.699+0500] {processor.py:829} INFO - Processing file /home/maemoon/Documents/MLOPS_Project/env/lib/python3.10/site-packages/airflow/example_dags/example_trigger_controller_dag.py for tasks to queue
[2025-05-12T21:29:54.700+0500] {logging_mixin.py:151} INFO - [2025-05-12T21:29:54.700+0500] {dagbag.py:536} INFO - Filling up the DagBag from /home/maemoon/Documents/MLOPS_Project/env/lib/python3.10/site-packages/airflow/example_dags/example_trigger_controller_dag.py
[2025-05-12T21:29:54.706+0500] {processor.py:839} INFO - DAG(s) dict_keys(['example_trigger_controller_dag']) retrieved from /home/maemoon/Documents/MLOPS_Project/env/lib/python3.10/site-packages/airflow/example_dags/example_trigger_controller_dag.py
[2025-05-12T21:29:54.721+0500] {logging_mixin.py:151} INFO - [2025-05-12T21:29:54.721+0500] {dag.py:2941} INFO - Sync 1 DAGs
[2025-05-12T21:29:54.737+0500] {logging_mixin.py:151} INFO - [2025-05-12T21:29:54.737+0500] {dag.py:3722} INFO - Setting next_dagrun for example_trigger_controller_dag to 2021-01-01T00:00:00+00:00, run_after=2021-01-01T00:00:00+00:00
[2025-05-12T21:29:54.820+0500] {processor.py:179} INFO - Processing /home/maemoon/Documents/MLOPS_Project/env/lib/python3.10/site-packages/airflow/example_dags/example_trigger_controller_dag.py took 0.123 seconds
[2025-05-12T21:30:59.015+0500] {processor.py:157} INFO - Started process (PID=58019) to work on /home/maemoon/Documents/MLOPS_Project/env/lib/python3.10/site-packages/airflow/example_dags/example_trigger_controller_dag.py
[2025-05-12T21:30:59.016+0500] {processor.py:829} INFO - Processing file /home/maemoon/Documents/MLOPS_Project/env/lib/python3.10/site-packages/airflow/example_dags/example_trigger_controller_dag.py for tasks to queue
[2025-05-12T21:30:59.016+0500] {logging_mixin.py:151} INFO - [2025-05-12T21:30:59.016+0500] {dagbag.py:536} INFO - Filling up the DagBag from /home/maemoon/Documents/MLOPS_Project/env/lib/python3.10/site-packages/airflow/example_dags/example_trigger_controller_dag.py
[2025-05-12T21:30:59.020+0500] {processor.py:839} INFO - DAG(s) dict_keys(['example_trigger_controller_dag']) retrieved from /home/maemoon/Documents/MLOPS_Project/env/lib/python3.10/site-packages/airflow/example_dags/example_trigger_controller_dag.py
[2025-05-12T21:30:59.034+0500] {logging_mixin.py:151} INFO - [2025-05-12T21:30:59.034+0500] {dag.py:2941} INFO - Sync 1 DAGs
[2025-05-12T21:30:59.050+0500] {logging_mixin.py:151} INFO - [2025-05-12T21:30:59.050+0500] {dag.py:3722} INFO - Setting next_dagrun for example_trigger_controller_dag to 2021-01-01T00:00:00+00:00, run_after=2021-01-01T00:00:00+00:00
[2025-05-12T21:30:59.138+0500] {processor.py:179} INFO - Processing /home/maemoon/Documents/MLOPS_Project/env/lib/python3.10/site-packages/airflow/example_dags/example_trigger_controller_dag.py took 0.126 seconds
[2025-05-12T21:32:42.176+0500] {processor.py:157} INFO - Started process (PID=59049) to work on /home/maemoon/Documents/MLOPS_Project/env/lib/python3.10/site-packages/airflow/example_dags/example_trigger_controller_dag.py
[2025-05-12T21:32:42.187+0500] {processor.py:829} INFO - Processing file /home/maemoon/Documents/MLOPS_Project/env/lib/python3.10/site-packages/airflow/example_dags/example_trigger_controller_dag.py for tasks to queue
[2025-05-12T21:32:42.188+0500] {logging_mixin.py:151} INFO - [2025-05-12T21:32:42.188+0500] {dagbag.py:536} INFO - Filling up the DagBag from /home/maemoon/Documents/MLOPS_Project/env/lib/python3.10/site-packages/airflow/example_dags/example_trigger_controller_dag.py
[2025-05-12T21:32:42.192+0500] {processor.py:839} INFO - DAG(s) dict_keys(['example_trigger_controller_dag']) retrieved from /home/maemoon/Documents/MLOPS_Project/env/lib/python3.10/site-packages/airflow/example_dags/example_trigger_controller_dag.py
[2025-05-12T21:32:42.205+0500] {logging_mixin.py:151} INFO - [2025-05-12T21:32:42.205+0500] {dag.py:2941} INFO - Sync 1 DAGs
[2025-05-12T21:32:42.221+0500] {logging_mixin.py:151} INFO - [2025-05-12T21:32:42.221+0500] {dag.py:3722} INFO - Setting next_dagrun for example_trigger_controller_dag to 2021-01-01T00:00:00+00:00, run_after=2021-01-01T00:00:00+00:00
[2025-05-12T21:32:42.299+0500] {processor.py:179} INFO - Processing /home/maemoon/Documents/MLOPS_Project/env/lib/python3.10/site-packages/airflow/example_dags/example_trigger_controller_dag.py took 0.125 seconds
[2025-05-12T21:33:47.534+0500] {processor.py:157} INFO - Started process (PID=59381) to work on /home/maemoon/Documents/MLOPS_Project/env/lib/python3.10/site-packages/airflow/example_dags/example_trigger_controller_dag.py
[2025-05-12T21:33:47.550+0500] {processor.py:829} INFO - Processing file /home/maemoon/Documents/MLOPS_Project/env/lib/python3.10/site-packages/airflow/example_dags/example_trigger_controller_dag.py for tasks to queue
[2025-05-12T21:33:47.551+0500] {logging_mixin.py:151} INFO - [2025-05-12T21:33:47.551+0500] {dagbag.py:536} INFO - Filling up the DagBag from /home/maemoon/Documents/MLOPS_Project/env/lib/python3.10/site-packages/airflow/example_dags/example_trigger_controller_dag.py
[2025-05-12T21:33:47.555+0500] {processor.py:839} INFO - DAG(s) dict_keys(['example_trigger_controller_dag']) retrieved from /home/maemoon/Documents/MLOPS_Project/env/lib/python3.10/site-packages/airflow/example_dags/example_trigger_controller_dag.py
[2025-05-12T21:33:47.568+0500] {logging_mixin.py:151} INFO - [2025-05-12T21:33:47.568+0500] {dag.py:2941} INFO - Sync 1 DAGs
[2025-05-12T21:33:47.585+0500] {logging_mixin.py:151} INFO - [2025-05-12T21:33:47.585+0500] {dag.py:3722} INFO - Setting next_dagrun for example_trigger_controller_dag to 2021-01-01T00:00:00+00:00, run_after=2021-01-01T00:00:00+00:00
[2025-05-12T21:33:47.676+0500] {processor.py:179} INFO - Processing /home/maemoon/Documents/MLOPS_Project/env/lib/python3.10/site-packages/airflow/example_dags/example_trigger_controller_dag.py took 0.145 seconds
[2025-05-12T21:34:34.583+0500] {processor.py:157} INFO - Started process (PID=59473) to work on /home/maemoon/Documents/MLOPS_Project/env/lib/python3.10/site-packages/airflow/example_dags/example_trigger_controller_dag.py
[2025-05-12T21:34:34.584+0500] {processor.py:829} INFO - Processing file /home/maemoon/Documents/MLOPS_Project/env/lib/python3.10/site-packages/airflow/example_dags/example_trigger_controller_dag.py for tasks to queue
[2025-05-12T21:34:34.585+0500] {logging_mixin.py:151} INFO - [2025-05-12T21:34:34.585+0500] {dagbag.py:536} INFO - Filling up the DagBag from /home/maemoon/Documents/MLOPS_Project/env/lib/python3.10/site-packages/airflow/example_dags/example_trigger_controller_dag.py
[2025-05-12T21:34:34.590+0500] {processor.py:839} INFO - DAG(s) dict_keys(['example_trigger_controller_dag']) retrieved from /home/maemoon/Documents/MLOPS_Project/env/lib/python3.10/site-packages/airflow/example_dags/example_trigger_controller_dag.py
[2025-05-12T21:34:34.609+0500] {logging_mixin.py:151} INFO - [2025-05-12T21:34:34.608+0500] {dag.py:2941} INFO - Sync 1 DAGs
[2025-05-12T21:34:34.633+0500] {logging_mixin.py:151} INFO - [2025-05-12T21:34:34.633+0500] {dag.py:3722} INFO - Setting next_dagrun for example_trigger_controller_dag to 2021-01-01T00:00:00+00:00, run_after=2021-01-01T00:00:00+00:00
[2025-05-12T21:34:34.739+0500] {processor.py:179} INFO - Processing /home/maemoon/Documents/MLOPS_Project/env/lib/python3.10/site-packages/airflow/example_dags/example_trigger_controller_dag.py took 0.158 seconds
[2025-05-12T21:35:23.016+0500] {processor.py:157} INFO - Started process (PID=59648) to work on /home/maemoon/Documents/MLOPS_Project/env/lib/python3.10/site-packages/airflow/example_dags/example_trigger_controller_dag.py
[2025-05-12T21:35:23.017+0500] {processor.py:829} INFO - Processing file /home/maemoon/Documents/MLOPS_Project/env/lib/python3.10/site-packages/airflow/example_dags/example_trigger_controller_dag.py for tasks to queue
[2025-05-12T21:35:23.017+0500] {logging_mixin.py:151} INFO - [2025-05-12T21:35:23.017+0500] {dagbag.py:536} INFO - Filling up the DagBag from /home/maemoon/Documents/MLOPS_Project/env/lib/python3.10/site-packages/airflow/example_dags/example_trigger_controller_dag.py
[2025-05-12T21:35:23.021+0500] {processor.py:839} INFO - DAG(s) dict_keys(['example_trigger_controller_dag']) retrieved from /home/maemoon/Documents/MLOPS_Project/env/lib/python3.10/site-packages/airflow/example_dags/example_trigger_controller_dag.py
[2025-05-12T21:35:23.035+0500] {logging_mixin.py:151} INFO - [2025-05-12T21:35:23.035+0500] {dag.py:2941} INFO - Sync 1 DAGs
[2025-05-12T21:35:23.051+0500] {logging_mixin.py:151} INFO - [2025-05-12T21:35:23.050+0500] {dag.py:3722} INFO - Setting next_dagrun for example_trigger_controller_dag to 2021-01-01T00:00:00+00:00, run_after=2021-01-01T00:00:00+00:00
[2025-05-12T21:35:23.147+0500] {processor.py:179} INFO - Processing /home/maemoon/Documents/MLOPS_Project/env/lib/python3.10/site-packages/airflow/example_dags/example_trigger_controller_dag.py took 0.133 seconds
[2025-05-12T21:36:10.422+0500] {processor.py:157} INFO - Started process (PID=59796) to work on /home/maemoon/Documents/MLOPS_Project/env/lib/python3.10/site-packages/airflow/example_dags/example_trigger_controller_dag.py
[2025-05-12T21:36:10.441+0500] {processor.py:829} INFO - Processing file /home/maemoon/Documents/MLOPS_Project/env/lib/python3.10/site-packages/airflow/example_dags/example_trigger_controller_dag.py for tasks to queue
[2025-05-12T21:36:10.442+0500] {logging_mixin.py:151} INFO - [2025-05-12T21:36:10.442+0500] {dagbag.py:536} INFO - Filling up the DagBag from /home/maemoon/Documents/MLOPS_Project/env/lib/python3.10/site-packages/airflow/example_dags/example_trigger_controller_dag.py
[2025-05-12T21:36:10.447+0500] {processor.py:839} INFO - DAG(s) dict_keys(['example_trigger_controller_dag']) retrieved from /home/maemoon/Documents/MLOPS_Project/env/lib/python3.10/site-packages/airflow/example_dags/example_trigger_controller_dag.py
[2025-05-12T21:36:10.466+0500] {logging_mixin.py:151} INFO - [2025-05-12T21:36:10.466+0500] {dag.py:2941} INFO - Sync 1 DAGs
[2025-05-12T21:36:10.487+0500] {logging_mixin.py:151} INFO - [2025-05-12T21:36:10.487+0500] {dag.py:3722} INFO - Setting next_dagrun for example_trigger_controller_dag to 2021-01-01T00:00:00+00:00, run_after=2021-01-01T00:00:00+00:00
[2025-05-12T21:36:10.578+0500] {processor.py:179} INFO - Processing /home/maemoon/Documents/MLOPS_Project/env/lib/python3.10/site-packages/airflow/example_dags/example_trigger_controller_dag.py took 0.158 seconds
[2025-05-12T21:52:05.673+0500] {processor.py:157} INFO - Started process (PID=63477) to work on /home/maemoon/Documents/MLOPS_Project/env/lib/python3.10/site-packages/airflow/example_dags/example_trigger_controller_dag.py
[2025-05-12T21:52:05.698+0500] {processor.py:829} INFO - Processing file /home/maemoon/Documents/MLOPS_Project/env/lib/python3.10/site-packages/airflow/example_dags/example_trigger_controller_dag.py for tasks to queue
[2025-05-12T21:52:05.699+0500] {logging_mixin.py:151} INFO - [2025-05-12T21:52:05.699+0500] {dagbag.py:536} INFO - Filling up the DagBag from /home/maemoon/Documents/MLOPS_Project/env/lib/python3.10/site-packages/airflow/example_dags/example_trigger_controller_dag.py
[2025-05-12T21:52:05.708+0500] {processor.py:839} INFO - DAG(s) dict_keys(['example_trigger_controller_dag']) retrieved from /home/maemoon/Documents/MLOPS_Project/env/lib/python3.10/site-packages/airflow/example_dags/example_trigger_controller_dag.py
[2025-05-12T21:52:05.728+0500] {logging_mixin.py:151} INFO - [2025-05-12T21:52:05.727+0500] {dag.py:2941} INFO - Sync 1 DAGs
[2025-05-12T21:52:05.746+0500] {logging_mixin.py:151} INFO - [2025-05-12T21:52:05.745+0500] {dag.py:3722} INFO - Setting next_dagrun for example_trigger_controller_dag to 2021-01-01T00:00:00+00:00, run_after=2021-01-01T00:00:00+00:00
[2025-05-12T21:52:05.849+0500] {processor.py:179} INFO - Processing /home/maemoon/Documents/MLOPS_Project/env/lib/python3.10/site-packages/airflow/example_dags/example_trigger_controller_dag.py took 0.179 seconds
[2025-05-12T21:53:25.095+0500] {processor.py:157} INFO - Started process (PID=64040) to work on /home/maemoon/Documents/MLOPS_Project/env/lib/python3.10/site-packages/airflow/example_dags/example_trigger_controller_dag.py
[2025-05-12T21:53:25.098+0500] {processor.py:829} INFO - Processing file /home/maemoon/Documents/MLOPS_Project/env/lib/python3.10/site-packages/airflow/example_dags/example_trigger_controller_dag.py for tasks to queue
[2025-05-12T21:53:25.099+0500] {logging_mixin.py:151} INFO - [2025-05-12T21:53:25.099+0500] {dagbag.py:536} INFO - Filling up the DagBag from /home/maemoon/Documents/MLOPS_Project/env/lib/python3.10/site-packages/airflow/example_dags/example_trigger_controller_dag.py
[2025-05-12T21:53:25.106+0500] {processor.py:839} INFO - DAG(s) dict_keys(['example_trigger_controller_dag']) retrieved from /home/maemoon/Documents/MLOPS_Project/env/lib/python3.10/site-packages/airflow/example_dags/example_trigger_controller_dag.py
[2025-05-12T21:53:25.125+0500] {logging_mixin.py:151} INFO - [2025-05-12T21:53:25.125+0500] {dag.py:2941} INFO - Sync 1 DAGs
[2025-05-12T21:53:25.146+0500] {logging_mixin.py:151} INFO - [2025-05-12T21:53:25.146+0500] {dag.py:3722} INFO - Setting next_dagrun for example_trigger_controller_dag to 2021-01-01T00:00:00+00:00, run_after=2021-01-01T00:00:00+00:00
[2025-05-12T21:53:25.249+0500] {processor.py:179} INFO - Processing /home/maemoon/Documents/MLOPS_Project/env/lib/python3.10/site-packages/airflow/example_dags/example_trigger_controller_dag.py took 0.160 seconds
[2025-05-12T21:54:23.468+0500] {processor.py:157} INFO - Started process (PID=64199) to work on /home/maemoon/Documents/MLOPS_Project/env/lib/python3.10/site-packages/airflow/example_dags/example_trigger_controller_dag.py
[2025-05-12T21:54:23.469+0500] {processor.py:829} INFO - Processing file /home/maemoon/Documents/MLOPS_Project/env/lib/python3.10/site-packages/airflow/example_dags/example_trigger_controller_dag.py for tasks to queue
[2025-05-12T21:54:23.469+0500] {logging_mixin.py:151} INFO - [2025-05-12T21:54:23.469+0500] {dagbag.py:536} INFO - Filling up the DagBag from /home/maemoon/Documents/MLOPS_Project/env/lib/python3.10/site-packages/airflow/example_dags/example_trigger_controller_dag.py
[2025-05-12T21:54:23.473+0500] {processor.py:839} INFO - DAG(s) dict_keys(['example_trigger_controller_dag']) retrieved from /home/maemoon/Documents/MLOPS_Project/env/lib/python3.10/site-packages/airflow/example_dags/example_trigger_controller_dag.py
[2025-05-12T21:54:23.487+0500] {logging_mixin.py:151} INFO - [2025-05-12T21:54:23.486+0500] {dag.py:2941} INFO - Sync 1 DAGs
[2025-05-12T21:54:23.503+0500] {logging_mixin.py:151} INFO - [2025-05-12T21:54:23.502+0500] {dag.py:3722} INFO - Setting next_dagrun for example_trigger_controller_dag to 2021-01-01T00:00:00+00:00, run_after=2021-01-01T00:00:00+00:00
[2025-05-12T21:54:23.588+0500] {processor.py:179} INFO - Processing /home/maemoon/Documents/MLOPS_Project/env/lib/python3.10/site-packages/airflow/example_dags/example_trigger_controller_dag.py took 0.122 seconds
[2025-05-12T21:56:02.101+0500] {processor.py:157} INFO - Started process (PID=65205) to work on /home/maemoon/Documents/MLOPS_Project/env/lib/python3.10/site-packages/airflow/example_dags/example_trigger_controller_dag.py
[2025-05-12T21:56:02.102+0500] {processor.py:829} INFO - Processing file /home/maemoon/Documents/MLOPS_Project/env/lib/python3.10/site-packages/airflow/example_dags/example_trigger_controller_dag.py for tasks to queue
[2025-05-12T21:56:02.103+0500] {logging_mixin.py:151} INFO - [2025-05-12T21:56:02.103+0500] {dagbag.py:536} INFO - Filling up the DagBag from /home/maemoon/Documents/MLOPS_Project/env/lib/python3.10/site-packages/airflow/example_dags/example_trigger_controller_dag.py
[2025-05-12T21:56:02.107+0500] {processor.py:839} INFO - DAG(s) dict_keys(['example_trigger_controller_dag']) retrieved from /home/maemoon/Documents/MLOPS_Project/env/lib/python3.10/site-packages/airflow/example_dags/example_trigger_controller_dag.py
[2025-05-12T21:56:02.121+0500] {logging_mixin.py:151} INFO - [2025-05-12T21:56:02.121+0500] {dag.py:2941} INFO - Sync 1 DAGs
[2025-05-12T21:56:02.137+0500] {logging_mixin.py:151} INFO - [2025-05-12T21:56:02.137+0500] {dag.py:3722} INFO - Setting next_dagrun for example_trigger_controller_dag to 2021-01-01T00:00:00+00:00, run_after=2021-01-01T00:00:00+00:00
[2025-05-12T21:56:02.273+0500] {processor.py:179} INFO - Processing /home/maemoon/Documents/MLOPS_Project/env/lib/python3.10/site-packages/airflow/example_dags/example_trigger_controller_dag.py took 0.174 seconds
[2025-05-12T21:56:45.721+0500] {processor.py:157} INFO - Started process (PID=65300) to work on /home/maemoon/Documents/MLOPS_Project/env/lib/python3.10/site-packages/airflow/example_dags/example_trigger_controller_dag.py
[2025-05-12T21:56:45.722+0500] {processor.py:829} INFO - Processing file /home/maemoon/Documents/MLOPS_Project/env/lib/python3.10/site-packages/airflow/example_dags/example_trigger_controller_dag.py for tasks to queue
[2025-05-12T21:56:45.724+0500] {logging_mixin.py:151} INFO - [2025-05-12T21:56:45.723+0500] {dagbag.py:536} INFO - Filling up the DagBag from /home/maemoon/Documents/MLOPS_Project/env/lib/python3.10/site-packages/airflow/example_dags/example_trigger_controller_dag.py
[2025-05-12T21:56:45.729+0500] {processor.py:839} INFO - DAG(s) dict_keys(['example_trigger_controller_dag']) retrieved from /home/maemoon/Documents/MLOPS_Project/env/lib/python3.10/site-packages/airflow/example_dags/example_trigger_controller_dag.py
[2025-05-12T21:56:45.744+0500] {logging_mixin.py:151} INFO - [2025-05-12T21:56:45.744+0500] {dag.py:2941} INFO - Sync 1 DAGs
[2025-05-12T21:56:45.762+0500] {logging_mixin.py:151} INFO - [2025-05-12T21:56:45.762+0500] {dag.py:3722} INFO - Setting next_dagrun for example_trigger_controller_dag to 2021-01-01T00:00:00+00:00, run_after=2021-01-01T00:00:00+00:00
[2025-05-12T21:56:45.857+0500] {processor.py:179} INFO - Processing /home/maemoon/Documents/MLOPS_Project/env/lib/python3.10/site-packages/airflow/example_dags/example_trigger_controller_dag.py took 0.138 seconds
[2025-05-12T21:57:31.636+0500] {processor.py:157} INFO - Started process (PID=65400) to work on /home/maemoon/Documents/MLOPS_Project/env/lib/python3.10/site-packages/airflow/example_dags/example_trigger_controller_dag.py
[2025-05-12T21:57:31.638+0500] {processor.py:829} INFO - Processing file /home/maemoon/Documents/MLOPS_Project/env/lib/python3.10/site-packages/airflow/example_dags/example_trigger_controller_dag.py for tasks to queue
[2025-05-12T21:57:31.639+0500] {logging_mixin.py:151} INFO - [2025-05-12T21:57:31.638+0500] {dagbag.py:536} INFO - Filling up the DagBag from /home/maemoon/Documents/MLOPS_Project/env/lib/python3.10/site-packages/airflow/example_dags/example_trigger_controller_dag.py
[2025-05-12T21:57:31.643+0500] {processor.py:839} INFO - DAG(s) dict_keys(['example_trigger_controller_dag']) retrieved from /home/maemoon/Documents/MLOPS_Project/env/lib/python3.10/site-packages/airflow/example_dags/example_trigger_controller_dag.py
[2025-05-12T21:57:31.661+0500] {logging_mixin.py:151} INFO - [2025-05-12T21:57:31.660+0500] {dag.py:2941} INFO - Sync 1 DAGs
[2025-05-12T21:57:31.680+0500] {logging_mixin.py:151} INFO - [2025-05-12T21:57:31.680+0500] {dag.py:3722} INFO - Setting next_dagrun for example_trigger_controller_dag to 2021-01-01T00:00:00+00:00, run_after=2021-01-01T00:00:00+00:00
[2025-05-12T21:57:31.777+0500] {processor.py:179} INFO - Processing /home/maemoon/Documents/MLOPS_Project/env/lib/python3.10/site-packages/airflow/example_dags/example_trigger_controller_dag.py took 0.143 seconds
[2025-05-12T21:58:25.473+0500] {processor.py:157} INFO - Started process (PID=65537) to work on /home/maemoon/Documents/MLOPS_Project/env/lib/python3.10/site-packages/airflow/example_dags/example_trigger_controller_dag.py
[2025-05-12T21:58:25.493+0500] {processor.py:829} INFO - Processing file /home/maemoon/Documents/MLOPS_Project/env/lib/python3.10/site-packages/airflow/example_dags/example_trigger_controller_dag.py for tasks to queue
[2025-05-12T21:58:25.494+0500] {logging_mixin.py:151} INFO - [2025-05-12T21:58:25.494+0500] {dagbag.py:536} INFO - Filling up the DagBag from /home/maemoon/Documents/MLOPS_Project/env/lib/python3.10/site-packages/airflow/example_dags/example_trigger_controller_dag.py
[2025-05-12T21:58:25.498+0500] {processor.py:839} INFO - DAG(s) dict_keys(['example_trigger_controller_dag']) retrieved from /home/maemoon/Documents/MLOPS_Project/env/lib/python3.10/site-packages/airflow/example_dags/example_trigger_controller_dag.py
[2025-05-12T21:58:25.513+0500] {logging_mixin.py:151} INFO - [2025-05-12T21:58:25.513+0500] {dag.py:2941} INFO - Sync 1 DAGs
[2025-05-12T21:58:25.530+0500] {logging_mixin.py:151} INFO - [2025-05-12T21:58:25.530+0500] {dag.py:3722} INFO - Setting next_dagrun for example_trigger_controller_dag to 2021-01-01T00:00:00+00:00, run_after=2021-01-01T00:00:00+00:00
[2025-05-12T21:58:25.630+0500] {processor.py:179} INFO - Processing /home/maemoon/Documents/MLOPS_Project/env/lib/python3.10/site-packages/airflow/example_dags/example_trigger_controller_dag.py took 0.160 seconds
[2025-05-12T21:59:20.237+0500] {processor.py:157} INFO - Started process (PID=65745) to work on /home/maemoon/Documents/MLOPS_Project/env/lib/python3.10/site-packages/airflow/example_dags/example_trigger_controller_dag.py
[2025-05-12T21:59:20.246+0500] {processor.py:829} INFO - Processing file /home/maemoon/Documents/MLOPS_Project/env/lib/python3.10/site-packages/airflow/example_dags/example_trigger_controller_dag.py for tasks to queue
[2025-05-12T21:59:20.246+0500] {logging_mixin.py:151} INFO - [2025-05-12T21:59:20.246+0500] {dagbag.py:536} INFO - Filling up the DagBag from /home/maemoon/Documents/MLOPS_Project/env/lib/python3.10/site-packages/airflow/example_dags/example_trigger_controller_dag.py
[2025-05-12T21:59:20.250+0500] {processor.py:839} INFO - DAG(s) dict_keys(['example_trigger_controller_dag']) retrieved from /home/maemoon/Documents/MLOPS_Project/env/lib/python3.10/site-packages/airflow/example_dags/example_trigger_controller_dag.py
[2025-05-12T21:59:20.267+0500] {logging_mixin.py:151} INFO - [2025-05-12T21:59:20.266+0500] {dag.py:2941} INFO - Sync 1 DAGs
[2025-05-12T21:59:20.284+0500] {logging_mixin.py:151} INFO - [2025-05-12T21:59:20.284+0500] {dag.py:3722} INFO - Setting next_dagrun for example_trigger_controller_dag to 2021-01-01T00:00:00+00:00, run_after=2021-01-01T00:00:00+00:00
[2025-05-12T21:59:20.396+0500] {processor.py:179} INFO - Processing /home/maemoon/Documents/MLOPS_Project/env/lib/python3.10/site-packages/airflow/example_dags/example_trigger_controller_dag.py took 0.162 seconds
[2025-05-12T22:00:24.798+0500] {processor.py:157} INFO - Started process (PID=65984) to work on /home/maemoon/Documents/MLOPS_Project/env/lib/python3.10/site-packages/airflow/example_dags/example_trigger_controller_dag.py
[2025-05-12T22:00:24.840+0500] {processor.py:829} INFO - Processing file /home/maemoon/Documents/MLOPS_Project/env/lib/python3.10/site-packages/airflow/example_dags/example_trigger_controller_dag.py for tasks to queue
[2025-05-12T22:00:24.841+0500] {logging_mixin.py:151} INFO - [2025-05-12T22:00:24.841+0500] {dagbag.py:536} INFO - Filling up the DagBag from /home/maemoon/Documents/MLOPS_Project/env/lib/python3.10/site-packages/airflow/example_dags/example_trigger_controller_dag.py
[2025-05-12T22:00:24.845+0500] {processor.py:839} INFO - DAG(s) dict_keys(['example_trigger_controller_dag']) retrieved from /home/maemoon/Documents/MLOPS_Project/env/lib/python3.10/site-packages/airflow/example_dags/example_trigger_controller_dag.py
[2025-05-12T22:00:26.222+0500] {logging_mixin.py:151} INFO - [2025-05-12T22:00:26.222+0500] {dag.py:2941} INFO - Sync 1 DAGs
[2025-05-12T22:00:26.476+0500] {logging_mixin.py:151} INFO - [2025-05-12T22:00:26.475+0500] {dag.py:3722} INFO - Setting next_dagrun for example_trigger_controller_dag to 2021-01-01T00:00:00+00:00, run_after=2021-01-01T00:00:00+00:00
[2025-05-12T22:00:26.602+0500] {processor.py:179} INFO - Processing /home/maemoon/Documents/MLOPS_Project/env/lib/python3.10/site-packages/airflow/example_dags/example_trigger_controller_dag.py took 1.806 seconds
[2025-05-12T22:01:32.214+0500] {processor.py:157} INFO - Started process (PID=66215) to work on /home/maemoon/Documents/MLOPS_Project/env/lib/python3.10/site-packages/airflow/example_dags/example_trigger_controller_dag.py
[2025-05-12T22:01:32.223+0500] {processor.py:829} INFO - Processing file /home/maemoon/Documents/MLOPS_Project/env/lib/python3.10/site-packages/airflow/example_dags/example_trigger_controller_dag.py for tasks to queue
[2025-05-12T22:01:32.225+0500] {logging_mixin.py:151} INFO - [2025-05-12T22:01:32.224+0500] {dagbag.py:536} INFO - Filling up the DagBag from /home/maemoon/Documents/MLOPS_Project/env/lib/python3.10/site-packages/airflow/example_dags/example_trigger_controller_dag.py
[2025-05-12T22:01:32.233+0500] {processor.py:839} INFO - DAG(s) dict_keys(['example_trigger_controller_dag']) retrieved from /home/maemoon/Documents/MLOPS_Project/env/lib/python3.10/site-packages/airflow/example_dags/example_trigger_controller_dag.py
[2025-05-12T22:01:32.254+0500] {logging_mixin.py:151} INFO - [2025-05-12T22:01:32.253+0500] {dag.py:2941} INFO - Sync 1 DAGs
[2025-05-12T22:01:32.270+0500] {logging_mixin.py:151} INFO - [2025-05-12T22:01:32.270+0500] {dag.py:3722} INFO - Setting next_dagrun for example_trigger_controller_dag to 2021-01-01T00:00:00+00:00, run_after=2021-01-01T00:00:00+00:00
[2025-05-12T22:01:32.375+0500] {processor.py:179} INFO - Processing /home/maemoon/Documents/MLOPS_Project/env/lib/python3.10/site-packages/airflow/example_dags/example_trigger_controller_dag.py took 0.163 seconds
[2025-05-12T22:03:39.101+0500] {processor.py:157} INFO - Started process (PID=67300) to work on /home/maemoon/Documents/MLOPS_Project/env/lib/python3.10/site-packages/airflow/example_dags/example_trigger_controller_dag.py
[2025-05-12T22:03:39.119+0500] {processor.py:829} INFO - Processing file /home/maemoon/Documents/MLOPS_Project/env/lib/python3.10/site-packages/airflow/example_dags/example_trigger_controller_dag.py for tasks to queue
[2025-05-12T22:03:39.120+0500] {logging_mixin.py:151} INFO - [2025-05-12T22:03:39.119+0500] {dagbag.py:536} INFO - Filling up the DagBag from /home/maemoon/Documents/MLOPS_Project/env/lib/python3.10/site-packages/airflow/example_dags/example_trigger_controller_dag.py
[2025-05-12T22:03:39.123+0500] {processor.py:839} INFO - DAG(s) dict_keys(['example_trigger_controller_dag']) retrieved from /home/maemoon/Documents/MLOPS_Project/env/lib/python3.10/site-packages/airflow/example_dags/example_trigger_controller_dag.py
[2025-05-12T22:03:39.137+0500] {logging_mixin.py:151} INFO - [2025-05-12T22:03:39.136+0500] {dag.py:2941} INFO - Sync 1 DAGs
[2025-05-12T22:03:39.152+0500] {logging_mixin.py:151} INFO - [2025-05-12T22:03:39.152+0500] {dag.py:3722} INFO - Setting next_dagrun for example_trigger_controller_dag to 2021-01-01T00:00:00+00:00, run_after=2021-01-01T00:00:00+00:00
[2025-05-12T22:03:39.239+0500] {processor.py:179} INFO - Processing /home/maemoon/Documents/MLOPS_Project/env/lib/python3.10/site-packages/airflow/example_dags/example_trigger_controller_dag.py took 0.141 seconds
[2025-05-12T22:04:35.394+0500] {processor.py:157} INFO - Started process (PID=67449) to work on /home/maemoon/Documents/MLOPS_Project/env/lib/python3.10/site-packages/airflow/example_dags/example_trigger_controller_dag.py
[2025-05-12T22:04:35.395+0500] {processor.py:829} INFO - Processing file /home/maemoon/Documents/MLOPS_Project/env/lib/python3.10/site-packages/airflow/example_dags/example_trigger_controller_dag.py for tasks to queue
[2025-05-12T22:04:35.396+0500] {logging_mixin.py:151} INFO - [2025-05-12T22:04:35.395+0500] {dagbag.py:536} INFO - Filling up the DagBag from /home/maemoon/Documents/MLOPS_Project/env/lib/python3.10/site-packages/airflow/example_dags/example_trigger_controller_dag.py
[2025-05-12T22:04:35.399+0500] {processor.py:839} INFO - DAG(s) dict_keys(['example_trigger_controller_dag']) retrieved from /home/maemoon/Documents/MLOPS_Project/env/lib/python3.10/site-packages/airflow/example_dags/example_trigger_controller_dag.py
[2025-05-12T22:04:35.413+0500] {logging_mixin.py:151} INFO - [2025-05-12T22:04:35.412+0500] {dag.py:2941} INFO - Sync 1 DAGs
[2025-05-12T22:04:35.427+0500] {logging_mixin.py:151} INFO - [2025-05-12T22:04:35.427+0500] {dag.py:3722} INFO - Setting next_dagrun for example_trigger_controller_dag to 2021-01-01T00:00:00+00:00, run_after=2021-01-01T00:00:00+00:00
[2025-05-12T22:04:35.522+0500] {processor.py:179} INFO - Processing /home/maemoon/Documents/MLOPS_Project/env/lib/python3.10/site-packages/airflow/example_dags/example_trigger_controller_dag.py took 0.131 seconds
[2025-05-12T22:05:30.030+0500] {processor.py:157} INFO - Started process (PID=67610) to work on /home/maemoon/Documents/MLOPS_Project/env/lib/python3.10/site-packages/airflow/example_dags/example_trigger_controller_dag.py
[2025-05-12T22:05:30.031+0500] {processor.py:829} INFO - Processing file /home/maemoon/Documents/MLOPS_Project/env/lib/python3.10/site-packages/airflow/example_dags/example_trigger_controller_dag.py for tasks to queue
[2025-05-12T22:05:30.032+0500] {logging_mixin.py:151} INFO - [2025-05-12T22:05:30.032+0500] {dagbag.py:536} INFO - Filling up the DagBag from /home/maemoon/Documents/MLOPS_Project/env/lib/python3.10/site-packages/airflow/example_dags/example_trigger_controller_dag.py
[2025-05-12T22:05:30.036+0500] {processor.py:839} INFO - DAG(s) dict_keys(['example_trigger_controller_dag']) retrieved from /home/maemoon/Documents/MLOPS_Project/env/lib/python3.10/site-packages/airflow/example_dags/example_trigger_controller_dag.py
[2025-05-12T22:05:30.051+0500] {logging_mixin.py:151} INFO - [2025-05-12T22:05:30.051+0500] {dag.py:2941} INFO - Sync 1 DAGs
[2025-05-12T22:05:30.073+0500] {logging_mixin.py:151} INFO - [2025-05-12T22:05:30.073+0500] {dag.py:3722} INFO - Setting next_dagrun for example_trigger_controller_dag to 2021-01-01T00:00:00+00:00, run_after=2021-01-01T00:00:00+00:00
[2025-05-12T22:05:30.164+0500] {processor.py:179} INFO - Processing /home/maemoon/Documents/MLOPS_Project/env/lib/python3.10/site-packages/airflow/example_dags/example_trigger_controller_dag.py took 0.136 seconds
[2025-05-12T22:06:18.833+0500] {processor.py:157} INFO - Started process (PID=67719) to work on /home/maemoon/Documents/MLOPS_Project/env/lib/python3.10/site-packages/airflow/example_dags/example_trigger_controller_dag.py
[2025-05-12T22:06:18.833+0500] {processor.py:829} INFO - Processing file /home/maemoon/Documents/MLOPS_Project/env/lib/python3.10/site-packages/airflow/example_dags/example_trigger_controller_dag.py for tasks to queue
[2025-05-12T22:06:18.834+0500] {logging_mixin.py:151} INFO - [2025-05-12T22:06:18.834+0500] {dagbag.py:536} INFO - Filling up the DagBag from /home/maemoon/Documents/MLOPS_Project/env/lib/python3.10/site-packages/airflow/example_dags/example_trigger_controller_dag.py
[2025-05-12T22:06:18.838+0500] {processor.py:839} INFO - DAG(s) dict_keys(['example_trigger_controller_dag']) retrieved from /home/maemoon/Documents/MLOPS_Project/env/lib/python3.10/site-packages/airflow/example_dags/example_trigger_controller_dag.py
[2025-05-12T22:06:18.853+0500] {logging_mixin.py:151} INFO - [2025-05-12T22:06:18.853+0500] {dag.py:2941} INFO - Sync 1 DAGs
[2025-05-12T22:06:18.869+0500] {logging_mixin.py:151} INFO - [2025-05-12T22:06:18.869+0500] {dag.py:3722} INFO - Setting next_dagrun for example_trigger_controller_dag to 2021-01-01T00:00:00+00:00, run_after=2021-01-01T00:00:00+00:00
[2025-05-12T22:06:18.949+0500] {processor.py:179} INFO - Processing /home/maemoon/Documents/MLOPS_Project/env/lib/python3.10/site-packages/airflow/example_dags/example_trigger_controller_dag.py took 0.119 seconds
[2025-05-12T22:07:08.040+0500] {processor.py:157} INFO - Started process (PID=67859) to work on /home/maemoon/Documents/MLOPS_Project/env/lib/python3.10/site-packages/airflow/example_dags/example_trigger_controller_dag.py
[2025-05-12T22:07:08.041+0500] {processor.py:829} INFO - Processing file /home/maemoon/Documents/MLOPS_Project/env/lib/python3.10/site-packages/airflow/example_dags/example_trigger_controller_dag.py for tasks to queue
[2025-05-12T22:07:08.041+0500] {logging_mixin.py:151} INFO - [2025-05-12T22:07:08.041+0500] {dagbag.py:536} INFO - Filling up the DagBag from /home/maemoon/Documents/MLOPS_Project/env/lib/python3.10/site-packages/airflow/example_dags/example_trigger_controller_dag.py
[2025-05-12T22:07:08.045+0500] {processor.py:839} INFO - DAG(s) dict_keys(['example_trigger_controller_dag']) retrieved from /home/maemoon/Documents/MLOPS_Project/env/lib/python3.10/site-packages/airflow/example_dags/example_trigger_controller_dag.py
[2025-05-12T22:07:08.058+0500] {logging_mixin.py:151} INFO - [2025-05-12T22:07:08.058+0500] {dag.py:2941} INFO - Sync 1 DAGs
[2025-05-12T22:07:08.073+0500] {logging_mixin.py:151} INFO - [2025-05-12T22:07:08.073+0500] {dag.py:3722} INFO - Setting next_dagrun for example_trigger_controller_dag to 2021-01-01T00:00:00+00:00, run_after=2021-01-01T00:00:00+00:00
[2025-05-12T22:07:08.184+0500] {processor.py:179} INFO - Processing /home/maemoon/Documents/MLOPS_Project/env/lib/python3.10/site-packages/airflow/example_dags/example_trigger_controller_dag.py took 0.146 seconds
[2025-05-12T22:08:03.670+0500] {processor.py:157} INFO - Started process (PID=68003) to work on /home/maemoon/Documents/MLOPS_Project/env/lib/python3.10/site-packages/airflow/example_dags/example_trigger_controller_dag.py
[2025-05-12T22:08:03.704+0500] {processor.py:829} INFO - Processing file /home/maemoon/Documents/MLOPS_Project/env/lib/python3.10/site-packages/airflow/example_dags/example_trigger_controller_dag.py for tasks to queue
[2025-05-12T22:08:03.705+0500] {logging_mixin.py:151} INFO - [2025-05-12T22:08:03.704+0500] {dagbag.py:536} INFO - Filling up the DagBag from /home/maemoon/Documents/MLOPS_Project/env/lib/python3.10/site-packages/airflow/example_dags/example_trigger_controller_dag.py
[2025-05-12T22:08:03.709+0500] {processor.py:839} INFO - DAG(s) dict_keys(['example_trigger_controller_dag']) retrieved from /home/maemoon/Documents/MLOPS_Project/env/lib/python3.10/site-packages/airflow/example_dags/example_trigger_controller_dag.py
[2025-05-12T22:08:03.721+0500] {logging_mixin.py:151} INFO - [2025-05-12T22:08:03.721+0500] {dag.py:2941} INFO - Sync 1 DAGs
[2025-05-12T22:08:03.736+0500] {logging_mixin.py:151} INFO - [2025-05-12T22:08:03.736+0500] {dag.py:3722} INFO - Setting next_dagrun for example_trigger_controller_dag to 2021-01-01T00:00:00+00:00, run_after=2021-01-01T00:00:00+00:00
[2025-05-12T22:08:03.844+0500] {processor.py:179} INFO - Processing /home/maemoon/Documents/MLOPS_Project/env/lib/python3.10/site-packages/airflow/example_dags/example_trigger_controller_dag.py took 0.177 seconds
[2025-05-12T22:08:53.929+0500] {processor.py:157} INFO - Started process (PID=68100) to work on /home/maemoon/Documents/MLOPS_Project/env/lib/python3.10/site-packages/airflow/example_dags/example_trigger_controller_dag.py
[2025-05-12T22:08:53.930+0500] {processor.py:829} INFO - Processing file /home/maemoon/Documents/MLOPS_Project/env/lib/python3.10/site-packages/airflow/example_dags/example_trigger_controller_dag.py for tasks to queue
[2025-05-12T22:08:53.931+0500] {logging_mixin.py:151} INFO - [2025-05-12T22:08:53.931+0500] {dagbag.py:536} INFO - Filling up the DagBag from /home/maemoon/Documents/MLOPS_Project/env/lib/python3.10/site-packages/airflow/example_dags/example_trigger_controller_dag.py
[2025-05-12T22:08:53.935+0500] {processor.py:839} INFO - DAG(s) dict_keys(['example_trigger_controller_dag']) retrieved from /home/maemoon/Documents/MLOPS_Project/env/lib/python3.10/site-packages/airflow/example_dags/example_trigger_controller_dag.py
[2025-05-12T22:08:53.953+0500] {logging_mixin.py:151} INFO - [2025-05-12T22:08:53.953+0500] {dag.py:2941} INFO - Sync 1 DAGs
[2025-05-12T22:08:53.969+0500] {logging_mixin.py:151} INFO - [2025-05-12T22:08:53.969+0500] {dag.py:3722} INFO - Setting next_dagrun for example_trigger_controller_dag to 2021-01-01T00:00:00+00:00, run_after=2021-01-01T00:00:00+00:00
[2025-05-12T22:08:54.063+0500] {processor.py:179} INFO - Processing /home/maemoon/Documents/MLOPS_Project/env/lib/python3.10/site-packages/airflow/example_dags/example_trigger_controller_dag.py took 0.138 seconds
[2025-05-12T22:09:43.257+0500] {processor.py:157} INFO - Started process (PID=68208) to work on /home/maemoon/Documents/MLOPS_Project/env/lib/python3.10/site-packages/airflow/example_dags/example_trigger_controller_dag.py
[2025-05-12T22:09:43.259+0500] {processor.py:829} INFO - Processing file /home/maemoon/Documents/MLOPS_Project/env/lib/python3.10/site-packages/airflow/example_dags/example_trigger_controller_dag.py for tasks to queue
[2025-05-12T22:09:43.259+0500] {logging_mixin.py:151} INFO - [2025-05-12T22:09:43.259+0500] {dagbag.py:536} INFO - Filling up the DagBag from /home/maemoon/Documents/MLOPS_Project/env/lib/python3.10/site-packages/airflow/example_dags/example_trigger_controller_dag.py
[2025-05-12T22:09:43.264+0500] {processor.py:839} INFO - DAG(s) dict_keys(['example_trigger_controller_dag']) retrieved from /home/maemoon/Documents/MLOPS_Project/env/lib/python3.10/site-packages/airflow/example_dags/example_trigger_controller_dag.py
[2025-05-12T22:09:43.278+0500] {logging_mixin.py:151} INFO - [2025-05-12T22:09:43.278+0500] {dag.py:2941} INFO - Sync 1 DAGs
[2025-05-12T22:09:43.293+0500] {logging_mixin.py:151} INFO - [2025-05-12T22:09:43.293+0500] {dag.py:3722} INFO - Setting next_dagrun for example_trigger_controller_dag to 2021-01-01T00:00:00+00:00, run_after=2021-01-01T00:00:00+00:00
[2025-05-12T22:09:43.372+0500] {processor.py:179} INFO - Processing /home/maemoon/Documents/MLOPS_Project/env/lib/python3.10/site-packages/airflow/example_dags/example_trigger_controller_dag.py took 0.117 seconds
[2025-05-12T22:10:37.703+0500] {processor.py:157} INFO - Started process (PID=68542) to work on /home/maemoon/Documents/MLOPS_Project/env/lib/python3.10/site-packages/airflow/example_dags/example_trigger_controller_dag.py
[2025-05-12T22:10:37.720+0500] {processor.py:829} INFO - Processing file /home/maemoon/Documents/MLOPS_Project/env/lib/python3.10/site-packages/airflow/example_dags/example_trigger_controller_dag.py for tasks to queue
[2025-05-12T22:10:37.722+0500] {logging_mixin.py:151} INFO - [2025-05-12T22:10:37.721+0500] {dagbag.py:536} INFO - Filling up the DagBag from /home/maemoon/Documents/MLOPS_Project/env/lib/python3.10/site-packages/airflow/example_dags/example_trigger_controller_dag.py
[2025-05-12T22:10:37.728+0500] {processor.py:839} INFO - DAG(s) dict_keys(['example_trigger_controller_dag']) retrieved from /home/maemoon/Documents/MLOPS_Project/env/lib/python3.10/site-packages/airflow/example_dags/example_trigger_controller_dag.py
[2025-05-12T22:10:37.756+0500] {logging_mixin.py:151} INFO - [2025-05-12T22:10:37.756+0500] {dag.py:2941} INFO - Sync 1 DAGs
[2025-05-12T22:10:37.788+0500] {logging_mixin.py:151} INFO - [2025-05-12T22:10:37.788+0500] {dag.py:3722} INFO - Setting next_dagrun for example_trigger_controller_dag to 2021-01-01T00:00:00+00:00, run_after=2021-01-01T00:00:00+00:00
[2025-05-12T22:10:37.880+0500] {processor.py:179} INFO - Processing /home/maemoon/Documents/MLOPS_Project/env/lib/python3.10/site-packages/airflow/example_dags/example_trigger_controller_dag.py took 0.184 seconds
[2025-05-12T22:11:31.975+0500] {processor.py:157} INFO - Started process (PID=68634) to work on /home/maemoon/Documents/MLOPS_Project/env/lib/python3.10/site-packages/airflow/example_dags/example_trigger_controller_dag.py
[2025-05-12T22:11:31.977+0500] {processor.py:829} INFO - Processing file /home/maemoon/Documents/MLOPS_Project/env/lib/python3.10/site-packages/airflow/example_dags/example_trigger_controller_dag.py for tasks to queue
[2025-05-12T22:11:31.978+0500] {logging_mixin.py:151} INFO - [2025-05-12T22:11:31.977+0500] {dagbag.py:536} INFO - Filling up the DagBag from /home/maemoon/Documents/MLOPS_Project/env/lib/python3.10/site-packages/airflow/example_dags/example_trigger_controller_dag.py
[2025-05-12T22:11:31.981+0500] {processor.py:839} INFO - DAG(s) dict_keys(['example_trigger_controller_dag']) retrieved from /home/maemoon/Documents/MLOPS_Project/env/lib/python3.10/site-packages/airflow/example_dags/example_trigger_controller_dag.py
[2025-05-12T22:11:31.996+0500] {logging_mixin.py:151} INFO - [2025-05-12T22:11:31.996+0500] {dag.py:2941} INFO - Sync 1 DAGs
[2025-05-12T22:11:32.013+0500] {logging_mixin.py:151} INFO - [2025-05-12T22:11:32.013+0500] {dag.py:3722} INFO - Setting next_dagrun for example_trigger_controller_dag to 2021-01-01T00:00:00+00:00, run_after=2021-01-01T00:00:00+00:00
[2025-05-12T22:11:32.101+0500] {processor.py:179} INFO - Processing /home/maemoon/Documents/MLOPS_Project/env/lib/python3.10/site-packages/airflow/example_dags/example_trigger_controller_dag.py took 0.128 seconds
[2025-05-12T22:12:19.264+0500] {processor.py:157} INFO - Started process (PID=68730) to work on /home/maemoon/Documents/MLOPS_Project/env/lib/python3.10/site-packages/airflow/example_dags/example_trigger_controller_dag.py
[2025-05-12T22:12:19.265+0500] {processor.py:829} INFO - Processing file /home/maemoon/Documents/MLOPS_Project/env/lib/python3.10/site-packages/airflow/example_dags/example_trigger_controller_dag.py for tasks to queue
[2025-05-12T22:12:19.265+0500] {logging_mixin.py:151} INFO - [2025-05-12T22:12:19.265+0500] {dagbag.py:536} INFO - Filling up the DagBag from /home/maemoon/Documents/MLOPS_Project/env/lib/python3.10/site-packages/airflow/example_dags/example_trigger_controller_dag.py
[2025-05-12T22:12:19.269+0500] {processor.py:839} INFO - DAG(s) dict_keys(['example_trigger_controller_dag']) retrieved from /home/maemoon/Documents/MLOPS_Project/env/lib/python3.10/site-packages/airflow/example_dags/example_trigger_controller_dag.py
[2025-05-12T22:12:19.282+0500] {logging_mixin.py:151} INFO - [2025-05-12T22:12:19.282+0500] {dag.py:2941} INFO - Sync 1 DAGs
[2025-05-12T22:12:19.297+0500] {logging_mixin.py:151} INFO - [2025-05-12T22:12:19.297+0500] {dag.py:3722} INFO - Setting next_dagrun for example_trigger_controller_dag to 2021-01-01T00:00:00+00:00, run_after=2021-01-01T00:00:00+00:00
[2025-05-12T22:12:19.388+0500] {processor.py:179} INFO - Processing /home/maemoon/Documents/MLOPS_Project/env/lib/python3.10/site-packages/airflow/example_dags/example_trigger_controller_dag.py took 0.126 seconds
[2025-05-12T22:13:10.839+0500] {processor.py:157} INFO - Started process (PID=68830) to work on /home/maemoon/Documents/MLOPS_Project/env/lib/python3.10/site-packages/airflow/example_dags/example_trigger_controller_dag.py
[2025-05-12T22:13:10.840+0500] {processor.py:829} INFO - Processing file /home/maemoon/Documents/MLOPS_Project/env/lib/python3.10/site-packages/airflow/example_dags/example_trigger_controller_dag.py for tasks to queue
[2025-05-12T22:13:10.841+0500] {logging_mixin.py:151} INFO - [2025-05-12T22:13:10.841+0500] {dagbag.py:536} INFO - Filling up the DagBag from /home/maemoon/Documents/MLOPS_Project/env/lib/python3.10/site-packages/airflow/example_dags/example_trigger_controller_dag.py
[2025-05-12T22:13:10.845+0500] {processor.py:839} INFO - DAG(s) dict_keys(['example_trigger_controller_dag']) retrieved from /home/maemoon/Documents/MLOPS_Project/env/lib/python3.10/site-packages/airflow/example_dags/example_trigger_controller_dag.py
[2025-05-12T22:13:10.861+0500] {logging_mixin.py:151} INFO - [2025-05-12T22:13:10.861+0500] {dag.py:2941} INFO - Sync 1 DAGs
[2025-05-12T22:13:10.886+0500] {logging_mixin.py:151} INFO - [2025-05-12T22:13:10.886+0500] {dag.py:3722} INFO - Setting next_dagrun for example_trigger_controller_dag to 2021-01-01T00:00:00+00:00, run_after=2021-01-01T00:00:00+00:00
[2025-05-12T22:13:10.975+0500] {processor.py:179} INFO - Processing /home/maemoon/Documents/MLOPS_Project/env/lib/python3.10/site-packages/airflow/example_dags/example_trigger_controller_dag.py took 0.140 seconds
[2025-05-12T22:13:57.792+0500] {processor.py:157} INFO - Started process (PID=68899) to work on /home/maemoon/Documents/MLOPS_Project/env/lib/python3.10/site-packages/airflow/example_dags/example_trigger_controller_dag.py
[2025-05-12T22:13:57.805+0500] {processor.py:829} INFO - Processing file /home/maemoon/Documents/MLOPS_Project/env/lib/python3.10/site-packages/airflow/example_dags/example_trigger_controller_dag.py for tasks to queue
[2025-05-12T22:13:57.807+0500] {logging_mixin.py:151} INFO - [2025-05-12T22:13:57.806+0500] {dagbag.py:536} INFO - Filling up the DagBag from /home/maemoon/Documents/MLOPS_Project/env/lib/python3.10/site-packages/airflow/example_dags/example_trigger_controller_dag.py
[2025-05-12T22:13:57.811+0500] {processor.py:839} INFO - DAG(s) dict_keys(['example_trigger_controller_dag']) retrieved from /home/maemoon/Documents/MLOPS_Project/env/lib/python3.10/site-packages/airflow/example_dags/example_trigger_controller_dag.py
[2025-05-12T22:13:57.827+0500] {logging_mixin.py:151} INFO - [2025-05-12T22:13:57.827+0500] {dag.py:2941} INFO - Sync 1 DAGs
[2025-05-12T22:13:57.845+0500] {logging_mixin.py:151} INFO - [2025-05-12T22:13:57.845+0500] {dag.py:3722} INFO - Setting next_dagrun for example_trigger_controller_dag to 2021-01-01T00:00:00+00:00, run_after=2021-01-01T00:00:00+00:00
[2025-05-12T22:13:58.016+0500] {processor.py:179} INFO - Processing /home/maemoon/Documents/MLOPS_Project/env/lib/python3.10/site-packages/airflow/example_dags/example_trigger_controller_dag.py took 0.228 seconds
[2025-05-12T22:14:46.089+0500] {processor.py:157} INFO - Started process (PID=68994) to work on /home/maemoon/Documents/MLOPS_Project/env/lib/python3.10/site-packages/airflow/example_dags/example_trigger_controller_dag.py
[2025-05-12T22:14:46.114+0500] {processor.py:829} INFO - Processing file /home/maemoon/Documents/MLOPS_Project/env/lib/python3.10/site-packages/airflow/example_dags/example_trigger_controller_dag.py for tasks to queue
[2025-05-12T22:14:46.115+0500] {logging_mixin.py:151} INFO - [2025-05-12T22:14:46.114+0500] {dagbag.py:536} INFO - Filling up the DagBag from /home/maemoon/Documents/MLOPS_Project/env/lib/python3.10/site-packages/airflow/example_dags/example_trigger_controller_dag.py
[2025-05-12T22:14:46.119+0500] {processor.py:839} INFO - DAG(s) dict_keys(['example_trigger_controller_dag']) retrieved from /home/maemoon/Documents/MLOPS_Project/env/lib/python3.10/site-packages/airflow/example_dags/example_trigger_controller_dag.py
[2025-05-12T22:14:46.133+0500] {logging_mixin.py:151} INFO - [2025-05-12T22:14:46.133+0500] {dag.py:2941} INFO - Sync 1 DAGs
[2025-05-12T22:14:46.148+0500] {logging_mixin.py:151} INFO - [2025-05-12T22:14:46.148+0500] {dag.py:3722} INFO - Setting next_dagrun for example_trigger_controller_dag to 2021-01-01T00:00:00+00:00, run_after=2021-01-01T00:00:00+00:00
[2025-05-12T22:14:46.235+0500] {processor.py:179} INFO - Processing /home/maemoon/Documents/MLOPS_Project/env/lib/python3.10/site-packages/airflow/example_dags/example_trigger_controller_dag.py took 0.148 seconds
[2025-05-12T22:15:38.940+0500] {processor.py:157} INFO - Started process (PID=69070) to work on /home/maemoon/Documents/MLOPS_Project/env/lib/python3.10/site-packages/airflow/example_dags/example_trigger_controller_dag.py
[2025-05-12T22:15:38.941+0500] {processor.py:829} INFO - Processing file /home/maemoon/Documents/MLOPS_Project/env/lib/python3.10/site-packages/airflow/example_dags/example_trigger_controller_dag.py for tasks to queue
[2025-05-12T22:15:38.942+0500] {logging_mixin.py:151} INFO - [2025-05-12T22:15:38.941+0500] {dagbag.py:536} INFO - Filling up the DagBag from /home/maemoon/Documents/MLOPS_Project/env/lib/python3.10/site-packages/airflow/example_dags/example_trigger_controller_dag.py
[2025-05-12T22:15:38.945+0500] {processor.py:839} INFO - DAG(s) dict_keys(['example_trigger_controller_dag']) retrieved from /home/maemoon/Documents/MLOPS_Project/env/lib/python3.10/site-packages/airflow/example_dags/example_trigger_controller_dag.py
[2025-05-12T22:15:38.959+0500] {logging_mixin.py:151} INFO - [2025-05-12T22:15:38.959+0500] {dag.py:2941} INFO - Sync 1 DAGs
[2025-05-12T22:15:38.975+0500] {logging_mixin.py:151} INFO - [2025-05-12T22:15:38.975+0500] {dag.py:3722} INFO - Setting next_dagrun for example_trigger_controller_dag to 2021-01-01T00:00:00+00:00, run_after=2021-01-01T00:00:00+00:00
[2025-05-12T22:15:39.099+0500] {processor.py:179} INFO - Processing /home/maemoon/Documents/MLOPS_Project/env/lib/python3.10/site-packages/airflow/example_dags/example_trigger_controller_dag.py took 0.161 seconds
[2025-05-12T22:16:32.674+0500] {processor.py:157} INFO - Started process (PID=69191) to work on /home/maemoon/Documents/MLOPS_Project/env/lib/python3.10/site-packages/airflow/example_dags/example_trigger_controller_dag.py
[2025-05-12T22:16:32.676+0500] {processor.py:829} INFO - Processing file /home/maemoon/Documents/MLOPS_Project/env/lib/python3.10/site-packages/airflow/example_dags/example_trigger_controller_dag.py for tasks to queue
[2025-05-12T22:16:32.677+0500] {logging_mixin.py:151} INFO - [2025-05-12T22:16:32.676+0500] {dagbag.py:536} INFO - Filling up the DagBag from /home/maemoon/Documents/MLOPS_Project/env/lib/python3.10/site-packages/airflow/example_dags/example_trigger_controller_dag.py
[2025-05-12T22:16:32.683+0500] {processor.py:839} INFO - DAG(s) dict_keys(['example_trigger_controller_dag']) retrieved from /home/maemoon/Documents/MLOPS_Project/env/lib/python3.10/site-packages/airflow/example_dags/example_trigger_controller_dag.py
[2025-05-12T22:16:32.705+0500] {logging_mixin.py:151} INFO - [2025-05-12T22:16:32.705+0500] {dag.py:2941} INFO - Sync 1 DAGs
[2025-05-12T22:16:32.728+0500] {logging_mixin.py:151} INFO - [2025-05-12T22:16:32.727+0500] {dag.py:3722} INFO - Setting next_dagrun for example_trigger_controller_dag to 2021-01-01T00:00:00+00:00, run_after=2021-01-01T00:00:00+00:00
[2025-05-12T22:16:32.863+0500] {processor.py:179} INFO - Processing /home/maemoon/Documents/MLOPS_Project/env/lib/python3.10/site-packages/airflow/example_dags/example_trigger_controller_dag.py took 0.195 seconds
[2025-05-12T22:17:26.299+0500] {processor.py:157} INFO - Started process (PID=69365) to work on /home/maemoon/Documents/MLOPS_Project/env/lib/python3.10/site-packages/airflow/example_dags/example_trigger_controller_dag.py
[2025-05-12T22:17:26.301+0500] {processor.py:829} INFO - Processing file /home/maemoon/Documents/MLOPS_Project/env/lib/python3.10/site-packages/airflow/example_dags/example_trigger_controller_dag.py for tasks to queue
[2025-05-12T22:17:26.301+0500] {logging_mixin.py:151} INFO - [2025-05-12T22:17:26.301+0500] {dagbag.py:536} INFO - Filling up the DagBag from /home/maemoon/Documents/MLOPS_Project/env/lib/python3.10/site-packages/airflow/example_dags/example_trigger_controller_dag.py
[2025-05-12T22:17:26.305+0500] {processor.py:839} INFO - DAG(s) dict_keys(['example_trigger_controller_dag']) retrieved from /home/maemoon/Documents/MLOPS_Project/env/lib/python3.10/site-packages/airflow/example_dags/example_trigger_controller_dag.py
[2025-05-12T22:17:26.321+0500] {logging_mixin.py:151} INFO - [2025-05-12T22:17:26.321+0500] {dag.py:2941} INFO - Sync 1 DAGs
[2025-05-12T22:17:26.340+0500] {logging_mixin.py:151} INFO - [2025-05-12T22:17:26.339+0500] {dag.py:3722} INFO - Setting next_dagrun for example_trigger_controller_dag to 2021-01-01T00:00:00+00:00, run_after=2021-01-01T00:00:00+00:00
[2025-05-12T22:17:26.428+0500] {processor.py:179} INFO - Processing /home/maemoon/Documents/MLOPS_Project/env/lib/python3.10/site-packages/airflow/example_dags/example_trigger_controller_dag.py took 0.131 seconds
[2025-05-12T22:18:18.855+0500] {processor.py:157} INFO - Started process (PID=69516) to work on /home/maemoon/Documents/MLOPS_Project/env/lib/python3.10/site-packages/airflow/example_dags/example_trigger_controller_dag.py
[2025-05-12T22:18:18.857+0500] {processor.py:829} INFO - Processing file /home/maemoon/Documents/MLOPS_Project/env/lib/python3.10/site-packages/airflow/example_dags/example_trigger_controller_dag.py for tasks to queue
[2025-05-12T22:18:18.857+0500] {logging_mixin.py:151} INFO - [2025-05-12T22:18:18.857+0500] {dagbag.py:536} INFO - Filling up the DagBag from /home/maemoon/Documents/MLOPS_Project/env/lib/python3.10/site-packages/airflow/example_dags/example_trigger_controller_dag.py
[2025-05-12T22:18:18.862+0500] {processor.py:839} INFO - DAG(s) dict_keys(['example_trigger_controller_dag']) retrieved from /home/maemoon/Documents/MLOPS_Project/env/lib/python3.10/site-packages/airflow/example_dags/example_trigger_controller_dag.py
[2025-05-12T22:18:18.881+0500] {logging_mixin.py:151} INFO - [2025-05-12T22:18:18.881+0500] {dag.py:2941} INFO - Sync 1 DAGs
[2025-05-12T22:18:18.909+0500] {logging_mixin.py:151} INFO - [2025-05-12T22:18:18.909+0500] {dag.py:3722} INFO - Setting next_dagrun for example_trigger_controller_dag to 2021-01-01T00:00:00+00:00, run_after=2021-01-01T00:00:00+00:00
[2025-05-12T22:18:19.021+0500] {processor.py:179} INFO - Processing /home/maemoon/Documents/MLOPS_Project/env/lib/python3.10/site-packages/airflow/example_dags/example_trigger_controller_dag.py took 0.168 seconds
[2025-05-12T22:19:13.635+0500] {processor.py:157} INFO - Started process (PID=69616) to work on /home/maemoon/Documents/MLOPS_Project/env/lib/python3.10/site-packages/airflow/example_dags/example_trigger_controller_dag.py
[2025-05-12T22:19:13.636+0500] {processor.py:829} INFO - Processing file /home/maemoon/Documents/MLOPS_Project/env/lib/python3.10/site-packages/airflow/example_dags/example_trigger_controller_dag.py for tasks to queue
[2025-05-12T22:19:13.637+0500] {logging_mixin.py:151} INFO - [2025-05-12T22:19:13.637+0500] {dagbag.py:536} INFO - Filling up the DagBag from /home/maemoon/Documents/MLOPS_Project/env/lib/python3.10/site-packages/airflow/example_dags/example_trigger_controller_dag.py
[2025-05-12T22:19:13.643+0500] {processor.py:839} INFO - DAG(s) dict_keys(['example_trigger_controller_dag']) retrieved from /home/maemoon/Documents/MLOPS_Project/env/lib/python3.10/site-packages/airflow/example_dags/example_trigger_controller_dag.py
[2025-05-12T22:19:13.662+0500] {logging_mixin.py:151} INFO - [2025-05-12T22:19:13.662+0500] {dag.py:2941} INFO - Sync 1 DAGs
[2025-05-12T22:19:13.687+0500] {logging_mixin.py:151} INFO - [2025-05-12T22:19:13.687+0500] {dag.py:3722} INFO - Setting next_dagrun for example_trigger_controller_dag to 2021-01-01T00:00:00+00:00, run_after=2021-01-01T00:00:00+00:00
[2025-05-12T22:19:13.785+0500] {processor.py:179} INFO - Processing /home/maemoon/Documents/MLOPS_Project/env/lib/python3.10/site-packages/airflow/example_dags/example_trigger_controller_dag.py took 0.154 seconds
[2025-05-12T22:20:07.046+0500] {processor.py:157} INFO - Started process (PID=69719) to work on /home/maemoon/Documents/MLOPS_Project/env/lib/python3.10/site-packages/airflow/example_dags/example_trigger_controller_dag.py
[2025-05-12T22:20:07.048+0500] {processor.py:829} INFO - Processing file /home/maemoon/Documents/MLOPS_Project/env/lib/python3.10/site-packages/airflow/example_dags/example_trigger_controller_dag.py for tasks to queue
[2025-05-12T22:20:07.048+0500] {logging_mixin.py:151} INFO - [2025-05-12T22:20:07.048+0500] {dagbag.py:536} INFO - Filling up the DagBag from /home/maemoon/Documents/MLOPS_Project/env/lib/python3.10/site-packages/airflow/example_dags/example_trigger_controller_dag.py
[2025-05-12T22:20:07.052+0500] {processor.py:839} INFO - DAG(s) dict_keys(['example_trigger_controller_dag']) retrieved from /home/maemoon/Documents/MLOPS_Project/env/lib/python3.10/site-packages/airflow/example_dags/example_trigger_controller_dag.py
[2025-05-12T22:20:07.065+0500] {logging_mixin.py:151} INFO - [2025-05-12T22:20:07.065+0500] {dag.py:2941} INFO - Sync 1 DAGs
[2025-05-12T22:20:07.080+0500] {logging_mixin.py:151} INFO - [2025-05-12T22:20:07.080+0500] {dag.py:3722} INFO - Setting next_dagrun for example_trigger_controller_dag to 2021-01-01T00:00:00+00:00, run_after=2021-01-01T00:00:00+00:00
[2025-05-12T22:20:07.173+0500] {processor.py:179} INFO - Processing /home/maemoon/Documents/MLOPS_Project/env/lib/python3.10/site-packages/airflow/example_dags/example_trigger_controller_dag.py took 0.130 seconds
[2025-05-12T22:21:01.530+0500] {processor.py:157} INFO - Started process (PID=69880) to work on /home/maemoon/Documents/MLOPS_Project/env/lib/python3.10/site-packages/airflow/example_dags/example_trigger_controller_dag.py
[2025-05-12T22:21:01.531+0500] {processor.py:829} INFO - Processing file /home/maemoon/Documents/MLOPS_Project/env/lib/python3.10/site-packages/airflow/example_dags/example_trigger_controller_dag.py for tasks to queue
[2025-05-12T22:21:01.531+0500] {logging_mixin.py:151} INFO - [2025-05-12T22:21:01.531+0500] {dagbag.py:536} INFO - Filling up the DagBag from /home/maemoon/Documents/MLOPS_Project/env/lib/python3.10/site-packages/airflow/example_dags/example_trigger_controller_dag.py
[2025-05-12T22:21:01.535+0500] {processor.py:839} INFO - DAG(s) dict_keys(['example_trigger_controller_dag']) retrieved from /home/maemoon/Documents/MLOPS_Project/env/lib/python3.10/site-packages/airflow/example_dags/example_trigger_controller_dag.py
[2025-05-12T22:21:01.550+0500] {logging_mixin.py:151} INFO - [2025-05-12T22:21:01.550+0500] {dag.py:2941} INFO - Sync 1 DAGs
[2025-05-12T22:21:01.572+0500] {logging_mixin.py:151} INFO - [2025-05-12T22:21:01.572+0500] {dag.py:3722} INFO - Setting next_dagrun for example_trigger_controller_dag to 2021-01-01T00:00:00+00:00, run_after=2021-01-01T00:00:00+00:00
[2025-05-12T22:21:01.660+0500] {processor.py:179} INFO - Processing /home/maemoon/Documents/MLOPS_Project/env/lib/python3.10/site-packages/airflow/example_dags/example_trigger_controller_dag.py took 0.132 seconds
[2025-05-12T22:21:58.148+0500] {processor.py:157} INFO - Started process (PID=70123) to work on /home/maemoon/Documents/MLOPS_Project/env/lib/python3.10/site-packages/airflow/example_dags/example_trigger_controller_dag.py
[2025-05-12T22:21:58.150+0500] {processor.py:829} INFO - Processing file /home/maemoon/Documents/MLOPS_Project/env/lib/python3.10/site-packages/airflow/example_dags/example_trigger_controller_dag.py for tasks to queue
[2025-05-12T22:21:58.150+0500] {logging_mixin.py:151} INFO - [2025-05-12T22:21:58.150+0500] {dagbag.py:536} INFO - Filling up the DagBag from /home/maemoon/Documents/MLOPS_Project/env/lib/python3.10/site-packages/airflow/example_dags/example_trigger_controller_dag.py
[2025-05-12T22:21:58.154+0500] {processor.py:839} INFO - DAG(s) dict_keys(['example_trigger_controller_dag']) retrieved from /home/maemoon/Documents/MLOPS_Project/env/lib/python3.10/site-packages/airflow/example_dags/example_trigger_controller_dag.py
[2025-05-12T22:21:58.170+0500] {logging_mixin.py:151} INFO - [2025-05-12T22:21:58.170+0500] {dag.py:2941} INFO - Sync 1 DAGs
[2025-05-12T22:21:58.188+0500] {logging_mixin.py:151} INFO - [2025-05-12T22:21:58.188+0500] {dag.py:3722} INFO - Setting next_dagrun for example_trigger_controller_dag to 2021-01-01T00:00:00+00:00, run_after=2021-01-01T00:00:00+00:00
[2025-05-12T22:21:58.280+0500] {processor.py:179} INFO - Processing /home/maemoon/Documents/MLOPS_Project/env/lib/python3.10/site-packages/airflow/example_dags/example_trigger_controller_dag.py took 0.135 seconds
[2025-05-12T22:22:50.459+0500] {processor.py:157} INFO - Started process (PID=70217) to work on /home/maemoon/Documents/MLOPS_Project/env/lib/python3.10/site-packages/airflow/example_dags/example_trigger_controller_dag.py
[2025-05-12T22:22:50.460+0500] {processor.py:829} INFO - Processing file /home/maemoon/Documents/MLOPS_Project/env/lib/python3.10/site-packages/airflow/example_dags/example_trigger_controller_dag.py for tasks to queue
[2025-05-12T22:22:50.461+0500] {logging_mixin.py:151} INFO - [2025-05-12T22:22:50.460+0500] {dagbag.py:536} INFO - Filling up the DagBag from /home/maemoon/Documents/MLOPS_Project/env/lib/python3.10/site-packages/airflow/example_dags/example_trigger_controller_dag.py
[2025-05-12T22:22:50.465+0500] {processor.py:839} INFO - DAG(s) dict_keys(['example_trigger_controller_dag']) retrieved from /home/maemoon/Documents/MLOPS_Project/env/lib/python3.10/site-packages/airflow/example_dags/example_trigger_controller_dag.py
[2025-05-12T22:22:50.480+0500] {logging_mixin.py:151} INFO - [2025-05-12T22:22:50.480+0500] {dag.py:2941} INFO - Sync 1 DAGs
[2025-05-12T22:22:50.497+0500] {logging_mixin.py:151} INFO - [2025-05-12T22:22:50.497+0500] {dag.py:3722} INFO - Setting next_dagrun for example_trigger_controller_dag to 2021-01-01T00:00:00+00:00, run_after=2021-01-01T00:00:00+00:00
[2025-05-12T22:22:50.590+0500] {processor.py:179} INFO - Processing /home/maemoon/Documents/MLOPS_Project/env/lib/python3.10/site-packages/airflow/example_dags/example_trigger_controller_dag.py took 0.134 seconds
[2025-05-12T22:23:44.816+0500] {processor.py:157} INFO - Started process (PID=70326) to work on /home/maemoon/Documents/MLOPS_Project/env/lib/python3.10/site-packages/airflow/example_dags/example_trigger_controller_dag.py
[2025-05-12T22:23:44.822+0500] {processor.py:829} INFO - Processing file /home/maemoon/Documents/MLOPS_Project/env/lib/python3.10/site-packages/airflow/example_dags/example_trigger_controller_dag.py for tasks to queue
[2025-05-12T22:23:44.823+0500] {logging_mixin.py:151} INFO - [2025-05-12T22:23:44.822+0500] {dagbag.py:536} INFO - Filling up the DagBag from /home/maemoon/Documents/MLOPS_Project/env/lib/python3.10/site-packages/airflow/example_dags/example_trigger_controller_dag.py
[2025-05-12T22:23:44.826+0500] {processor.py:839} INFO - DAG(s) dict_keys(['example_trigger_controller_dag']) retrieved from /home/maemoon/Documents/MLOPS_Project/env/lib/python3.10/site-packages/airflow/example_dags/example_trigger_controller_dag.py
[2025-05-12T22:23:44.841+0500] {logging_mixin.py:151} INFO - [2025-05-12T22:23:44.841+0500] {dag.py:2941} INFO - Sync 1 DAGs
[2025-05-12T22:23:44.858+0500] {logging_mixin.py:151} INFO - [2025-05-12T22:23:44.858+0500] {dag.py:3722} INFO - Setting next_dagrun for example_trigger_controller_dag to 2021-01-01T00:00:00+00:00, run_after=2021-01-01T00:00:00+00:00
[2025-05-12T22:23:44.950+0500] {processor.py:179} INFO - Processing /home/maemoon/Documents/MLOPS_Project/env/lib/python3.10/site-packages/airflow/example_dags/example_trigger_controller_dag.py took 0.137 seconds
