[2025-05-12T21:24:32.991+0500] {processor.py:157} INFO - Started process (PID=56334) to work on /home/maemoon/Documents/MLOPS_Project/env/lib/python3.10/site-packages/airflow/example_dags/example_external_task_marker_dag.py
[2025-05-12T21:24:32.992+0500] {processor.py:829} INFO - Processing file /home/maemoon/Documents/MLOPS_Project/env/lib/python3.10/site-packages/airflow/example_dags/example_external_task_marker_dag.py for tasks to queue
[2025-05-12T21:24:32.993+0500] {logging_mixin.py:151} INFO - [2025-05-12T21:24:32.992+0500] {dagbag.py:536} INFO - Filling up the DagBag from /home/maemoon/Documents/MLOPS_Project/env/lib/python3.10/site-packages/airflow/example_dags/example_external_task_marker_dag.py
[2025-05-12T21:24:33.000+0500] {processor.py:839} INFO - DAG(s) dict_keys(['example_external_task_marker_parent', 'example_external_task_marker_child']) retrieved from /home/maemoon/Documents/MLOPS_Project/env/lib/python3.10/site-packages/airflow/example_dags/example_external_task_marker_dag.py
[2025-05-12T21:24:33.281+0500] {logging_mixin.py:151} INFO - [2025-05-12T21:24:33.281+0500] {manager.py:499} INFO - Created Permission View: %s
[2025-05-12T21:24:33.381+0500] {logging_mixin.py:151} INFO - [2025-05-12T21:24:33.381+0500] {manager.py:499} INFO - Created Permission View: %s
[2025-05-12T21:24:33.481+0500] {logging_mixin.py:151} INFO - [2025-05-12T21:24:33.481+0500] {manager.py:499} INFO - Created Permission View: %s
[2025-05-12T21:24:33.736+0500] {logging_mixin.py:151} INFO - [2025-05-12T21:24:33.736+0500] {manager.py:499} INFO - Created Permission View: %s
[2025-05-12T21:24:33.836+0500] {logging_mixin.py:151} INFO - [2025-05-12T21:24:33.836+0500] {manager.py:499} INFO - Created Permission View: %s
[2025-05-12T21:24:33.936+0500] {logging_mixin.py:151} INFO - [2025-05-12T21:24:33.936+0500] {manager.py:499} INFO - Created Permission View: %s
[2025-05-12T21:24:33.936+0500] {logging_mixin.py:151} INFO - [2025-05-12T21:24:33.936+0500] {dag.py:2941} INFO - Sync 2 DAGs
[2025-05-12T21:24:33.946+0500] {logging_mixin.py:151} INFO - [2025-05-12T21:24:33.946+0500] {dag.py:2963} INFO - Creating ORM DAG for example_external_task_marker_parent
[2025-05-12T21:24:33.946+0500] {logging_mixin.py:151} INFO - [2025-05-12T21:24:33.946+0500] {dag.py:2963} INFO - Creating ORM DAG for example_external_task_marker_child
[2025-05-12T21:24:33.947+0500] {logging_mixin.py:151} INFO - [2025-05-12T21:24:33.947+0500] {dag.py:3722} INFO - Setting next_dagrun for example_external_task_marker_child to None, run_after=None
[2025-05-12T21:24:33.947+0500] {logging_mixin.py:151} INFO - [2025-05-12T21:24:33.947+0500] {dag.py:3722} INFO - Setting next_dagrun for example_external_task_marker_parent to None, run_after=None
[2025-05-12T21:24:34.089+0500] {processor.py:179} INFO - Processing /home/maemoon/Documents/MLOPS_Project/env/lib/python3.10/site-packages/airflow/example_dags/example_external_task_marker_dag.py took 1.102 seconds
[2025-05-12T21:30:32.584+0500] {processor.py:157} INFO - Started process (PID=57976) to work on /home/maemoon/Documents/MLOPS_Project/env/lib/python3.10/site-packages/airflow/example_dags/example_external_task_marker_dag.py
[2025-05-12T21:30:32.600+0500] {processor.py:829} INFO - Processing file /home/maemoon/Documents/MLOPS_Project/env/lib/python3.10/site-packages/airflow/example_dags/example_external_task_marker_dag.py for tasks to queue
[2025-05-12T21:30:32.600+0500] {logging_mixin.py:151} INFO - [2025-05-12T21:30:32.600+0500] {dagbag.py:536} INFO - Filling up the DagBag from /home/maemoon/Documents/MLOPS_Project/env/lib/python3.10/site-packages/airflow/example_dags/example_external_task_marker_dag.py
[2025-05-12T21:30:32.605+0500] {processor.py:839} INFO - DAG(s) dict_keys(['example_external_task_marker_parent', 'example_external_task_marker_child']) retrieved from /home/maemoon/Documents/MLOPS_Project/env/lib/python3.10/site-packages/airflow/example_dags/example_external_task_marker_dag.py
[2025-05-12T21:30:32.621+0500] {logging_mixin.py:151} INFO - [2025-05-12T21:30:32.621+0500] {dag.py:2941} INFO - Sync 2 DAGs
[2025-05-12T21:30:32.632+0500] {logging_mixin.py:151} INFO - [2025-05-12T21:30:32.632+0500] {dag.py:3722} INFO - Setting next_dagrun for example_external_task_marker_child to None, run_after=None
[2025-05-12T21:30:32.634+0500] {logging_mixin.py:151} INFO - [2025-05-12T21:30:32.634+0500] {dag.py:3722} INFO - Setting next_dagrun for example_external_task_marker_parent to None, run_after=None
[2025-05-12T21:30:32.722+0500] {processor.py:179} INFO - Processing /home/maemoon/Documents/MLOPS_Project/env/lib/python3.10/site-packages/airflow/example_dags/example_external_task_marker_dag.py took 0.140 seconds
[2025-05-12T21:31:56.588+0500] {processor.py:157} INFO - Started process (PID=58616) to work on /home/maemoon/Documents/MLOPS_Project/env/lib/python3.10/site-packages/airflow/example_dags/example_external_task_marker_dag.py
[2025-05-12T21:31:56.589+0500] {processor.py:829} INFO - Processing file /home/maemoon/Documents/MLOPS_Project/env/lib/python3.10/site-packages/airflow/example_dags/example_external_task_marker_dag.py for tasks to queue
[2025-05-12T21:31:56.590+0500] {logging_mixin.py:151} INFO - [2025-05-12T21:31:56.590+0500] {dagbag.py:536} INFO - Filling up the DagBag from /home/maemoon/Documents/MLOPS_Project/env/lib/python3.10/site-packages/airflow/example_dags/example_external_task_marker_dag.py
[2025-05-12T21:31:56.607+0500] {processor.py:839} INFO - DAG(s) dict_keys(['example_external_task_marker_parent', 'example_external_task_marker_child']) retrieved from /home/maemoon/Documents/MLOPS_Project/env/lib/python3.10/site-packages/airflow/example_dags/example_external_task_marker_dag.py
[2025-05-12T21:31:56.644+0500] {logging_mixin.py:151} INFO - [2025-05-12T21:31:56.644+0500] {dag.py:2941} INFO - Sync 2 DAGs
[2025-05-12T21:31:56.671+0500] {logging_mixin.py:151} INFO - [2025-05-12T21:31:56.671+0500] {dag.py:3722} INFO - Setting next_dagrun for example_external_task_marker_child to None, run_after=None
[2025-05-12T21:31:56.676+0500] {logging_mixin.py:151} INFO - [2025-05-12T21:31:56.675+0500] {dag.py:3722} INFO - Setting next_dagrun for example_external_task_marker_parent to None, run_after=None
[2025-05-12T21:31:56.789+0500] {processor.py:179} INFO - Processing /home/maemoon/Documents/MLOPS_Project/env/lib/python3.10/site-packages/airflow/example_dags/example_external_task_marker_dag.py took 0.206 seconds
