[2025-05-12T21:24:54.293+0500] {processor.py:157} INFO - Started process (PID=56398) to work on /home/maemoon/Documents/MLOPS_Project/env/lib/python3.10/site-packages/airflow/example_dags/example_bash_operator.py
[2025-05-12T21:24:54.294+0500] {processor.py:829} INFO - Processing file /home/maemoon/Documents/MLOPS_Project/env/lib/python3.10/site-packages/airflow/example_dags/example_bash_operator.py for tasks to queue
[2025-05-12T21:24:54.294+0500] {logging_mixin.py:151} INFO - [2025-05-12T21:24:54.294+0500] {dagbag.py:536} INFO - Filling up the DagBag from /home/maemoon/Documents/MLOPS_Project/env/lib/python3.10/site-packages/airflow/example_dags/example_bash_operator.py
[2025-05-12T21:24:54.304+0500] {processor.py:839} INFO - DAG(s) dict_keys(['example_bash_operator']) retrieved from /home/maemoon/Documents/MLOPS_Project/env/lib/python3.10/site-packages/airflow/example_dags/example_bash_operator.py
[2025-05-12T21:24:54.613+0500] {logging_mixin.py:151} INFO - [2025-05-12T21:24:54.613+0500] {manager.py:499} INFO - Created Permission View: %s
[2025-05-12T21:24:54.702+0500] {logging_mixin.py:151} INFO - [2025-05-12T21:24:54.702+0500] {manager.py:499} INFO - Created Permission View: %s
[2025-05-12T21:24:54.791+0500] {logging_mixin.py:151} INFO - [2025-05-12T21:24:54.790+0500] {manager.py:499} INFO - Created Permission View: %s
[2025-05-12T21:24:54.791+0500] {logging_mixin.py:151} INFO - [2025-05-12T21:24:54.791+0500] {dag.py:2941} INFO - Sync 1 DAGs
[2025-05-12T21:24:54.799+0500] {logging_mixin.py:151} INFO - [2025-05-12T21:24:54.799+0500] {dag.py:2963} INFO - Creating ORM DAG for example_bash_operator
[2025-05-12T21:24:54.807+0500] {logging_mixin.py:151} INFO - [2025-05-12T21:24:54.807+0500] {dag.py:3722} INFO - Setting next_dagrun for example_bash_operator to 2025-05-11T00:00:00+00:00, run_after=2025-05-12T00:00:00+00:00
[2025-05-12T21:24:54.941+0500] {processor.py:179} INFO - Processing /home/maemoon/Documents/MLOPS_Project/env/lib/python3.10/site-packages/airflow/example_dags/example_bash_operator.py took 0.651 seconds
[2025-05-12T21:30:46.420+0500] {processor.py:157} INFO - Started process (PID=57998) to work on /home/maemoon/Documents/MLOPS_Project/env/lib/python3.10/site-packages/airflow/example_dags/example_bash_operator.py
[2025-05-12T21:30:46.421+0500] {processor.py:829} INFO - Processing file /home/maemoon/Documents/MLOPS_Project/env/lib/python3.10/site-packages/airflow/example_dags/example_bash_operator.py for tasks to queue
[2025-05-12T21:30:46.421+0500] {logging_mixin.py:151} INFO - [2025-05-12T21:30:46.421+0500] {dagbag.py:536} INFO - Filling up the DagBag from /home/maemoon/Documents/MLOPS_Project/env/lib/python3.10/site-packages/airflow/example_dags/example_bash_operator.py
[2025-05-12T21:30:46.431+0500] {processor.py:839} INFO - DAG(s) dict_keys(['example_bash_operator']) retrieved from /home/maemoon/Documents/MLOPS_Project/env/lib/python3.10/site-packages/airflow/example_dags/example_bash_operator.py
[2025-05-12T21:30:46.452+0500] {logging_mixin.py:151} INFO - [2025-05-12T21:30:46.452+0500] {dag.py:2941} INFO - Sync 1 DAGs
[2025-05-12T21:30:46.469+0500] {logging_mixin.py:151} INFO - [2025-05-12T21:30:46.469+0500] {dag.py:3722} INFO - Setting next_dagrun for example_bash_operator to 2025-05-11T00:00:00+00:00, run_after=2025-05-12T00:00:00+00:00
[2025-05-12T21:30:46.560+0500] {processor.py:179} INFO - Processing /home/maemoon/Documents/MLOPS_Project/env/lib/python3.10/site-packages/airflow/example_dags/example_bash_operator.py took 0.142 seconds
[2025-05-12T21:32:09.815+0500] {processor.py:157} INFO - Started process (PID=58644) to work on /home/maemoon/Documents/MLOPS_Project/env/lib/python3.10/site-packages/airflow/example_dags/example_bash_operator.py
[2025-05-12T21:32:09.816+0500] {processor.py:829} INFO - Processing file /home/maemoon/Documents/MLOPS_Project/env/lib/python3.10/site-packages/airflow/example_dags/example_bash_operator.py for tasks to queue
[2025-05-12T21:32:09.816+0500] {logging_mixin.py:151} INFO - [2025-05-12T21:32:09.816+0500] {dagbag.py:536} INFO - Filling up the DagBag from /home/maemoon/Documents/MLOPS_Project/env/lib/python3.10/site-packages/airflow/example_dags/example_bash_operator.py
[2025-05-12T21:32:09.826+0500] {processor.py:839} INFO - DAG(s) dict_keys(['example_bash_operator']) retrieved from /home/maemoon/Documents/MLOPS_Project/env/lib/python3.10/site-packages/airflow/example_dags/example_bash_operator.py
[2025-05-12T21:32:09.847+0500] {logging_mixin.py:151} INFO - [2025-05-12T21:32:09.846+0500] {dag.py:2941} INFO - Sync 1 DAGs
[2025-05-12T21:32:09.864+0500] {logging_mixin.py:151} INFO - [2025-05-12T21:32:09.864+0500] {dag.py:3722} INFO - Setting next_dagrun for example_bash_operator to 2025-05-11T00:00:00+00:00, run_after=2025-05-12T00:00:00+00:00
[2025-05-12T21:32:09.952+0500] {processor.py:179} INFO - Processing /home/maemoon/Documents/MLOPS_Project/env/lib/python3.10/site-packages/airflow/example_dags/example_bash_operator.py took 0.139 seconds
