[2025-05-12T21:23:57.042+0500] {processor.py:157} INFO - Started process (PID=56062) to work on /home/maemoon/Documents/MLOPS_Project/env/lib/python3.10/site-packages/airflow/example_dags/example_sla_dag.py
[2025-05-12T21:23:57.043+0500] {processor.py:829} INFO - Processing file /home/maemoon/Documents/MLOPS_Project/env/lib/python3.10/site-packages/airflow/example_dags/example_sla_dag.py for tasks to queue
[2025-05-12T21:23:57.044+0500] {logging_mixin.py:151} INFO - [2025-05-12T21:23:57.043+0500] {dagbag.py:536} INFO - Filling up the DagBag from /home/maemoon/Documents/MLOPS_Project/env/lib/python3.10/site-packages/airflow/example_dags/example_sla_dag.py
[2025-05-12T21:23:57.052+0500] {processor.py:839} INFO - DAG(s) dict_keys(['example_sla_dag']) retrieved from /home/maemoon/Documents/MLOPS_Project/env/lib/python3.10/site-packages/airflow/example_dags/example_sla_dag.py
[2025-05-12T21:23:57.338+0500] {logging_mixin.py:151} INFO - [2025-05-12T21:23:57.338+0500] {manager.py:499} INFO - Created Permission View: %s
[2025-05-12T21:23:57.427+0500] {logging_mixin.py:151} INFO - [2025-05-12T21:23:57.427+0500] {manager.py:499} INFO - Created Permission View: %s
[2025-05-12T21:23:57.527+0500] {logging_mixin.py:151} INFO - [2025-05-12T21:23:57.527+0500] {manager.py:499} INFO - Created Permission View: %s
[2025-05-12T21:23:57.527+0500] {logging_mixin.py:151} INFO - [2025-05-12T21:23:57.527+0500] {dag.py:2941} INFO - Sync 1 DAGs
[2025-05-12T21:23:57.536+0500] {logging_mixin.py:151} INFO - [2025-05-12T21:23:57.536+0500] {dag.py:2963} INFO - Creating ORM DAG for example_sla_dag
[2025-05-12T21:23:57.549+0500] {logging_mixin.py:151} INFO - [2025-05-12T21:23:57.548+0500] {dag.py:3722} INFO - Setting next_dagrun for example_sla_dag to 2025-05-12T16:20:00+00:00, run_after=2025-05-12T16:22:00+00:00
[2025-05-12T21:23:57.733+0500] {processor.py:179} INFO - Processing /home/maemoon/Documents/MLOPS_Project/env/lib/python3.10/site-packages/airflow/example_dags/example_sla_dag.py took 0.696 seconds
[2025-05-12T21:30:14.684+0500] {processor.py:157} INFO - Started process (PID=57863) to work on /home/maemoon/Documents/MLOPS_Project/env/lib/python3.10/site-packages/airflow/example_dags/example_sla_dag.py
[2025-05-12T21:30:14.685+0500] {processor.py:829} INFO - Processing file /home/maemoon/Documents/MLOPS_Project/env/lib/python3.10/site-packages/airflow/example_dags/example_sla_dag.py for tasks to queue
[2025-05-12T21:30:14.686+0500] {logging_mixin.py:151} INFO - [2025-05-12T21:30:14.685+0500] {dagbag.py:536} INFO - Filling up the DagBag from /home/maemoon/Documents/MLOPS_Project/env/lib/python3.10/site-packages/airflow/example_dags/example_sla_dag.py
[2025-05-12T21:30:14.692+0500] {processor.py:839} INFO - DAG(s) dict_keys(['example_sla_dag']) retrieved from /home/maemoon/Documents/MLOPS_Project/env/lib/python3.10/site-packages/airflow/example_dags/example_sla_dag.py
[2025-05-12T21:30:14.707+0500] {logging_mixin.py:151} INFO - [2025-05-12T21:30:14.706+0500] {dag.py:2941} INFO - Sync 1 DAGs
[2025-05-12T21:30:14.724+0500] {logging_mixin.py:151} INFO - [2025-05-12T21:30:14.724+0500] {dag.py:3722} INFO - Setting next_dagrun for example_sla_dag to 2025-05-12T16:28:00+00:00, run_after=2025-05-12T16:30:00+00:00
[2025-05-12T21:30:14.833+0500] {processor.py:179} INFO - Processing /home/maemoon/Documents/MLOPS_Project/env/lib/python3.10/site-packages/airflow/example_dags/example_sla_dag.py took 0.151 seconds
[2025-05-12T21:31:07.770+0500] {processor.py:157} INFO - Started process (PID=58037) to work on /home/maemoon/Documents/MLOPS_Project/env/lib/python3.10/site-packages/airflow/example_dags/example_sla_dag.py
[2025-05-12T21:31:07.802+0500] {processor.py:829} INFO - Processing file /home/maemoon/Documents/MLOPS_Project/env/lib/python3.10/site-packages/airflow/example_dags/example_sla_dag.py for tasks to queue
[2025-05-12T21:31:07.803+0500] {logging_mixin.py:151} INFO - [2025-05-12T21:31:07.803+0500] {dagbag.py:536} INFO - Filling up the DagBag from /home/maemoon/Documents/MLOPS_Project/env/lib/python3.10/site-packages/airflow/example_dags/example_sla_dag.py
[2025-05-12T21:31:07.815+0500] {processor.py:839} INFO - DAG(s) dict_keys(['example_sla_dag']) retrieved from /home/maemoon/Documents/MLOPS_Project/env/lib/python3.10/site-packages/airflow/example_dags/example_sla_dag.py
[2025-05-12T21:31:08.267+0500] {logging_mixin.py:151} INFO - [2025-05-12T21:31:08.266+0500] {dag.py:2941} INFO - Sync 1 DAGs
[2025-05-12T21:31:11.024+0500] {logging_mixin.py:151} INFO - [2025-05-12T21:31:11.024+0500] {dag.py:3722} INFO - Setting next_dagrun for example_sla_dag to 2025-05-12T16:28:00+00:00, run_after=2025-05-12T16:30:00+00:00
[2025-05-12T21:31:11.115+0500] {processor.py:179} INFO - Processing /home/maemoon/Documents/MLOPS_Project/env/lib/python3.10/site-packages/airflow/example_dags/example_sla_dag.py took 3.349 seconds
[2025-05-12T21:32:53.576+0500] {processor.py:157} INFO - Started process (PID=59207) to work on /home/maemoon/Documents/MLOPS_Project/env/lib/python3.10/site-packages/airflow/example_dags/example_sla_dag.py
[2025-05-12T21:32:53.577+0500] {processor.py:829} INFO - Processing file /home/maemoon/Documents/MLOPS_Project/env/lib/python3.10/site-packages/airflow/example_dags/example_sla_dag.py for tasks to queue
[2025-05-12T21:32:53.578+0500] {logging_mixin.py:151} INFO - [2025-05-12T21:32:53.577+0500] {dagbag.py:536} INFO - Filling up the DagBag from /home/maemoon/Documents/MLOPS_Project/env/lib/python3.10/site-packages/airflow/example_dags/example_sla_dag.py
[2025-05-12T21:32:53.585+0500] {processor.py:839} INFO - DAG(s) dict_keys(['example_sla_dag']) retrieved from /home/maemoon/Documents/MLOPS_Project/env/lib/python3.10/site-packages/airflow/example_dags/example_sla_dag.py
[2025-05-12T21:32:53.597+0500] {logging_mixin.py:151} INFO - [2025-05-12T21:32:53.597+0500] {dag.py:2941} INFO - Sync 1 DAGs
[2025-05-12T21:32:53.616+0500] {logging_mixin.py:151} INFO - [2025-05-12T21:32:53.615+0500] {dag.py:3722} INFO - Setting next_dagrun for example_sla_dag to 2025-05-12T16:30:00+00:00, run_after=2025-05-12T16:32:00+00:00
[2025-05-12T21:32:53.835+0500] {processor.py:179} INFO - Processing /home/maemoon/Documents/MLOPS_Project/env/lib/python3.10/site-packages/airflow/example_dags/example_sla_dag.py took 0.261 seconds
