[2025-05-12T21:24:41.782+0500] {processor.py:157} INFO - Started process (PID=56352) to work on /home/maemoon/Documents/MLOPS_Project/env/lib/python3.10/site-packages/airflow/example_dags/example_branch_day_of_week_operator.py
[2025-05-12T21:24:41.782+0500] {processor.py:829} INFO - Processing file /home/maemoon/Documents/MLOPS_Project/env/lib/python3.10/site-packages/airflow/example_dags/example_branch_day_of_week_operator.py for tasks to queue
[2025-05-12T21:24:41.783+0500] {logging_mixin.py:151} INFO - [2025-05-12T21:24:41.783+0500] {dagbag.py:536} INFO - Filling up the DagBag from /home/maemoon/Documents/MLOPS_Project/env/lib/python3.10/site-packages/airflow/example_dags/example_branch_day_of_week_operator.py
[2025-05-12T21:24:41.791+0500] {processor.py:839} INFO - DAG(s) dict_keys(['example_weekday_branch_operator']) retrieved from /home/maemoon/Documents/MLOPS_Project/env/lib/python3.10/site-packages/airflow/example_dags/example_branch_day_of_week_operator.py
[2025-05-12T21:24:42.102+0500] {logging_mixin.py:151} INFO - [2025-05-12T21:24:42.102+0500] {manager.py:499} INFO - Created Permission View: %s
[2025-05-12T21:24:42.214+0500] {logging_mixin.py:151} INFO - [2025-05-12T21:24:42.213+0500] {manager.py:499} INFO - Created Permission View: %s
[2025-05-12T21:24:42.302+0500] {logging_mixin.py:151} INFO - [2025-05-12T21:24:42.302+0500] {manager.py:499} INFO - Created Permission View: %s
[2025-05-12T21:24:42.303+0500] {logging_mixin.py:151} INFO - [2025-05-12T21:24:42.303+0500] {dag.py:2941} INFO - Sync 1 DAGs
[2025-05-12T21:24:42.312+0500] {logging_mixin.py:151} INFO - [2025-05-12T21:24:42.312+0500] {dag.py:2963} INFO - Creating ORM DAG for example_weekday_branch_operator
[2025-05-12T21:24:42.324+0500] {logging_mixin.py:151} INFO - [2025-05-12T21:24:42.324+0500] {dag.py:3722} INFO - Setting next_dagrun for example_weekday_branch_operator to 2025-05-11T00:00:00+00:00, run_after=2025-05-12T00:00:00+00:00
[2025-05-12T21:24:42.464+0500] {processor.py:179} INFO - Processing /home/maemoon/Documents/MLOPS_Project/env/lib/python3.10/site-packages/airflow/example_dags/example_branch_day_of_week_operator.py took 0.686 seconds
[2025-05-12T21:30:38.110+0500] {processor.py:157} INFO - Started process (PID=57988) to work on /home/maemoon/Documents/MLOPS_Project/env/lib/python3.10/site-packages/airflow/example_dags/example_branch_day_of_week_operator.py
[2025-05-12T21:30:38.111+0500] {processor.py:829} INFO - Processing file /home/maemoon/Documents/MLOPS_Project/env/lib/python3.10/site-packages/airflow/example_dags/example_branch_day_of_week_operator.py for tasks to queue
[2025-05-12T21:30:38.112+0500] {logging_mixin.py:151} INFO - [2025-05-12T21:30:38.111+0500] {dagbag.py:536} INFO - Filling up the DagBag from /home/maemoon/Documents/MLOPS_Project/env/lib/python3.10/site-packages/airflow/example_dags/example_branch_day_of_week_operator.py
[2025-05-12T21:30:38.119+0500] {processor.py:839} INFO - DAG(s) dict_keys(['example_weekday_branch_operator']) retrieved from /home/maemoon/Documents/MLOPS_Project/env/lib/python3.10/site-packages/airflow/example_dags/example_branch_day_of_week_operator.py
[2025-05-12T21:30:38.137+0500] {logging_mixin.py:151} INFO - [2025-05-12T21:30:38.137+0500] {dag.py:2941} INFO - Sync 1 DAGs
[2025-05-12T21:30:38.164+0500] {logging_mixin.py:151} INFO - [2025-05-12T21:30:38.164+0500] {dag.py:3722} INFO - Setting next_dagrun for example_weekday_branch_operator to 2025-05-11T00:00:00+00:00, run_after=2025-05-12T00:00:00+00:00
[2025-05-12T21:30:38.272+0500] {processor.py:179} INFO - Processing /home/maemoon/Documents/MLOPS_Project/env/lib/python3.10/site-packages/airflow/example_dags/example_branch_day_of_week_operator.py took 0.164 seconds
[2025-05-12T21:32:02.094+0500] {processor.py:157} INFO - Started process (PID=58629) to work on /home/maemoon/Documents/MLOPS_Project/env/lib/python3.10/site-packages/airflow/example_dags/example_branch_day_of_week_operator.py
[2025-05-12T21:32:02.095+0500] {processor.py:829} INFO - Processing file /home/maemoon/Documents/MLOPS_Project/env/lib/python3.10/site-packages/airflow/example_dags/example_branch_day_of_week_operator.py for tasks to queue
[2025-05-12T21:32:02.097+0500] {logging_mixin.py:151} INFO - [2025-05-12T21:32:02.096+0500] {dagbag.py:536} INFO - Filling up the DagBag from /home/maemoon/Documents/MLOPS_Project/env/lib/python3.10/site-packages/airflow/example_dags/example_branch_day_of_week_operator.py
[2025-05-12T21:32:02.105+0500] {processor.py:839} INFO - DAG(s) dict_keys(['example_weekday_branch_operator']) retrieved from /home/maemoon/Documents/MLOPS_Project/env/lib/python3.10/site-packages/airflow/example_dags/example_branch_day_of_week_operator.py
[2025-05-12T21:32:02.124+0500] {logging_mixin.py:151} INFO - [2025-05-12T21:32:02.124+0500] {dag.py:2941} INFO - Sync 1 DAGs
[2025-05-12T21:32:02.154+0500] {logging_mixin.py:151} INFO - [2025-05-12T21:32:02.154+0500] {dag.py:3722} INFO - Setting next_dagrun for example_weekday_branch_operator to 2025-05-11T00:00:00+00:00, run_after=2025-05-12T00:00:00+00:00
[2025-05-12T21:32:02.256+0500] {processor.py:179} INFO - Processing /home/maemoon/Documents/MLOPS_Project/env/lib/python3.10/site-packages/airflow/example_dags/example_branch_day_of_week_operator.py took 0.165 seconds
