[2025-05-12T21:24:09.785+0500] {processor.py:157} INFO - Started process (PID=56238) to work on /home/maemoon/Documents/MLOPS_Project/env/lib/python3.10/site-packages/airflow/example_dags/example_sensors.py
[2025-05-12T21:24:09.786+0500] {processor.py:829} INFO - Processing file /home/maemoon/Documents/MLOPS_Project/env/lib/python3.10/site-packages/airflow/example_dags/example_sensors.py for tasks to queue
[2025-05-12T21:24:09.786+0500] {logging_mixin.py:151} INFO - [2025-05-12T21:24:09.786+0500] {dagbag.py:536} INFO - Filling up the DagBag from /home/maemoon/Documents/MLOPS_Project/env/lib/python3.10/site-packages/airflow/example_dags/example_sensors.py
[2025-05-12T21:24:09.794+0500] {processor.py:839} INFO - DAG(s) dict_keys(['example_sensors']) retrieved from /home/maemoon/Documents/MLOPS_Project/env/lib/python3.10/site-packages/airflow/example_dags/example_sensors.py
[2025-05-12T21:24:10.148+0500] {logging_mixin.py:151} INFO - [2025-05-12T21:24:10.148+0500] {manager.py:499} INFO - Created Permission View: %s
[2025-05-12T21:24:10.249+0500] {logging_mixin.py:151} INFO - [2025-05-12T21:24:10.248+0500] {manager.py:499} INFO - Created Permission View: %s
[2025-05-12T21:24:10.360+0500] {logging_mixin.py:151} INFO - [2025-05-12T21:24:10.359+0500] {manager.py:499} INFO - Created Permission View: %s
[2025-05-12T21:24:10.360+0500] {logging_mixin.py:151} INFO - [2025-05-12T21:24:10.360+0500] {dag.py:2941} INFO - Sync 1 DAGs
[2025-05-12T21:24:10.375+0500] {logging_mixin.py:151} INFO - [2025-05-12T21:24:10.375+0500] {dag.py:2963} INFO - Creating ORM DAG for example_sensors
[2025-05-12T21:24:10.376+0500] {logging_mixin.py:151} INFO - [2025-05-12T21:24:10.376+0500] {dag.py:3722} INFO - Setting next_dagrun for example_sensors to None, run_after=None
[2025-05-12T21:24:10.567+0500] {processor.py:179} INFO - Processing /home/maemoon/Documents/MLOPS_Project/env/lib/python3.10/site-packages/airflow/example_dags/example_sensors.py took 0.784 seconds
[2025-05-12T21:30:19.693+0500] {processor.py:157} INFO - Started process (PID=57925) to work on /home/maemoon/Documents/MLOPS_Project/env/lib/python3.10/site-packages/airflow/example_dags/example_sensors.py
[2025-05-12T21:30:19.709+0500] {processor.py:829} INFO - Processing file /home/maemoon/Documents/MLOPS_Project/env/lib/python3.10/site-packages/airflow/example_dags/example_sensors.py for tasks to queue
[2025-05-12T21:30:19.710+0500] {logging_mixin.py:151} INFO - [2025-05-12T21:30:19.710+0500] {dagbag.py:536} INFO - Filling up the DagBag from /home/maemoon/Documents/MLOPS_Project/env/lib/python3.10/site-packages/airflow/example_dags/example_sensors.py
[2025-05-12T21:30:19.718+0500] {processor.py:839} INFO - DAG(s) dict_keys(['example_sensors']) retrieved from /home/maemoon/Documents/MLOPS_Project/env/lib/python3.10/site-packages/airflow/example_dags/example_sensors.py
[2025-05-12T21:30:19.736+0500] {logging_mixin.py:151} INFO - [2025-05-12T21:30:19.736+0500] {dag.py:2941} INFO - Sync 1 DAGs
[2025-05-12T21:30:19.745+0500] {logging_mixin.py:151} INFO - [2025-05-12T21:30:19.745+0500] {dag.py:3722} INFO - Setting next_dagrun for example_sensors to None, run_after=None
[2025-05-12T21:30:19.832+0500] {processor.py:179} INFO - Processing /home/maemoon/Documents/MLOPS_Project/env/lib/python3.10/site-packages/airflow/example_dags/example_sensors.py took 0.143 seconds
[2025-05-12T21:31:43.494+0500] {processor.py:157} INFO - Started process (PID=58523) to work on /home/maemoon/Documents/MLOPS_Project/env/lib/python3.10/site-packages/airflow/example_dags/example_sensors.py
[2025-05-12T21:31:43.505+0500] {processor.py:829} INFO - Processing file /home/maemoon/Documents/MLOPS_Project/env/lib/python3.10/site-packages/airflow/example_dags/example_sensors.py for tasks to queue
[2025-05-12T21:31:43.506+0500] {logging_mixin.py:151} INFO - [2025-05-12T21:31:43.505+0500] {dagbag.py:536} INFO - Filling up the DagBag from /home/maemoon/Documents/MLOPS_Project/env/lib/python3.10/site-packages/airflow/example_dags/example_sensors.py
[2025-05-12T21:31:43.514+0500] {processor.py:839} INFO - DAG(s) dict_keys(['example_sensors']) retrieved from /home/maemoon/Documents/MLOPS_Project/env/lib/python3.10/site-packages/airflow/example_dags/example_sensors.py
[2025-05-12T21:31:43.530+0500] {logging_mixin.py:151} INFO - [2025-05-12T21:31:43.530+0500] {dag.py:2941} INFO - Sync 1 DAGs
[2025-05-12T21:31:43.540+0500] {logging_mixin.py:151} INFO - [2025-05-12T21:31:43.539+0500] {dag.py:3722} INFO - Setting next_dagrun for example_sensors to None, run_after=None
[2025-05-12T21:31:43.626+0500] {processor.py:179} INFO - Processing /home/maemoon/Documents/MLOPS_Project/env/lib/python3.10/site-packages/airflow/example_dags/example_sensors.py took 0.135 seconds
[2025-05-12T21:33:07.723+0500] {processor.py:157} INFO - Started process (PID=59253) to work on /home/maemoon/Documents/MLOPS_Project/env/lib/python3.10/site-packages/airflow/example_dags/example_sensors.py
[2025-05-12T21:33:07.724+0500] {processor.py:829} INFO - Processing file /home/maemoon/Documents/MLOPS_Project/env/lib/python3.10/site-packages/airflow/example_dags/example_sensors.py for tasks to queue
[2025-05-12T21:33:07.725+0500] {logging_mixin.py:151} INFO - [2025-05-12T21:33:07.725+0500] {dagbag.py:536} INFO - Filling up the DagBag from /home/maemoon/Documents/MLOPS_Project/env/lib/python3.10/site-packages/airflow/example_dags/example_sensors.py
[2025-05-12T21:33:07.738+0500] {processor.py:839} INFO - DAG(s) dict_keys(['example_sensors']) retrieved from /home/maemoon/Documents/MLOPS_Project/env/lib/python3.10/site-packages/airflow/example_dags/example_sensors.py
[2025-05-12T21:33:07.760+0500] {logging_mixin.py:151} INFO - [2025-05-12T21:33:07.760+0500] {dag.py:2941} INFO - Sync 1 DAGs
[2025-05-12T21:33:07.774+0500] {logging_mixin.py:151} INFO - [2025-05-12T21:33:07.774+0500] {dag.py:3722} INFO - Setting next_dagrun for example_sensors to None, run_after=None
[2025-05-12T21:33:08.071+0500] {processor.py:179} INFO - Processing /home/maemoon/Documents/MLOPS_Project/env/lib/python3.10/site-packages/airflow/example_dags/example_sensors.py took 0.351 seconds
[2025-05-12T21:34:00.674+0500] {processor.py:157} INFO - Started process (PID=59403) to work on /home/maemoon/Documents/MLOPS_Project/env/lib/python3.10/site-packages/airflow/example_dags/example_sensors.py
[2025-05-12T21:34:00.675+0500] {processor.py:829} INFO - Processing file /home/maemoon/Documents/MLOPS_Project/env/lib/python3.10/site-packages/airflow/example_dags/example_sensors.py for tasks to queue
[2025-05-12T21:34:00.676+0500] {logging_mixin.py:151} INFO - [2025-05-12T21:34:00.675+0500] {dagbag.py:536} INFO - Filling up the DagBag from /home/maemoon/Documents/MLOPS_Project/env/lib/python3.10/site-packages/airflow/example_dags/example_sensors.py
[2025-05-12T21:34:00.685+0500] {processor.py:839} INFO - DAG(s) dict_keys(['example_sensors']) retrieved from /home/maemoon/Documents/MLOPS_Project/env/lib/python3.10/site-packages/airflow/example_dags/example_sensors.py
[2025-05-12T21:34:00.702+0500] {logging_mixin.py:151} INFO - [2025-05-12T21:34:00.702+0500] {dag.py:2941} INFO - Sync 1 DAGs
[2025-05-12T21:34:00.712+0500] {logging_mixin.py:151} INFO - [2025-05-12T21:34:00.712+0500] {dag.py:3722} INFO - Setting next_dagrun for example_sensors to None, run_after=None
[2025-05-12T21:34:00.830+0500] {processor.py:179} INFO - Processing /home/maemoon/Documents/MLOPS_Project/env/lib/python3.10/site-packages/airflow/example_dags/example_sensors.py took 0.158 seconds
[2025-05-12T21:34:54.485+0500] {processor.py:157} INFO - Started process (PID=59512) to work on /home/maemoon/Documents/MLOPS_Project/env/lib/python3.10/site-packages/airflow/example_dags/example_sensors.py
[2025-05-12T21:34:54.493+0500] {processor.py:829} INFO - Processing file /home/maemoon/Documents/MLOPS_Project/env/lib/python3.10/site-packages/airflow/example_dags/example_sensors.py for tasks to queue
[2025-05-12T21:34:54.494+0500] {logging_mixin.py:151} INFO - [2025-05-12T21:34:54.494+0500] {dagbag.py:536} INFO - Filling up the DagBag from /home/maemoon/Documents/MLOPS_Project/env/lib/python3.10/site-packages/airflow/example_dags/example_sensors.py
[2025-05-12T21:34:54.505+0500] {processor.py:839} INFO - DAG(s) dict_keys(['example_sensors']) retrieved from /home/maemoon/Documents/MLOPS_Project/env/lib/python3.10/site-packages/airflow/example_dags/example_sensors.py
[2025-05-12T21:34:54.524+0500] {logging_mixin.py:151} INFO - [2025-05-12T21:34:54.524+0500] {dag.py:2941} INFO - Sync 1 DAGs
[2025-05-12T21:34:54.534+0500] {logging_mixin.py:151} INFO - [2025-05-12T21:34:54.534+0500] {dag.py:3722} INFO - Setting next_dagrun for example_sensors to None, run_after=None
[2025-05-12T21:34:54.616+0500] {processor.py:179} INFO - Processing /home/maemoon/Documents/MLOPS_Project/env/lib/python3.10/site-packages/airflow/example_dags/example_sensors.py took 0.134 seconds
[2025-05-12T21:35:43.499+0500] {processor.py:157} INFO - Started process (PID=59757) to work on /home/maemoon/Documents/MLOPS_Project/env/lib/python3.10/site-packages/airflow/example_dags/example_sensors.py
[2025-05-12T21:35:43.513+0500] {processor.py:829} INFO - Processing file /home/maemoon/Documents/MLOPS_Project/env/lib/python3.10/site-packages/airflow/example_dags/example_sensors.py for tasks to queue
[2025-05-12T21:35:43.513+0500] {logging_mixin.py:151} INFO - [2025-05-12T21:35:43.513+0500] {dagbag.py:536} INFO - Filling up the DagBag from /home/maemoon/Documents/MLOPS_Project/env/lib/python3.10/site-packages/airflow/example_dags/example_sensors.py
[2025-05-12T21:35:43.521+0500] {processor.py:839} INFO - DAG(s) dict_keys(['example_sensors']) retrieved from /home/maemoon/Documents/MLOPS_Project/env/lib/python3.10/site-packages/airflow/example_dags/example_sensors.py
[2025-05-12T21:35:43.537+0500] {logging_mixin.py:151} INFO - [2025-05-12T21:35:43.537+0500] {dag.py:2941} INFO - Sync 1 DAGs
[2025-05-12T21:35:43.546+0500] {logging_mixin.py:151} INFO - [2025-05-12T21:35:43.546+0500] {dag.py:3722} INFO - Setting next_dagrun for example_sensors to None, run_after=None
[2025-05-12T21:35:43.635+0500] {processor.py:179} INFO - Processing /home/maemoon/Documents/MLOPS_Project/env/lib/python3.10/site-packages/airflow/example_dags/example_sensors.py took 0.139 seconds
[2025-05-12T21:52:38.989+0500] {processor.py:157} INFO - Started process (PID=63828) to work on /home/maemoon/Documents/MLOPS_Project/env/lib/python3.10/site-packages/airflow/example_dags/example_sensors.py
[2025-05-12T21:52:38.990+0500] {processor.py:829} INFO - Processing file /home/maemoon/Documents/MLOPS_Project/env/lib/python3.10/site-packages/airflow/example_dags/example_sensors.py for tasks to queue
[2025-05-12T21:52:38.991+0500] {logging_mixin.py:151} INFO - [2025-05-12T21:52:38.991+0500] {dagbag.py:536} INFO - Filling up the DagBag from /home/maemoon/Documents/MLOPS_Project/env/lib/python3.10/site-packages/airflow/example_dags/example_sensors.py
[2025-05-12T21:52:39.000+0500] {processor.py:839} INFO - DAG(s) dict_keys(['example_sensors']) retrieved from /home/maemoon/Documents/MLOPS_Project/env/lib/python3.10/site-packages/airflow/example_dags/example_sensors.py
[2025-05-12T21:52:39.020+0500] {logging_mixin.py:151} INFO - [2025-05-12T21:52:39.019+0500] {dag.py:2941} INFO - Sync 1 DAGs
[2025-05-12T21:52:39.029+0500] {logging_mixin.py:151} INFO - [2025-05-12T21:52:39.028+0500] {dag.py:3722} INFO - Setting next_dagrun for example_sensors to None, run_after=None
[2025-05-12T21:52:39.126+0500] {processor.py:179} INFO - Processing /home/maemoon/Documents/MLOPS_Project/env/lib/python3.10/site-packages/airflow/example_dags/example_sensors.py took 0.139 seconds
[2025-05-12T21:53:40.528+0500] {processor.py:157} INFO - Started process (PID=64082) to work on /home/maemoon/Documents/MLOPS_Project/env/lib/python3.10/site-packages/airflow/example_dags/example_sensors.py
[2025-05-12T21:53:40.571+0500] {processor.py:829} INFO - Processing file /home/maemoon/Documents/MLOPS_Project/env/lib/python3.10/site-packages/airflow/example_dags/example_sensors.py for tasks to queue
[2025-05-12T21:53:40.572+0500] {logging_mixin.py:151} INFO - [2025-05-12T21:53:40.572+0500] {dagbag.py:536} INFO - Filling up the DagBag from /home/maemoon/Documents/MLOPS_Project/env/lib/python3.10/site-packages/airflow/example_dags/example_sensors.py
[2025-05-12T21:53:40.580+0500] {processor.py:839} INFO - DAG(s) dict_keys(['example_sensors']) retrieved from /home/maemoon/Documents/MLOPS_Project/env/lib/python3.10/site-packages/airflow/example_dags/example_sensors.py
[2025-05-12T21:53:40.596+0500] {logging_mixin.py:151} INFO - [2025-05-12T21:53:40.596+0500] {dag.py:2941} INFO - Sync 1 DAGs
[2025-05-12T21:53:40.606+0500] {logging_mixin.py:151} INFO - [2025-05-12T21:53:40.606+0500] {dag.py:3722} INFO - Setting next_dagrun for example_sensors to None, run_after=None
[2025-05-12T21:53:40.733+0500] {processor.py:179} INFO - Processing /home/maemoon/Documents/MLOPS_Project/env/lib/python3.10/site-packages/airflow/example_dags/example_sensors.py took 0.208 seconds
[2025-05-12T21:54:39.482+0500] {processor.py:157} INFO - Started process (PID=64391) to work on /home/maemoon/Documents/MLOPS_Project/env/lib/python3.10/site-packages/airflow/example_dags/example_sensors.py
[2025-05-12T21:54:39.490+0500] {processor.py:829} INFO - Processing file /home/maemoon/Documents/MLOPS_Project/env/lib/python3.10/site-packages/airflow/example_dags/example_sensors.py for tasks to queue
[2025-05-12T21:54:39.491+0500] {logging_mixin.py:151} INFO - [2025-05-12T21:54:39.491+0500] {dagbag.py:536} INFO - Filling up the DagBag from /home/maemoon/Documents/MLOPS_Project/env/lib/python3.10/site-packages/airflow/example_dags/example_sensors.py
[2025-05-12T21:54:39.509+0500] {processor.py:839} INFO - DAG(s) dict_keys(['example_sensors']) retrieved from /home/maemoon/Documents/MLOPS_Project/env/lib/python3.10/site-packages/airflow/example_dags/example_sensors.py
[2025-05-12T21:54:39.542+0500] {logging_mixin.py:151} INFO - [2025-05-12T21:54:39.541+0500] {dag.py:2941} INFO - Sync 1 DAGs
[2025-05-12T21:54:39.556+0500] {logging_mixin.py:151} INFO - [2025-05-12T21:54:39.556+0500] {dag.py:3722} INFO - Setting next_dagrun for example_sensors to None, run_after=None
[2025-05-12T21:54:39.980+0500] {processor.py:179} INFO - Processing /home/maemoon/Documents/MLOPS_Project/env/lib/python3.10/site-packages/airflow/example_dags/example_sensors.py took 0.502 seconds
[2025-05-12T21:56:14.767+0500] {processor.py:157} INFO - Started process (PID=65247) to work on /home/maemoon/Documents/MLOPS_Project/env/lib/python3.10/site-packages/airflow/example_dags/example_sensors.py
[2025-05-12T21:56:14.785+0500] {processor.py:829} INFO - Processing file /home/maemoon/Documents/MLOPS_Project/env/lib/python3.10/site-packages/airflow/example_dags/example_sensors.py for tasks to queue
[2025-05-12T21:56:14.786+0500] {logging_mixin.py:151} INFO - [2025-05-12T21:56:14.785+0500] {dagbag.py:536} INFO - Filling up the DagBag from /home/maemoon/Documents/MLOPS_Project/env/lib/python3.10/site-packages/airflow/example_dags/example_sensors.py
[2025-05-12T21:56:14.794+0500] {processor.py:839} INFO - DAG(s) dict_keys(['example_sensors']) retrieved from /home/maemoon/Documents/MLOPS_Project/env/lib/python3.10/site-packages/airflow/example_dags/example_sensors.py
[2025-05-12T21:56:14.810+0500] {logging_mixin.py:151} INFO - [2025-05-12T21:56:14.810+0500] {dag.py:2941} INFO - Sync 1 DAGs
[2025-05-12T21:56:14.819+0500] {logging_mixin.py:151} INFO - [2025-05-12T21:56:14.818+0500] {dag.py:3722} INFO - Setting next_dagrun for example_sensors to None, run_after=None
[2025-05-12T21:56:14.925+0500] {processor.py:179} INFO - Processing /home/maemoon/Documents/MLOPS_Project/env/lib/python3.10/site-packages/airflow/example_dags/example_sensors.py took 0.161 seconds
[2025-05-12T21:57:07.443+0500] {processor.py:157} INFO - Started process (PID=65362) to work on /home/maemoon/Documents/MLOPS_Project/env/lib/python3.10/site-packages/airflow/example_dags/example_sensors.py
[2025-05-12T21:57:07.449+0500] {processor.py:829} INFO - Processing file /home/maemoon/Documents/MLOPS_Project/env/lib/python3.10/site-packages/airflow/example_dags/example_sensors.py for tasks to queue
[2025-05-12T21:57:07.449+0500] {logging_mixin.py:151} INFO - [2025-05-12T21:57:07.449+0500] {dagbag.py:536} INFO - Filling up the DagBag from /home/maemoon/Documents/MLOPS_Project/env/lib/python3.10/site-packages/airflow/example_dags/example_sensors.py
[2025-05-12T21:57:07.458+0500] {processor.py:839} INFO - DAG(s) dict_keys(['example_sensors']) retrieved from /home/maemoon/Documents/MLOPS_Project/env/lib/python3.10/site-packages/airflow/example_dags/example_sensors.py
[2025-05-12T21:57:07.474+0500] {logging_mixin.py:151} INFO - [2025-05-12T21:57:07.473+0500] {dag.py:2941} INFO - Sync 1 DAGs
[2025-05-12T21:57:07.482+0500] {logging_mixin.py:151} INFO - [2025-05-12T21:57:07.482+0500] {dag.py:3722} INFO - Setting next_dagrun for example_sensors to None, run_after=None
[2025-05-12T21:57:07.556+0500] {processor.py:179} INFO - Processing /home/maemoon/Documents/MLOPS_Project/env/lib/python3.10/site-packages/airflow/example_dags/example_sensors.py took 0.115 seconds
[2025-05-12T21:57:56.112+0500] {processor.py:157} INFO - Started process (PID=65446) to work on /home/maemoon/Documents/MLOPS_Project/env/lib/python3.10/site-packages/airflow/example_dags/example_sensors.py
[2025-05-12T21:57:56.122+0500] {processor.py:829} INFO - Processing file /home/maemoon/Documents/MLOPS_Project/env/lib/python3.10/site-packages/airflow/example_dags/example_sensors.py for tasks to queue
[2025-05-12T21:57:56.122+0500] {logging_mixin.py:151} INFO - [2025-05-12T21:57:56.122+0500] {dagbag.py:536} INFO - Filling up the DagBag from /home/maemoon/Documents/MLOPS_Project/env/lib/python3.10/site-packages/airflow/example_dags/example_sensors.py
[2025-05-12T21:57:56.131+0500] {processor.py:839} INFO - DAG(s) dict_keys(['example_sensors']) retrieved from /home/maemoon/Documents/MLOPS_Project/env/lib/python3.10/site-packages/airflow/example_dags/example_sensors.py
[2025-05-12T21:57:56.149+0500] {logging_mixin.py:151} INFO - [2025-05-12T21:57:56.149+0500] {dag.py:2941} INFO - Sync 1 DAGs
[2025-05-12T21:57:56.158+0500] {logging_mixin.py:151} INFO - [2025-05-12T21:57:56.158+0500] {dag.py:3722} INFO - Setting next_dagrun for example_sensors to None, run_after=None
[2025-05-12T21:57:56.253+0500] {processor.py:179} INFO - Processing /home/maemoon/Documents/MLOPS_Project/env/lib/python3.10/site-packages/airflow/example_dags/example_sensors.py took 0.144 seconds
[2025-05-12T21:58:49.519+0500] {processor.py:157} INFO - Started process (PID=65657) to work on /home/maemoon/Documents/MLOPS_Project/env/lib/python3.10/site-packages/airflow/example_dags/example_sensors.py
[2025-05-12T21:58:49.530+0500] {processor.py:829} INFO - Processing file /home/maemoon/Documents/MLOPS_Project/env/lib/python3.10/site-packages/airflow/example_dags/example_sensors.py for tasks to queue
[2025-05-12T21:58:49.531+0500] {logging_mixin.py:151} INFO - [2025-05-12T21:58:49.531+0500] {dagbag.py:536} INFO - Filling up the DagBag from /home/maemoon/Documents/MLOPS_Project/env/lib/python3.10/site-packages/airflow/example_dags/example_sensors.py
[2025-05-12T21:58:49.540+0500] {processor.py:839} INFO - DAG(s) dict_keys(['example_sensors']) retrieved from /home/maemoon/Documents/MLOPS_Project/env/lib/python3.10/site-packages/airflow/example_dags/example_sensors.py
[2025-05-12T21:58:49.558+0500] {logging_mixin.py:151} INFO - [2025-05-12T21:58:49.558+0500] {dag.py:2941} INFO - Sync 1 DAGs
[2025-05-12T21:58:49.571+0500] {logging_mixin.py:151} INFO - [2025-05-12T21:58:49.571+0500] {dag.py:3722} INFO - Setting next_dagrun for example_sensors to None, run_after=None
[2025-05-12T21:58:49.806+0500] {processor.py:179} INFO - Processing /home/maemoon/Documents/MLOPS_Project/env/lib/python3.10/site-packages/airflow/example_dags/example_sensors.py took 0.290 seconds
[2025-05-12T21:59:47.535+0500] {processor.py:157} INFO - Started process (PID=65798) to work on /home/maemoon/Documents/MLOPS_Project/env/lib/python3.10/site-packages/airflow/example_dags/example_sensors.py
[2025-05-12T21:59:47.549+0500] {processor.py:829} INFO - Processing file /home/maemoon/Documents/MLOPS_Project/env/lib/python3.10/site-packages/airflow/example_dags/example_sensors.py for tasks to queue
[2025-05-12T21:59:47.550+0500] {logging_mixin.py:151} INFO - [2025-05-12T21:59:47.550+0500] {dagbag.py:536} INFO - Filling up the DagBag from /home/maemoon/Documents/MLOPS_Project/env/lib/python3.10/site-packages/airflow/example_dags/example_sensors.py
[2025-05-12T21:59:47.558+0500] {processor.py:839} INFO - DAG(s) dict_keys(['example_sensors']) retrieved from /home/maemoon/Documents/MLOPS_Project/env/lib/python3.10/site-packages/airflow/example_dags/example_sensors.py
[2025-05-12T21:59:47.574+0500] {logging_mixin.py:151} INFO - [2025-05-12T21:59:47.574+0500] {dag.py:2941} INFO - Sync 1 DAGs
[2025-05-12T21:59:47.583+0500] {logging_mixin.py:151} INFO - [2025-05-12T21:59:47.583+0500] {dag.py:3722} INFO - Setting next_dagrun for example_sensors to None, run_after=None
[2025-05-12T21:59:47.681+0500] {processor.py:179} INFO - Processing /home/maemoon/Documents/MLOPS_Project/env/lib/python3.10/site-packages/airflow/example_dags/example_sensors.py took 0.148 seconds
[2025-05-12T22:01:00.499+0500] {processor.py:157} INFO - Started process (PID=66155) to work on /home/maemoon/Documents/MLOPS_Project/env/lib/python3.10/site-packages/airflow/example_dags/example_sensors.py
[2025-05-12T22:01:00.513+0500] {processor.py:829} INFO - Processing file /home/maemoon/Documents/MLOPS_Project/env/lib/python3.10/site-packages/airflow/example_dags/example_sensors.py for tasks to queue
[2025-05-12T22:01:00.514+0500] {logging_mixin.py:151} INFO - [2025-05-12T22:01:00.513+0500] {dagbag.py:536} INFO - Filling up the DagBag from /home/maemoon/Documents/MLOPS_Project/env/lib/python3.10/site-packages/airflow/example_dags/example_sensors.py
[2025-05-12T22:01:00.528+0500] {processor.py:839} INFO - DAG(s) dict_keys(['example_sensors']) retrieved from /home/maemoon/Documents/MLOPS_Project/env/lib/python3.10/site-packages/airflow/example_dags/example_sensors.py
[2025-05-12T22:01:00.561+0500] {logging_mixin.py:151} INFO - [2025-05-12T22:01:00.560+0500] {dag.py:2941} INFO - Sync 1 DAGs
[2025-05-12T22:01:00.577+0500] {logging_mixin.py:151} INFO - [2025-05-12T22:01:00.577+0500] {dag.py:3722} INFO - Setting next_dagrun for example_sensors to None, run_after=None
[2025-05-12T22:01:00.676+0500] {processor.py:179} INFO - Processing /home/maemoon/Documents/MLOPS_Project/env/lib/python3.10/site-packages/airflow/example_dags/example_sensors.py took 0.181 seconds
[2025-05-12T22:03:04.148+0500] {processor.py:157} INFO - Started process (PID=67128) to work on /home/maemoon/Documents/MLOPS_Project/env/lib/python3.10/site-packages/airflow/example_dags/example_sensors.py
[2025-05-12T22:03:04.184+0500] {processor.py:829} INFO - Processing file /home/maemoon/Documents/MLOPS_Project/env/lib/python3.10/site-packages/airflow/example_dags/example_sensors.py for tasks to queue
[2025-05-12T22:03:04.185+0500] {logging_mixin.py:151} INFO - [2025-05-12T22:03:04.184+0500] {dagbag.py:536} INFO - Filling up the DagBag from /home/maemoon/Documents/MLOPS_Project/env/lib/python3.10/site-packages/airflow/example_dags/example_sensors.py
[2025-05-12T22:03:04.193+0500] {processor.py:839} INFO - DAG(s) dict_keys(['example_sensors']) retrieved from /home/maemoon/Documents/MLOPS_Project/env/lib/python3.10/site-packages/airflow/example_dags/example_sensors.py
[2025-05-12T22:03:04.210+0500] {logging_mixin.py:151} INFO - [2025-05-12T22:03:04.210+0500] {dag.py:2941} INFO - Sync 1 DAGs
[2025-05-12T22:03:04.219+0500] {logging_mixin.py:151} INFO - [2025-05-12T22:03:04.218+0500] {dag.py:3722} INFO - Setting next_dagrun for example_sensors to None, run_after=None
[2025-05-12T22:03:04.360+0500] {processor.py:179} INFO - Processing /home/maemoon/Documents/MLOPS_Project/env/lib/python3.10/site-packages/airflow/example_dags/example_sensors.py took 0.214 seconds
[2025-05-12T22:04:11.338+0500] {processor.py:157} INFO - Started process (PID=67419) to work on /home/maemoon/Documents/MLOPS_Project/env/lib/python3.10/site-packages/airflow/example_dags/example_sensors.py
[2025-05-12T22:04:11.347+0500] {processor.py:829} INFO - Processing file /home/maemoon/Documents/MLOPS_Project/env/lib/python3.10/site-packages/airflow/example_dags/example_sensors.py for tasks to queue
[2025-05-12T22:04:11.348+0500] {logging_mixin.py:151} INFO - [2025-05-12T22:04:11.348+0500] {dagbag.py:536} INFO - Filling up the DagBag from /home/maemoon/Documents/MLOPS_Project/env/lib/python3.10/site-packages/airflow/example_dags/example_sensors.py
[2025-05-12T22:04:11.356+0500] {processor.py:839} INFO - DAG(s) dict_keys(['example_sensors']) retrieved from /home/maemoon/Documents/MLOPS_Project/env/lib/python3.10/site-packages/airflow/example_dags/example_sensors.py
[2025-05-12T22:04:11.372+0500] {logging_mixin.py:151} INFO - [2025-05-12T22:04:11.372+0500] {dag.py:2941} INFO - Sync 1 DAGs
[2025-05-12T22:04:11.381+0500] {logging_mixin.py:151} INFO - [2025-05-12T22:04:11.381+0500] {dag.py:3722} INFO - Setting next_dagrun for example_sensors to None, run_after=None
[2025-05-12T22:04:11.469+0500] {processor.py:179} INFO - Processing /home/maemoon/Documents/MLOPS_Project/env/lib/python3.10/site-packages/airflow/example_dags/example_sensors.py took 0.133 seconds
[2025-05-12T22:05:04.735+0500] {processor.py:157} INFO - Started process (PID=67513) to work on /home/maemoon/Documents/MLOPS_Project/env/lib/python3.10/site-packages/airflow/example_dags/example_sensors.py
[2025-05-12T22:05:04.752+0500] {processor.py:829} INFO - Processing file /home/maemoon/Documents/MLOPS_Project/env/lib/python3.10/site-packages/airflow/example_dags/example_sensors.py for tasks to queue
[2025-05-12T22:05:04.753+0500] {logging_mixin.py:151} INFO - [2025-05-12T22:05:04.752+0500] {dagbag.py:536} INFO - Filling up the DagBag from /home/maemoon/Documents/MLOPS_Project/env/lib/python3.10/site-packages/airflow/example_dags/example_sensors.py
[2025-05-12T22:05:04.760+0500] {processor.py:839} INFO - DAG(s) dict_keys(['example_sensors']) retrieved from /home/maemoon/Documents/MLOPS_Project/env/lib/python3.10/site-packages/airflow/example_dags/example_sensors.py
[2025-05-12T22:05:04.779+0500] {logging_mixin.py:151} INFO - [2025-05-12T22:05:04.778+0500] {dag.py:2941} INFO - Sync 1 DAGs
[2025-05-12T22:05:04.793+0500] {logging_mixin.py:151} INFO - [2025-05-12T22:05:04.793+0500] {dag.py:3722} INFO - Setting next_dagrun for example_sensors to None, run_after=None
[2025-05-12T22:05:04.876+0500] {processor.py:179} INFO - Processing /home/maemoon/Documents/MLOPS_Project/env/lib/python3.10/site-packages/airflow/example_dags/example_sensors.py took 0.144 seconds
[2025-05-12T22:05:57.494+0500] {processor.py:157} INFO - Started process (PID=67680) to work on /home/maemoon/Documents/MLOPS_Project/env/lib/python3.10/site-packages/airflow/example_dags/example_sensors.py
[2025-05-12T22:05:57.505+0500] {processor.py:829} INFO - Processing file /home/maemoon/Documents/MLOPS_Project/env/lib/python3.10/site-packages/airflow/example_dags/example_sensors.py for tasks to queue
[2025-05-12T22:05:57.505+0500] {logging_mixin.py:151} INFO - [2025-05-12T22:05:57.505+0500] {dagbag.py:536} INFO - Filling up the DagBag from /home/maemoon/Documents/MLOPS_Project/env/lib/python3.10/site-packages/airflow/example_dags/example_sensors.py
[2025-05-12T22:05:57.514+0500] {processor.py:839} INFO - DAG(s) dict_keys(['example_sensors']) retrieved from /home/maemoon/Documents/MLOPS_Project/env/lib/python3.10/site-packages/airflow/example_dags/example_sensors.py
[2025-05-12T22:05:57.531+0500] {logging_mixin.py:151} INFO - [2025-05-12T22:05:57.530+0500] {dag.py:2941} INFO - Sync 1 DAGs
[2025-05-12T22:05:57.539+0500] {logging_mixin.py:151} INFO - [2025-05-12T22:05:57.539+0500] {dag.py:3722} INFO - Setting next_dagrun for example_sensors to None, run_after=None
[2025-05-12T22:05:57.619+0500] {processor.py:179} INFO - Processing /home/maemoon/Documents/MLOPS_Project/env/lib/python3.10/site-packages/airflow/example_dags/example_sensors.py took 0.129 seconds
[2025-05-12T22:06:45.652+0500] {processor.py:157} INFO - Started process (PID=67790) to work on /home/maemoon/Documents/MLOPS_Project/env/lib/python3.10/site-packages/airflow/example_dags/example_sensors.py
[2025-05-12T22:06:45.653+0500] {processor.py:829} INFO - Processing file /home/maemoon/Documents/MLOPS_Project/env/lib/python3.10/site-packages/airflow/example_dags/example_sensors.py for tasks to queue
[2025-05-12T22:06:45.653+0500] {logging_mixin.py:151} INFO - [2025-05-12T22:06:45.653+0500] {dagbag.py:536} INFO - Filling up the DagBag from /home/maemoon/Documents/MLOPS_Project/env/lib/python3.10/site-packages/airflow/example_dags/example_sensors.py
[2025-05-12T22:06:45.661+0500] {processor.py:839} INFO - DAG(s) dict_keys(['example_sensors']) retrieved from /home/maemoon/Documents/MLOPS_Project/env/lib/python3.10/site-packages/airflow/example_dags/example_sensors.py
[2025-05-12T22:06:45.677+0500] {logging_mixin.py:151} INFO - [2025-05-12T22:06:45.677+0500] {dag.py:2941} INFO - Sync 1 DAGs
[2025-05-12T22:06:45.686+0500] {logging_mixin.py:151} INFO - [2025-05-12T22:06:45.686+0500] {dag.py:3722} INFO - Setting next_dagrun for example_sensors to None, run_after=None
[2025-05-12T22:06:45.805+0500] {processor.py:179} INFO - Processing /home/maemoon/Documents/MLOPS_Project/env/lib/python3.10/site-packages/airflow/example_dags/example_sensors.py took 0.155 seconds
[2025-05-12T22:07:37.807+0500] {processor.py:157} INFO - Started process (PID=67929) to work on /home/maemoon/Documents/MLOPS_Project/env/lib/python3.10/site-packages/airflow/example_dags/example_sensors.py
[2025-05-12T22:07:37.827+0500] {processor.py:829} INFO - Processing file /home/maemoon/Documents/MLOPS_Project/env/lib/python3.10/site-packages/airflow/example_dags/example_sensors.py for tasks to queue
[2025-05-12T22:07:37.828+0500] {logging_mixin.py:151} INFO - [2025-05-12T22:07:37.828+0500] {dagbag.py:536} INFO - Filling up the DagBag from /home/maemoon/Documents/MLOPS_Project/env/lib/python3.10/site-packages/airflow/example_dags/example_sensors.py
[2025-05-12T22:07:37.836+0500] {processor.py:839} INFO - DAG(s) dict_keys(['example_sensors']) retrieved from /home/maemoon/Documents/MLOPS_Project/env/lib/python3.10/site-packages/airflow/example_dags/example_sensors.py
[2025-05-12T22:07:37.852+0500] {logging_mixin.py:151} INFO - [2025-05-12T22:07:37.852+0500] {dag.py:2941} INFO - Sync 1 DAGs
[2025-05-12T22:07:37.861+0500] {logging_mixin.py:151} INFO - [2025-05-12T22:07:37.861+0500] {dag.py:3722} INFO - Setting next_dagrun for example_sensors to None, run_after=None
[2025-05-12T22:07:37.958+0500] {processor.py:179} INFO - Processing /home/maemoon/Documents/MLOPS_Project/env/lib/python3.10/site-packages/airflow/example_dags/example_sensors.py took 0.153 seconds
[2025-05-12T22:08:31.572+0500] {processor.py:157} INFO - Started process (PID=68052) to work on /home/maemoon/Documents/MLOPS_Project/env/lib/python3.10/site-packages/airflow/example_dags/example_sensors.py
[2025-05-12T22:08:31.591+0500] {processor.py:829} INFO - Processing file /home/maemoon/Documents/MLOPS_Project/env/lib/python3.10/site-packages/airflow/example_dags/example_sensors.py for tasks to queue
[2025-05-12T22:08:31.592+0500] {logging_mixin.py:151} INFO - [2025-05-12T22:08:31.592+0500] {dagbag.py:536} INFO - Filling up the DagBag from /home/maemoon/Documents/MLOPS_Project/env/lib/python3.10/site-packages/airflow/example_dags/example_sensors.py
[2025-05-12T22:08:31.600+0500] {processor.py:839} INFO - DAG(s) dict_keys(['example_sensors']) retrieved from /home/maemoon/Documents/MLOPS_Project/env/lib/python3.10/site-packages/airflow/example_dags/example_sensors.py
[2025-05-12T22:08:31.616+0500] {logging_mixin.py:151} INFO - [2025-05-12T22:08:31.616+0500] {dag.py:2941} INFO - Sync 1 DAGs
[2025-05-12T22:08:31.625+0500] {logging_mixin.py:151} INFO - [2025-05-12T22:08:31.625+0500] {dag.py:3722} INFO - Setting next_dagrun for example_sensors to None, run_after=None
[2025-05-12T22:08:31.720+0500] {processor.py:179} INFO - Processing /home/maemoon/Documents/MLOPS_Project/env/lib/python3.10/site-packages/airflow/example_dags/example_sensors.py took 0.151 seconds
[2025-05-12T22:09:21.011+0500] {processor.py:157} INFO - Started process (PID=68162) to work on /home/maemoon/Documents/MLOPS_Project/env/lib/python3.10/site-packages/airflow/example_dags/example_sensors.py
[2025-05-12T22:09:21.022+0500] {processor.py:829} INFO - Processing file /home/maemoon/Documents/MLOPS_Project/env/lib/python3.10/site-packages/airflow/example_dags/example_sensors.py for tasks to queue
[2025-05-12T22:09:21.023+0500] {logging_mixin.py:151} INFO - [2025-05-12T22:09:21.023+0500] {dagbag.py:536} INFO - Filling up the DagBag from /home/maemoon/Documents/MLOPS_Project/env/lib/python3.10/site-packages/airflow/example_dags/example_sensors.py
[2025-05-12T22:09:21.031+0500] {processor.py:839} INFO - DAG(s) dict_keys(['example_sensors']) retrieved from /home/maemoon/Documents/MLOPS_Project/env/lib/python3.10/site-packages/airflow/example_dags/example_sensors.py
[2025-05-12T22:09:21.047+0500] {logging_mixin.py:151} INFO - [2025-05-12T22:09:21.047+0500] {dag.py:2941} INFO - Sync 1 DAGs
[2025-05-12T22:09:21.055+0500] {logging_mixin.py:151} INFO - [2025-05-12T22:09:21.055+0500] {dag.py:3722} INFO - Setting next_dagrun for example_sensors to None, run_after=None
[2025-05-12T22:09:21.140+0500] {processor.py:179} INFO - Processing /home/maemoon/Documents/MLOPS_Project/env/lib/python3.10/site-packages/airflow/example_dags/example_sensors.py took 0.132 seconds
[2025-05-12T22:10:12.821+0500] {processor.py:157} INFO - Started process (PID=68279) to work on /home/maemoon/Documents/MLOPS_Project/env/lib/python3.10/site-packages/airflow/example_dags/example_sensors.py
[2025-05-12T22:10:12.822+0500] {processor.py:829} INFO - Processing file /home/maemoon/Documents/MLOPS_Project/env/lib/python3.10/site-packages/airflow/example_dags/example_sensors.py for tasks to queue
[2025-05-12T22:10:12.823+0500] {logging_mixin.py:151} INFO - [2025-05-12T22:10:12.822+0500] {dagbag.py:536} INFO - Filling up the DagBag from /home/maemoon/Documents/MLOPS_Project/env/lib/python3.10/site-packages/airflow/example_dags/example_sensors.py
[2025-05-12T22:10:12.833+0500] {processor.py:839} INFO - DAG(s) dict_keys(['example_sensors']) retrieved from /home/maemoon/Documents/MLOPS_Project/env/lib/python3.10/site-packages/airflow/example_dags/example_sensors.py
[2025-05-12T22:10:12.850+0500] {logging_mixin.py:151} INFO - [2025-05-12T22:10:12.850+0500] {dag.py:2941} INFO - Sync 1 DAGs
[2025-05-12T22:10:12.859+0500] {logging_mixin.py:151} INFO - [2025-05-12T22:10:12.859+0500] {dag.py:3722} INFO - Setting next_dagrun for example_sensors to None, run_after=None
[2025-05-12T22:10:12.939+0500] {processor.py:179} INFO - Processing /home/maemoon/Documents/MLOPS_Project/env/lib/python3.10/site-packages/airflow/example_dags/example_sensors.py took 0.120 seconds
[2025-05-12T22:11:08.168+0500] {processor.py:157} INFO - Started process (PID=68608) to work on /home/maemoon/Documents/MLOPS_Project/env/lib/python3.10/site-packages/airflow/example_dags/example_sensors.py
[2025-05-12T22:11:08.183+0500] {processor.py:829} INFO - Processing file /home/maemoon/Documents/MLOPS_Project/env/lib/python3.10/site-packages/airflow/example_dags/example_sensors.py for tasks to queue
[2025-05-12T22:11:08.184+0500] {logging_mixin.py:151} INFO - [2025-05-12T22:11:08.184+0500] {dagbag.py:536} INFO - Filling up the DagBag from /home/maemoon/Documents/MLOPS_Project/env/lib/python3.10/site-packages/airflow/example_dags/example_sensors.py
[2025-05-12T22:11:08.192+0500] {processor.py:839} INFO - DAG(s) dict_keys(['example_sensors']) retrieved from /home/maemoon/Documents/MLOPS_Project/env/lib/python3.10/site-packages/airflow/example_dags/example_sensors.py
[2025-05-12T22:11:08.208+0500] {logging_mixin.py:151} INFO - [2025-05-12T22:11:08.208+0500] {dag.py:2941} INFO - Sync 1 DAGs
[2025-05-12T22:11:08.217+0500] {logging_mixin.py:151} INFO - [2025-05-12T22:11:08.217+0500] {dag.py:3722} INFO - Setting next_dagrun for example_sensors to None, run_after=None
[2025-05-12T22:11:08.323+0500] {processor.py:179} INFO - Processing /home/maemoon/Documents/MLOPS_Project/env/lib/python3.10/site-packages/airflow/example_dags/example_sensors.py took 0.158 seconds
[2025-05-12T22:11:58.535+0500] {processor.py:157} INFO - Started process (PID=68709) to work on /home/maemoon/Documents/MLOPS_Project/env/lib/python3.10/site-packages/airflow/example_dags/example_sensors.py
[2025-05-12T22:11:58.537+0500] {processor.py:829} INFO - Processing file /home/maemoon/Documents/MLOPS_Project/env/lib/python3.10/site-packages/airflow/example_dags/example_sensors.py for tasks to queue
[2025-05-12T22:11:58.537+0500] {logging_mixin.py:151} INFO - [2025-05-12T22:11:58.537+0500] {dagbag.py:536} INFO - Filling up the DagBag from /home/maemoon/Documents/MLOPS_Project/env/lib/python3.10/site-packages/airflow/example_dags/example_sensors.py
[2025-05-12T22:11:58.545+0500] {processor.py:839} INFO - DAG(s) dict_keys(['example_sensors']) retrieved from /home/maemoon/Documents/MLOPS_Project/env/lib/python3.10/site-packages/airflow/example_dags/example_sensors.py
[2025-05-12T22:11:58.560+0500] {logging_mixin.py:151} INFO - [2025-05-12T22:11:58.560+0500] {dag.py:2941} INFO - Sync 1 DAGs
[2025-05-12T22:11:58.569+0500] {logging_mixin.py:151} INFO - [2025-05-12T22:11:58.569+0500] {dag.py:3722} INFO - Setting next_dagrun for example_sensors to None, run_after=None
[2025-05-12T22:11:58.665+0500] {processor.py:179} INFO - Processing /home/maemoon/Documents/MLOPS_Project/env/lib/python3.10/site-packages/airflow/example_dags/example_sensors.py took 0.132 seconds
[2025-05-12T22:12:47.089+0500] {processor.py:157} INFO - Started process (PID=68802) to work on /home/maemoon/Documents/MLOPS_Project/env/lib/python3.10/site-packages/airflow/example_dags/example_sensors.py
[2025-05-12T22:12:47.090+0500] {processor.py:829} INFO - Processing file /home/maemoon/Documents/MLOPS_Project/env/lib/python3.10/site-packages/airflow/example_dags/example_sensors.py for tasks to queue
[2025-05-12T22:12:47.091+0500] {logging_mixin.py:151} INFO - [2025-05-12T22:12:47.091+0500] {dagbag.py:536} INFO - Filling up the DagBag from /home/maemoon/Documents/MLOPS_Project/env/lib/python3.10/site-packages/airflow/example_dags/example_sensors.py
[2025-05-12T22:12:47.099+0500] {processor.py:839} INFO - DAG(s) dict_keys(['example_sensors']) retrieved from /home/maemoon/Documents/MLOPS_Project/env/lib/python3.10/site-packages/airflow/example_dags/example_sensors.py
[2025-05-12T22:12:47.115+0500] {logging_mixin.py:151} INFO - [2025-05-12T22:12:47.115+0500] {dag.py:2941} INFO - Sync 1 DAGs
[2025-05-12T22:12:47.123+0500] {logging_mixin.py:151} INFO - [2025-05-12T22:12:47.123+0500] {dag.py:3722} INFO - Setting next_dagrun for example_sensors to None, run_after=None
[2025-05-12T22:12:47.196+0500] {processor.py:179} INFO - Processing /home/maemoon/Documents/MLOPS_Project/env/lib/python3.10/site-packages/airflow/example_dags/example_sensors.py took 0.109 seconds
[2025-05-12T22:13:37.748+0500] {processor.py:157} INFO - Started process (PID=68875) to work on /home/maemoon/Documents/MLOPS_Project/env/lib/python3.10/site-packages/airflow/example_dags/example_sensors.py
[2025-05-12T22:13:37.750+0500] {processor.py:829} INFO - Processing file /home/maemoon/Documents/MLOPS_Project/env/lib/python3.10/site-packages/airflow/example_dags/example_sensors.py for tasks to queue
[2025-05-12T22:13:37.750+0500] {logging_mixin.py:151} INFO - [2025-05-12T22:13:37.750+0500] {dagbag.py:536} INFO - Filling up the DagBag from /home/maemoon/Documents/MLOPS_Project/env/lib/python3.10/site-packages/airflow/example_dags/example_sensors.py
[2025-05-12T22:13:37.766+0500] {processor.py:839} INFO - DAG(s) dict_keys(['example_sensors']) retrieved from /home/maemoon/Documents/MLOPS_Project/env/lib/python3.10/site-packages/airflow/example_dags/example_sensors.py
[2025-05-12T22:13:37.802+0500] {logging_mixin.py:151} INFO - [2025-05-12T22:13:37.802+0500] {dag.py:2941} INFO - Sync 1 DAGs
[2025-05-12T22:13:37.819+0500] {logging_mixin.py:151} INFO - [2025-05-12T22:13:37.818+0500] {dag.py:3722} INFO - Setting next_dagrun for example_sensors to None, run_after=None
[2025-05-12T22:13:37.908+0500] {processor.py:179} INFO - Processing /home/maemoon/Documents/MLOPS_Project/env/lib/python3.10/site-packages/airflow/example_dags/example_sensors.py took 0.166 seconds
[2025-05-12T22:14:23.905+0500] {processor.py:157} INFO - Started process (PID=68938) to work on /home/maemoon/Documents/MLOPS_Project/env/lib/python3.10/site-packages/airflow/example_dags/example_sensors.py
[2025-05-12T22:14:23.906+0500] {processor.py:829} INFO - Processing file /home/maemoon/Documents/MLOPS_Project/env/lib/python3.10/site-packages/airflow/example_dags/example_sensors.py for tasks to queue
[2025-05-12T22:14:23.907+0500] {logging_mixin.py:151} INFO - [2025-05-12T22:14:23.906+0500] {dagbag.py:536} INFO - Filling up the DagBag from /home/maemoon/Documents/MLOPS_Project/env/lib/python3.10/site-packages/airflow/example_dags/example_sensors.py
[2025-05-12T22:14:23.915+0500] {processor.py:839} INFO - DAG(s) dict_keys(['example_sensors']) retrieved from /home/maemoon/Documents/MLOPS_Project/env/lib/python3.10/site-packages/airflow/example_dags/example_sensors.py
[2025-05-12T22:14:23.937+0500] {logging_mixin.py:151} INFO - [2025-05-12T22:14:23.936+0500] {dag.py:2941} INFO - Sync 1 DAGs
[2025-05-12T22:14:23.947+0500] {logging_mixin.py:151} INFO - [2025-05-12T22:14:23.946+0500] {dag.py:3722} INFO - Setting next_dagrun for example_sensors to None, run_after=None
[2025-05-12T22:14:24.118+0500] {processor.py:179} INFO - Processing /home/maemoon/Documents/MLOPS_Project/env/lib/python3.10/site-packages/airflow/example_dags/example_sensors.py took 0.216 seconds
[2025-05-12T22:15:14.431+0500] {processor.py:157} INFO - Started process (PID=69038) to work on /home/maemoon/Documents/MLOPS_Project/env/lib/python3.10/site-packages/airflow/example_dags/example_sensors.py
[2025-05-12T22:15:14.431+0500] {processor.py:829} INFO - Processing file /home/maemoon/Documents/MLOPS_Project/env/lib/python3.10/site-packages/airflow/example_dags/example_sensors.py for tasks to queue
[2025-05-12T22:15:14.432+0500] {logging_mixin.py:151} INFO - [2025-05-12T22:15:14.432+0500] {dagbag.py:536} INFO - Filling up the DagBag from /home/maemoon/Documents/MLOPS_Project/env/lib/python3.10/site-packages/airflow/example_dags/example_sensors.py
[2025-05-12T22:15:14.443+0500] {processor.py:839} INFO - DAG(s) dict_keys(['example_sensors']) retrieved from /home/maemoon/Documents/MLOPS_Project/env/lib/python3.10/site-packages/airflow/example_dags/example_sensors.py
[2025-05-12T22:15:14.467+0500] {logging_mixin.py:151} INFO - [2025-05-12T22:15:14.467+0500] {dag.py:2941} INFO - Sync 1 DAGs
[2025-05-12T22:15:14.488+0500] {logging_mixin.py:151} INFO - [2025-05-12T22:15:14.488+0500] {dag.py:3722} INFO - Setting next_dagrun for example_sensors to None, run_after=None
[2025-05-12T22:15:14.623+0500] {processor.py:179} INFO - Processing /home/maemoon/Documents/MLOPS_Project/env/lib/python3.10/site-packages/airflow/example_dags/example_sensors.py took 0.195 seconds
[2025-05-12T22:16:09.707+0500] {processor.py:157} INFO - Started process (PID=69138) to work on /home/maemoon/Documents/MLOPS_Project/env/lib/python3.10/site-packages/airflow/example_dags/example_sensors.py
[2025-05-12T22:16:09.714+0500] {processor.py:829} INFO - Processing file /home/maemoon/Documents/MLOPS_Project/env/lib/python3.10/site-packages/airflow/example_dags/example_sensors.py for tasks to queue
[2025-05-12T22:16:09.715+0500] {logging_mixin.py:151} INFO - [2025-05-12T22:16:09.715+0500] {dagbag.py:536} INFO - Filling up the DagBag from /home/maemoon/Documents/MLOPS_Project/env/lib/python3.10/site-packages/airflow/example_dags/example_sensors.py
[2025-05-12T22:16:09.725+0500] {processor.py:839} INFO - DAG(s) dict_keys(['example_sensors']) retrieved from /home/maemoon/Documents/MLOPS_Project/env/lib/python3.10/site-packages/airflow/example_dags/example_sensors.py
[2025-05-12T22:16:09.744+0500] {logging_mixin.py:151} INFO - [2025-05-12T22:16:09.744+0500] {dag.py:2941} INFO - Sync 1 DAGs
[2025-05-12T22:16:09.756+0500] {logging_mixin.py:151} INFO - [2025-05-12T22:16:09.756+0500] {dag.py:3722} INFO - Setting next_dagrun for example_sensors to None, run_after=None
[2025-05-12T22:16:09.866+0500] {processor.py:179} INFO - Processing /home/maemoon/Documents/MLOPS_Project/env/lib/python3.10/site-packages/airflow/example_dags/example_sensors.py took 0.162 seconds
[2025-05-12T22:17:02.474+0500] {processor.py:157} INFO - Started process (PID=69315) to work on /home/maemoon/Documents/MLOPS_Project/env/lib/python3.10/site-packages/airflow/example_dags/example_sensors.py
[2025-05-12T22:17:02.489+0500] {processor.py:829} INFO - Processing file /home/maemoon/Documents/MLOPS_Project/env/lib/python3.10/site-packages/airflow/example_dags/example_sensors.py for tasks to queue
[2025-05-12T22:17:02.490+0500] {logging_mixin.py:151} INFO - [2025-05-12T22:17:02.490+0500] {dagbag.py:536} INFO - Filling up the DagBag from /home/maemoon/Documents/MLOPS_Project/env/lib/python3.10/site-packages/airflow/example_dags/example_sensors.py
[2025-05-12T22:17:02.498+0500] {processor.py:839} INFO - DAG(s) dict_keys(['example_sensors']) retrieved from /home/maemoon/Documents/MLOPS_Project/env/lib/python3.10/site-packages/airflow/example_dags/example_sensors.py
[2025-05-12T22:17:02.516+0500] {logging_mixin.py:151} INFO - [2025-05-12T22:17:02.516+0500] {dag.py:2941} INFO - Sync 1 DAGs
[2025-05-12T22:17:02.524+0500] {logging_mixin.py:151} INFO - [2025-05-12T22:17:02.524+0500] {dag.py:3722} INFO - Setting next_dagrun for example_sensors to None, run_after=None
[2025-05-12T22:17:02.616+0500] {processor.py:179} INFO - Processing /home/maemoon/Documents/MLOPS_Project/env/lib/python3.10/site-packages/airflow/example_dags/example_sensors.py took 0.144 seconds
[2025-05-12T22:17:54.861+0500] {processor.py:157} INFO - Started process (PID=69438) to work on /home/maemoon/Documents/MLOPS_Project/env/lib/python3.10/site-packages/airflow/example_dags/example_sensors.py
[2025-05-12T22:17:54.923+0500] {processor.py:829} INFO - Processing file /home/maemoon/Documents/MLOPS_Project/env/lib/python3.10/site-packages/airflow/example_dags/example_sensors.py for tasks to queue
[2025-05-12T22:17:54.924+0500] {logging_mixin.py:151} INFO - [2025-05-12T22:17:54.924+0500] {dagbag.py:536} INFO - Filling up the DagBag from /home/maemoon/Documents/MLOPS_Project/env/lib/python3.10/site-packages/airflow/example_dags/example_sensors.py
[2025-05-12T22:17:54.933+0500] {processor.py:839} INFO - DAG(s) dict_keys(['example_sensors']) retrieved from /home/maemoon/Documents/MLOPS_Project/env/lib/python3.10/site-packages/airflow/example_dags/example_sensors.py
[2025-05-12T22:17:54.949+0500] {logging_mixin.py:151} INFO - [2025-05-12T22:17:54.949+0500] {dag.py:2941} INFO - Sync 1 DAGs
[2025-05-12T22:17:54.958+0500] {logging_mixin.py:151} INFO - [2025-05-12T22:17:54.958+0500] {dag.py:3722} INFO - Setting next_dagrun for example_sensors to None, run_after=None
[2025-05-12T22:17:55.124+0500] {processor.py:179} INFO - Processing /home/maemoon/Documents/MLOPS_Project/env/lib/python3.10/site-packages/airflow/example_dags/example_sensors.py took 0.265 seconds
[2025-05-12T22:18:47.984+0500] {processor.py:157} INFO - Started process (PID=69589) to work on /home/maemoon/Documents/MLOPS_Project/env/lib/python3.10/site-packages/airflow/example_dags/example_sensors.py
[2025-05-12T22:18:47.985+0500] {processor.py:829} INFO - Processing file /home/maemoon/Documents/MLOPS_Project/env/lib/python3.10/site-packages/airflow/example_dags/example_sensors.py for tasks to queue
[2025-05-12T22:18:47.986+0500] {logging_mixin.py:151} INFO - [2025-05-12T22:18:47.986+0500] {dagbag.py:536} INFO - Filling up the DagBag from /home/maemoon/Documents/MLOPS_Project/env/lib/python3.10/site-packages/airflow/example_dags/example_sensors.py
[2025-05-12T22:18:47.996+0500] {processor.py:839} INFO - DAG(s) dict_keys(['example_sensors']) retrieved from /home/maemoon/Documents/MLOPS_Project/env/lib/python3.10/site-packages/airflow/example_dags/example_sensors.py
[2025-05-12T22:18:48.015+0500] {logging_mixin.py:151} INFO - [2025-05-12T22:18:48.015+0500] {dag.py:2941} INFO - Sync 1 DAGs
[2025-05-12T22:18:48.026+0500] {logging_mixin.py:151} INFO - [2025-05-12T22:18:48.026+0500] {dag.py:3722} INFO - Setting next_dagrun for example_sensors to None, run_after=None
[2025-05-12T22:18:48.114+0500] {processor.py:179} INFO - Processing /home/maemoon/Documents/MLOPS_Project/env/lib/python3.10/site-packages/airflow/example_dags/example_sensors.py took 0.133 seconds
[2025-05-12T22:19:44.181+0500] {processor.py:157} INFO - Started process (PID=69687) to work on /home/maemoon/Documents/MLOPS_Project/env/lib/python3.10/site-packages/airflow/example_dags/example_sensors.py
[2025-05-12T22:19:44.182+0500] {processor.py:829} INFO - Processing file /home/maemoon/Documents/MLOPS_Project/env/lib/python3.10/site-packages/airflow/example_dags/example_sensors.py for tasks to queue
[2025-05-12T22:19:44.183+0500] {logging_mixin.py:151} INFO - [2025-05-12T22:19:44.183+0500] {dagbag.py:536} INFO - Filling up the DagBag from /home/maemoon/Documents/MLOPS_Project/env/lib/python3.10/site-packages/airflow/example_dags/example_sensors.py
[2025-05-12T22:19:44.195+0500] {processor.py:839} INFO - DAG(s) dict_keys(['example_sensors']) retrieved from /home/maemoon/Documents/MLOPS_Project/env/lib/python3.10/site-packages/airflow/example_dags/example_sensors.py
[2025-05-12T22:19:44.218+0500] {logging_mixin.py:151} INFO - [2025-05-12T22:19:44.218+0500] {dag.py:2941} INFO - Sync 1 DAGs
[2025-05-12T22:19:44.231+0500] {logging_mixin.py:151} INFO - [2025-05-12T22:19:44.231+0500] {dag.py:3722} INFO - Setting next_dagrun for example_sensors to None, run_after=None
[2025-05-12T22:19:44.320+0500] {processor.py:179} INFO - Processing /home/maemoon/Documents/MLOPS_Project/env/lib/python3.10/site-packages/airflow/example_dags/example_sensors.py took 0.143 seconds
[2025-05-12T22:20:37.737+0500] {processor.py:157} INFO - Started process (PID=69772) to work on /home/maemoon/Documents/MLOPS_Project/env/lib/python3.10/site-packages/airflow/example_dags/example_sensors.py
[2025-05-12T22:20:37.750+0500] {processor.py:829} INFO - Processing file /home/maemoon/Documents/MLOPS_Project/env/lib/python3.10/site-packages/airflow/example_dags/example_sensors.py for tasks to queue
[2025-05-12T22:20:37.752+0500] {logging_mixin.py:151} INFO - [2025-05-12T22:20:37.752+0500] {dagbag.py:536} INFO - Filling up the DagBag from /home/maemoon/Documents/MLOPS_Project/env/lib/python3.10/site-packages/airflow/example_dags/example_sensors.py
[2025-05-12T22:20:37.765+0500] {processor.py:839} INFO - DAG(s) dict_keys(['example_sensors']) retrieved from /home/maemoon/Documents/MLOPS_Project/env/lib/python3.10/site-packages/airflow/example_dags/example_sensors.py
[2025-05-12T22:20:37.795+0500] {logging_mixin.py:151} INFO - [2025-05-12T22:20:37.795+0500] {dag.py:2941} INFO - Sync 1 DAGs
[2025-05-12T22:20:37.810+0500] {logging_mixin.py:151} INFO - [2025-05-12T22:20:37.810+0500] {dag.py:3722} INFO - Setting next_dagrun for example_sensors to None, run_after=None
[2025-05-12T22:20:37.922+0500] {processor.py:179} INFO - Processing /home/maemoon/Documents/MLOPS_Project/env/lib/python3.10/site-packages/airflow/example_dags/example_sensors.py took 0.188 seconds
