[2025-05-12T21:23:26.640+0500] {processor.py:157} INFO - Started process (PID=55658) to work on /home/maemoon/Documents/MLOPS_Project/env/lib/python3.10/site-packages/airflow/example_dags/example_subdag_operator.py
[2025-05-12T21:23:26.641+0500] {processor.py:829} INFO - Processing file /home/maemoon/Documents/MLOPS_Project/env/lib/python3.10/site-packages/airflow/example_dags/example_subdag_operator.py for tasks to queue
[2025-05-12T21:23:26.641+0500] {logging_mixin.py:151} INFO - [2025-05-12T21:23:26.641+0500] {dagbag.py:536} INFO - Filling up the DagBag from /home/maemoon/Documents/MLOPS_Project/env/lib/python3.10/site-packages/airflow/example_dags/example_subdag_operator.py
[2025-05-12T21:23:26.660+0500] {processor.py:839} INFO - DAG(s) dict_keys(['example_subdag_operator.section-1', 'example_subdag_operator.section-2', 'example_subdag_operator']) retrieved from /home/maemoon/Documents/MLOPS_Project/env/lib/python3.10/site-packages/airflow/example_dags/example_subdag_operator.py
[2025-05-12T21:23:26.984+0500] {logging_mixin.py:151} INFO - [2025-05-12T21:23:26.984+0500] {manager.py:499} INFO - Created Permission View: %s
[2025-05-12T21:23:27.085+0500] {logging_mixin.py:151} INFO - [2025-05-12T21:23:27.084+0500] {manager.py:499} INFO - Created Permission View: %s
[2025-05-12T21:23:27.184+0500] {logging_mixin.py:151} INFO - [2025-05-12T21:23:27.184+0500] {manager.py:499} INFO - Created Permission View: %s
[2025-05-12T21:23:27.184+0500] {logging_mixin.py:151} INFO - [2025-05-12T21:23:27.184+0500] {dag.py:2941} INFO - Sync 3 DAGs
[2025-05-12T21:23:27.193+0500] {logging_mixin.py:151} INFO - [2025-05-12T21:23:27.193+0500] {dag.py:2963} INFO - Creating ORM DAG for example_subdag_operator
[2025-05-12T21:23:27.194+0500] {logging_mixin.py:151} INFO - [2025-05-12T21:23:27.194+0500] {dag.py:2963} INFO - Creating ORM DAG for example_subdag_operator.section-2
[2025-05-12T21:23:27.194+0500] {logging_mixin.py:151} INFO - [2025-05-12T21:23:27.194+0500] {dag.py:2963} INFO - Creating ORM DAG for example_subdag_operator.section-1
[2025-05-12T21:23:27.202+0500] {logging_mixin.py:151} INFO - [2025-05-12T21:23:27.201+0500] {dag.py:3722} INFO - Setting next_dagrun for example_subdag_operator to 2022-01-01T00:00:00+00:00, run_after=2022-01-01T00:00:00+00:00
[2025-05-12T21:23:27.202+0500] {logging_mixin.py:151} INFO - [2025-05-12T21:23:27.202+0500] {dag.py:3722} INFO - Setting next_dagrun for example_subdag_operator.section-1 to None, run_after=None
[2025-05-12T21:23:27.202+0500] {logging_mixin.py:151} INFO - [2025-05-12T21:23:27.202+0500] {dag.py:3722} INFO - Setting next_dagrun for example_subdag_operator.section-2 to None, run_after=None
[2025-05-12T21:23:27.209+0500] {logging_mixin.py:151} INFO - [2025-05-12T21:23:27.209+0500] {dag.py:2941} INFO - Sync 2 DAGs
[2025-05-12T21:23:27.213+0500] {logging_mixin.py:151} INFO - [2025-05-12T21:23:27.212+0500] {dag.py:3722} INFO - Setting next_dagrun for example_subdag_operator.section-1 to None, run_after=None
[2025-05-12T21:23:27.215+0500] {logging_mixin.py:151} INFO - [2025-05-12T21:23:27.214+0500] {dag.py:3722} INFO - Setting next_dagrun for example_subdag_operator.section-2 to None, run_after=None
[2025-05-12T21:23:27.410+0500] {processor.py:179} INFO - Processing /home/maemoon/Documents/MLOPS_Project/env/lib/python3.10/site-packages/airflow/example_dags/example_subdag_operator.py took 0.772 seconds
[2025-05-12T21:30:11.620+0500] {processor.py:157} INFO - Started process (PID=57860) to work on /home/maemoon/Documents/MLOPS_Project/env/lib/python3.10/site-packages/airflow/example_dags/example_subdag_operator.py
[2025-05-12T21:30:11.645+0500] {processor.py:829} INFO - Processing file /home/maemoon/Documents/MLOPS_Project/env/lib/python3.10/site-packages/airflow/example_dags/example_subdag_operator.py for tasks to queue
[2025-05-12T21:30:11.646+0500] {logging_mixin.py:151} INFO - [2025-05-12T21:30:11.645+0500] {dagbag.py:536} INFO - Filling up the DagBag from /home/maemoon/Documents/MLOPS_Project/env/lib/python3.10/site-packages/airflow/example_dags/example_subdag_operator.py
[2025-05-12T21:30:11.666+0500] {processor.py:839} INFO - DAG(s) dict_keys(['example_subdag_operator.section-1', 'example_subdag_operator.section-2', 'example_subdag_operator']) retrieved from /home/maemoon/Documents/MLOPS_Project/env/lib/python3.10/site-packages/airflow/example_dags/example_subdag_operator.py
[2025-05-12T21:30:11.683+0500] {logging_mixin.py:151} INFO - [2025-05-12T21:30:11.683+0500] {dag.py:2941} INFO - Sync 3 DAGs
[2025-05-12T21:30:11.701+0500] {logging_mixin.py:151} INFO - [2025-05-12T21:30:11.701+0500] {dag.py:3722} INFO - Setting next_dagrun for example_subdag_operator to 2022-01-01T00:00:00+00:00, run_after=2022-01-01T00:00:00+00:00
[2025-05-12T21:30:11.705+0500] {logging_mixin.py:151} INFO - [2025-05-12T21:30:11.705+0500] {dag.py:3722} INFO - Setting next_dagrun for example_subdag_operator.section-1 to None, run_after=None
[2025-05-12T21:30:11.707+0500] {logging_mixin.py:151} INFO - [2025-05-12T21:30:11.707+0500] {dag.py:3722} INFO - Setting next_dagrun for example_subdag_operator.section-2 to None, run_after=None
[2025-05-12T21:30:11.739+0500] {logging_mixin.py:151} INFO - [2025-05-12T21:30:11.738+0500] {dag.py:2941} INFO - Sync 2 DAGs
[2025-05-12T21:30:11.744+0500] {logging_mixin.py:151} INFO - [2025-05-12T21:30:11.743+0500] {dag.py:3722} INFO - Setting next_dagrun for example_subdag_operator.section-1 to None, run_after=None
[2025-05-12T21:30:11.744+0500] {logging_mixin.py:151} INFO - [2025-05-12T21:30:11.744+0500] {dag.py:3722} INFO - Setting next_dagrun for example_subdag_operator.section-2 to None, run_after=None
[2025-05-12T21:30:11.831+0500] {processor.py:179} INFO - Processing /home/maemoon/Documents/MLOPS_Project/env/lib/python3.10/site-packages/airflow/example_dags/example_subdag_operator.py took 0.213 seconds
[2025-05-12T21:31:04.028+0500] {processor.py:157} INFO - Started process (PID=58023) to work on /home/maemoon/Documents/MLOPS_Project/env/lib/python3.10/site-packages/airflow/example_dags/example_subdag_operator.py
[2025-05-12T21:31:04.035+0500] {processor.py:829} INFO - Processing file /home/maemoon/Documents/MLOPS_Project/env/lib/python3.10/site-packages/airflow/example_dags/example_subdag_operator.py for tasks to queue
[2025-05-12T21:31:04.036+0500] {logging_mixin.py:151} INFO - [2025-05-12T21:31:04.035+0500] {dagbag.py:536} INFO - Filling up the DagBag from /home/maemoon/Documents/MLOPS_Project/env/lib/python3.10/site-packages/airflow/example_dags/example_subdag_operator.py
[2025-05-12T21:31:04.053+0500] {processor.py:839} INFO - DAG(s) dict_keys(['example_subdag_operator.section-1', 'example_subdag_operator.section-2', 'example_subdag_operator']) retrieved from /home/maemoon/Documents/MLOPS_Project/env/lib/python3.10/site-packages/airflow/example_dags/example_subdag_operator.py
[2025-05-12T21:31:04.066+0500] {logging_mixin.py:151} INFO - [2025-05-12T21:31:04.066+0500] {dag.py:2941} INFO - Sync 3 DAGs
[2025-05-12T21:31:04.081+0500] {logging_mixin.py:151} INFO - [2025-05-12T21:31:04.080+0500] {dag.py:3722} INFO - Setting next_dagrun for example_subdag_operator to 2022-01-01T00:00:00+00:00, run_after=2022-01-01T00:00:00+00:00
[2025-05-12T21:31:04.083+0500] {logging_mixin.py:151} INFO - [2025-05-12T21:31:04.083+0500] {dag.py:3722} INFO - Setting next_dagrun for example_subdag_operator.section-1 to None, run_after=None
[2025-05-12T21:31:04.084+0500] {logging_mixin.py:151} INFO - [2025-05-12T21:31:04.084+0500] {dag.py:3722} INFO - Setting next_dagrun for example_subdag_operator.section-2 to None, run_after=None
[2025-05-12T21:31:04.088+0500] {logging_mixin.py:151} INFO - [2025-05-12T21:31:04.088+0500] {dag.py:2941} INFO - Sync 2 DAGs
[2025-05-12T21:31:04.092+0500] {logging_mixin.py:151} INFO - [2025-05-12T21:31:04.092+0500] {dag.py:3722} INFO - Setting next_dagrun for example_subdag_operator.section-1 to None, run_after=None
[2025-05-12T21:31:04.092+0500] {logging_mixin.py:151} INFO - [2025-05-12T21:31:04.092+0500] {dag.py:3722} INFO - Setting next_dagrun for example_subdag_operator.section-2 to None, run_after=None
[2025-05-12T21:31:04.204+0500] {processor.py:179} INFO - Processing /home/maemoon/Documents/MLOPS_Project/env/lib/python3.10/site-packages/airflow/example_dags/example_subdag_operator.py took 0.178 seconds
[2025-05-12T21:32:50.518+0500] {processor.py:157} INFO - Started process (PID=59186) to work on /home/maemoon/Documents/MLOPS_Project/env/lib/python3.10/site-packages/airflow/example_dags/example_subdag_operator.py
[2025-05-12T21:32:50.531+0500] {processor.py:829} INFO - Processing file /home/maemoon/Documents/MLOPS_Project/env/lib/python3.10/site-packages/airflow/example_dags/example_subdag_operator.py for tasks to queue
[2025-05-12T21:32:50.532+0500] {logging_mixin.py:151} INFO - [2025-05-12T21:32:50.531+0500] {dagbag.py:536} INFO - Filling up the DagBag from /home/maemoon/Documents/MLOPS_Project/env/lib/python3.10/site-packages/airflow/example_dags/example_subdag_operator.py
[2025-05-12T21:32:50.551+0500] {processor.py:839} INFO - DAG(s) dict_keys(['example_subdag_operator.section-1', 'example_subdag_operator.section-2', 'example_subdag_operator']) retrieved from /home/maemoon/Documents/MLOPS_Project/env/lib/python3.10/site-packages/airflow/example_dags/example_subdag_operator.py
[2025-05-12T21:32:50.564+0500] {logging_mixin.py:151} INFO - [2025-05-12T21:32:50.564+0500] {dag.py:2941} INFO - Sync 3 DAGs
[2025-05-12T21:32:50.580+0500] {logging_mixin.py:151} INFO - [2025-05-12T21:32:50.580+0500] {dag.py:3722} INFO - Setting next_dagrun for example_subdag_operator to 2022-01-01T00:00:00+00:00, run_after=2022-01-01T00:00:00+00:00
[2025-05-12T21:32:50.583+0500] {logging_mixin.py:151} INFO - [2025-05-12T21:32:50.583+0500] {dag.py:3722} INFO - Setting next_dagrun for example_subdag_operator.section-1 to None, run_after=None
[2025-05-12T21:32:50.584+0500] {logging_mixin.py:151} INFO - [2025-05-12T21:32:50.584+0500] {dag.py:3722} INFO - Setting next_dagrun for example_subdag_operator.section-2 to None, run_after=None
[2025-05-12T21:32:50.590+0500] {logging_mixin.py:151} INFO - [2025-05-12T21:32:50.590+0500] {dag.py:2941} INFO - Sync 2 DAGs
[2025-05-12T21:32:50.593+0500] {logging_mixin.py:151} INFO - [2025-05-12T21:32:50.593+0500] {dag.py:3722} INFO - Setting next_dagrun for example_subdag_operator.section-1 to None, run_after=None
[2025-05-12T21:32:50.593+0500] {logging_mixin.py:151} INFO - [2025-05-12T21:32:50.593+0500] {dag.py:3722} INFO - Setting next_dagrun for example_subdag_operator.section-2 to None, run_after=None
[2025-05-12T21:32:50.688+0500] {processor.py:179} INFO - Processing /home/maemoon/Documents/MLOPS_Project/env/lib/python3.10/site-packages/airflow/example_dags/example_subdag_operator.py took 0.173 seconds
[2025-05-12T21:33:51.634+0500] {processor.py:157} INFO - Started process (PID=59386) to work on /home/maemoon/Documents/MLOPS_Project/env/lib/python3.10/site-packages/airflow/example_dags/example_subdag_operator.py
[2025-05-12T21:33:51.639+0500] {processor.py:829} INFO - Processing file /home/maemoon/Documents/MLOPS_Project/env/lib/python3.10/site-packages/airflow/example_dags/example_subdag_operator.py for tasks to queue
[2025-05-12T21:33:51.640+0500] {logging_mixin.py:151} INFO - [2025-05-12T21:33:51.639+0500] {dagbag.py:536} INFO - Filling up the DagBag from /home/maemoon/Documents/MLOPS_Project/env/lib/python3.10/site-packages/airflow/example_dags/example_subdag_operator.py
[2025-05-12T21:33:51.668+0500] {processor.py:839} INFO - DAG(s) dict_keys(['example_subdag_operator.section-1', 'example_subdag_operator.section-2', 'example_subdag_operator']) retrieved from /home/maemoon/Documents/MLOPS_Project/env/lib/python3.10/site-packages/airflow/example_dags/example_subdag_operator.py
[2025-05-12T21:33:51.687+0500] {logging_mixin.py:151} INFO - [2025-05-12T21:33:51.687+0500] {dag.py:2941} INFO - Sync 3 DAGs
[2025-05-12T21:33:51.710+0500] {logging_mixin.py:151} INFO - [2025-05-12T21:33:51.710+0500] {dag.py:3722} INFO - Setting next_dagrun for example_subdag_operator to 2022-01-01T00:00:00+00:00, run_after=2022-01-01T00:00:00+00:00
[2025-05-12T21:33:51.712+0500] {logging_mixin.py:151} INFO - [2025-05-12T21:33:51.712+0500] {dag.py:3722} INFO - Setting next_dagrun for example_subdag_operator.section-1 to None, run_after=None
[2025-05-12T21:33:51.713+0500] {logging_mixin.py:151} INFO - [2025-05-12T21:33:51.713+0500] {dag.py:3722} INFO - Setting next_dagrun for example_subdag_operator.section-2 to None, run_after=None
[2025-05-12T21:33:51.719+0500] {logging_mixin.py:151} INFO - [2025-05-12T21:33:51.719+0500] {dag.py:2941} INFO - Sync 2 DAGs
[2025-05-12T21:33:51.724+0500] {logging_mixin.py:151} INFO - [2025-05-12T21:33:51.724+0500] {dag.py:3722} INFO - Setting next_dagrun for example_subdag_operator.section-1 to None, run_after=None
[2025-05-12T21:33:51.725+0500] {logging_mixin.py:151} INFO - [2025-05-12T21:33:51.724+0500] {dag.py:3722} INFO - Setting next_dagrun for example_subdag_operator.section-2 to None, run_after=None
[2025-05-12T21:33:51.818+0500] {processor.py:179} INFO - Processing /home/maemoon/Documents/MLOPS_Project/env/lib/python3.10/site-packages/airflow/example_dags/example_subdag_operator.py took 0.188 seconds
[2025-05-12T21:34:39.639+0500] {processor.py:157} INFO - Started process (PID=59484) to work on /home/maemoon/Documents/MLOPS_Project/env/lib/python3.10/site-packages/airflow/example_dags/example_subdag_operator.py
[2025-05-12T21:34:39.655+0500] {processor.py:829} INFO - Processing file /home/maemoon/Documents/MLOPS_Project/env/lib/python3.10/site-packages/airflow/example_dags/example_subdag_operator.py for tasks to queue
[2025-05-12T21:34:39.656+0500] {logging_mixin.py:151} INFO - [2025-05-12T21:34:39.655+0500] {dagbag.py:536} INFO - Filling up the DagBag from /home/maemoon/Documents/MLOPS_Project/env/lib/python3.10/site-packages/airflow/example_dags/example_subdag_operator.py
[2025-05-12T21:34:39.673+0500] {processor.py:839} INFO - DAG(s) dict_keys(['example_subdag_operator.section-1', 'example_subdag_operator.section-2', 'example_subdag_operator']) retrieved from /home/maemoon/Documents/MLOPS_Project/env/lib/python3.10/site-packages/airflow/example_dags/example_subdag_operator.py
[2025-05-12T21:34:39.686+0500] {logging_mixin.py:151} INFO - [2025-05-12T21:34:39.686+0500] {dag.py:2941} INFO - Sync 3 DAGs
[2025-05-12T21:34:39.701+0500] {logging_mixin.py:151} INFO - [2025-05-12T21:34:39.701+0500] {dag.py:3722} INFO - Setting next_dagrun for example_subdag_operator to 2022-01-01T00:00:00+00:00, run_after=2022-01-01T00:00:00+00:00
[2025-05-12T21:34:39.703+0500] {logging_mixin.py:151} INFO - [2025-05-12T21:34:39.703+0500] {dag.py:3722} INFO - Setting next_dagrun for example_subdag_operator.section-1 to None, run_after=None
[2025-05-12T21:34:39.704+0500] {logging_mixin.py:151} INFO - [2025-05-12T21:34:39.704+0500] {dag.py:3722} INFO - Setting next_dagrun for example_subdag_operator.section-2 to None, run_after=None
[2025-05-12T21:34:39.709+0500] {logging_mixin.py:151} INFO - [2025-05-12T21:34:39.709+0500] {dag.py:2941} INFO - Sync 2 DAGs
[2025-05-12T21:34:39.713+0500] {logging_mixin.py:151} INFO - [2025-05-12T21:34:39.713+0500] {dag.py:3722} INFO - Setting next_dagrun for example_subdag_operator.section-1 to None, run_after=None
[2025-05-12T21:34:39.713+0500] {logging_mixin.py:151} INFO - [2025-05-12T21:34:39.713+0500] {dag.py:3722} INFO - Setting next_dagrun for example_subdag_operator.section-2 to None, run_after=None
[2025-05-12T21:34:39.792+0500] {processor.py:179} INFO - Processing /home/maemoon/Documents/MLOPS_Project/env/lib/python3.10/site-packages/airflow/example_dags/example_subdag_operator.py took 0.155 seconds
[2025-05-12T21:35:28.031+0500] {processor.py:157} INFO - Started process (PID=59684) to work on /home/maemoon/Documents/MLOPS_Project/env/lib/python3.10/site-packages/airflow/example_dags/example_subdag_operator.py
[2025-05-12T21:35:28.074+0500] {processor.py:829} INFO - Processing file /home/maemoon/Documents/MLOPS_Project/env/lib/python3.10/site-packages/airflow/example_dags/example_subdag_operator.py for tasks to queue
[2025-05-12T21:35:28.075+0500] {logging_mixin.py:151} INFO - [2025-05-12T21:35:28.075+0500] {dagbag.py:536} INFO - Filling up the DagBag from /home/maemoon/Documents/MLOPS_Project/env/lib/python3.10/site-packages/airflow/example_dags/example_subdag_operator.py
[2025-05-12T21:35:28.093+0500] {processor.py:839} INFO - DAG(s) dict_keys(['example_subdag_operator.section-1', 'example_subdag_operator.section-2', 'example_subdag_operator']) retrieved from /home/maemoon/Documents/MLOPS_Project/env/lib/python3.10/site-packages/airflow/example_dags/example_subdag_operator.py
[2025-05-12T21:35:28.105+0500] {logging_mixin.py:151} INFO - [2025-05-12T21:35:28.105+0500] {dag.py:2941} INFO - Sync 3 DAGs
[2025-05-12T21:35:28.131+0500] {logging_mixin.py:151} INFO - [2025-05-12T21:35:28.131+0500] {dag.py:3722} INFO - Setting next_dagrun for example_subdag_operator to 2022-01-01T00:00:00+00:00, run_after=2022-01-01T00:00:00+00:00
[2025-05-12T21:35:28.134+0500] {logging_mixin.py:151} INFO - [2025-05-12T21:35:28.134+0500] {dag.py:3722} INFO - Setting next_dagrun for example_subdag_operator.section-1 to None, run_after=None
[2025-05-12T21:35:28.135+0500] {logging_mixin.py:151} INFO - [2025-05-12T21:35:28.135+0500] {dag.py:3722} INFO - Setting next_dagrun for example_subdag_operator.section-2 to None, run_after=None
[2025-05-12T21:35:28.142+0500] {logging_mixin.py:151} INFO - [2025-05-12T21:35:28.141+0500] {dag.py:2941} INFO - Sync 2 DAGs
[2025-05-12T21:35:28.146+0500] {logging_mixin.py:151} INFO - [2025-05-12T21:35:28.145+0500] {dag.py:3722} INFO - Setting next_dagrun for example_subdag_operator.section-1 to None, run_after=None
[2025-05-12T21:35:28.146+0500] {logging_mixin.py:151} INFO - [2025-05-12T21:35:28.146+0500] {dag.py:3722} INFO - Setting next_dagrun for example_subdag_operator.section-2 to None, run_after=None
[2025-05-12T21:35:28.301+0500] {processor.py:179} INFO - Processing /home/maemoon/Documents/MLOPS_Project/env/lib/python3.10/site-packages/airflow/example_dags/example_subdag_operator.py took 0.274 seconds
[2025-05-12T21:36:15.310+0500] {processor.py:157} INFO - Started process (PID=59832) to work on /home/maemoon/Documents/MLOPS_Project/env/lib/python3.10/site-packages/airflow/example_dags/example_subdag_operator.py
[2025-05-12T21:36:15.314+0500] {processor.py:829} INFO - Processing file /home/maemoon/Documents/MLOPS_Project/env/lib/python3.10/site-packages/airflow/example_dags/example_subdag_operator.py for tasks to queue
[2025-05-12T21:36:15.315+0500] {logging_mixin.py:151} INFO - [2025-05-12T21:36:15.315+0500] {dagbag.py:536} INFO - Filling up the DagBag from /home/maemoon/Documents/MLOPS_Project/env/lib/python3.10/site-packages/airflow/example_dags/example_subdag_operator.py
[2025-05-12T21:36:15.377+0500] {processor.py:839} INFO - DAG(s) dict_keys(['example_subdag_operator.section-1', 'example_subdag_operator.section-2', 'example_subdag_operator']) retrieved from /home/maemoon/Documents/MLOPS_Project/env/lib/python3.10/site-packages/airflow/example_dags/example_subdag_operator.py
[2025-05-12T21:36:15.406+0500] {logging_mixin.py:151} INFO - [2025-05-12T21:36:15.405+0500] {dag.py:2941} INFO - Sync 3 DAGs
[2025-05-12T21:36:15.441+0500] {logging_mixin.py:151} INFO - [2025-05-12T21:36:15.441+0500] {dag.py:3722} INFO - Setting next_dagrun for example_subdag_operator to 2022-01-01T00:00:00+00:00, run_after=2022-01-01T00:00:00+00:00
[2025-05-12T21:36:15.447+0500] {logging_mixin.py:151} INFO - [2025-05-12T21:36:15.446+0500] {dag.py:3722} INFO - Setting next_dagrun for example_subdag_operator.section-1 to None, run_after=None
[2025-05-12T21:36:15.449+0500] {logging_mixin.py:151} INFO - [2025-05-12T21:36:15.448+0500] {dag.py:3722} INFO - Setting next_dagrun for example_subdag_operator.section-2 to None, run_after=None
[2025-05-12T21:36:15.462+0500] {logging_mixin.py:151} INFO - [2025-05-12T21:36:15.462+0500] {dag.py:2941} INFO - Sync 2 DAGs
[2025-05-12T21:36:15.470+0500] {logging_mixin.py:151} INFO - [2025-05-12T21:36:15.470+0500] {dag.py:3722} INFO - Setting next_dagrun for example_subdag_operator.section-1 to None, run_after=None
[2025-05-12T21:36:15.471+0500] {logging_mixin.py:151} INFO - [2025-05-12T21:36:15.470+0500] {dag.py:3722} INFO - Setting next_dagrun for example_subdag_operator.section-2 to None, run_after=None
[2025-05-12T21:36:15.588+0500] {processor.py:179} INFO - Processing /home/maemoon/Documents/MLOPS_Project/env/lib/python3.10/site-packages/airflow/example_dags/example_subdag_operator.py took 0.285 seconds
[2025-05-12T21:52:09.567+0500] {processor.py:157} INFO - Started process (PID=63500) to work on /home/maemoon/Documents/MLOPS_Project/env/lib/python3.10/site-packages/airflow/example_dags/example_subdag_operator.py
[2025-05-12T21:52:09.568+0500] {processor.py:829} INFO - Processing file /home/maemoon/Documents/MLOPS_Project/env/lib/python3.10/site-packages/airflow/example_dags/example_subdag_operator.py for tasks to queue
[2025-05-12T21:52:09.569+0500] {logging_mixin.py:151} INFO - [2025-05-12T21:52:09.569+0500] {dagbag.py:536} INFO - Filling up the DagBag from /home/maemoon/Documents/MLOPS_Project/env/lib/python3.10/site-packages/airflow/example_dags/example_subdag_operator.py
[2025-05-12T21:52:09.586+0500] {processor.py:839} INFO - DAG(s) dict_keys(['example_subdag_operator.section-1', 'example_subdag_operator.section-2', 'example_subdag_operator']) retrieved from /home/maemoon/Documents/MLOPS_Project/env/lib/python3.10/site-packages/airflow/example_dags/example_subdag_operator.py
[2025-05-12T21:52:09.599+0500] {logging_mixin.py:151} INFO - [2025-05-12T21:52:09.599+0500] {dag.py:2941} INFO - Sync 3 DAGs
[2025-05-12T21:52:09.616+0500] {logging_mixin.py:151} INFO - [2025-05-12T21:52:09.615+0500] {dag.py:3722} INFO - Setting next_dagrun for example_subdag_operator to 2022-01-01T00:00:00+00:00, run_after=2022-01-01T00:00:00+00:00
[2025-05-12T21:52:09.618+0500] {logging_mixin.py:151} INFO - [2025-05-12T21:52:09.618+0500] {dag.py:3722} INFO - Setting next_dagrun for example_subdag_operator.section-1 to None, run_after=None
[2025-05-12T21:52:09.619+0500] {logging_mixin.py:151} INFO - [2025-05-12T21:52:09.619+0500] {dag.py:3722} INFO - Setting next_dagrun for example_subdag_operator.section-2 to None, run_after=None
[2025-05-12T21:52:09.623+0500] {logging_mixin.py:151} INFO - [2025-05-12T21:52:09.623+0500] {dag.py:2941} INFO - Sync 2 DAGs
[2025-05-12T21:52:09.627+0500] {logging_mixin.py:151} INFO - [2025-05-12T21:52:09.627+0500] {dag.py:3722} INFO - Setting next_dagrun for example_subdag_operator.section-1 to None, run_after=None
[2025-05-12T21:52:09.627+0500] {logging_mixin.py:151} INFO - [2025-05-12T21:52:09.627+0500] {dag.py:3722} INFO - Setting next_dagrun for example_subdag_operator.section-2 to None, run_after=None
[2025-05-12T21:52:09.715+0500] {processor.py:179} INFO - Processing /home/maemoon/Documents/MLOPS_Project/env/lib/python3.10/site-packages/airflow/example_dags/example_subdag_operator.py took 0.150 seconds
[2025-05-12T21:53:30.171+0500] {processor.py:157} INFO - Started process (PID=64049) to work on /home/maemoon/Documents/MLOPS_Project/env/lib/python3.10/site-packages/airflow/example_dags/example_subdag_operator.py
[2025-05-12T21:53:30.173+0500] {processor.py:829} INFO - Processing file /home/maemoon/Documents/MLOPS_Project/env/lib/python3.10/site-packages/airflow/example_dags/example_subdag_operator.py for tasks to queue
[2025-05-12T21:53:30.174+0500] {logging_mixin.py:151} INFO - [2025-05-12T21:53:30.173+0500] {dagbag.py:536} INFO - Filling up the DagBag from /home/maemoon/Documents/MLOPS_Project/env/lib/python3.10/site-packages/airflow/example_dags/example_subdag_operator.py
[2025-05-12T21:53:30.195+0500] {processor.py:839} INFO - DAG(s) dict_keys(['example_subdag_operator.section-1', 'example_subdag_operator.section-2', 'example_subdag_operator']) retrieved from /home/maemoon/Documents/MLOPS_Project/env/lib/python3.10/site-packages/airflow/example_dags/example_subdag_operator.py
[2025-05-12T21:53:30.211+0500] {logging_mixin.py:151} INFO - [2025-05-12T21:53:30.210+0500] {dag.py:2941} INFO - Sync 3 DAGs
[2025-05-12T21:53:30.230+0500] {logging_mixin.py:151} INFO - [2025-05-12T21:53:30.229+0500] {dag.py:3722} INFO - Setting next_dagrun for example_subdag_operator to 2022-01-01T00:00:00+00:00, run_after=2022-01-01T00:00:00+00:00
[2025-05-12T21:53:30.233+0500] {logging_mixin.py:151} INFO - [2025-05-12T21:53:30.233+0500] {dag.py:3722} INFO - Setting next_dagrun for example_subdag_operator.section-1 to None, run_after=None
[2025-05-12T21:53:30.234+0500] {logging_mixin.py:151} INFO - [2025-05-12T21:53:30.234+0500] {dag.py:3722} INFO - Setting next_dagrun for example_subdag_operator.section-2 to None, run_after=None
[2025-05-12T21:53:30.240+0500] {logging_mixin.py:151} INFO - [2025-05-12T21:53:30.240+0500] {dag.py:2941} INFO - Sync 2 DAGs
[2025-05-12T21:53:30.245+0500] {logging_mixin.py:151} INFO - [2025-05-12T21:53:30.244+0500] {dag.py:3722} INFO - Setting next_dagrun for example_subdag_operator.section-1 to None, run_after=None
[2025-05-12T21:53:30.245+0500] {logging_mixin.py:151} INFO - [2025-05-12T21:53:30.245+0500] {dag.py:3722} INFO - Setting next_dagrun for example_subdag_operator.section-2 to None, run_after=None
[2025-05-12T21:53:30.326+0500] {processor.py:179} INFO - Processing /home/maemoon/Documents/MLOPS_Project/env/lib/python3.10/site-packages/airflow/example_dags/example_subdag_operator.py took 0.158 seconds
[2025-05-12T21:54:28.558+0500] {processor.py:157} INFO - Started process (PID=64224) to work on /home/maemoon/Documents/MLOPS_Project/env/lib/python3.10/site-packages/airflow/example_dags/example_subdag_operator.py
[2025-05-12T21:54:28.582+0500] {processor.py:829} INFO - Processing file /home/maemoon/Documents/MLOPS_Project/env/lib/python3.10/site-packages/airflow/example_dags/example_subdag_operator.py for tasks to queue
[2025-05-12T21:54:28.583+0500] {logging_mixin.py:151} INFO - [2025-05-12T21:54:28.583+0500] {dagbag.py:536} INFO - Filling up the DagBag from /home/maemoon/Documents/MLOPS_Project/env/lib/python3.10/site-packages/airflow/example_dags/example_subdag_operator.py
[2025-05-12T21:54:28.600+0500] {processor.py:839} INFO - DAG(s) dict_keys(['example_subdag_operator.section-1', 'example_subdag_operator.section-2', 'example_subdag_operator']) retrieved from /home/maemoon/Documents/MLOPS_Project/env/lib/python3.10/site-packages/airflow/example_dags/example_subdag_operator.py
[2025-05-12T21:54:28.612+0500] {logging_mixin.py:151} INFO - [2025-05-12T21:54:28.612+0500] {dag.py:2941} INFO - Sync 3 DAGs
[2025-05-12T21:54:28.627+0500] {logging_mixin.py:151} INFO - [2025-05-12T21:54:28.626+0500] {dag.py:3722} INFO - Setting next_dagrun for example_subdag_operator to 2022-01-01T00:00:00+00:00, run_after=2022-01-01T00:00:00+00:00
[2025-05-12T21:54:28.629+0500] {logging_mixin.py:151} INFO - [2025-05-12T21:54:28.629+0500] {dag.py:3722} INFO - Setting next_dagrun for example_subdag_operator.section-1 to None, run_after=None
[2025-05-12T21:54:28.630+0500] {logging_mixin.py:151} INFO - [2025-05-12T21:54:28.630+0500] {dag.py:3722} INFO - Setting next_dagrun for example_subdag_operator.section-2 to None, run_after=None
[2025-05-12T21:54:28.634+0500] {logging_mixin.py:151} INFO - [2025-05-12T21:54:28.634+0500] {dag.py:2941} INFO - Sync 2 DAGs
[2025-05-12T21:54:28.638+0500] {logging_mixin.py:151} INFO - [2025-05-12T21:54:28.638+0500] {dag.py:3722} INFO - Setting next_dagrun for example_subdag_operator.section-1 to None, run_after=None
[2025-05-12T21:54:28.638+0500] {logging_mixin.py:151} INFO - [2025-05-12T21:54:28.638+0500] {dag.py:3722} INFO - Setting next_dagrun for example_subdag_operator.section-2 to None, run_after=None
[2025-05-12T21:54:28.875+0500] {processor.py:179} INFO - Processing /home/maemoon/Documents/MLOPS_Project/env/lib/python3.10/site-packages/airflow/example_dags/example_subdag_operator.py took 0.319 seconds
[2025-05-12T21:56:06.224+0500] {processor.py:157} INFO - Started process (PID=65235) to work on /home/maemoon/Documents/MLOPS_Project/env/lib/python3.10/site-packages/airflow/example_dags/example_subdag_operator.py
[2025-05-12T21:56:06.243+0500] {processor.py:829} INFO - Processing file /home/maemoon/Documents/MLOPS_Project/env/lib/python3.10/site-packages/airflow/example_dags/example_subdag_operator.py for tasks to queue
[2025-05-12T21:56:06.244+0500] {logging_mixin.py:151} INFO - [2025-05-12T21:56:06.244+0500] {dagbag.py:536} INFO - Filling up the DagBag from /home/maemoon/Documents/MLOPS_Project/env/lib/python3.10/site-packages/airflow/example_dags/example_subdag_operator.py
[2025-05-12T21:56:06.268+0500] {processor.py:839} INFO - DAG(s) dict_keys(['example_subdag_operator.section-1', 'example_subdag_operator.section-2', 'example_subdag_operator']) retrieved from /home/maemoon/Documents/MLOPS_Project/env/lib/python3.10/site-packages/airflow/example_dags/example_subdag_operator.py
[2025-05-12T21:56:06.284+0500] {logging_mixin.py:151} INFO - [2025-05-12T21:56:06.284+0500] {dag.py:2941} INFO - Sync 3 DAGs
[2025-05-12T21:56:06.307+0500] {logging_mixin.py:151} INFO - [2025-05-12T21:56:06.306+0500] {dag.py:3722} INFO - Setting next_dagrun for example_subdag_operator to 2022-01-01T00:00:00+00:00, run_after=2022-01-01T00:00:00+00:00
[2025-05-12T21:56:06.309+0500] {logging_mixin.py:151} INFO - [2025-05-12T21:56:06.309+0500] {dag.py:3722} INFO - Setting next_dagrun for example_subdag_operator.section-1 to None, run_after=None
[2025-05-12T21:56:06.310+0500] {logging_mixin.py:151} INFO - [2025-05-12T21:56:06.310+0500] {dag.py:3722} INFO - Setting next_dagrun for example_subdag_operator.section-2 to None, run_after=None
[2025-05-12T21:56:06.317+0500] {logging_mixin.py:151} INFO - [2025-05-12T21:56:06.316+0500] {dag.py:2941} INFO - Sync 2 DAGs
[2025-05-12T21:56:06.322+0500] {logging_mixin.py:151} INFO - [2025-05-12T21:56:06.322+0500] {dag.py:3722} INFO - Setting next_dagrun for example_subdag_operator.section-1 to None, run_after=None
[2025-05-12T21:56:06.323+0500] {logging_mixin.py:151} INFO - [2025-05-12T21:56:06.323+0500] {dag.py:3722} INFO - Setting next_dagrun for example_subdag_operator.section-2 to None, run_after=None
[2025-05-12T21:56:06.404+0500] {processor.py:179} INFO - Processing /home/maemoon/Documents/MLOPS_Project/env/lib/python3.10/site-packages/airflow/example_dags/example_subdag_operator.py took 0.183 seconds
[2025-05-12T21:56:57.897+0500] {processor.py:157} INFO - Started process (PID=65347) to work on /home/maemoon/Documents/MLOPS_Project/env/lib/python3.10/site-packages/airflow/example_dags/example_subdag_operator.py
[2025-05-12T21:56:57.898+0500] {processor.py:829} INFO - Processing file /home/maemoon/Documents/MLOPS_Project/env/lib/python3.10/site-packages/airflow/example_dags/example_subdag_operator.py for tasks to queue
[2025-05-12T21:56:57.898+0500] {logging_mixin.py:151} INFO - [2025-05-12T21:56:57.898+0500] {dagbag.py:536} INFO - Filling up the DagBag from /home/maemoon/Documents/MLOPS_Project/env/lib/python3.10/site-packages/airflow/example_dags/example_subdag_operator.py
[2025-05-12T21:56:57.921+0500] {processor.py:839} INFO - DAG(s) dict_keys(['example_subdag_operator.section-1', 'example_subdag_operator.section-2', 'example_subdag_operator']) retrieved from /home/maemoon/Documents/MLOPS_Project/env/lib/python3.10/site-packages/airflow/example_dags/example_subdag_operator.py
[2025-05-12T21:56:57.942+0500] {logging_mixin.py:151} INFO - [2025-05-12T21:56:57.941+0500] {dag.py:2941} INFO - Sync 3 DAGs
[2025-05-12T21:56:57.965+0500] {logging_mixin.py:151} INFO - [2025-05-12T21:56:57.965+0500] {dag.py:3722} INFO - Setting next_dagrun for example_subdag_operator to 2022-01-01T00:00:00+00:00, run_after=2022-01-01T00:00:00+00:00
[2025-05-12T21:56:57.968+0500] {logging_mixin.py:151} INFO - [2025-05-12T21:56:57.968+0500] {dag.py:3722} INFO - Setting next_dagrun for example_subdag_operator.section-1 to None, run_after=None
[2025-05-12T21:56:57.970+0500] {logging_mixin.py:151} INFO - [2025-05-12T21:56:57.970+0500] {dag.py:3722} INFO - Setting next_dagrun for example_subdag_operator.section-2 to None, run_after=None
[2025-05-12T21:56:57.977+0500] {logging_mixin.py:151} INFO - [2025-05-12T21:56:57.977+0500] {dag.py:2941} INFO - Sync 2 DAGs
[2025-05-12T21:56:57.981+0500] {logging_mixin.py:151} INFO - [2025-05-12T21:56:57.981+0500] {dag.py:3722} INFO - Setting next_dagrun for example_subdag_operator.section-1 to None, run_after=None
[2025-05-12T21:56:57.981+0500] {logging_mixin.py:151} INFO - [2025-05-12T21:56:57.981+0500] {dag.py:3722} INFO - Setting next_dagrun for example_subdag_operator.section-2 to None, run_after=None
[2025-05-12T21:56:58.078+0500] {processor.py:179} INFO - Processing /home/maemoon/Documents/MLOPS_Project/env/lib/python3.10/site-packages/airflow/example_dags/example_subdag_operator.py took 0.185 seconds
[2025-05-12T21:57:47.186+0500] {processor.py:157} INFO - Started process (PID=65432) to work on /home/maemoon/Documents/MLOPS_Project/env/lib/python3.10/site-packages/airflow/example_dags/example_subdag_operator.py
[2025-05-12T21:57:47.196+0500] {processor.py:829} INFO - Processing file /home/maemoon/Documents/MLOPS_Project/env/lib/python3.10/site-packages/airflow/example_dags/example_subdag_operator.py for tasks to queue
[2025-05-12T21:57:47.198+0500] {logging_mixin.py:151} INFO - [2025-05-12T21:57:47.197+0500] {dagbag.py:536} INFO - Filling up the DagBag from /home/maemoon/Documents/MLOPS_Project/env/lib/python3.10/site-packages/airflow/example_dags/example_subdag_operator.py
[2025-05-12T21:57:47.216+0500] {processor.py:839} INFO - DAG(s) dict_keys(['example_subdag_operator.section-1', 'example_subdag_operator.section-2', 'example_subdag_operator']) retrieved from /home/maemoon/Documents/MLOPS_Project/env/lib/python3.10/site-packages/airflow/example_dags/example_subdag_operator.py
[2025-05-12T21:57:47.230+0500] {logging_mixin.py:151} INFO - [2025-05-12T21:57:47.230+0500] {dag.py:2941} INFO - Sync 3 DAGs
[2025-05-12T21:57:47.248+0500] {logging_mixin.py:151} INFO - [2025-05-12T21:57:47.247+0500] {dag.py:3722} INFO - Setting next_dagrun for example_subdag_operator to 2022-01-01T00:00:00+00:00, run_after=2022-01-01T00:00:00+00:00
[2025-05-12T21:57:47.251+0500] {logging_mixin.py:151} INFO - [2025-05-12T21:57:47.251+0500] {dag.py:3722} INFO - Setting next_dagrun for example_subdag_operator.section-1 to None, run_after=None
[2025-05-12T21:57:47.252+0500] {logging_mixin.py:151} INFO - [2025-05-12T21:57:47.252+0500] {dag.py:3722} INFO - Setting next_dagrun for example_subdag_operator.section-2 to None, run_after=None
[2025-05-12T21:57:47.257+0500] {logging_mixin.py:151} INFO - [2025-05-12T21:57:47.256+0500] {dag.py:2941} INFO - Sync 2 DAGs
[2025-05-12T21:57:47.261+0500] {logging_mixin.py:151} INFO - [2025-05-12T21:57:47.260+0500] {dag.py:3722} INFO - Setting next_dagrun for example_subdag_operator.section-1 to None, run_after=None
[2025-05-12T21:57:47.261+0500] {logging_mixin.py:151} INFO - [2025-05-12T21:57:47.261+0500] {dag.py:3722} INFO - Setting next_dagrun for example_subdag_operator.section-2 to None, run_after=None
[2025-05-12T21:57:47.353+0500] {processor.py:179} INFO - Processing /home/maemoon/Documents/MLOPS_Project/env/lib/python3.10/site-packages/airflow/example_dags/example_subdag_operator.py took 0.169 seconds
[2025-05-12T21:58:41.479+0500] {processor.py:157} INFO - Started process (PID=65649) to work on /home/maemoon/Documents/MLOPS_Project/env/lib/python3.10/site-packages/airflow/example_dags/example_subdag_operator.py
[2025-05-12T21:58:41.493+0500] {processor.py:829} INFO - Processing file /home/maemoon/Documents/MLOPS_Project/env/lib/python3.10/site-packages/airflow/example_dags/example_subdag_operator.py for tasks to queue
[2025-05-12T21:58:41.494+0500] {logging_mixin.py:151} INFO - [2025-05-12T21:58:41.494+0500] {dagbag.py:536} INFO - Filling up the DagBag from /home/maemoon/Documents/MLOPS_Project/env/lib/python3.10/site-packages/airflow/example_dags/example_subdag_operator.py
[2025-05-12T21:58:41.518+0500] {processor.py:839} INFO - DAG(s) dict_keys(['example_subdag_operator.section-1', 'example_subdag_operator.section-2', 'example_subdag_operator']) retrieved from /home/maemoon/Documents/MLOPS_Project/env/lib/python3.10/site-packages/airflow/example_dags/example_subdag_operator.py
[2025-05-12T21:58:41.533+0500] {logging_mixin.py:151} INFO - [2025-05-12T21:58:41.533+0500] {dag.py:2941} INFO - Sync 3 DAGs
[2025-05-12T21:58:41.555+0500] {logging_mixin.py:151} INFO - [2025-05-12T21:58:41.554+0500] {dag.py:3722} INFO - Setting next_dagrun for example_subdag_operator to 2022-01-01T00:00:00+00:00, run_after=2022-01-01T00:00:00+00:00
[2025-05-12T21:58:41.557+0500] {logging_mixin.py:151} INFO - [2025-05-12T21:58:41.557+0500] {dag.py:3722} INFO - Setting next_dagrun for example_subdag_operator.section-1 to None, run_after=None
[2025-05-12T21:58:41.558+0500] {logging_mixin.py:151} INFO - [2025-05-12T21:58:41.558+0500] {dag.py:3722} INFO - Setting next_dagrun for example_subdag_operator.section-2 to None, run_after=None
[2025-05-12T21:58:41.565+0500] {logging_mixin.py:151} INFO - [2025-05-12T21:58:41.564+0500] {dag.py:2941} INFO - Sync 2 DAGs
[2025-05-12T21:58:41.569+0500] {logging_mixin.py:151} INFO - [2025-05-12T21:58:41.569+0500] {dag.py:3722} INFO - Setting next_dagrun for example_subdag_operator.section-1 to None, run_after=None
[2025-05-12T21:58:41.570+0500] {logging_mixin.py:151} INFO - [2025-05-12T21:58:41.570+0500] {dag.py:3722} INFO - Setting next_dagrun for example_subdag_operator.section-2 to None, run_after=None
[2025-05-12T21:58:41.664+0500] {processor.py:179} INFO - Processing /home/maemoon/Documents/MLOPS_Project/env/lib/python3.10/site-packages/airflow/example_dags/example_subdag_operator.py took 0.187 seconds
[2025-05-12T21:59:37.277+0500] {processor.py:157} INFO - Started process (PID=65787) to work on /home/maemoon/Documents/MLOPS_Project/env/lib/python3.10/site-packages/airflow/example_dags/example_subdag_operator.py
[2025-05-12T21:59:37.279+0500] {processor.py:829} INFO - Processing file /home/maemoon/Documents/MLOPS_Project/env/lib/python3.10/site-packages/airflow/example_dags/example_subdag_operator.py for tasks to queue
[2025-05-12T21:59:37.280+0500] {logging_mixin.py:151} INFO - [2025-05-12T21:59:37.279+0500] {dagbag.py:536} INFO - Filling up the DagBag from /home/maemoon/Documents/MLOPS_Project/env/lib/python3.10/site-packages/airflow/example_dags/example_subdag_operator.py
[2025-05-12T21:59:37.301+0500] {processor.py:839} INFO - DAG(s) dict_keys(['example_subdag_operator.section-1', 'example_subdag_operator.section-2', 'example_subdag_operator']) retrieved from /home/maemoon/Documents/MLOPS_Project/env/lib/python3.10/site-packages/airflow/example_dags/example_subdag_operator.py
[2025-05-12T21:59:37.317+0500] {logging_mixin.py:151} INFO - [2025-05-12T21:59:37.317+0500] {dag.py:2941} INFO - Sync 3 DAGs
[2025-05-12T21:59:37.336+0500] {logging_mixin.py:151} INFO - [2025-05-12T21:59:37.336+0500] {dag.py:3722} INFO - Setting next_dagrun for example_subdag_operator to 2022-01-01T00:00:00+00:00, run_after=2022-01-01T00:00:00+00:00
[2025-05-12T21:59:37.339+0500] {logging_mixin.py:151} INFO - [2025-05-12T21:59:37.339+0500] {dag.py:3722} INFO - Setting next_dagrun for example_subdag_operator.section-1 to None, run_after=None
[2025-05-12T21:59:37.340+0500] {logging_mixin.py:151} INFO - [2025-05-12T21:59:37.340+0500] {dag.py:3722} INFO - Setting next_dagrun for example_subdag_operator.section-2 to None, run_after=None
[2025-05-12T21:59:37.347+0500] {logging_mixin.py:151} INFO - [2025-05-12T21:59:37.347+0500] {dag.py:2941} INFO - Sync 2 DAGs
[2025-05-12T21:59:37.352+0500] {logging_mixin.py:151} INFO - [2025-05-12T21:59:37.352+0500] {dag.py:3722} INFO - Setting next_dagrun for example_subdag_operator.section-1 to None, run_after=None
[2025-05-12T21:59:37.353+0500] {logging_mixin.py:151} INFO - [2025-05-12T21:59:37.352+0500] {dag.py:3722} INFO - Setting next_dagrun for example_subdag_operator.section-2 to None, run_after=None
[2025-05-12T21:59:37.461+0500] {processor.py:179} INFO - Processing /home/maemoon/Documents/MLOPS_Project/env/lib/python3.10/site-packages/airflow/example_dags/example_subdag_operator.py took 0.187 seconds
[2025-05-12T22:00:50.415+0500] {processor.py:157} INFO - Started process (PID=66144) to work on /home/maemoon/Documents/MLOPS_Project/env/lib/python3.10/site-packages/airflow/example_dags/example_subdag_operator.py
[2025-05-12T22:00:50.416+0500] {processor.py:829} INFO - Processing file /home/maemoon/Documents/MLOPS_Project/env/lib/python3.10/site-packages/airflow/example_dags/example_subdag_operator.py for tasks to queue
[2025-05-12T22:00:50.417+0500] {logging_mixin.py:151} INFO - [2025-05-12T22:00:50.416+0500] {dagbag.py:536} INFO - Filling up the DagBag from /home/maemoon/Documents/MLOPS_Project/env/lib/python3.10/site-packages/airflow/example_dags/example_subdag_operator.py
[2025-05-12T22:00:50.436+0500] {processor.py:839} INFO - DAG(s) dict_keys(['example_subdag_operator.section-1', 'example_subdag_operator.section-2', 'example_subdag_operator']) retrieved from /home/maemoon/Documents/MLOPS_Project/env/lib/python3.10/site-packages/airflow/example_dags/example_subdag_operator.py
[2025-05-12T22:00:50.449+0500] {logging_mixin.py:151} INFO - [2025-05-12T22:00:50.449+0500] {dag.py:2941} INFO - Sync 3 DAGs
[2025-05-12T22:00:50.464+0500] {logging_mixin.py:151} INFO - [2025-05-12T22:00:50.464+0500] {dag.py:3722} INFO - Setting next_dagrun for example_subdag_operator to 2022-01-01T00:00:00+00:00, run_after=2022-01-01T00:00:00+00:00
[2025-05-12T22:00:50.466+0500] {logging_mixin.py:151} INFO - [2025-05-12T22:00:50.466+0500] {dag.py:3722} INFO - Setting next_dagrun for example_subdag_operator.section-1 to None, run_after=None
[2025-05-12T22:00:50.467+0500] {logging_mixin.py:151} INFO - [2025-05-12T22:00:50.467+0500] {dag.py:3722} INFO - Setting next_dagrun for example_subdag_operator.section-2 to None, run_after=None
[2025-05-12T22:00:50.471+0500] {logging_mixin.py:151} INFO - [2025-05-12T22:00:50.471+0500] {dag.py:2941} INFO - Sync 2 DAGs
[2025-05-12T22:00:50.474+0500] {logging_mixin.py:151} INFO - [2025-05-12T22:00:50.474+0500] {dag.py:3722} INFO - Setting next_dagrun for example_subdag_operator.section-1 to None, run_after=None
[2025-05-12T22:00:50.475+0500] {logging_mixin.py:151} INFO - [2025-05-12T22:00:50.475+0500] {dag.py:3722} INFO - Setting next_dagrun for example_subdag_operator.section-2 to None, run_after=None
[2025-05-12T22:00:50.566+0500] {processor.py:179} INFO - Processing /home/maemoon/Documents/MLOPS_Project/env/lib/python3.10/site-packages/airflow/example_dags/example_subdag_operator.py took 0.154 seconds
[2025-05-12T22:01:48.717+0500] {processor.py:157} INFO - Started process (PID=66254) to work on /home/maemoon/Documents/MLOPS_Project/env/lib/python3.10/site-packages/airflow/example_dags/example_subdag_operator.py
[2025-05-12T22:01:48.718+0500] {processor.py:829} INFO - Processing file /home/maemoon/Documents/MLOPS_Project/env/lib/python3.10/site-packages/airflow/example_dags/example_subdag_operator.py for tasks to queue
[2025-05-12T22:01:48.719+0500] {logging_mixin.py:151} INFO - [2025-05-12T22:01:48.718+0500] {dagbag.py:536} INFO - Filling up the DagBag from /home/maemoon/Documents/MLOPS_Project/env/lib/python3.10/site-packages/airflow/example_dags/example_subdag_operator.py
[2025-05-12T22:01:48.737+0500] {processor.py:839} INFO - DAG(s) dict_keys(['example_subdag_operator.section-1', 'example_subdag_operator.section-2', 'example_subdag_operator']) retrieved from /home/maemoon/Documents/MLOPS_Project/env/lib/python3.10/site-packages/airflow/example_dags/example_subdag_operator.py
[2025-05-12T22:01:48.750+0500] {logging_mixin.py:151} INFO - [2025-05-12T22:01:48.750+0500] {dag.py:2941} INFO - Sync 3 DAGs
[2025-05-12T22:01:48.765+0500] {logging_mixin.py:151} INFO - [2025-05-12T22:01:48.765+0500] {dag.py:3722} INFO - Setting next_dagrun for example_subdag_operator to 2022-01-01T00:00:00+00:00, run_after=2022-01-01T00:00:00+00:00
[2025-05-12T22:01:48.767+0500] {logging_mixin.py:151} INFO - [2025-05-12T22:01:48.767+0500] {dag.py:3722} INFO - Setting next_dagrun for example_subdag_operator.section-1 to None, run_after=None
[2025-05-12T22:01:48.768+0500] {logging_mixin.py:151} INFO - [2025-05-12T22:01:48.768+0500] {dag.py:3722} INFO - Setting next_dagrun for example_subdag_operator.section-2 to None, run_after=None
[2025-05-12T22:01:48.772+0500] {logging_mixin.py:151} INFO - [2025-05-12T22:01:48.772+0500] {dag.py:2941} INFO - Sync 2 DAGs
[2025-05-12T22:01:48.776+0500] {logging_mixin.py:151} INFO - [2025-05-12T22:01:48.776+0500] {dag.py:3722} INFO - Setting next_dagrun for example_subdag_operator.section-1 to None, run_after=None
[2025-05-12T22:01:48.776+0500] {logging_mixin.py:151} INFO - [2025-05-12T22:01:48.776+0500] {dag.py:3722} INFO - Setting next_dagrun for example_subdag_operator.section-2 to None, run_after=None
[2025-05-12T22:01:48.877+0500] {processor.py:179} INFO - Processing /home/maemoon/Documents/MLOPS_Project/env/lib/python3.10/site-packages/airflow/example_dags/example_subdag_operator.py took 0.162 seconds
[2025-05-12T22:03:43.217+0500] {processor.py:157} INFO - Started process (PID=67310) to work on /home/maemoon/Documents/MLOPS_Project/env/lib/python3.10/site-packages/airflow/example_dags/example_subdag_operator.py
[2025-05-12T22:03:43.238+0500] {processor.py:829} INFO - Processing file /home/maemoon/Documents/MLOPS_Project/env/lib/python3.10/site-packages/airflow/example_dags/example_subdag_operator.py for tasks to queue
[2025-05-12T22:03:43.239+0500] {logging_mixin.py:151} INFO - [2025-05-12T22:03:43.239+0500] {dagbag.py:536} INFO - Filling up the DagBag from /home/maemoon/Documents/MLOPS_Project/env/lib/python3.10/site-packages/airflow/example_dags/example_subdag_operator.py
[2025-05-12T22:03:43.259+0500] {processor.py:839} INFO - DAG(s) dict_keys(['example_subdag_operator.section-1', 'example_subdag_operator.section-2', 'example_subdag_operator']) retrieved from /home/maemoon/Documents/MLOPS_Project/env/lib/python3.10/site-packages/airflow/example_dags/example_subdag_operator.py
[2025-05-12T22:03:43.279+0500] {logging_mixin.py:151} INFO - [2025-05-12T22:03:43.279+0500] {dag.py:2941} INFO - Sync 3 DAGs
[2025-05-12T22:03:43.303+0500] {logging_mixin.py:151} INFO - [2025-05-12T22:03:43.303+0500] {dag.py:3722} INFO - Setting next_dagrun for example_subdag_operator to 2022-01-01T00:00:00+00:00, run_after=2022-01-01T00:00:00+00:00
[2025-05-12T22:03:43.307+0500] {logging_mixin.py:151} INFO - [2025-05-12T22:03:43.307+0500] {dag.py:3722} INFO - Setting next_dagrun for example_subdag_operator.section-1 to None, run_after=None
[2025-05-12T22:03:43.308+0500] {logging_mixin.py:151} INFO - [2025-05-12T22:03:43.308+0500] {dag.py:3722} INFO - Setting next_dagrun for example_subdag_operator.section-2 to None, run_after=None
[2025-05-12T22:03:43.314+0500] {logging_mixin.py:151} INFO - [2025-05-12T22:03:43.314+0500] {dag.py:2941} INFO - Sync 2 DAGs
[2025-05-12T22:03:43.321+0500] {logging_mixin.py:151} INFO - [2025-05-12T22:03:43.320+0500] {dag.py:3722} INFO - Setting next_dagrun for example_subdag_operator.section-1 to None, run_after=None
[2025-05-12T22:03:43.321+0500] {logging_mixin.py:151} INFO - [2025-05-12T22:03:43.321+0500] {dag.py:3722} INFO - Setting next_dagrun for example_subdag_operator.section-2 to None, run_after=None
[2025-05-12T22:03:43.458+0500] {processor.py:179} INFO - Processing /home/maemoon/Documents/MLOPS_Project/env/lib/python3.10/site-packages/airflow/example_dags/example_subdag_operator.py took 0.244 seconds
