[2025-05-12T21:22:16.464+0500] {processor.py:157} INFO - Started process (PID=55187) to work on /home/maemoon/Documents/MLOPS_Project/env/lib/python3.10/site-packages/airflow/example_dags/example_xcomargs.py
[2025-05-12T21:22:16.465+0500] {processor.py:829} INFO - Processing file /home/maemoon/Documents/MLOPS_Project/env/lib/python3.10/site-packages/airflow/example_dags/example_xcomargs.py for tasks to queue
[2025-05-12T21:22:16.466+0500] {logging_mixin.py:151} INFO - [2025-05-12T21:22:16.465+0500] {dagbag.py:536} INFO - Filling up the DagBag from /home/maemoon/Documents/MLOPS_Project/env/lib/python3.10/site-packages/airflow/example_dags/example_xcomargs.py
[2025-05-12T21:22:16.476+0500] {processor.py:839} INFO - DAG(s) dict_keys(['example_xcom_args_with_operators', 'example_xcom_args']) retrieved from /home/maemoon/Documents/MLOPS_Project/env/lib/python3.10/site-packages/airflow/example_dags/example_xcomargs.py
[2025-05-12T21:22:16.765+0500] {logging_mixin.py:151} INFO - [2025-05-12T21:22:16.765+0500] {manager.py:499} INFO - Created Permission View: %s
[2025-05-12T21:22:16.855+0500] {logging_mixin.py:151} INFO - [2025-05-12T21:22:16.854+0500] {manager.py:499} INFO - Created Permission View: %s
[2025-05-12T21:22:16.943+0500] {logging_mixin.py:151} INFO - [2025-05-12T21:22:16.943+0500] {manager.py:499} INFO - Created Permission View: %s
[2025-05-12T21:22:17.166+0500] {logging_mixin.py:151} INFO - [2025-05-12T21:22:17.166+0500] {manager.py:499} INFO - Created Permission View: %s
[2025-05-12T21:22:17.255+0500] {logging_mixin.py:151} INFO - [2025-05-12T21:22:17.255+0500] {manager.py:499} INFO - Created Permission View: %s
[2025-05-12T21:22:17.354+0500] {logging_mixin.py:151} INFO - [2025-05-12T21:22:17.354+0500] {manager.py:499} INFO - Created Permission View: %s
[2025-05-12T21:22:17.355+0500] {logging_mixin.py:151} INFO - [2025-05-12T21:22:17.355+0500] {dag.py:2941} INFO - Sync 2 DAGs
[2025-05-12T21:22:17.364+0500] {logging_mixin.py:151} INFO - [2025-05-12T21:22:17.364+0500] {dag.py:2963} INFO - Creating ORM DAG for example_xcom_args_with_operators
[2025-05-12T21:22:17.364+0500] {logging_mixin.py:151} INFO - [2025-05-12T21:22:17.364+0500] {dag.py:2963} INFO - Creating ORM DAG for example_xcom_args
[2025-05-12T21:22:17.364+0500] {logging_mixin.py:151} INFO - [2025-05-12T21:22:17.364+0500] {dag.py:3722} INFO - Setting next_dagrun for example_xcom_args to None, run_after=None
[2025-05-12T21:22:17.365+0500] {logging_mixin.py:151} INFO - [2025-05-12T21:22:17.365+0500] {dag.py:3722} INFO - Setting next_dagrun for example_xcom_args_with_operators to None, run_after=None
[2025-05-12T21:22:17.465+0500] {processor.py:179} INFO - Processing /home/maemoon/Documents/MLOPS_Project/env/lib/python3.10/site-packages/airflow/example_dags/example_xcomargs.py took 1.003 seconds
[2025-05-12T21:23:14.641+0500] {processor.py:157} INFO - Started process (PID=55573) to work on /home/maemoon/Documents/MLOPS_Project/env/lib/python3.10/site-packages/airflow/example_dags/example_xcomargs.py
[2025-05-12T21:23:14.643+0500] {processor.py:829} INFO - Processing file /home/maemoon/Documents/MLOPS_Project/env/lib/python3.10/site-packages/airflow/example_dags/example_xcomargs.py for tasks to queue
[2025-05-12T21:23:14.643+0500] {logging_mixin.py:151} INFO - [2025-05-12T21:23:14.643+0500] {dagbag.py:536} INFO - Filling up the DagBag from /home/maemoon/Documents/MLOPS_Project/env/lib/python3.10/site-packages/airflow/example_dags/example_xcomargs.py
[2025-05-12T21:23:14.652+0500] {processor.py:839} INFO - DAG(s) dict_keys(['example_xcom_args_with_operators', 'example_xcom_args']) retrieved from /home/maemoon/Documents/MLOPS_Project/env/lib/python3.10/site-packages/airflow/example_dags/example_xcomargs.py
[2025-05-12T21:23:14.675+0500] {logging_mixin.py:151} INFO - [2025-05-12T21:23:14.675+0500] {dag.py:2941} INFO - Sync 2 DAGs
[2025-05-12T21:23:14.686+0500] {logging_mixin.py:151} INFO - [2025-05-12T21:23:14.686+0500] {dag.py:3722} INFO - Setting next_dagrun for example_xcom_args to None, run_after=None
[2025-05-12T21:23:14.689+0500] {logging_mixin.py:151} INFO - [2025-05-12T21:23:14.689+0500] {dag.py:3722} INFO - Setting next_dagrun for example_xcom_args_with_operators to None, run_after=None
[2025-05-12T21:23:14.798+0500] {processor.py:179} INFO - Processing /home/maemoon/Documents/MLOPS_Project/env/lib/python3.10/site-packages/airflow/example_dags/example_xcomargs.py took 0.160 seconds
[2025-05-12T21:29:40.205+0500] {processor.py:157} INFO - Started process (PID=57398) to work on /home/maemoon/Documents/MLOPS_Project/env/lib/python3.10/site-packages/airflow/example_dags/example_xcomargs.py
[2025-05-12T21:29:40.250+0500] {processor.py:829} INFO - Processing file /home/maemoon/Documents/MLOPS_Project/env/lib/python3.10/site-packages/airflow/example_dags/example_xcomargs.py for tasks to queue
[2025-05-12T21:29:40.251+0500] {logging_mixin.py:151} INFO - [2025-05-12T21:29:40.250+0500] {dagbag.py:536} INFO - Filling up the DagBag from /home/maemoon/Documents/MLOPS_Project/env/lib/python3.10/site-packages/airflow/example_dags/example_xcomargs.py
[2025-05-12T21:29:40.260+0500] {processor.py:839} INFO - DAG(s) dict_keys(['example_xcom_args_with_operators', 'example_xcom_args']) retrieved from /home/maemoon/Documents/MLOPS_Project/env/lib/python3.10/site-packages/airflow/example_dags/example_xcomargs.py
[2025-05-12T21:29:40.601+0500] {logging_mixin.py:151} INFO - [2025-05-12T21:29:40.600+0500] {dag.py:2941} INFO - Sync 2 DAGs
[2025-05-12T21:29:41.348+0500] {logging_mixin.py:151} INFO - [2025-05-12T21:29:41.348+0500] {dag.py:3722} INFO - Setting next_dagrun for example_xcom_args to None, run_after=None
[2025-05-12T21:29:42.084+0500] {logging_mixin.py:151} INFO - [2025-05-12T21:29:42.083+0500] {dag.py:3722} INFO - Setting next_dagrun for example_xcom_args_with_operators to None, run_after=None
[2025-05-12T21:29:42.455+0500] {processor.py:179} INFO - Processing /home/maemoon/Documents/MLOPS_Project/env/lib/python3.10/site-packages/airflow/example_dags/example_xcomargs.py took 2.252 seconds
[2025-05-12T21:30:56.452+0500] {processor.py:157} INFO - Started process (PID=58016) to work on /home/maemoon/Documents/MLOPS_Project/env/lib/python3.10/site-packages/airflow/example_dags/example_xcomargs.py
[2025-05-12T21:30:56.468+0500] {processor.py:829} INFO - Processing file /home/maemoon/Documents/MLOPS_Project/env/lib/python3.10/site-packages/airflow/example_dags/example_xcomargs.py for tasks to queue
[2025-05-12T21:30:56.469+0500] {logging_mixin.py:151} INFO - [2025-05-12T21:30:56.469+0500] {dagbag.py:536} INFO - Filling up the DagBag from /home/maemoon/Documents/MLOPS_Project/env/lib/python3.10/site-packages/airflow/example_dags/example_xcomargs.py
[2025-05-12T21:30:56.476+0500] {processor.py:839} INFO - DAG(s) dict_keys(['example_xcom_args', 'example_xcom_args_with_operators']) retrieved from /home/maemoon/Documents/MLOPS_Project/env/lib/python3.10/site-packages/airflow/example_dags/example_xcomargs.py
[2025-05-12T21:30:56.492+0500] {logging_mixin.py:151} INFO - [2025-05-12T21:30:56.492+0500] {dag.py:2941} INFO - Sync 2 DAGs
[2025-05-12T21:30:56.500+0500] {logging_mixin.py:151} INFO - [2025-05-12T21:30:56.500+0500] {dag.py:3722} INFO - Setting next_dagrun for example_xcom_args to None, run_after=None
[2025-05-12T21:30:56.503+0500] {logging_mixin.py:151} INFO - [2025-05-12T21:30:56.503+0500] {dag.py:3722} INFO - Setting next_dagrun for example_xcom_args_with_operators to None, run_after=None
[2025-05-12T21:30:56.594+0500] {processor.py:179} INFO - Processing /home/maemoon/Documents/MLOPS_Project/env/lib/python3.10/site-packages/airflow/example_dags/example_xcomargs.py took 0.145 seconds
[2025-05-12T21:32:33.213+0500] {processor.py:157} INFO - Started process (PID=58915) to work on /home/maemoon/Documents/MLOPS_Project/env/lib/python3.10/site-packages/airflow/example_dags/example_xcomargs.py
[2025-05-12T21:32:33.219+0500] {processor.py:829} INFO - Processing file /home/maemoon/Documents/MLOPS_Project/env/lib/python3.10/site-packages/airflow/example_dags/example_xcomargs.py for tasks to queue
[2025-05-12T21:32:33.219+0500] {logging_mixin.py:151} INFO - [2025-05-12T21:32:33.219+0500] {dagbag.py:536} INFO - Filling up the DagBag from /home/maemoon/Documents/MLOPS_Project/env/lib/python3.10/site-packages/airflow/example_dags/example_xcomargs.py
[2025-05-12T21:32:33.226+0500] {processor.py:839} INFO - DAG(s) dict_keys(['example_xcom_args_with_operators', 'example_xcom_args']) retrieved from /home/maemoon/Documents/MLOPS_Project/env/lib/python3.10/site-packages/airflow/example_dags/example_xcomargs.py
[2025-05-12T21:32:33.242+0500] {logging_mixin.py:151} INFO - [2025-05-12T21:32:33.242+0500] {dag.py:2941} INFO - Sync 2 DAGs
[2025-05-12T21:32:33.251+0500] {logging_mixin.py:151} INFO - [2025-05-12T21:32:33.251+0500] {dag.py:3722} INFO - Setting next_dagrun for example_xcom_args to None, run_after=None
[2025-05-12T21:32:33.254+0500] {logging_mixin.py:151} INFO - [2025-05-12T21:32:33.253+0500] {dag.py:3722} INFO - Setting next_dagrun for example_xcom_args_with_operators to None, run_after=None
[2025-05-12T21:32:33.344+0500] {processor.py:179} INFO - Processing /home/maemoon/Documents/MLOPS_Project/env/lib/python3.10/site-packages/airflow/example_dags/example_xcomargs.py took 0.133 seconds
[2025-05-12T21:33:44.965+0500] {processor.py:157} INFO - Started process (PID=59368) to work on /home/maemoon/Documents/MLOPS_Project/env/lib/python3.10/site-packages/airflow/example_dags/example_xcomargs.py
[2025-05-12T21:33:44.979+0500] {processor.py:829} INFO - Processing file /home/maemoon/Documents/MLOPS_Project/env/lib/python3.10/site-packages/airflow/example_dags/example_xcomargs.py for tasks to queue
[2025-05-12T21:33:44.979+0500] {logging_mixin.py:151} INFO - [2025-05-12T21:33:44.979+0500] {dagbag.py:536} INFO - Filling up the DagBag from /home/maemoon/Documents/MLOPS_Project/env/lib/python3.10/site-packages/airflow/example_dags/example_xcomargs.py
[2025-05-12T21:33:44.986+0500] {processor.py:839} INFO - DAG(s) dict_keys(['example_xcom_args', 'example_xcom_args_with_operators']) retrieved from /home/maemoon/Documents/MLOPS_Project/env/lib/python3.10/site-packages/airflow/example_dags/example_xcomargs.py
[2025-05-12T21:33:45.009+0500] {logging_mixin.py:151} INFO - [2025-05-12T21:33:45.009+0500] {dag.py:2941} INFO - Sync 2 DAGs
[2025-05-12T21:33:45.019+0500] {logging_mixin.py:151} INFO - [2025-05-12T21:33:45.019+0500] {dag.py:3722} INFO - Setting next_dagrun for example_xcom_args to None, run_after=None
[2025-05-12T21:33:45.023+0500] {logging_mixin.py:151} INFO - [2025-05-12T21:33:45.022+0500] {dag.py:3722} INFO - Setting next_dagrun for example_xcom_args_with_operators to None, run_after=None
[2025-05-12T21:33:45.119+0500] {processor.py:179} INFO - Processing /home/maemoon/Documents/MLOPS_Project/env/lib/python3.10/site-packages/airflow/example_dags/example_xcomargs.py took 0.156 seconds
[2025-05-12T21:34:31.832+0500] {processor.py:157} INFO - Started process (PID=59455) to work on /home/maemoon/Documents/MLOPS_Project/env/lib/python3.10/site-packages/airflow/example_dags/example_xcomargs.py
[2025-05-12T21:34:31.865+0500] {processor.py:829} INFO - Processing file /home/maemoon/Documents/MLOPS_Project/env/lib/python3.10/site-packages/airflow/example_dags/example_xcomargs.py for tasks to queue
[2025-05-12T21:34:31.866+0500] {logging_mixin.py:151} INFO - [2025-05-12T21:34:31.866+0500] {dagbag.py:536} INFO - Filling up the DagBag from /home/maemoon/Documents/MLOPS_Project/env/lib/python3.10/site-packages/airflow/example_dags/example_xcomargs.py
[2025-05-12T21:34:31.872+0500] {processor.py:839} INFO - DAG(s) dict_keys(['example_xcom_args_with_operators', 'example_xcom_args']) retrieved from /home/maemoon/Documents/MLOPS_Project/env/lib/python3.10/site-packages/airflow/example_dags/example_xcomargs.py
[2025-05-12T21:34:31.888+0500] {logging_mixin.py:151} INFO - [2025-05-12T21:34:31.887+0500] {dag.py:2941} INFO - Sync 2 DAGs
[2025-05-12T21:34:31.897+0500] {logging_mixin.py:151} INFO - [2025-05-12T21:34:31.896+0500] {dag.py:3722} INFO - Setting next_dagrun for example_xcom_args to None, run_after=None
[2025-05-12T21:34:31.899+0500] {logging_mixin.py:151} INFO - [2025-05-12T21:34:31.899+0500] {dag.py:3722} INFO - Setting next_dagrun for example_xcom_args_with_operators to None, run_after=None
[2025-05-12T21:34:32.084+0500] {processor.py:179} INFO - Processing /home/maemoon/Documents/MLOPS_Project/env/lib/python3.10/site-packages/airflow/example_dags/example_xcomargs.py took 0.255 seconds
[2025-05-12T21:35:20.546+0500] {processor.py:157} INFO - Started process (PID=59621) to work on /home/maemoon/Documents/MLOPS_Project/env/lib/python3.10/site-packages/airflow/example_dags/example_xcomargs.py
[2025-05-12T21:35:20.560+0500] {processor.py:829} INFO - Processing file /home/maemoon/Documents/MLOPS_Project/env/lib/python3.10/site-packages/airflow/example_dags/example_xcomargs.py for tasks to queue
[2025-05-12T21:35:20.561+0500] {logging_mixin.py:151} INFO - [2025-05-12T21:35:20.561+0500] {dagbag.py:536} INFO - Filling up the DagBag from /home/maemoon/Documents/MLOPS_Project/env/lib/python3.10/site-packages/airflow/example_dags/example_xcomargs.py
[2025-05-12T21:35:20.572+0500] {processor.py:839} INFO - DAG(s) dict_keys(['example_xcom_args', 'example_xcom_args_with_operators']) retrieved from /home/maemoon/Documents/MLOPS_Project/env/lib/python3.10/site-packages/airflow/example_dags/example_xcomargs.py
[2025-05-12T21:35:20.592+0500] {logging_mixin.py:151} INFO - [2025-05-12T21:35:20.592+0500] {dag.py:2941} INFO - Sync 2 DAGs
[2025-05-12T21:35:20.603+0500] {logging_mixin.py:151} INFO - [2025-05-12T21:35:20.603+0500] {dag.py:3722} INFO - Setting next_dagrun for example_xcom_args to None, run_after=None
[2025-05-12T21:35:20.606+0500] {logging_mixin.py:151} INFO - [2025-05-12T21:35:20.606+0500] {dag.py:3722} INFO - Setting next_dagrun for example_xcom_args_with_operators to None, run_after=None
[2025-05-12T21:35:20.702+0500] {processor.py:179} INFO - Processing /home/maemoon/Documents/MLOPS_Project/env/lib/python3.10/site-packages/airflow/example_dags/example_xcomargs.py took 0.159 seconds
[2025-05-12T21:36:07.925+0500] {processor.py:157} INFO - Started process (PID=59790) to work on /home/maemoon/Documents/MLOPS_Project/env/lib/python3.10/site-packages/airflow/example_dags/example_xcomargs.py
[2025-05-12T21:36:07.927+0500] {processor.py:829} INFO - Processing file /home/maemoon/Documents/MLOPS_Project/env/lib/python3.10/site-packages/airflow/example_dags/example_xcomargs.py for tasks to queue
[2025-05-12T21:36:07.928+0500] {logging_mixin.py:151} INFO - [2025-05-12T21:36:07.928+0500] {dagbag.py:536} INFO - Filling up the DagBag from /home/maemoon/Documents/MLOPS_Project/env/lib/python3.10/site-packages/airflow/example_dags/example_xcomargs.py
[2025-05-12T21:36:07.937+0500] {processor.py:839} INFO - DAG(s) dict_keys(['example_xcom_args_with_operators', 'example_xcom_args']) retrieved from /home/maemoon/Documents/MLOPS_Project/env/lib/python3.10/site-packages/airflow/example_dags/example_xcomargs.py
[2025-05-12T21:36:07.963+0500] {logging_mixin.py:151} INFO - [2025-05-12T21:36:07.963+0500] {dag.py:2941} INFO - Sync 2 DAGs
[2025-05-12T21:36:07.974+0500] {logging_mixin.py:151} INFO - [2025-05-12T21:36:07.974+0500] {dag.py:3722} INFO - Setting next_dagrun for example_xcom_args to None, run_after=None
[2025-05-12T21:36:07.979+0500] {logging_mixin.py:151} INFO - [2025-05-12T21:36:07.978+0500] {dag.py:3722} INFO - Setting next_dagrun for example_xcom_args_with_operators to None, run_after=None
[2025-05-12T21:36:08.070+0500] {processor.py:179} INFO - Processing /home/maemoon/Documents/MLOPS_Project/env/lib/python3.10/site-packages/airflow/example_dags/example_xcomargs.py took 0.149 seconds
[2025-05-12T21:52:02.805+0500] {processor.py:157} INFO - Started process (PID=63459) to work on /home/maemoon/Documents/MLOPS_Project/env/lib/python3.10/site-packages/airflow/example_dags/example_xcomargs.py
[2025-05-12T21:52:02.819+0500] {processor.py:829} INFO - Processing file /home/maemoon/Documents/MLOPS_Project/env/lib/python3.10/site-packages/airflow/example_dags/example_xcomargs.py for tasks to queue
[2025-05-12T21:52:02.820+0500] {logging_mixin.py:151} INFO - [2025-05-12T21:52:02.819+0500] {dagbag.py:536} INFO - Filling up the DagBag from /home/maemoon/Documents/MLOPS_Project/env/lib/python3.10/site-packages/airflow/example_dags/example_xcomargs.py
[2025-05-12T21:52:02.829+0500] {processor.py:839} INFO - DAG(s) dict_keys(['example_xcom_args', 'example_xcom_args_with_operators']) retrieved from /home/maemoon/Documents/MLOPS_Project/env/lib/python3.10/site-packages/airflow/example_dags/example_xcomargs.py
[2025-05-12T21:52:02.849+0500] {logging_mixin.py:151} INFO - [2025-05-12T21:52:02.848+0500] {dag.py:2941} INFO - Sync 2 DAGs
[2025-05-12T21:52:02.858+0500] {logging_mixin.py:151} INFO - [2025-05-12T21:52:02.858+0500] {dag.py:3722} INFO - Setting next_dagrun for example_xcom_args to None, run_after=None
[2025-05-12T21:52:02.861+0500] {logging_mixin.py:151} INFO - [2025-05-12T21:52:02.861+0500] {dag.py:3722} INFO - Setting next_dagrun for example_xcom_args_with_operators to None, run_after=None
[2025-05-12T21:52:02.949+0500] {processor.py:179} INFO - Processing /home/maemoon/Documents/MLOPS_Project/env/lib/python3.10/site-packages/airflow/example_dags/example_xcomargs.py took 0.147 seconds
[2025-05-12T21:53:22.481+0500] {processor.py:157} INFO - Started process (PID=64035) to work on /home/maemoon/Documents/MLOPS_Project/env/lib/python3.10/site-packages/airflow/example_dags/example_xcomargs.py
[2025-05-12T21:53:22.501+0500] {processor.py:829} INFO - Processing file /home/maemoon/Documents/MLOPS_Project/env/lib/python3.10/site-packages/airflow/example_dags/example_xcomargs.py for tasks to queue
[2025-05-12T21:53:22.502+0500] {logging_mixin.py:151} INFO - [2025-05-12T21:53:22.502+0500] {dagbag.py:536} INFO - Filling up the DagBag from /home/maemoon/Documents/MLOPS_Project/env/lib/python3.10/site-packages/airflow/example_dags/example_xcomargs.py
[2025-05-12T21:53:22.512+0500] {processor.py:839} INFO - DAG(s) dict_keys(['example_xcom_args_with_operators', 'example_xcom_args']) retrieved from /home/maemoon/Documents/MLOPS_Project/env/lib/python3.10/site-packages/airflow/example_dags/example_xcomargs.py
[2025-05-12T21:53:22.533+0500] {logging_mixin.py:151} INFO - [2025-05-12T21:53:22.533+0500] {dag.py:2941} INFO - Sync 2 DAGs
[2025-05-12T21:53:22.548+0500] {logging_mixin.py:151} INFO - [2025-05-12T21:53:22.548+0500] {dag.py:3722} INFO - Setting next_dagrun for example_xcom_args to None, run_after=None
[2025-05-12T21:53:22.550+0500] {logging_mixin.py:151} INFO - [2025-05-12T21:53:22.550+0500] {dag.py:3722} INFO - Setting next_dagrun for example_xcom_args_with_operators to None, run_after=None
[2025-05-12T21:53:22.648+0500] {processor.py:179} INFO - Processing /home/maemoon/Documents/MLOPS_Project/env/lib/python3.10/site-packages/airflow/example_dags/example_xcomargs.py took 0.171 seconds
[2025-05-12T21:54:21.068+0500] {processor.py:157} INFO - Started process (PID=64175) to work on /home/maemoon/Documents/MLOPS_Project/env/lib/python3.10/site-packages/airflow/example_dags/example_xcomargs.py
[2025-05-12T21:54:21.086+0500] {processor.py:829} INFO - Processing file /home/maemoon/Documents/MLOPS_Project/env/lib/python3.10/site-packages/airflow/example_dags/example_xcomargs.py for tasks to queue
[2025-05-12T21:54:21.087+0500] {logging_mixin.py:151} INFO - [2025-05-12T21:54:21.087+0500] {dagbag.py:536} INFO - Filling up the DagBag from /home/maemoon/Documents/MLOPS_Project/env/lib/python3.10/site-packages/airflow/example_dags/example_xcomargs.py
[2025-05-12T21:54:21.095+0500] {processor.py:839} INFO - DAG(s) dict_keys(['example_xcom_args', 'example_xcom_args_with_operators']) retrieved from /home/maemoon/Documents/MLOPS_Project/env/lib/python3.10/site-packages/airflow/example_dags/example_xcomargs.py
[2025-05-12T21:54:21.118+0500] {logging_mixin.py:151} INFO - [2025-05-12T21:54:21.118+0500] {dag.py:2941} INFO - Sync 2 DAGs
[2025-05-12T21:54:21.129+0500] {logging_mixin.py:151} INFO - [2025-05-12T21:54:21.129+0500] {dag.py:3722} INFO - Setting next_dagrun for example_xcom_args to None, run_after=None
[2025-05-12T21:54:21.131+0500] {logging_mixin.py:151} INFO - [2025-05-12T21:54:21.131+0500] {dag.py:3722} INFO - Setting next_dagrun for example_xcom_args_with_operators to None, run_after=None
[2025-05-12T21:54:21.231+0500] {processor.py:179} INFO - Processing /home/maemoon/Documents/MLOPS_Project/env/lib/python3.10/site-packages/airflow/example_dags/example_xcomargs.py took 0.166 seconds
[2025-05-12T21:55:59.525+0500] {processor.py:157} INFO - Started process (PID=65171) to work on /home/maemoon/Documents/MLOPS_Project/env/lib/python3.10/site-packages/airflow/example_dags/example_xcomargs.py
[2025-05-12T21:55:59.534+0500] {processor.py:829} INFO - Processing file /home/maemoon/Documents/MLOPS_Project/env/lib/python3.10/site-packages/airflow/example_dags/example_xcomargs.py for tasks to queue
[2025-05-12T21:55:59.535+0500] {logging_mixin.py:151} INFO - [2025-05-12T21:55:59.535+0500] {dagbag.py:536} INFO - Filling up the DagBag from /home/maemoon/Documents/MLOPS_Project/env/lib/python3.10/site-packages/airflow/example_dags/example_xcomargs.py
[2025-05-12T21:55:59.543+0500] {processor.py:839} INFO - DAG(s) dict_keys(['example_xcom_args_with_operators', 'example_xcom_args']) retrieved from /home/maemoon/Documents/MLOPS_Project/env/lib/python3.10/site-packages/airflow/example_dags/example_xcomargs.py
[2025-05-12T21:55:59.560+0500] {logging_mixin.py:151} INFO - [2025-05-12T21:55:59.560+0500] {dag.py:2941} INFO - Sync 2 DAGs
[2025-05-12T21:55:59.570+0500] {logging_mixin.py:151} INFO - [2025-05-12T21:55:59.570+0500] {dag.py:3722} INFO - Setting next_dagrun for example_xcom_args to None, run_after=None
[2025-05-12T21:55:59.573+0500] {logging_mixin.py:151} INFO - [2025-05-12T21:55:59.573+0500] {dag.py:3722} INFO - Setting next_dagrun for example_xcom_args_with_operators to None, run_after=None
[2025-05-12T21:55:59.661+0500] {processor.py:179} INFO - Processing /home/maemoon/Documents/MLOPS_Project/env/lib/python3.10/site-packages/airflow/example_dags/example_xcomargs.py took 0.138 seconds
[2025-05-12T21:56:43.250+0500] {processor.py:157} INFO - Started process (PID=65298) to work on /home/maemoon/Documents/MLOPS_Project/env/lib/python3.10/site-packages/airflow/example_dags/example_xcomargs.py
[2025-05-12T21:56:43.265+0500] {processor.py:829} INFO - Processing file /home/maemoon/Documents/MLOPS_Project/env/lib/python3.10/site-packages/airflow/example_dags/example_xcomargs.py for tasks to queue
[2025-05-12T21:56:43.266+0500] {logging_mixin.py:151} INFO - [2025-05-12T21:56:43.266+0500] {dagbag.py:536} INFO - Filling up the DagBag from /home/maemoon/Documents/MLOPS_Project/env/lib/python3.10/site-packages/airflow/example_dags/example_xcomargs.py
[2025-05-12T21:56:43.273+0500] {processor.py:839} INFO - DAG(s) dict_keys(['example_xcom_args', 'example_xcom_args_with_operators']) retrieved from /home/maemoon/Documents/MLOPS_Project/env/lib/python3.10/site-packages/airflow/example_dags/example_xcomargs.py
[2025-05-12T21:56:43.288+0500] {logging_mixin.py:151} INFO - [2025-05-12T21:56:43.288+0500] {dag.py:2941} INFO - Sync 2 DAGs
[2025-05-12T21:56:43.297+0500] {logging_mixin.py:151} INFO - [2025-05-12T21:56:43.297+0500] {dag.py:3722} INFO - Setting next_dagrun for example_xcom_args to None, run_after=None
[2025-05-12T21:56:43.299+0500] {logging_mixin.py:151} INFO - [2025-05-12T21:56:43.299+0500] {dag.py:3722} INFO - Setting next_dagrun for example_xcom_args_with_operators to None, run_after=None
[2025-05-12T21:56:43.379+0500] {processor.py:179} INFO - Processing /home/maemoon/Documents/MLOPS_Project/env/lib/python3.10/site-packages/airflow/example_dags/example_xcomargs.py took 0.132 seconds
[2025-05-12T21:57:29.068+0500] {processor.py:157} INFO - Started process (PID=65398) to work on /home/maemoon/Documents/MLOPS_Project/env/lib/python3.10/site-packages/airflow/example_dags/example_xcomargs.py
[2025-05-12T21:57:29.069+0500] {processor.py:829} INFO - Processing file /home/maemoon/Documents/MLOPS_Project/env/lib/python3.10/site-packages/airflow/example_dags/example_xcomargs.py for tasks to queue
[2025-05-12T21:57:29.069+0500] {logging_mixin.py:151} INFO - [2025-05-12T21:57:29.069+0500] {dagbag.py:536} INFO - Filling up the DagBag from /home/maemoon/Documents/MLOPS_Project/env/lib/python3.10/site-packages/airflow/example_dags/example_xcomargs.py
[2025-05-12T21:57:29.076+0500] {processor.py:839} INFO - DAG(s) dict_keys(['example_xcom_args', 'example_xcom_args_with_operators']) retrieved from /home/maemoon/Documents/MLOPS_Project/env/lib/python3.10/site-packages/airflow/example_dags/example_xcomargs.py
[2025-05-12T21:57:29.091+0500] {logging_mixin.py:151} INFO - [2025-05-12T21:57:29.090+0500] {dag.py:2941} INFO - Sync 2 DAGs
[2025-05-12T21:57:29.100+0500] {logging_mixin.py:151} INFO - [2025-05-12T21:57:29.100+0500] {dag.py:3722} INFO - Setting next_dagrun for example_xcom_args to None, run_after=None
[2025-05-12T21:57:29.102+0500] {logging_mixin.py:151} INFO - [2025-05-12T21:57:29.102+0500] {dag.py:3722} INFO - Setting next_dagrun for example_xcom_args_with_operators to None, run_after=None
[2025-05-12T21:57:29.188+0500] {processor.py:179} INFO - Processing /home/maemoon/Documents/MLOPS_Project/env/lib/python3.10/site-packages/airflow/example_dags/example_xcomargs.py took 0.123 seconds
[2025-05-12T21:58:23.679+0500] {processor.py:157} INFO - Started process (PID=65534) to work on /home/maemoon/Documents/MLOPS_Project/env/lib/python3.10/site-packages/airflow/example_dags/example_xcomargs.py
[2025-05-12T21:58:23.680+0500] {processor.py:829} INFO - Processing file /home/maemoon/Documents/MLOPS_Project/env/lib/python3.10/site-packages/airflow/example_dags/example_xcomargs.py for tasks to queue
[2025-05-12T21:58:23.681+0500] {logging_mixin.py:151} INFO - [2025-05-12T21:58:23.680+0500] {dagbag.py:536} INFO - Filling up the DagBag from /home/maemoon/Documents/MLOPS_Project/env/lib/python3.10/site-packages/airflow/example_dags/example_xcomargs.py
[2025-05-12T21:58:23.690+0500] {processor.py:839} INFO - DAG(s) dict_keys(['example_xcom_args_with_operators', 'example_xcom_args']) retrieved from /home/maemoon/Documents/MLOPS_Project/env/lib/python3.10/site-packages/airflow/example_dags/example_xcomargs.py
[2025-05-12T21:58:23.711+0500] {logging_mixin.py:151} INFO - [2025-05-12T21:58:23.711+0500] {dag.py:2941} INFO - Sync 2 DAGs
[2025-05-12T21:58:23.725+0500] {logging_mixin.py:151} INFO - [2025-05-12T21:58:23.724+0500] {dag.py:3722} INFO - Setting next_dagrun for example_xcom_args to None, run_after=None
[2025-05-12T21:58:23.727+0500] {logging_mixin.py:151} INFO - [2025-05-12T21:58:23.727+0500] {dag.py:3722} INFO - Setting next_dagrun for example_xcom_args_with_operators to None, run_after=None
[2025-05-12T21:58:23.821+0500] {processor.py:179} INFO - Processing /home/maemoon/Documents/MLOPS_Project/env/lib/python3.10/site-packages/airflow/example_dags/example_xcomargs.py took 0.145 seconds
[2025-05-12T21:59:18.305+0500] {processor.py:157} INFO - Started process (PID=65743) to work on /home/maemoon/Documents/MLOPS_Project/env/lib/python3.10/site-packages/airflow/example_dags/example_xcomargs.py
[2025-05-12T21:59:18.306+0500] {processor.py:829} INFO - Processing file /home/maemoon/Documents/MLOPS_Project/env/lib/python3.10/site-packages/airflow/example_dags/example_xcomargs.py for tasks to queue
[2025-05-12T21:59:18.307+0500] {logging_mixin.py:151} INFO - [2025-05-12T21:59:18.306+0500] {dagbag.py:536} INFO - Filling up the DagBag from /home/maemoon/Documents/MLOPS_Project/env/lib/python3.10/site-packages/airflow/example_dags/example_xcomargs.py
[2025-05-12T21:59:18.313+0500] {processor.py:839} INFO - DAG(s) dict_keys(['example_xcom_args', 'example_xcom_args_with_operators']) retrieved from /home/maemoon/Documents/MLOPS_Project/env/lib/python3.10/site-packages/airflow/example_dags/example_xcomargs.py
[2025-05-12T21:59:18.329+0500] {logging_mixin.py:151} INFO - [2025-05-12T21:59:18.329+0500] {dag.py:2941} INFO - Sync 2 DAGs
[2025-05-12T21:59:18.337+0500] {logging_mixin.py:151} INFO - [2025-05-12T21:59:18.337+0500] {dag.py:3722} INFO - Setting next_dagrun for example_xcom_args to None, run_after=None
[2025-05-12T21:59:18.340+0500] {logging_mixin.py:151} INFO - [2025-05-12T21:59:18.340+0500] {dag.py:3722} INFO - Setting next_dagrun for example_xcom_args_with_operators to None, run_after=None
[2025-05-12T21:59:18.428+0500] {processor.py:179} INFO - Processing /home/maemoon/Documents/MLOPS_Project/env/lib/python3.10/site-packages/airflow/example_dags/example_xcomargs.py took 0.125 seconds
[2025-05-12T22:00:20.763+0500] {processor.py:157} INFO - Started process (PID=65964) to work on /home/maemoon/Documents/MLOPS_Project/env/lib/python3.10/site-packages/airflow/example_dags/example_xcomargs.py
[2025-05-12T22:00:20.778+0500] {processor.py:829} INFO - Processing file /home/maemoon/Documents/MLOPS_Project/env/lib/python3.10/site-packages/airflow/example_dags/example_xcomargs.py for tasks to queue
[2025-05-12T22:00:20.779+0500] {logging_mixin.py:151} INFO - [2025-05-12T22:00:20.778+0500] {dagbag.py:536} INFO - Filling up the DagBag from /home/maemoon/Documents/MLOPS_Project/env/lib/python3.10/site-packages/airflow/example_dags/example_xcomargs.py
[2025-05-12T22:00:20.785+0500] {processor.py:839} INFO - DAG(s) dict_keys(['example_xcom_args_with_operators', 'example_xcom_args']) retrieved from /home/maemoon/Documents/MLOPS_Project/env/lib/python3.10/site-packages/airflow/example_dags/example_xcomargs.py
[2025-05-12T22:00:20.800+0500] {logging_mixin.py:151} INFO - [2025-05-12T22:00:20.800+0500] {dag.py:2941} INFO - Sync 2 DAGs
[2025-05-12T22:00:20.810+0500] {logging_mixin.py:151} INFO - [2025-05-12T22:00:20.810+0500] {dag.py:3722} INFO - Setting next_dagrun for example_xcom_args to None, run_after=None
[2025-05-12T22:00:20.812+0500] {logging_mixin.py:151} INFO - [2025-05-12T22:00:20.812+0500] {dag.py:3722} INFO - Setting next_dagrun for example_xcom_args_with_operators to None, run_after=None
[2025-05-12T22:00:20.912+0500] {processor.py:179} INFO - Processing /home/maemoon/Documents/MLOPS_Project/env/lib/python3.10/site-packages/airflow/example_dags/example_xcomargs.py took 0.151 seconds
[2025-05-12T22:01:29.620+0500] {processor.py:157} INFO - Started process (PID=66211) to work on /home/maemoon/Documents/MLOPS_Project/env/lib/python3.10/site-packages/airflow/example_dags/example_xcomargs.py
[2025-05-12T22:01:29.647+0500] {processor.py:829} INFO - Processing file /home/maemoon/Documents/MLOPS_Project/env/lib/python3.10/site-packages/airflow/example_dags/example_xcomargs.py for tasks to queue
[2025-05-12T22:01:29.648+0500] {logging_mixin.py:151} INFO - [2025-05-12T22:01:29.648+0500] {dagbag.py:536} INFO - Filling up the DagBag from /home/maemoon/Documents/MLOPS_Project/env/lib/python3.10/site-packages/airflow/example_dags/example_xcomargs.py
[2025-05-12T22:01:29.658+0500] {processor.py:839} INFO - DAG(s) dict_keys(['example_xcom_args', 'example_xcom_args_with_operators']) retrieved from /home/maemoon/Documents/MLOPS_Project/env/lib/python3.10/site-packages/airflow/example_dags/example_xcomargs.py
[2025-05-12T22:01:29.684+0500] {logging_mixin.py:151} INFO - [2025-05-12T22:01:29.684+0500] {dag.py:2941} INFO - Sync 2 DAGs
[2025-05-12T22:01:29.693+0500] {logging_mixin.py:151} INFO - [2025-05-12T22:01:29.693+0500] {dag.py:3722} INFO - Setting next_dagrun for example_xcom_args to None, run_after=None
[2025-05-12T22:01:29.695+0500] {logging_mixin.py:151} INFO - [2025-05-12T22:01:29.695+0500] {dag.py:3722} INFO - Setting next_dagrun for example_xcom_args_with_operators to None, run_after=None
[2025-05-12T22:01:29.798+0500] {processor.py:179} INFO - Processing /home/maemoon/Documents/MLOPS_Project/env/lib/python3.10/site-packages/airflow/example_dags/example_xcomargs.py took 0.183 seconds
[2025-05-12T22:03:36.630+0500] {processor.py:157} INFO - Started process (PID=67296) to work on /home/maemoon/Documents/MLOPS_Project/env/lib/python3.10/site-packages/airflow/example_dags/example_xcomargs.py
[2025-05-12T22:03:36.632+0500] {processor.py:829} INFO - Processing file /home/maemoon/Documents/MLOPS_Project/env/lib/python3.10/site-packages/airflow/example_dags/example_xcomargs.py for tasks to queue
[2025-05-12T22:03:36.633+0500] {logging_mixin.py:151} INFO - [2025-05-12T22:03:36.632+0500] {dagbag.py:536} INFO - Filling up the DagBag from /home/maemoon/Documents/MLOPS_Project/env/lib/python3.10/site-packages/airflow/example_dags/example_xcomargs.py
[2025-05-12T22:03:36.640+0500] {processor.py:839} INFO - DAG(s) dict_keys(['example_xcom_args_with_operators', 'example_xcom_args']) retrieved from /home/maemoon/Documents/MLOPS_Project/env/lib/python3.10/site-packages/airflow/example_dags/example_xcomargs.py
[2025-05-12T22:03:36.660+0500] {logging_mixin.py:151} INFO - [2025-05-12T22:03:36.660+0500] {dag.py:2941} INFO - Sync 2 DAGs
[2025-05-12T22:03:36.675+0500] {logging_mixin.py:151} INFO - [2025-05-12T22:03:36.675+0500] {dag.py:3722} INFO - Setting next_dagrun for example_xcom_args to None, run_after=None
[2025-05-12T22:03:36.678+0500] {logging_mixin.py:151} INFO - [2025-05-12T22:03:36.677+0500] {dag.py:3722} INFO - Setting next_dagrun for example_xcom_args_with_operators to None, run_after=None
[2025-05-12T22:03:36.778+0500] {processor.py:179} INFO - Processing /home/maemoon/Documents/MLOPS_Project/env/lib/python3.10/site-packages/airflow/example_dags/example_xcomargs.py took 0.152 seconds
[2025-05-12T22:04:32.792+0500] {processor.py:157} INFO - Started process (PID=67444) to work on /home/maemoon/Documents/MLOPS_Project/env/lib/python3.10/site-packages/airflow/example_dags/example_xcomargs.py
[2025-05-12T22:04:32.802+0500] {processor.py:829} INFO - Processing file /home/maemoon/Documents/MLOPS_Project/env/lib/python3.10/site-packages/airflow/example_dags/example_xcomargs.py for tasks to queue
[2025-05-12T22:04:32.803+0500] {logging_mixin.py:151} INFO - [2025-05-12T22:04:32.803+0500] {dagbag.py:536} INFO - Filling up the DagBag from /home/maemoon/Documents/MLOPS_Project/env/lib/python3.10/site-packages/airflow/example_dags/example_xcomargs.py
[2025-05-12T22:04:32.810+0500] {processor.py:839} INFO - DAG(s) dict_keys(['example_xcom_args', 'example_xcom_args_with_operators']) retrieved from /home/maemoon/Documents/MLOPS_Project/env/lib/python3.10/site-packages/airflow/example_dags/example_xcomargs.py
[2025-05-12T22:04:32.825+0500] {logging_mixin.py:151} INFO - [2025-05-12T22:04:32.825+0500] {dag.py:2941} INFO - Sync 2 DAGs
[2025-05-12T22:04:32.834+0500] {logging_mixin.py:151} INFO - [2025-05-12T22:04:32.834+0500] {dag.py:3722} INFO - Setting next_dagrun for example_xcom_args to None, run_after=None
[2025-05-12T22:04:32.836+0500] {logging_mixin.py:151} INFO - [2025-05-12T22:04:32.836+0500] {dag.py:3722} INFO - Setting next_dagrun for example_xcom_args_with_operators to None, run_after=None
[2025-05-12T22:04:32.932+0500] {processor.py:179} INFO - Processing /home/maemoon/Documents/MLOPS_Project/env/lib/python3.10/site-packages/airflow/example_dags/example_xcomargs.py took 0.142 seconds
[2025-05-12T22:05:27.535+0500] {processor.py:157} INFO - Started process (PID=67604) to work on /home/maemoon/Documents/MLOPS_Project/env/lib/python3.10/site-packages/airflow/example_dags/example_xcomargs.py
[2025-05-12T22:05:27.577+0500] {processor.py:829} INFO - Processing file /home/maemoon/Documents/MLOPS_Project/env/lib/python3.10/site-packages/airflow/example_dags/example_xcomargs.py for tasks to queue
[2025-05-12T22:05:27.578+0500] {logging_mixin.py:151} INFO - [2025-05-12T22:05:27.578+0500] {dagbag.py:536} INFO - Filling up the DagBag from /home/maemoon/Documents/MLOPS_Project/env/lib/python3.10/site-packages/airflow/example_dags/example_xcomargs.py
[2025-05-12T22:05:27.585+0500] {processor.py:839} INFO - DAG(s) dict_keys(['example_xcom_args', 'example_xcom_args_with_operators']) retrieved from /home/maemoon/Documents/MLOPS_Project/env/lib/python3.10/site-packages/airflow/example_dags/example_xcomargs.py
[2025-05-12T22:05:27.600+0500] {logging_mixin.py:151} INFO - [2025-05-12T22:05:27.600+0500] {dag.py:2941} INFO - Sync 2 DAGs
[2025-05-12T22:05:27.616+0500] {logging_mixin.py:151} INFO - [2025-05-12T22:05:27.616+0500] {dag.py:3722} INFO - Setting next_dagrun for example_xcom_args to None, run_after=None
[2025-05-12T22:05:27.618+0500] {logging_mixin.py:151} INFO - [2025-05-12T22:05:27.618+0500] {dag.py:3722} INFO - Setting next_dagrun for example_xcom_args_with_operators to None, run_after=None
[2025-05-12T22:05:27.719+0500] {processor.py:179} INFO - Processing /home/maemoon/Documents/MLOPS_Project/env/lib/python3.10/site-packages/airflow/example_dags/example_xcomargs.py took 0.186 seconds
[2025-05-12T22:06:16.984+0500] {processor.py:157} INFO - Started process (PID=67717) to work on /home/maemoon/Documents/MLOPS_Project/env/lib/python3.10/site-packages/airflow/example_dags/example_xcomargs.py
[2025-05-12T22:06:16.985+0500] {processor.py:829} INFO - Processing file /home/maemoon/Documents/MLOPS_Project/env/lib/python3.10/site-packages/airflow/example_dags/example_xcomargs.py for tasks to queue
[2025-05-12T22:06:16.985+0500] {logging_mixin.py:151} INFO - [2025-05-12T22:06:16.985+0500] {dagbag.py:536} INFO - Filling up the DagBag from /home/maemoon/Documents/MLOPS_Project/env/lib/python3.10/site-packages/airflow/example_dags/example_xcomargs.py
[2025-05-12T22:06:16.992+0500] {processor.py:839} INFO - DAG(s) dict_keys(['example_xcom_args', 'example_xcom_args_with_operators']) retrieved from /home/maemoon/Documents/MLOPS_Project/env/lib/python3.10/site-packages/airflow/example_dags/example_xcomargs.py
[2025-05-12T22:06:17.007+0500] {logging_mixin.py:151} INFO - [2025-05-12T22:06:17.007+0500] {dag.py:2941} INFO - Sync 2 DAGs
[2025-05-12T22:06:17.016+0500] {logging_mixin.py:151} INFO - [2025-05-12T22:06:17.016+0500] {dag.py:3722} INFO - Setting next_dagrun for example_xcom_args to None, run_after=None
[2025-05-12T22:06:17.018+0500] {logging_mixin.py:151} INFO - [2025-05-12T22:06:17.018+0500] {dag.py:3722} INFO - Setting next_dagrun for example_xcom_args_with_operators to None, run_after=None
[2025-05-12T22:06:17.121+0500] {processor.py:179} INFO - Processing /home/maemoon/Documents/MLOPS_Project/env/lib/python3.10/site-packages/airflow/example_dags/example_xcomargs.py took 0.140 seconds
[2025-05-12T22:07:05.418+0500] {processor.py:157} INFO - Started process (PID=67857) to work on /home/maemoon/Documents/MLOPS_Project/env/lib/python3.10/site-packages/airflow/example_dags/example_xcomargs.py
[2025-05-12T22:07:05.419+0500] {processor.py:829} INFO - Processing file /home/maemoon/Documents/MLOPS_Project/env/lib/python3.10/site-packages/airflow/example_dags/example_xcomargs.py for tasks to queue
[2025-05-12T22:07:05.420+0500] {logging_mixin.py:151} INFO - [2025-05-12T22:07:05.420+0500] {dagbag.py:536} INFO - Filling up the DagBag from /home/maemoon/Documents/MLOPS_Project/env/lib/python3.10/site-packages/airflow/example_dags/example_xcomargs.py
[2025-05-12T22:07:05.426+0500] {processor.py:839} INFO - DAG(s) dict_keys(['example_xcom_args', 'example_xcom_args_with_operators']) retrieved from /home/maemoon/Documents/MLOPS_Project/env/lib/python3.10/site-packages/airflow/example_dags/example_xcomargs.py
[2025-05-12T22:07:05.442+0500] {logging_mixin.py:151} INFO - [2025-05-12T22:07:05.442+0500] {dag.py:2941} INFO - Sync 2 DAGs
[2025-05-12T22:07:05.452+0500] {logging_mixin.py:151} INFO - [2025-05-12T22:07:05.451+0500] {dag.py:3722} INFO - Setting next_dagrun for example_xcom_args to None, run_after=None
[2025-05-12T22:07:05.454+0500] {logging_mixin.py:151} INFO - [2025-05-12T22:07:05.454+0500] {dag.py:3722} INFO - Setting next_dagrun for example_xcom_args_with_operators to None, run_after=None
[2025-05-12T22:07:05.550+0500] {processor.py:179} INFO - Processing /home/maemoon/Documents/MLOPS_Project/env/lib/python3.10/site-packages/airflow/example_dags/example_xcomargs.py took 0.134 seconds
