[2025-05-12T21:24:29.316+0500] {processor.py:157} INFO - Started process (PID=56333) to work on /home/maemoon/Documents/MLOPS_Project/env/lib/python3.10/site-packages/airflow/example_dags/example_datasets.py
[2025-05-12T21:24:29.317+0500] {processor.py:829} INFO - Processing file /home/maemoon/Documents/MLOPS_Project/env/lib/python3.10/site-packages/airflow/example_dags/example_datasets.py for tasks to queue
[2025-05-12T21:24:29.318+0500] {logging_mixin.py:151} INFO - [2025-05-12T21:24:29.317+0500] {dagbag.py:536} INFO - Filling up the DagBag from /home/maemoon/Documents/MLOPS_Project/env/lib/python3.10/site-packages/airflow/example_dags/example_datasets.py
[2025-05-12T21:24:29.326+0500] {processor.py:839} INFO - DAG(s) dict_keys(['dataset_consumes_1_never_scheduled', 'dataset_consumes_unknown_never_scheduled', 'dataset_consumes_1_and_2', 'dataset_produces_1', 'dataset_produces_2', 'dataset_consumes_1']) retrieved from /home/maemoon/Documents/MLOPS_Project/env/lib/python3.10/site-packages/airflow/example_dags/example_datasets.py
[2025-05-12T21:24:29.615+0500] {logging_mixin.py:151} INFO - [2025-05-12T21:24:29.614+0500] {manager.py:499} INFO - Created Permission View: %s
[2025-05-12T21:24:29.714+0500] {logging_mixin.py:151} INFO - [2025-05-12T21:24:29.714+0500] {manager.py:499} INFO - Created Permission View: %s
[2025-05-12T21:24:29.815+0500] {logging_mixin.py:151} INFO - [2025-05-12T21:24:29.814+0500] {manager.py:499} INFO - Created Permission View: %s
[2025-05-12T21:24:30.070+0500] {logging_mixin.py:151} INFO - [2025-05-12T21:24:30.070+0500] {manager.py:499} INFO - Created Permission View: %s
[2025-05-12T21:24:30.170+0500] {logging_mixin.py:151} INFO - [2025-05-12T21:24:30.169+0500] {manager.py:499} INFO - Created Permission View: %s
[2025-05-12T21:24:30.270+0500] {logging_mixin.py:151} INFO - [2025-05-12T21:24:30.270+0500] {manager.py:499} INFO - Created Permission View: %s
[2025-05-12T21:24:30.492+0500] {logging_mixin.py:151} INFO - [2025-05-12T21:24:30.492+0500] {manager.py:499} INFO - Created Permission View: %s
[2025-05-12T21:24:30.581+0500] {logging_mixin.py:151} INFO - [2025-05-12T21:24:30.581+0500] {manager.py:499} INFO - Created Permission View: %s
[2025-05-12T21:24:30.670+0500] {logging_mixin.py:151} INFO - [2025-05-12T21:24:30.669+0500] {manager.py:499} INFO - Created Permission View: %s
[2025-05-12T21:24:30.870+0500] {logging_mixin.py:151} INFO - [2025-05-12T21:24:30.869+0500] {manager.py:499} INFO - Created Permission View: %s
[2025-05-12T21:24:30.970+0500] {logging_mixin.py:151} INFO - [2025-05-12T21:24:30.969+0500] {manager.py:499} INFO - Created Permission View: %s
[2025-05-12T21:24:31.048+0500] {logging_mixin.py:151} INFO - [2025-05-12T21:24:31.047+0500] {manager.py:499} INFO - Created Permission View: %s
[2025-05-12T21:24:31.281+0500] {logging_mixin.py:151} INFO - [2025-05-12T21:24:31.281+0500] {manager.py:499} INFO - Created Permission View: %s
[2025-05-12T21:24:31.381+0500] {logging_mixin.py:151} INFO - [2025-05-12T21:24:31.381+0500] {manager.py:499} INFO - Created Permission View: %s
[2025-05-12T21:24:31.503+0500] {logging_mixin.py:151} INFO - [2025-05-12T21:24:31.503+0500] {manager.py:499} INFO - Created Permission View: %s
[2025-05-12T21:24:31.692+0500] {logging_mixin.py:151} INFO - [2025-05-12T21:24:31.692+0500] {manager.py:499} INFO - Created Permission View: %s
[2025-05-12T21:24:31.781+0500] {logging_mixin.py:151} INFO - [2025-05-12T21:24:31.781+0500] {manager.py:499} INFO - Created Permission View: %s
[2025-05-12T21:24:31.881+0500] {logging_mixin.py:151} INFO - [2025-05-12T21:24:31.881+0500] {manager.py:499} INFO - Created Permission View: %s
[2025-05-12T21:24:31.881+0500] {logging_mixin.py:151} INFO - [2025-05-12T21:24:31.881+0500] {dag.py:2941} INFO - Sync 6 DAGs
[2025-05-12T21:24:31.890+0500] {logging_mixin.py:151} INFO - [2025-05-12T21:24:31.890+0500] {dag.py:2963} INFO - Creating ORM DAG for dataset_consumes_1_never_scheduled
[2025-05-12T21:24:31.891+0500] {logging_mixin.py:151} INFO - [2025-05-12T21:24:31.891+0500] {dag.py:2963} INFO - Creating ORM DAG for dataset_produces_1
[2025-05-12T21:24:31.891+0500] {logging_mixin.py:151} INFO - [2025-05-12T21:24:31.891+0500] {dag.py:2963} INFO - Creating ORM DAG for dataset_consumes_1_and_2
[2025-05-12T21:24:31.891+0500] {logging_mixin.py:151} INFO - [2025-05-12T21:24:31.891+0500] {dag.py:2963} INFO - Creating ORM DAG for dataset_produces_2
[2025-05-12T21:24:31.892+0500] {logging_mixin.py:151} INFO - [2025-05-12T21:24:31.892+0500] {dag.py:2963} INFO - Creating ORM DAG for dataset_consumes_unknown_never_scheduled
[2025-05-12T21:24:31.892+0500] {logging_mixin.py:151} INFO - [2025-05-12T21:24:31.892+0500] {dag.py:2963} INFO - Creating ORM DAG for dataset_consumes_1
[2025-05-12T21:24:31.899+0500] {logging_mixin.py:151} INFO - [2025-05-12T21:24:31.898+0500] {dag.py:3722} INFO - Setting next_dagrun for dataset_consumes_1 to None, run_after=None
[2025-05-12T21:24:31.899+0500] {logging_mixin.py:151} INFO - [2025-05-12T21:24:31.899+0500] {dag.py:3722} INFO - Setting next_dagrun for dataset_consumes_1_and_2 to None, run_after=None
[2025-05-12T21:24:31.900+0500] {logging_mixin.py:151} INFO - [2025-05-12T21:24:31.900+0500] {dag.py:3722} INFO - Setting next_dagrun for dataset_consumes_1_never_scheduled to None, run_after=None
[2025-05-12T21:24:31.901+0500] {logging_mixin.py:151} INFO - [2025-05-12T21:24:31.901+0500] {dag.py:3722} INFO - Setting next_dagrun for dataset_consumes_unknown_never_scheduled to None, run_after=None
[2025-05-12T21:24:31.902+0500] {logging_mixin.py:151} INFO - [2025-05-12T21:24:31.902+0500] {dag.py:3722} INFO - Setting next_dagrun for dataset_produces_1 to 2025-05-11T00:00:00+00:00, run_after=2025-05-12T00:00:00+00:00
[2025-05-12T21:24:31.903+0500] {logging_mixin.py:151} INFO - [2025-05-12T21:24:31.903+0500] {dag.py:3722} INFO - Setting next_dagrun for dataset_produces_2 to None, run_after=None
[2025-05-12T21:24:32.055+0500] {processor.py:179} INFO - Processing /home/maemoon/Documents/MLOPS_Project/env/lib/python3.10/site-packages/airflow/example_dags/example_datasets.py took 2.742 seconds
[2025-05-12T21:30:31.158+0500] {processor.py:157} INFO - Started process (PID=57975) to work on /home/maemoon/Documents/MLOPS_Project/env/lib/python3.10/site-packages/airflow/example_dags/example_datasets.py
[2025-05-12T21:30:31.159+0500] {processor.py:829} INFO - Processing file /home/maemoon/Documents/MLOPS_Project/env/lib/python3.10/site-packages/airflow/example_dags/example_datasets.py for tasks to queue
[2025-05-12T21:30:31.160+0500] {logging_mixin.py:151} INFO - [2025-05-12T21:30:31.160+0500] {dagbag.py:536} INFO - Filling up the DagBag from /home/maemoon/Documents/MLOPS_Project/env/lib/python3.10/site-packages/airflow/example_dags/example_datasets.py
[2025-05-12T21:30:31.174+0500] {processor.py:839} INFO - DAG(s) dict_keys(['dataset_consumes_unknown_never_scheduled', 'dataset_consumes_1_never_scheduled', 'dataset_produces_2', 'dataset_produces_1', 'dataset_consumes_1', 'dataset_consumes_1_and_2']) retrieved from /home/maemoon/Documents/MLOPS_Project/env/lib/python3.10/site-packages/airflow/example_dags/example_datasets.py
[2025-05-12T21:30:31.213+0500] {logging_mixin.py:151} INFO - [2025-05-12T21:30:31.213+0500] {dag.py:2941} INFO - Sync 6 DAGs
[2025-05-12T21:30:31.241+0500] {logging_mixin.py:151} INFO - [2025-05-12T21:30:31.241+0500] {dag.py:3722} INFO - Setting next_dagrun for dataset_consumes_1 to None, run_after=None
[2025-05-12T21:30:31.244+0500] {logging_mixin.py:151} INFO - [2025-05-12T21:30:31.244+0500] {dag.py:3722} INFO - Setting next_dagrun for dataset_consumes_1_and_2 to None, run_after=None
[2025-05-12T21:30:31.246+0500] {logging_mixin.py:151} INFO - [2025-05-12T21:30:31.245+0500] {dag.py:3722} INFO - Setting next_dagrun for dataset_consumes_1_never_scheduled to None, run_after=None
[2025-05-12T21:30:31.246+0500] {logging_mixin.py:151} INFO - [2025-05-12T21:30:31.246+0500] {dag.py:3722} INFO - Setting next_dagrun for dataset_consumes_unknown_never_scheduled to None, run_after=None
[2025-05-12T21:30:31.250+0500] {logging_mixin.py:151} INFO - [2025-05-12T21:30:31.250+0500] {dag.py:3722} INFO - Setting next_dagrun for dataset_produces_1 to 2025-05-11T00:00:00+00:00, run_after=2025-05-12T00:00:00+00:00
[2025-05-12T21:30:31.252+0500] {logging_mixin.py:151} INFO - [2025-05-12T21:30:31.252+0500] {dag.py:3722} INFO - Setting next_dagrun for dataset_produces_2 to None, run_after=None
[2025-05-12T21:30:31.393+0500] {processor.py:179} INFO - Processing /home/maemoon/Documents/MLOPS_Project/env/lib/python3.10/site-packages/airflow/example_dags/example_datasets.py took 0.238 seconds
[2025-05-12T21:31:55.273+0500] {processor.py:157} INFO - Started process (PID=58611) to work on /home/maemoon/Documents/MLOPS_Project/env/lib/python3.10/site-packages/airflow/example_dags/example_datasets.py
[2025-05-12T21:31:55.292+0500] {processor.py:829} INFO - Processing file /home/maemoon/Documents/MLOPS_Project/env/lib/python3.10/site-packages/airflow/example_dags/example_datasets.py for tasks to queue
[2025-05-12T21:31:55.293+0500] {logging_mixin.py:151} INFO - [2025-05-12T21:31:55.292+0500] {dagbag.py:536} INFO - Filling up the DagBag from /home/maemoon/Documents/MLOPS_Project/env/lib/python3.10/site-packages/airflow/example_dags/example_datasets.py
[2025-05-12T21:31:55.300+0500] {processor.py:839} INFO - DAG(s) dict_keys(['dataset_produces_2', 'dataset_consumes_unknown_never_scheduled', 'dataset_produces_1', 'dataset_consumes_1_never_scheduled', 'dataset_consumes_1_and_2', 'dataset_consumes_1']) retrieved from /home/maemoon/Documents/MLOPS_Project/env/lib/python3.10/site-packages/airflow/example_dags/example_datasets.py
[2025-05-12T21:31:55.324+0500] {logging_mixin.py:151} INFO - [2025-05-12T21:31:55.324+0500] {dag.py:2941} INFO - Sync 6 DAGs
[2025-05-12T21:31:55.341+0500] {logging_mixin.py:151} INFO - [2025-05-12T21:31:55.341+0500] {dag.py:3722} INFO - Setting next_dagrun for dataset_consumes_1 to None, run_after=None
[2025-05-12T21:31:55.343+0500] {logging_mixin.py:151} INFO - [2025-05-12T21:31:55.343+0500] {dag.py:3722} INFO - Setting next_dagrun for dataset_consumes_1_and_2 to None, run_after=None
[2025-05-12T21:31:55.344+0500] {logging_mixin.py:151} INFO - [2025-05-12T21:31:55.344+0500] {dag.py:3722} INFO - Setting next_dagrun for dataset_consumes_1_never_scheduled to None, run_after=None
[2025-05-12T21:31:55.344+0500] {logging_mixin.py:151} INFO - [2025-05-12T21:31:55.344+0500] {dag.py:3722} INFO - Setting next_dagrun for dataset_consumes_unknown_never_scheduled to None, run_after=None
[2025-05-12T21:31:55.346+0500] {logging_mixin.py:151} INFO - [2025-05-12T21:31:55.346+0500] {dag.py:3722} INFO - Setting next_dagrun for dataset_produces_1 to 2025-05-11T00:00:00+00:00, run_after=2025-05-12T00:00:00+00:00
[2025-05-12T21:31:55.347+0500] {logging_mixin.py:151} INFO - [2025-05-12T21:31:55.347+0500] {dag.py:3722} INFO - Setting next_dagrun for dataset_produces_2 to None, run_after=None
[2025-05-12T21:31:55.527+0500] {processor.py:179} INFO - Processing /home/maemoon/Documents/MLOPS_Project/env/lib/python3.10/site-packages/airflow/example_dags/example_datasets.py took 0.256 seconds
[2025-05-12T21:33:19.974+0500] {processor.py:157} INFO - Started process (PID=59275) to work on /home/maemoon/Documents/MLOPS_Project/env/lib/python3.10/site-packages/airflow/example_dags/example_datasets.py
[2025-05-12T21:33:19.975+0500] {processor.py:829} INFO - Processing file /home/maemoon/Documents/MLOPS_Project/env/lib/python3.10/site-packages/airflow/example_dags/example_datasets.py for tasks to queue
[2025-05-12T21:33:19.976+0500] {logging_mixin.py:151} INFO - [2025-05-12T21:33:19.976+0500] {dagbag.py:536} INFO - Filling up the DagBag from /home/maemoon/Documents/MLOPS_Project/env/lib/python3.10/site-packages/airflow/example_dags/example_datasets.py
[2025-05-12T21:33:19.994+0500] {processor.py:839} INFO - DAG(s) dict_keys(['dataset_consumes_unknown_never_scheduled', 'dataset_consumes_1_and_2', 'dataset_produces_2', 'dataset_produces_1', 'dataset_consumes_1_never_scheduled', 'dataset_consumes_1']) retrieved from /home/maemoon/Documents/MLOPS_Project/env/lib/python3.10/site-packages/airflow/example_dags/example_datasets.py
[2025-05-12T21:33:20.050+0500] {logging_mixin.py:151} INFO - [2025-05-12T21:33:20.050+0500] {dag.py:2941} INFO - Sync 6 DAGs
[2025-05-12T21:33:20.086+0500] {logging_mixin.py:151} INFO - [2025-05-12T21:33:20.085+0500] {dag.py:3722} INFO - Setting next_dagrun for dataset_consumes_1 to None, run_after=None
[2025-05-12T21:33:20.090+0500] {logging_mixin.py:151} INFO - [2025-05-12T21:33:20.090+0500] {dag.py:3722} INFO - Setting next_dagrun for dataset_consumes_1_and_2 to None, run_after=None
[2025-05-12T21:33:20.092+0500] {logging_mixin.py:151} INFO - [2025-05-12T21:33:20.092+0500] {dag.py:3722} INFO - Setting next_dagrun for dataset_consumes_1_never_scheduled to None, run_after=None
[2025-05-12T21:33:20.098+0500] {logging_mixin.py:151} INFO - [2025-05-12T21:33:20.098+0500] {dag.py:3722} INFO - Setting next_dagrun for dataset_consumes_unknown_never_scheduled to None, run_after=None
[2025-05-12T21:33:20.105+0500] {logging_mixin.py:151} INFO - [2025-05-12T21:33:20.104+0500] {dag.py:3722} INFO - Setting next_dagrun for dataset_produces_1 to 2025-05-11T00:00:00+00:00, run_after=2025-05-12T00:00:00+00:00
[2025-05-12T21:33:20.106+0500] {logging_mixin.py:151} INFO - [2025-05-12T21:33:20.106+0500] {dag.py:3722} INFO - Setting next_dagrun for dataset_produces_2 to None, run_after=None
[2025-05-12T21:33:20.251+0500] {processor.py:179} INFO - Processing /home/maemoon/Documents/MLOPS_Project/env/lib/python3.10/site-packages/airflow/example_dags/example_datasets.py took 0.281 seconds
[2025-05-12T21:34:13.736+0500] {processor.py:157} INFO - Started process (PID=59415) to work on /home/maemoon/Documents/MLOPS_Project/env/lib/python3.10/site-packages/airflow/example_dags/example_datasets.py
[2025-05-12T21:34:13.747+0500] {processor.py:829} INFO - Processing file /home/maemoon/Documents/MLOPS_Project/env/lib/python3.10/site-packages/airflow/example_dags/example_datasets.py for tasks to queue
[2025-05-12T21:34:13.748+0500] {logging_mixin.py:151} INFO - [2025-05-12T21:34:13.747+0500] {dagbag.py:536} INFO - Filling up the DagBag from /home/maemoon/Documents/MLOPS_Project/env/lib/python3.10/site-packages/airflow/example_dags/example_datasets.py
[2025-05-12T21:34:13.759+0500] {processor.py:839} INFO - DAG(s) dict_keys(['dataset_consumes_1', 'dataset_consumes_unknown_never_scheduled', 'dataset_consumes_1_and_2', 'dataset_produces_2', 'dataset_produces_1', 'dataset_consumes_1_never_scheduled']) retrieved from /home/maemoon/Documents/MLOPS_Project/env/lib/python3.10/site-packages/airflow/example_dags/example_datasets.py
[2025-05-12T21:34:13.792+0500] {logging_mixin.py:151} INFO - [2025-05-12T21:34:13.792+0500] {dag.py:2941} INFO - Sync 6 DAGs
[2025-05-12T21:34:13.816+0500] {logging_mixin.py:151} INFO - [2025-05-12T21:34:13.816+0500] {dag.py:3722} INFO - Setting next_dagrun for dataset_consumes_1 to None, run_after=None
[2025-05-12T21:34:13.819+0500] {logging_mixin.py:151} INFO - [2025-05-12T21:34:13.819+0500] {dag.py:3722} INFO - Setting next_dagrun for dataset_consumes_1_and_2 to None, run_after=None
[2025-05-12T21:34:13.820+0500] {logging_mixin.py:151} INFO - [2025-05-12T21:34:13.820+0500] {dag.py:3722} INFO - Setting next_dagrun for dataset_consumes_1_never_scheduled to None, run_after=None
[2025-05-12T21:34:13.820+0500] {logging_mixin.py:151} INFO - [2025-05-12T21:34:13.820+0500] {dag.py:3722} INFO - Setting next_dagrun for dataset_consumes_unknown_never_scheduled to None, run_after=None
[2025-05-12T21:34:13.823+0500] {logging_mixin.py:151} INFO - [2025-05-12T21:34:13.822+0500] {dag.py:3722} INFO - Setting next_dagrun for dataset_produces_1 to 2025-05-11T00:00:00+00:00, run_after=2025-05-12T00:00:00+00:00
[2025-05-12T21:34:13.824+0500] {logging_mixin.py:151} INFO - [2025-05-12T21:34:13.823+0500] {dag.py:3722} INFO - Setting next_dagrun for dataset_produces_2 to None, run_after=None
[2025-05-12T21:34:13.925+0500] {processor.py:179} INFO - Processing /home/maemoon/Documents/MLOPS_Project/env/lib/python3.10/site-packages/airflow/example_dags/example_datasets.py took 0.193 seconds
[2025-05-12T21:35:07.429+0500] {processor.py:157} INFO - Started process (PID=59561) to work on /home/maemoon/Documents/MLOPS_Project/env/lib/python3.10/site-packages/airflow/example_dags/example_datasets.py
[2025-05-12T21:35:07.488+0500] {processor.py:829} INFO - Processing file /home/maemoon/Documents/MLOPS_Project/env/lib/python3.10/site-packages/airflow/example_dags/example_datasets.py for tasks to queue
[2025-05-12T21:35:07.489+0500] {logging_mixin.py:151} INFO - [2025-05-12T21:35:07.489+0500] {dagbag.py:536} INFO - Filling up the DagBag from /home/maemoon/Documents/MLOPS_Project/env/lib/python3.10/site-packages/airflow/example_dags/example_datasets.py
[2025-05-12T21:35:07.497+0500] {processor.py:839} INFO - DAG(s) dict_keys(['dataset_consumes_1_and_2', 'dataset_consumes_1_never_scheduled', 'dataset_consumes_1', 'dataset_produces_2', 'dataset_produces_1', 'dataset_consumes_unknown_never_scheduled']) retrieved from /home/maemoon/Documents/MLOPS_Project/env/lib/python3.10/site-packages/airflow/example_dags/example_datasets.py
[2025-05-12T21:35:07.521+0500] {logging_mixin.py:151} INFO - [2025-05-12T21:35:07.521+0500] {dag.py:2941} INFO - Sync 6 DAGs
[2025-05-12T21:35:07.538+0500] {logging_mixin.py:151} INFO - [2025-05-12T21:35:07.537+0500] {dag.py:3722} INFO - Setting next_dagrun for dataset_consumes_1 to None, run_after=None
[2025-05-12T21:35:07.540+0500] {logging_mixin.py:151} INFO - [2025-05-12T21:35:07.540+0500] {dag.py:3722} INFO - Setting next_dagrun for dataset_consumes_1_and_2 to None, run_after=None
[2025-05-12T21:35:07.541+0500] {logging_mixin.py:151} INFO - [2025-05-12T21:35:07.541+0500] {dag.py:3722} INFO - Setting next_dagrun for dataset_consumes_1_never_scheduled to None, run_after=None
[2025-05-12T21:35:07.541+0500] {logging_mixin.py:151} INFO - [2025-05-12T21:35:07.541+0500] {dag.py:3722} INFO - Setting next_dagrun for dataset_consumes_unknown_never_scheduled to None, run_after=None
[2025-05-12T21:35:07.543+0500] {logging_mixin.py:151} INFO - [2025-05-12T21:35:07.543+0500] {dag.py:3722} INFO - Setting next_dagrun for dataset_produces_1 to 2025-05-11T00:00:00+00:00, run_after=2025-05-12T00:00:00+00:00
[2025-05-12T21:35:07.544+0500] {logging_mixin.py:151} INFO - [2025-05-12T21:35:07.544+0500] {dag.py:3722} INFO - Setting next_dagrun for dataset_produces_2 to None, run_after=None
[2025-05-12T21:35:07.654+0500] {processor.py:179} INFO - Processing /home/maemoon/Documents/MLOPS_Project/env/lib/python3.10/site-packages/airflow/example_dags/example_datasets.py took 0.227 seconds
[2025-05-12T21:52:51.885+0500] {processor.py:157} INFO - Started process (PID=63939) to work on /home/maemoon/Documents/MLOPS_Project/env/lib/python3.10/site-packages/airflow/example_dags/example_datasets.py
[2025-05-12T21:52:51.905+0500] {processor.py:829} INFO - Processing file /home/maemoon/Documents/MLOPS_Project/env/lib/python3.10/site-packages/airflow/example_dags/example_datasets.py for tasks to queue
[2025-05-12T21:52:51.906+0500] {logging_mixin.py:151} INFO - [2025-05-12T21:52:51.905+0500] {dagbag.py:536} INFO - Filling up the DagBag from /home/maemoon/Documents/MLOPS_Project/env/lib/python3.10/site-packages/airflow/example_dags/example_datasets.py
[2025-05-12T21:52:51.914+0500] {processor.py:839} INFO - DAG(s) dict_keys(['dataset_consumes_1_never_scheduled', 'dataset_produces_2', 'dataset_consumes_unknown_never_scheduled', 'dataset_produces_1', 'dataset_consumes_1', 'dataset_consumes_1_and_2']) retrieved from /home/maemoon/Documents/MLOPS_Project/env/lib/python3.10/site-packages/airflow/example_dags/example_datasets.py
[2025-05-12T21:52:51.938+0500] {logging_mixin.py:151} INFO - [2025-05-12T21:52:51.937+0500] {dag.py:2941} INFO - Sync 6 DAGs
[2025-05-12T21:52:51.959+0500] {logging_mixin.py:151} INFO - [2025-05-12T21:52:51.959+0500] {dag.py:3722} INFO - Setting next_dagrun for dataset_consumes_1 to None, run_after=None
[2025-05-12T21:52:51.961+0500] {logging_mixin.py:151} INFO - [2025-05-12T21:52:51.961+0500] {dag.py:3722} INFO - Setting next_dagrun for dataset_consumes_1_and_2 to None, run_after=None
[2025-05-12T21:52:51.962+0500] {logging_mixin.py:151} INFO - [2025-05-12T21:52:51.962+0500] {dag.py:3722} INFO - Setting next_dagrun for dataset_consumes_1_never_scheduled to None, run_after=None
[2025-05-12T21:52:51.963+0500] {logging_mixin.py:151} INFO - [2025-05-12T21:52:51.963+0500] {dag.py:3722} INFO - Setting next_dagrun for dataset_consumes_unknown_never_scheduled to None, run_after=None
[2025-05-12T21:52:51.965+0500] {logging_mixin.py:151} INFO - [2025-05-12T21:52:51.964+0500] {dag.py:3722} INFO - Setting next_dagrun for dataset_produces_1 to 2025-05-11T00:00:00+00:00, run_after=2025-05-12T00:00:00+00:00
[2025-05-12T21:52:51.965+0500] {logging_mixin.py:151} INFO - [2025-05-12T21:52:51.965+0500] {dag.py:3722} INFO - Setting next_dagrun for dataset_produces_2 to None, run_after=None
[2025-05-12T21:52:52.074+0500] {processor.py:179} INFO - Processing /home/maemoon/Documents/MLOPS_Project/env/lib/python3.10/site-packages/airflow/example_dags/example_datasets.py took 0.191 seconds
[2025-05-12T21:53:53.109+0500] {processor.py:157} INFO - Started process (PID=64129) to work on /home/maemoon/Documents/MLOPS_Project/env/lib/python3.10/site-packages/airflow/example_dags/example_datasets.py
[2025-05-12T21:53:53.110+0500] {processor.py:829} INFO - Processing file /home/maemoon/Documents/MLOPS_Project/env/lib/python3.10/site-packages/airflow/example_dags/example_datasets.py for tasks to queue
[2025-05-12T21:53:53.111+0500] {logging_mixin.py:151} INFO - [2025-05-12T21:53:53.111+0500] {dagbag.py:536} INFO - Filling up the DagBag from /home/maemoon/Documents/MLOPS_Project/env/lib/python3.10/site-packages/airflow/example_dags/example_datasets.py
[2025-05-12T21:53:53.123+0500] {processor.py:839} INFO - DAG(s) dict_keys(['dataset_consumes_1', 'dataset_consumes_1_never_scheduled', 'dataset_produces_2', 'dataset_consumes_1_and_2', 'dataset_consumes_unknown_never_scheduled', 'dataset_produces_1']) retrieved from /home/maemoon/Documents/MLOPS_Project/env/lib/python3.10/site-packages/airflow/example_dags/example_datasets.py
[2025-05-12T21:53:53.157+0500] {logging_mixin.py:151} INFO - [2025-05-12T21:53:53.156+0500] {dag.py:2941} INFO - Sync 6 DAGs
[2025-05-12T21:53:53.181+0500] {logging_mixin.py:151} INFO - [2025-05-12T21:53:53.181+0500] {dag.py:3722} INFO - Setting next_dagrun for dataset_consumes_1 to None, run_after=None
[2025-05-12T21:53:53.186+0500] {logging_mixin.py:151} INFO - [2025-05-12T21:53:53.186+0500] {dag.py:3722} INFO - Setting next_dagrun for dataset_consumes_1_and_2 to None, run_after=None
[2025-05-12T21:53:53.187+0500] {logging_mixin.py:151} INFO - [2025-05-12T21:53:53.187+0500] {dag.py:3722} INFO - Setting next_dagrun for dataset_consumes_1_never_scheduled to None, run_after=None
[2025-05-12T21:53:53.187+0500] {logging_mixin.py:151} INFO - [2025-05-12T21:53:53.187+0500] {dag.py:3722} INFO - Setting next_dagrun for dataset_consumes_unknown_never_scheduled to None, run_after=None
[2025-05-12T21:53:53.190+0500] {logging_mixin.py:151} INFO - [2025-05-12T21:53:53.190+0500] {dag.py:3722} INFO - Setting next_dagrun for dataset_produces_1 to 2025-05-11T00:00:00+00:00, run_after=2025-05-12T00:00:00+00:00
[2025-05-12T21:53:53.191+0500] {logging_mixin.py:151} INFO - [2025-05-12T21:53:53.191+0500] {dag.py:3722} INFO - Setting next_dagrun for dataset_produces_2 to None, run_after=None
[2025-05-12T21:53:53.340+0500] {processor.py:179} INFO - Processing /home/maemoon/Documents/MLOPS_Project/env/lib/python3.10/site-packages/airflow/example_dags/example_datasets.py took 0.233 seconds
[2025-05-12T21:54:57.023+0500] {processor.py:157} INFO - Started process (PID=64489) to work on /home/maemoon/Documents/MLOPS_Project/env/lib/python3.10/site-packages/airflow/example_dags/example_datasets.py
[2025-05-12T21:54:57.067+0500] {processor.py:829} INFO - Processing file /home/maemoon/Documents/MLOPS_Project/env/lib/python3.10/site-packages/airflow/example_dags/example_datasets.py for tasks to queue
[2025-05-12T21:54:57.068+0500] {logging_mixin.py:151} INFO - [2025-05-12T21:54:57.068+0500] {dagbag.py:536} INFO - Filling up the DagBag from /home/maemoon/Documents/MLOPS_Project/env/lib/python3.10/site-packages/airflow/example_dags/example_datasets.py
[2025-05-12T21:54:57.078+0500] {processor.py:839} INFO - DAG(s) dict_keys(['dataset_consumes_unknown_never_scheduled', 'dataset_consumes_1', 'dataset_produces_2', 'dataset_consumes_1_and_2', 'dataset_consumes_1_never_scheduled', 'dataset_produces_1']) retrieved from /home/maemoon/Documents/MLOPS_Project/env/lib/python3.10/site-packages/airflow/example_dags/example_datasets.py
[2025-05-12T21:54:57.113+0500] {logging_mixin.py:151} INFO - [2025-05-12T21:54:57.113+0500] {dag.py:2941} INFO - Sync 6 DAGs
[2025-05-12T21:54:57.132+0500] {logging_mixin.py:151} INFO - [2025-05-12T21:54:57.132+0500] {dag.py:3722} INFO - Setting next_dagrun for dataset_consumes_1 to None, run_after=None
[2025-05-12T21:54:57.136+0500] {logging_mixin.py:151} INFO - [2025-05-12T21:54:57.135+0500] {dag.py:3722} INFO - Setting next_dagrun for dataset_consumes_1_and_2 to None, run_after=None
[2025-05-12T21:54:57.136+0500] {logging_mixin.py:151} INFO - [2025-05-12T21:54:57.136+0500] {dag.py:3722} INFO - Setting next_dagrun for dataset_consumes_1_never_scheduled to None, run_after=None
[2025-05-12T21:54:57.137+0500] {logging_mixin.py:151} INFO - [2025-05-12T21:54:57.137+0500] {dag.py:3722} INFO - Setting next_dagrun for dataset_consumes_unknown_never_scheduled to None, run_after=None
[2025-05-12T21:54:57.139+0500] {logging_mixin.py:151} INFO - [2025-05-12T21:54:57.139+0500] {dag.py:3722} INFO - Setting next_dagrun for dataset_produces_1 to 2025-05-11T00:00:00+00:00, run_after=2025-05-12T00:00:00+00:00
[2025-05-12T21:54:57.141+0500] {logging_mixin.py:151} INFO - [2025-05-12T21:54:57.141+0500] {dag.py:3722} INFO - Setting next_dagrun for dataset_produces_2 to None, run_after=None
[2025-05-12T21:54:57.269+0500] {processor.py:179} INFO - Processing /home/maemoon/Documents/MLOPS_Project/env/lib/python3.10/site-packages/airflow/example_dags/example_datasets.py took 0.249 seconds
[2025-05-12T21:56:25.995+0500] {processor.py:157} INFO - Started process (PID=65261) to work on /home/maemoon/Documents/MLOPS_Project/env/lib/python3.10/site-packages/airflow/example_dags/example_datasets.py
[2025-05-12T21:56:26.014+0500] {processor.py:829} INFO - Processing file /home/maemoon/Documents/MLOPS_Project/env/lib/python3.10/site-packages/airflow/example_dags/example_datasets.py for tasks to queue
[2025-05-12T21:56:26.015+0500] {logging_mixin.py:151} INFO - [2025-05-12T21:56:26.015+0500] {dagbag.py:536} INFO - Filling up the DagBag from /home/maemoon/Documents/MLOPS_Project/env/lib/python3.10/site-packages/airflow/example_dags/example_datasets.py
[2025-05-12T21:56:26.023+0500] {processor.py:839} INFO - DAG(s) dict_keys(['dataset_consumes_1_never_scheduled', 'dataset_consumes_1_and_2', 'dataset_consumes_unknown_never_scheduled', 'dataset_consumes_1', 'dataset_produces_1', 'dataset_produces_2']) retrieved from /home/maemoon/Documents/MLOPS_Project/env/lib/python3.10/site-packages/airflow/example_dags/example_datasets.py
[2025-05-12T21:56:26.044+0500] {logging_mixin.py:151} INFO - [2025-05-12T21:56:26.044+0500] {dag.py:2941} INFO - Sync 6 DAGs
[2025-05-12T21:56:26.060+0500] {logging_mixin.py:151} INFO - [2025-05-12T21:56:26.060+0500] {dag.py:3722} INFO - Setting next_dagrun for dataset_consumes_1 to None, run_after=None
[2025-05-12T21:56:26.062+0500] {logging_mixin.py:151} INFO - [2025-05-12T21:56:26.062+0500] {dag.py:3722} INFO - Setting next_dagrun for dataset_consumes_1_and_2 to None, run_after=None
[2025-05-12T21:56:26.063+0500] {logging_mixin.py:151} INFO - [2025-05-12T21:56:26.063+0500] {dag.py:3722} INFO - Setting next_dagrun for dataset_consumes_1_never_scheduled to None, run_after=None
[2025-05-12T21:56:26.064+0500] {logging_mixin.py:151} INFO - [2025-05-12T21:56:26.064+0500] {dag.py:3722} INFO - Setting next_dagrun for dataset_consumes_unknown_never_scheduled to None, run_after=None
[2025-05-12T21:56:26.066+0500] {logging_mixin.py:151} INFO - [2025-05-12T21:56:26.066+0500] {dag.py:3722} INFO - Setting next_dagrun for dataset_produces_1 to 2025-05-11T00:00:00+00:00, run_after=2025-05-12T00:00:00+00:00
[2025-05-12T21:56:26.066+0500] {logging_mixin.py:151} INFO - [2025-05-12T21:56:26.066+0500] {dag.py:3722} INFO - Setting next_dagrun for dataset_produces_2 to None, run_after=None
[2025-05-12T21:56:26.165+0500] {processor.py:179} INFO - Processing /home/maemoon/Documents/MLOPS_Project/env/lib/python3.10/site-packages/airflow/example_dags/example_datasets.py took 0.172 seconds
[2025-05-12T21:57:34.110+0500] {processor.py:157} INFO - Started process (PID=65402) to work on /home/maemoon/Documents/MLOPS_Project/env/lib/python3.10/site-packages/airflow/example_dags/example_datasets.py
[2025-05-12T21:57:34.125+0500] {processor.py:829} INFO - Processing file /home/maemoon/Documents/MLOPS_Project/env/lib/python3.10/site-packages/airflow/example_dags/example_datasets.py for tasks to queue
[2025-05-12T21:57:34.126+0500] {logging_mixin.py:151} INFO - [2025-05-12T21:57:34.126+0500] {dagbag.py:536} INFO - Filling up the DagBag from /home/maemoon/Documents/MLOPS_Project/env/lib/python3.10/site-packages/airflow/example_dags/example_datasets.py
[2025-05-12T21:57:34.134+0500] {processor.py:839} INFO - DAG(s) dict_keys(['dataset_produces_2', 'dataset_produces_1', 'dataset_consumes_1_and_2', 'dataset_consumes_1', 'dataset_consumes_1_never_scheduled', 'dataset_consumes_unknown_never_scheduled']) retrieved from /home/maemoon/Documents/MLOPS_Project/env/lib/python3.10/site-packages/airflow/example_dags/example_datasets.py
[2025-05-12T21:57:34.159+0500] {logging_mixin.py:151} INFO - [2025-05-12T21:57:34.159+0500] {dag.py:2941} INFO - Sync 6 DAGs
[2025-05-12T21:57:34.179+0500] {logging_mixin.py:151} INFO - [2025-05-12T21:57:34.179+0500] {dag.py:3722} INFO - Setting next_dagrun for dataset_consumes_1 to None, run_after=None
[2025-05-12T21:57:34.183+0500] {logging_mixin.py:151} INFO - [2025-05-12T21:57:34.183+0500] {dag.py:3722} INFO - Setting next_dagrun for dataset_consumes_1_and_2 to None, run_after=None
[2025-05-12T21:57:34.185+0500] {logging_mixin.py:151} INFO - [2025-05-12T21:57:34.184+0500] {dag.py:3722} INFO - Setting next_dagrun for dataset_consumes_1_never_scheduled to None, run_after=None
[2025-05-12T21:57:34.186+0500] {logging_mixin.py:151} INFO - [2025-05-12T21:57:34.186+0500] {dag.py:3722} INFO - Setting next_dagrun for dataset_consumes_unknown_never_scheduled to None, run_after=None
[2025-05-12T21:57:34.190+0500] {logging_mixin.py:151} INFO - [2025-05-12T21:57:34.189+0500] {dag.py:3722} INFO - Setting next_dagrun for dataset_produces_1 to 2025-05-11T00:00:00+00:00, run_after=2025-05-12T00:00:00+00:00
[2025-05-12T21:57:34.191+0500] {logging_mixin.py:151} INFO - [2025-05-12T21:57:34.191+0500] {dag.py:3722} INFO - Setting next_dagrun for dataset_produces_2 to None, run_after=None
[2025-05-12T21:57:34.306+0500] {processor.py:179} INFO - Processing /home/maemoon/Documents/MLOPS_Project/env/lib/python3.10/site-packages/airflow/example_dags/example_datasets.py took 0.199 seconds
[2025-05-12T21:58:30.811+0500] {processor.py:157} INFO - Started process (PID=65573) to work on /home/maemoon/Documents/MLOPS_Project/env/lib/python3.10/site-packages/airflow/example_dags/example_datasets.py
[2025-05-12T21:58:30.812+0500] {processor.py:829} INFO - Processing file /home/maemoon/Documents/MLOPS_Project/env/lib/python3.10/site-packages/airflow/example_dags/example_datasets.py for tasks to queue
[2025-05-12T21:58:30.813+0500] {logging_mixin.py:151} INFO - [2025-05-12T21:58:30.813+0500] {dagbag.py:536} INFO - Filling up the DagBag from /home/maemoon/Documents/MLOPS_Project/env/lib/python3.10/site-packages/airflow/example_dags/example_datasets.py
[2025-05-12T21:58:30.821+0500] {processor.py:839} INFO - DAG(s) dict_keys(['dataset_consumes_1', 'dataset_produces_2', 'dataset_produces_1', 'dataset_consumes_1_never_scheduled', 'dataset_consumes_unknown_never_scheduled', 'dataset_consumes_1_and_2']) retrieved from /home/maemoon/Documents/MLOPS_Project/env/lib/python3.10/site-packages/airflow/example_dags/example_datasets.py
[2025-05-12T21:58:30.855+0500] {logging_mixin.py:151} INFO - [2025-05-12T21:58:30.854+0500] {dag.py:2941} INFO - Sync 6 DAGs
[2025-05-12T21:58:30.881+0500] {logging_mixin.py:151} INFO - [2025-05-12T21:58:30.880+0500] {dag.py:3722} INFO - Setting next_dagrun for dataset_consumes_1 to None, run_after=None
[2025-05-12T21:58:30.885+0500] {logging_mixin.py:151} INFO - [2025-05-12T21:58:30.885+0500] {dag.py:3722} INFO - Setting next_dagrun for dataset_consumes_1_and_2 to None, run_after=None
[2025-05-12T21:58:30.887+0500] {logging_mixin.py:151} INFO - [2025-05-12T21:58:30.886+0500] {dag.py:3722} INFO - Setting next_dagrun for dataset_consumes_1_never_scheduled to None, run_after=None
[2025-05-12T21:58:30.888+0500] {logging_mixin.py:151} INFO - [2025-05-12T21:58:30.888+0500] {dag.py:3722} INFO - Setting next_dagrun for dataset_consumes_unknown_never_scheduled to None, run_after=None
[2025-05-12T21:58:30.892+0500] {logging_mixin.py:151} INFO - [2025-05-12T21:58:30.892+0500] {dag.py:3722} INFO - Setting next_dagrun for dataset_produces_1 to 2025-05-11T00:00:00+00:00, run_after=2025-05-12T00:00:00+00:00
[2025-05-12T21:58:31.000+0500] {logging_mixin.py:151} INFO - [2025-05-12T21:58:31.000+0500] {dag.py:3722} INFO - Setting next_dagrun for dataset_produces_2 to None, run_after=None
[2025-05-12T21:58:31.246+0500] {processor.py:179} INFO - Processing /home/maemoon/Documents/MLOPS_Project/env/lib/python3.10/site-packages/airflow/example_dags/example_datasets.py took 0.437 seconds
[2025-05-12T21:59:26.941+0500] {processor.py:157} INFO - Started process (PID=65754) to work on /home/maemoon/Documents/MLOPS_Project/env/lib/python3.10/site-packages/airflow/example_dags/example_datasets.py
[2025-05-12T21:59:26.942+0500] {processor.py:829} INFO - Processing file /home/maemoon/Documents/MLOPS_Project/env/lib/python3.10/site-packages/airflow/example_dags/example_datasets.py for tasks to queue
[2025-05-12T21:59:26.943+0500] {logging_mixin.py:151} INFO - [2025-05-12T21:59:26.942+0500] {dagbag.py:536} INFO - Filling up the DagBag from /home/maemoon/Documents/MLOPS_Project/env/lib/python3.10/site-packages/airflow/example_dags/example_datasets.py
[2025-05-12T21:59:26.954+0500] {processor.py:839} INFO - DAG(s) dict_keys(['dataset_produces_2', 'dataset_consumes_1', 'dataset_consumes_1_never_scheduled', 'dataset_consumes_unknown_never_scheduled', 'dataset_consumes_1_and_2', 'dataset_produces_1']) retrieved from /home/maemoon/Documents/MLOPS_Project/env/lib/python3.10/site-packages/airflow/example_dags/example_datasets.py
[2025-05-12T21:59:26.984+0500] {logging_mixin.py:151} INFO - [2025-05-12T21:59:26.984+0500] {dag.py:2941} INFO - Sync 6 DAGs
[2025-05-12T21:59:27.007+0500] {logging_mixin.py:151} INFO - [2025-05-12T21:59:27.007+0500] {dag.py:3722} INFO - Setting next_dagrun for dataset_consumes_1 to None, run_after=None
[2025-05-12T21:59:27.010+0500] {logging_mixin.py:151} INFO - [2025-05-12T21:59:27.010+0500] {dag.py:3722} INFO - Setting next_dagrun for dataset_consumes_1_and_2 to None, run_after=None
[2025-05-12T21:59:27.011+0500] {logging_mixin.py:151} INFO - [2025-05-12T21:59:27.010+0500] {dag.py:3722} INFO - Setting next_dagrun for dataset_consumes_1_never_scheduled to None, run_after=None
[2025-05-12T21:59:27.011+0500] {logging_mixin.py:151} INFO - [2025-05-12T21:59:27.011+0500] {dag.py:3722} INFO - Setting next_dagrun for dataset_consumes_unknown_never_scheduled to None, run_after=None
[2025-05-12T21:59:27.015+0500] {logging_mixin.py:151} INFO - [2025-05-12T21:59:27.015+0500] {dag.py:3722} INFO - Setting next_dagrun for dataset_produces_1 to 2025-05-11T00:00:00+00:00, run_after=2025-05-12T00:00:00+00:00
[2025-05-12T21:59:27.017+0500] {logging_mixin.py:151} INFO - [2025-05-12T21:59:27.017+0500] {dag.py:3722} INFO - Setting next_dagrun for dataset_produces_2 to None, run_after=None
[2025-05-12T21:59:27.156+0500] {processor.py:179} INFO - Processing /home/maemoon/Documents/MLOPS_Project/env/lib/python3.10/site-packages/airflow/example_dags/example_datasets.py took 0.218 seconds
[2025-05-12T22:00:33.605+0500] {processor.py:157} INFO - Started process (PID=66052) to work on /home/maemoon/Documents/MLOPS_Project/env/lib/python3.10/site-packages/airflow/example_dags/example_datasets.py
[2025-05-12T22:00:33.616+0500] {processor.py:829} INFO - Processing file /home/maemoon/Documents/MLOPS_Project/env/lib/python3.10/site-packages/airflow/example_dags/example_datasets.py for tasks to queue
[2025-05-12T22:00:33.617+0500] {logging_mixin.py:151} INFO - [2025-05-12T22:00:33.617+0500] {dagbag.py:536} INFO - Filling up the DagBag from /home/maemoon/Documents/MLOPS_Project/env/lib/python3.10/site-packages/airflow/example_dags/example_datasets.py
[2025-05-12T22:00:33.625+0500] {processor.py:839} INFO - DAG(s) dict_keys(['dataset_produces_2', 'dataset_consumes_1_never_scheduled', 'dataset_consumes_1_and_2', 'dataset_produces_1', 'dataset_consumes_1', 'dataset_consumes_unknown_never_scheduled']) retrieved from /home/maemoon/Documents/MLOPS_Project/env/lib/python3.10/site-packages/airflow/example_dags/example_datasets.py
[2025-05-12T22:00:33.650+0500] {logging_mixin.py:151} INFO - [2025-05-12T22:00:33.650+0500] {dag.py:2941} INFO - Sync 6 DAGs
[2025-05-12T22:00:33.667+0500] {logging_mixin.py:151} INFO - [2025-05-12T22:00:33.667+0500] {dag.py:3722} INFO - Setting next_dagrun for dataset_consumes_1 to None, run_after=None
[2025-05-12T22:00:33.670+0500] {logging_mixin.py:151} INFO - [2025-05-12T22:00:33.670+0500] {dag.py:3722} INFO - Setting next_dagrun for dataset_consumes_1_and_2 to None, run_after=None
[2025-05-12T22:00:33.671+0500] {logging_mixin.py:151} INFO - [2025-05-12T22:00:33.671+0500] {dag.py:3722} INFO - Setting next_dagrun for dataset_consumes_1_never_scheduled to None, run_after=None
[2025-05-12T22:00:33.672+0500] {logging_mixin.py:151} INFO - [2025-05-12T22:00:33.671+0500] {dag.py:3722} INFO - Setting next_dagrun for dataset_consumes_unknown_never_scheduled to None, run_after=None
[2025-05-12T22:00:33.674+0500] {logging_mixin.py:151} INFO - [2025-05-12T22:00:33.673+0500] {dag.py:3722} INFO - Setting next_dagrun for dataset_produces_1 to 2025-05-11T00:00:00+00:00, run_after=2025-05-12T00:00:00+00:00
[2025-05-12T22:00:33.674+0500] {logging_mixin.py:151} INFO - [2025-05-12T22:00:33.674+0500] {dag.py:3722} INFO - Setting next_dagrun for dataset_produces_2 to None, run_after=None
[2025-05-12T22:00:33.808+0500] {processor.py:179} INFO - Processing /home/maemoon/Documents/MLOPS_Project/env/lib/python3.10/site-packages/airflow/example_dags/example_datasets.py took 0.204 seconds
[2025-05-12T22:01:40.156+0500] {processor.py:157} INFO - Started process (PID=66233) to work on /home/maemoon/Documents/MLOPS_Project/env/lib/python3.10/site-packages/airflow/example_dags/example_datasets.py
[2025-05-12T22:01:40.157+0500] {processor.py:829} INFO - Processing file /home/maemoon/Documents/MLOPS_Project/env/lib/python3.10/site-packages/airflow/example_dags/example_datasets.py for tasks to queue
[2025-05-12T22:01:40.158+0500] {logging_mixin.py:151} INFO - [2025-05-12T22:01:40.158+0500] {dagbag.py:536} INFO - Filling up the DagBag from /home/maemoon/Documents/MLOPS_Project/env/lib/python3.10/site-packages/airflow/example_dags/example_datasets.py
[2025-05-12T22:01:40.168+0500] {processor.py:839} INFO - DAG(s) dict_keys(['dataset_consumes_unknown_never_scheduled', 'dataset_produces_1', 'dataset_consumes_1_never_scheduled', 'dataset_produces_2', 'dataset_consumes_1', 'dataset_consumes_1_and_2']) retrieved from /home/maemoon/Documents/MLOPS_Project/env/lib/python3.10/site-packages/airflow/example_dags/example_datasets.py
[2025-05-12T22:01:40.198+0500] {logging_mixin.py:151} INFO - [2025-05-12T22:01:40.198+0500] {dag.py:2941} INFO - Sync 6 DAGs
[2025-05-12T22:01:40.218+0500] {logging_mixin.py:151} INFO - [2025-05-12T22:01:40.218+0500] {dag.py:3722} INFO - Setting next_dagrun for dataset_consumes_1 to None, run_after=None
[2025-05-12T22:01:40.220+0500] {logging_mixin.py:151} INFO - [2025-05-12T22:01:40.220+0500] {dag.py:3722} INFO - Setting next_dagrun for dataset_consumes_1_and_2 to None, run_after=None
[2025-05-12T22:01:40.222+0500] {logging_mixin.py:151} INFO - [2025-05-12T22:01:40.222+0500] {dag.py:3722} INFO - Setting next_dagrun for dataset_consumes_1_never_scheduled to None, run_after=None
[2025-05-12T22:01:40.224+0500] {logging_mixin.py:151} INFO - [2025-05-12T22:01:40.224+0500] {dag.py:3722} INFO - Setting next_dagrun for dataset_consumes_unknown_never_scheduled to None, run_after=None
[2025-05-12T22:01:40.227+0500] {logging_mixin.py:151} INFO - [2025-05-12T22:01:40.227+0500] {dag.py:3722} INFO - Setting next_dagrun for dataset_produces_1 to 2025-05-11T00:00:00+00:00, run_after=2025-05-12T00:00:00+00:00
[2025-05-12T22:01:40.229+0500] {logging_mixin.py:151} INFO - [2025-05-12T22:01:40.229+0500] {dag.py:3722} INFO - Setting next_dagrun for dataset_produces_2 to None, run_after=None
[2025-05-12T22:01:40.365+0500] {processor.py:179} INFO - Processing /home/maemoon/Documents/MLOPS_Project/env/lib/python3.10/site-packages/airflow/example_dags/example_datasets.py took 0.214 seconds
[2025-05-12T22:03:55.320+0500] {processor.py:157} INFO - Started process (PID=67349) to work on /home/maemoon/Documents/MLOPS_Project/env/lib/python3.10/site-packages/airflow/example_dags/example_datasets.py
[2025-05-12T22:03:55.333+0500] {processor.py:829} INFO - Processing file /home/maemoon/Documents/MLOPS_Project/env/lib/python3.10/site-packages/airflow/example_dags/example_datasets.py for tasks to queue
[2025-05-12T22:03:55.334+0500] {logging_mixin.py:151} INFO - [2025-05-12T22:03:55.333+0500] {dagbag.py:536} INFO - Filling up the DagBag from /home/maemoon/Documents/MLOPS_Project/env/lib/python3.10/site-packages/airflow/example_dags/example_datasets.py
[2025-05-12T22:03:55.342+0500] {processor.py:839} INFO - DAG(s) dict_keys(['dataset_produces_1', 'dataset_produces_2', 'dataset_consumes_unknown_never_scheduled', 'dataset_consumes_1', 'dataset_consumes_1_and_2', 'dataset_consumes_1_never_scheduled']) retrieved from /home/maemoon/Documents/MLOPS_Project/env/lib/python3.10/site-packages/airflow/example_dags/example_datasets.py
[2025-05-12T22:03:55.373+0500] {logging_mixin.py:151} INFO - [2025-05-12T22:03:55.373+0500] {dag.py:2941} INFO - Sync 6 DAGs
[2025-05-12T22:03:55.398+0500] {logging_mixin.py:151} INFO - [2025-05-12T22:03:55.397+0500] {dag.py:3722} INFO - Setting next_dagrun for dataset_consumes_1 to None, run_after=None
[2025-05-12T22:03:55.400+0500] {logging_mixin.py:151} INFO - [2025-05-12T22:03:55.400+0500] {dag.py:3722} INFO - Setting next_dagrun for dataset_consumes_1_and_2 to None, run_after=None
[2025-05-12T22:03:55.401+0500] {logging_mixin.py:151} INFO - [2025-05-12T22:03:55.401+0500] {dag.py:3722} INFO - Setting next_dagrun for dataset_consumes_1_never_scheduled to None, run_after=None
[2025-05-12T22:03:55.402+0500] {logging_mixin.py:151} INFO - [2025-05-12T22:03:55.402+0500] {dag.py:3722} INFO - Setting next_dagrun for dataset_consumes_unknown_never_scheduled to None, run_after=None
[2025-05-12T22:03:55.404+0500] {logging_mixin.py:151} INFO - [2025-05-12T22:03:55.404+0500] {dag.py:3722} INFO - Setting next_dagrun for dataset_produces_1 to 2025-05-11T00:00:00+00:00, run_after=2025-05-12T00:00:00+00:00
[2025-05-12T22:03:55.404+0500] {logging_mixin.py:151} INFO - [2025-05-12T22:03:55.404+0500] {dag.py:3722} INFO - Setting next_dagrun for dataset_produces_2 to None, run_after=None
[2025-05-12T22:03:55.535+0500] {processor.py:179} INFO - Processing /home/maemoon/Documents/MLOPS_Project/env/lib/python3.10/site-packages/airflow/example_dags/example_datasets.py took 0.217 seconds
[2025-05-12T22:04:52.215+0500] {processor.py:157} INFO - Started process (PID=67468) to work on /home/maemoon/Documents/MLOPS_Project/env/lib/python3.10/site-packages/airflow/example_dags/example_datasets.py
[2025-05-12T22:04:52.230+0500] {processor.py:829} INFO - Processing file /home/maemoon/Documents/MLOPS_Project/env/lib/python3.10/site-packages/airflow/example_dags/example_datasets.py for tasks to queue
[2025-05-12T22:04:52.231+0500] {logging_mixin.py:151} INFO - [2025-05-12T22:04:52.231+0500] {dagbag.py:536} INFO - Filling up the DagBag from /home/maemoon/Documents/MLOPS_Project/env/lib/python3.10/site-packages/airflow/example_dags/example_datasets.py
[2025-05-12T22:04:52.240+0500] {processor.py:839} INFO - DAG(s) dict_keys(['dataset_consumes_1_never_scheduled', 'dataset_consumes_1', 'dataset_consumes_1_and_2', 'dataset_consumes_unknown_never_scheduled', 'dataset_produces_2', 'dataset_produces_1']) retrieved from /home/maemoon/Documents/MLOPS_Project/env/lib/python3.10/site-packages/airflow/example_dags/example_datasets.py
[2025-05-12T22:04:52.268+0500] {logging_mixin.py:151} INFO - [2025-05-12T22:04:52.268+0500] {dag.py:2941} INFO - Sync 6 DAGs
[2025-05-12T22:04:52.288+0500] {logging_mixin.py:151} INFO - [2025-05-12T22:04:52.288+0500] {dag.py:3722} INFO - Setting next_dagrun for dataset_consumes_1 to None, run_after=None
[2025-05-12T22:04:52.291+0500] {logging_mixin.py:151} INFO - [2025-05-12T22:04:52.291+0500] {dag.py:3722} INFO - Setting next_dagrun for dataset_consumes_1_and_2 to None, run_after=None
[2025-05-12T22:04:52.293+0500] {logging_mixin.py:151} INFO - [2025-05-12T22:04:52.292+0500] {dag.py:3722} INFO - Setting next_dagrun for dataset_consumes_1_never_scheduled to None, run_after=None
[2025-05-12T22:04:52.294+0500] {logging_mixin.py:151} INFO - [2025-05-12T22:04:52.294+0500] {dag.py:3722} INFO - Setting next_dagrun for dataset_consumes_unknown_never_scheduled to None, run_after=None
[2025-05-12T22:04:52.298+0500] {logging_mixin.py:151} INFO - [2025-05-12T22:04:52.297+0500] {dag.py:3722} INFO - Setting next_dagrun for dataset_produces_1 to 2025-05-11T00:00:00+00:00, run_after=2025-05-12T00:00:00+00:00
[2025-05-12T22:04:52.300+0500] {logging_mixin.py:151} INFO - [2025-05-12T22:04:52.300+0500] {dag.py:3722} INFO - Setting next_dagrun for dataset_produces_2 to None, run_after=None
[2025-05-12T22:04:52.420+0500] {processor.py:179} INFO - Processing /home/maemoon/Documents/MLOPS_Project/env/lib/python3.10/site-packages/airflow/example_dags/example_datasets.py took 0.208 seconds
[2025-05-12T22:05:45.263+0500] {processor.py:157} INFO - Started process (PID=67646) to work on /home/maemoon/Documents/MLOPS_Project/env/lib/python3.10/site-packages/airflow/example_dags/example_datasets.py
[2025-05-12T22:05:45.264+0500] {processor.py:829} INFO - Processing file /home/maemoon/Documents/MLOPS_Project/env/lib/python3.10/site-packages/airflow/example_dags/example_datasets.py for tasks to queue
[2025-05-12T22:05:45.264+0500] {logging_mixin.py:151} INFO - [2025-05-12T22:05:45.264+0500] {dagbag.py:536} INFO - Filling up the DagBag from /home/maemoon/Documents/MLOPS_Project/env/lib/python3.10/site-packages/airflow/example_dags/example_datasets.py
[2025-05-12T22:05:45.272+0500] {processor.py:839} INFO - DAG(s) dict_keys(['dataset_consumes_1_and_2', 'dataset_produces_1', 'dataset_consumes_1', 'dataset_consumes_unknown_never_scheduled', 'dataset_produces_2', 'dataset_consumes_1_never_scheduled']) retrieved from /home/maemoon/Documents/MLOPS_Project/env/lib/python3.10/site-packages/airflow/example_dags/example_datasets.py
[2025-05-12T22:05:45.294+0500] {logging_mixin.py:151} INFO - [2025-05-12T22:05:45.294+0500] {dag.py:2941} INFO - Sync 6 DAGs
[2025-05-12T22:05:45.310+0500] {logging_mixin.py:151} INFO - [2025-05-12T22:05:45.310+0500] {dag.py:3722} INFO - Setting next_dagrun for dataset_consumes_1 to None, run_after=None
[2025-05-12T22:05:45.312+0500] {logging_mixin.py:151} INFO - [2025-05-12T22:05:45.312+0500] {dag.py:3722} INFO - Setting next_dagrun for dataset_consumes_1_and_2 to None, run_after=None
[2025-05-12T22:05:45.313+0500] {logging_mixin.py:151} INFO - [2025-05-12T22:05:45.313+0500] {dag.py:3722} INFO - Setting next_dagrun for dataset_consumes_1_never_scheduled to None, run_after=None
[2025-05-12T22:05:45.314+0500] {logging_mixin.py:151} INFO - [2025-05-12T22:05:45.314+0500] {dag.py:3722} INFO - Setting next_dagrun for dataset_consumes_unknown_never_scheduled to None, run_after=None
[2025-05-12T22:05:45.316+0500] {logging_mixin.py:151} INFO - [2025-05-12T22:05:45.316+0500] {dag.py:3722} INFO - Setting next_dagrun for dataset_produces_1 to 2025-05-11T00:00:00+00:00, run_after=2025-05-12T00:00:00+00:00
[2025-05-12T22:05:45.316+0500] {logging_mixin.py:151} INFO - [2025-05-12T22:05:45.316+0500] {dag.py:3722} INFO - Setting next_dagrun for dataset_produces_2 to None, run_after=None
[2025-05-12T22:05:45.435+0500] {processor.py:179} INFO - Processing /home/maemoon/Documents/MLOPS_Project/env/lib/python3.10/site-packages/airflow/example_dags/example_datasets.py took 0.175 seconds
[2025-05-12T22:06:56.007+0500] {processor.py:157} INFO - Started process (PID=67838) to work on /home/maemoon/Documents/MLOPS_Project/env/lib/python3.10/site-packages/airflow/example_dags/example_datasets.py
[2025-05-12T22:06:56.008+0500] {processor.py:829} INFO - Processing file /home/maemoon/Documents/MLOPS_Project/env/lib/python3.10/site-packages/airflow/example_dags/example_datasets.py for tasks to queue
[2025-05-12T22:06:56.008+0500] {logging_mixin.py:151} INFO - [2025-05-12T22:06:56.008+0500] {dagbag.py:536} INFO - Filling up the DagBag from /home/maemoon/Documents/MLOPS_Project/env/lib/python3.10/site-packages/airflow/example_dags/example_datasets.py
[2025-05-12T22:06:56.020+0500] {processor.py:839} INFO - DAG(s) dict_keys(['dataset_produces_2', 'dataset_produces_1', 'dataset_consumes_unknown_never_scheduled', 'dataset_consumes_1_never_scheduled', 'dataset_consumes_1_and_2', 'dataset_consumes_1']) retrieved from /home/maemoon/Documents/MLOPS_Project/env/lib/python3.10/site-packages/airflow/example_dags/example_datasets.py
[2025-05-12T22:06:56.062+0500] {logging_mixin.py:151} INFO - [2025-05-12T22:06:56.062+0500] {dag.py:2941} INFO - Sync 6 DAGs
[2025-05-12T22:06:56.086+0500] {logging_mixin.py:151} INFO - [2025-05-12T22:06:56.085+0500] {dag.py:3722} INFO - Setting next_dagrun for dataset_consumes_1 to None, run_after=None
[2025-05-12T22:06:56.088+0500] {logging_mixin.py:151} INFO - [2025-05-12T22:06:56.088+0500] {dag.py:3722} INFO - Setting next_dagrun for dataset_consumes_1_and_2 to None, run_after=None
[2025-05-12T22:06:56.089+0500] {logging_mixin.py:151} INFO - [2025-05-12T22:06:56.089+0500] {dag.py:3722} INFO - Setting next_dagrun for dataset_consumes_1_never_scheduled to None, run_after=None
[2025-05-12T22:06:56.089+0500] {logging_mixin.py:151} INFO - [2025-05-12T22:06:56.089+0500] {dag.py:3722} INFO - Setting next_dagrun for dataset_consumes_unknown_never_scheduled to None, run_after=None
[2025-05-12T22:06:56.091+0500] {logging_mixin.py:151} INFO - [2025-05-12T22:06:56.091+0500] {dag.py:3722} INFO - Setting next_dagrun for dataset_produces_1 to 2025-05-11T00:00:00+00:00, run_after=2025-05-12T00:00:00+00:00
[2025-05-12T22:06:56.092+0500] {logging_mixin.py:151} INFO - [2025-05-12T22:06:56.092+0500] {dag.py:3722} INFO - Setting next_dagrun for dataset_produces_2 to None, run_after=None
[2025-05-12T22:06:56.277+0500] {processor.py:179} INFO - Processing /home/maemoon/Documents/MLOPS_Project/env/lib/python3.10/site-packages/airflow/example_dags/example_datasets.py took 0.273 seconds
[2025-05-12T22:07:49.945+0500] {processor.py:157} INFO - Started process (PID=67984) to work on /home/maemoon/Documents/MLOPS_Project/env/lib/python3.10/site-packages/airflow/example_dags/example_datasets.py
[2025-05-12T22:07:49.946+0500] {processor.py:829} INFO - Processing file /home/maemoon/Documents/MLOPS_Project/env/lib/python3.10/site-packages/airflow/example_dags/example_datasets.py for tasks to queue
[2025-05-12T22:07:49.947+0500] {logging_mixin.py:151} INFO - [2025-05-12T22:07:49.947+0500] {dagbag.py:536} INFO - Filling up the DagBag from /home/maemoon/Documents/MLOPS_Project/env/lib/python3.10/site-packages/airflow/example_dags/example_datasets.py
[2025-05-12T22:07:49.957+0500] {processor.py:839} INFO - DAG(s) dict_keys(['dataset_produces_2', 'dataset_consumes_1_never_scheduled', 'dataset_produces_1', 'dataset_consumes_unknown_never_scheduled', 'dataset_consumes_1_and_2', 'dataset_consumes_1']) retrieved from /home/maemoon/Documents/MLOPS_Project/env/lib/python3.10/site-packages/airflow/example_dags/example_datasets.py
[2025-05-12T22:07:49.983+0500] {logging_mixin.py:151} INFO - [2025-05-12T22:07:49.983+0500] {dag.py:2941} INFO - Sync 6 DAGs
[2025-05-12T22:07:50.001+0500] {logging_mixin.py:151} INFO - [2025-05-12T22:07:50.001+0500] {dag.py:3722} INFO - Setting next_dagrun for dataset_consumes_1 to None, run_after=None
[2025-05-12T22:07:50.004+0500] {logging_mixin.py:151} INFO - [2025-05-12T22:07:50.004+0500] {dag.py:3722} INFO - Setting next_dagrun for dataset_consumes_1_and_2 to None, run_after=None
[2025-05-12T22:07:50.005+0500] {logging_mixin.py:151} INFO - [2025-05-12T22:07:50.005+0500] {dag.py:3722} INFO - Setting next_dagrun for dataset_consumes_1_never_scheduled to None, run_after=None
[2025-05-12T22:07:50.006+0500] {logging_mixin.py:151} INFO - [2025-05-12T22:07:50.006+0500] {dag.py:3722} INFO - Setting next_dagrun for dataset_consumes_unknown_never_scheduled to None, run_after=None
[2025-05-12T22:07:50.008+0500] {logging_mixin.py:151} INFO - [2025-05-12T22:07:50.008+0500] {dag.py:3722} INFO - Setting next_dagrun for dataset_produces_1 to 2025-05-11T00:00:00+00:00, run_after=2025-05-12T00:00:00+00:00
[2025-05-12T22:07:50.010+0500] {logging_mixin.py:151} INFO - [2025-05-12T22:07:50.009+0500] {dag.py:3722} INFO - Setting next_dagrun for dataset_produces_2 to None, run_after=None
[2025-05-12T22:07:50.154+0500] {processor.py:179} INFO - Processing /home/maemoon/Documents/MLOPS_Project/env/lib/python3.10/site-packages/airflow/example_dags/example_datasets.py took 0.212 seconds
[2025-05-12T22:08:44.639+0500] {processor.py:157} INFO - Started process (PID=68082) to work on /home/maemoon/Documents/MLOPS_Project/env/lib/python3.10/site-packages/airflow/example_dags/example_datasets.py
[2025-05-12T22:08:44.640+0500] {processor.py:829} INFO - Processing file /home/maemoon/Documents/MLOPS_Project/env/lib/python3.10/site-packages/airflow/example_dags/example_datasets.py for tasks to queue
[2025-05-12T22:08:44.641+0500] {logging_mixin.py:151} INFO - [2025-05-12T22:08:44.641+0500] {dagbag.py:536} INFO - Filling up the DagBag from /home/maemoon/Documents/MLOPS_Project/env/lib/python3.10/site-packages/airflow/example_dags/example_datasets.py
[2025-05-12T22:08:44.648+0500] {processor.py:839} INFO - DAG(s) dict_keys(['dataset_consumes_1', 'dataset_consumes_unknown_never_scheduled', 'dataset_produces_2', 'dataset_consumes_1_and_2', 'dataset_consumes_1_never_scheduled', 'dataset_produces_1']) retrieved from /home/maemoon/Documents/MLOPS_Project/env/lib/python3.10/site-packages/airflow/example_dags/example_datasets.py
[2025-05-12T22:08:44.670+0500] {logging_mixin.py:151} INFO - [2025-05-12T22:08:44.670+0500] {dag.py:2941} INFO - Sync 6 DAGs
[2025-05-12T22:08:44.686+0500] {logging_mixin.py:151} INFO - [2025-05-12T22:08:44.686+0500] {dag.py:3722} INFO - Setting next_dagrun for dataset_consumes_1 to None, run_after=None
[2025-05-12T22:08:44.688+0500] {logging_mixin.py:151} INFO - [2025-05-12T22:08:44.688+0500] {dag.py:3722} INFO - Setting next_dagrun for dataset_consumes_1_and_2 to None, run_after=None
[2025-05-12T22:08:44.689+0500] {logging_mixin.py:151} INFO - [2025-05-12T22:08:44.689+0500] {dag.py:3722} INFO - Setting next_dagrun for dataset_consumes_1_never_scheduled to None, run_after=None
[2025-05-12T22:08:44.689+0500] {logging_mixin.py:151} INFO - [2025-05-12T22:08:44.689+0500] {dag.py:3722} INFO - Setting next_dagrun for dataset_consumes_unknown_never_scheduled to None, run_after=None
[2025-05-12T22:08:44.691+0500] {logging_mixin.py:151} INFO - [2025-05-12T22:08:44.691+0500] {dag.py:3722} INFO - Setting next_dagrun for dataset_produces_1 to 2025-05-11T00:00:00+00:00, run_after=2025-05-12T00:00:00+00:00
[2025-05-12T22:08:44.692+0500] {logging_mixin.py:151} INFO - [2025-05-12T22:08:44.692+0500] {dag.py:3722} INFO - Setting next_dagrun for dataset_produces_2 to None, run_after=None
[2025-05-12T22:08:44.815+0500] {processor.py:179} INFO - Processing /home/maemoon/Documents/MLOPS_Project/env/lib/python3.10/site-packages/airflow/example_dags/example_datasets.py took 0.178 seconds
[2025-05-12T22:09:57.049+0500] {processor.py:157} INFO - Started process (PID=68239) to work on /home/maemoon/Documents/MLOPS_Project/env/lib/python3.10/site-packages/airflow/example_dags/example_datasets.py
[2025-05-12T22:09:57.061+0500] {processor.py:829} INFO - Processing file /home/maemoon/Documents/MLOPS_Project/env/lib/python3.10/site-packages/airflow/example_dags/example_datasets.py for tasks to queue
[2025-05-12T22:09:57.062+0500] {logging_mixin.py:151} INFO - [2025-05-12T22:09:57.062+0500] {dagbag.py:536} INFO - Filling up the DagBag from /home/maemoon/Documents/MLOPS_Project/env/lib/python3.10/site-packages/airflow/example_dags/example_datasets.py
[2025-05-12T22:09:57.071+0500] {processor.py:839} INFO - DAG(s) dict_keys(['dataset_produces_1', 'dataset_produces_2', 'dataset_consumes_1_never_scheduled', 'dataset_consumes_1_and_2', 'dataset_consumes_unknown_never_scheduled', 'dataset_consumes_1']) retrieved from /home/maemoon/Documents/MLOPS_Project/env/lib/python3.10/site-packages/airflow/example_dags/example_datasets.py
[2025-05-12T22:09:57.102+0500] {logging_mixin.py:151} INFO - [2025-05-12T22:09:57.102+0500] {dag.py:2941} INFO - Sync 6 DAGs
[2025-05-12T22:09:57.118+0500] {logging_mixin.py:151} INFO - [2025-05-12T22:09:57.118+0500] {dag.py:3722} INFO - Setting next_dagrun for dataset_consumes_1 to None, run_after=None
[2025-05-12T22:09:57.120+0500] {logging_mixin.py:151} INFO - [2025-05-12T22:09:57.120+0500] {dag.py:3722} INFO - Setting next_dagrun for dataset_consumes_1_and_2 to None, run_after=None
[2025-05-12T22:09:57.121+0500] {logging_mixin.py:151} INFO - [2025-05-12T22:09:57.121+0500] {dag.py:3722} INFO - Setting next_dagrun for dataset_consumes_1_never_scheduled to None, run_after=None
[2025-05-12T22:09:57.122+0500] {logging_mixin.py:151} INFO - [2025-05-12T22:09:57.122+0500] {dag.py:3722} INFO - Setting next_dagrun for dataset_consumes_unknown_never_scheduled to None, run_after=None
[2025-05-12T22:09:57.124+0500] {logging_mixin.py:151} INFO - [2025-05-12T22:09:57.124+0500] {dag.py:3722} INFO - Setting next_dagrun for dataset_produces_1 to 2025-05-11T00:00:00+00:00, run_after=2025-05-12T00:00:00+00:00
[2025-05-12T22:09:57.125+0500] {logging_mixin.py:151} INFO - [2025-05-12T22:09:57.125+0500] {dag.py:3722} INFO - Setting next_dagrun for dataset_produces_2 to None, run_after=None
[2025-05-12T22:09:57.244+0500] {processor.py:179} INFO - Processing /home/maemoon/Documents/MLOPS_Project/env/lib/python3.10/site-packages/airflow/example_dags/example_datasets.py took 0.197 seconds
[2025-05-12T22:10:51.688+0500] {processor.py:157} INFO - Started process (PID=68572) to work on /home/maemoon/Documents/MLOPS_Project/env/lib/python3.10/site-packages/airflow/example_dags/example_datasets.py
[2025-05-12T22:10:51.689+0500] {processor.py:829} INFO - Processing file /home/maemoon/Documents/MLOPS_Project/env/lib/python3.10/site-packages/airflow/example_dags/example_datasets.py for tasks to queue
[2025-05-12T22:10:51.690+0500] {logging_mixin.py:151} INFO - [2025-05-12T22:10:51.689+0500] {dagbag.py:536} INFO - Filling up the DagBag from /home/maemoon/Documents/MLOPS_Project/env/lib/python3.10/site-packages/airflow/example_dags/example_datasets.py
[2025-05-12T22:10:51.697+0500] {processor.py:839} INFO - DAG(s) dict_keys(['dataset_consumes_1_and_2', 'dataset_produces_2', 'dataset_consumes_unknown_never_scheduled', 'dataset_consumes_1', 'dataset_consumes_1_never_scheduled', 'dataset_produces_1']) retrieved from /home/maemoon/Documents/MLOPS_Project/env/lib/python3.10/site-packages/airflow/example_dags/example_datasets.py
[2025-05-12T22:10:51.719+0500] {logging_mixin.py:151} INFO - [2025-05-12T22:10:51.719+0500] {dag.py:2941} INFO - Sync 6 DAGs
[2025-05-12T22:10:51.735+0500] {logging_mixin.py:151} INFO - [2025-05-12T22:10:51.735+0500] {dag.py:3722} INFO - Setting next_dagrun for dataset_consumes_1 to None, run_after=None
[2025-05-12T22:10:51.737+0500] {logging_mixin.py:151} INFO - [2025-05-12T22:10:51.737+0500] {dag.py:3722} INFO - Setting next_dagrun for dataset_consumes_1_and_2 to None, run_after=None
[2025-05-12T22:10:51.738+0500] {logging_mixin.py:151} INFO - [2025-05-12T22:10:51.738+0500] {dag.py:3722} INFO - Setting next_dagrun for dataset_consumes_1_never_scheduled to None, run_after=None
[2025-05-12T22:10:51.738+0500] {logging_mixin.py:151} INFO - [2025-05-12T22:10:51.738+0500] {dag.py:3722} INFO - Setting next_dagrun for dataset_consumes_unknown_never_scheduled to None, run_after=None
[2025-05-12T22:10:51.740+0500] {logging_mixin.py:151} INFO - [2025-05-12T22:10:51.740+0500] {dag.py:3722} INFO - Setting next_dagrun for dataset_produces_1 to 2025-05-11T00:00:00+00:00, run_after=2025-05-12T00:00:00+00:00
[2025-05-12T22:10:51.741+0500] {logging_mixin.py:151} INFO - [2025-05-12T22:10:51.741+0500] {dag.py:3722} INFO - Setting next_dagrun for dataset_produces_2 to None, run_after=None
[2025-05-12T22:10:51.864+0500] {processor.py:179} INFO - Processing /home/maemoon/Documents/MLOPS_Project/env/lib/python3.10/site-packages/airflow/example_dags/example_datasets.py took 0.178 seconds
[2025-05-12T22:11:44.782+0500] {processor.py:157} INFO - Started process (PID=68654) to work on /home/maemoon/Documents/MLOPS_Project/env/lib/python3.10/site-packages/airflow/example_dags/example_datasets.py
[2025-05-12T22:11:44.783+0500] {processor.py:829} INFO - Processing file /home/maemoon/Documents/MLOPS_Project/env/lib/python3.10/site-packages/airflow/example_dags/example_datasets.py for tasks to queue
[2025-05-12T22:11:44.783+0500] {logging_mixin.py:151} INFO - [2025-05-12T22:11:44.783+0500] {dagbag.py:536} INFO - Filling up the DagBag from /home/maemoon/Documents/MLOPS_Project/env/lib/python3.10/site-packages/airflow/example_dags/example_datasets.py
[2025-05-12T22:11:44.791+0500] {processor.py:839} INFO - DAG(s) dict_keys(['dataset_consumes_1_never_scheduled', 'dataset_produces_2', 'dataset_consumes_unknown_never_scheduled', 'dataset_produces_1', 'dataset_consumes_1', 'dataset_consumes_1_and_2']) retrieved from /home/maemoon/Documents/MLOPS_Project/env/lib/python3.10/site-packages/airflow/example_dags/example_datasets.py
[2025-05-12T22:11:44.813+0500] {logging_mixin.py:151} INFO - [2025-05-12T22:11:44.812+0500] {dag.py:2941} INFO - Sync 6 DAGs
[2025-05-12T22:11:44.828+0500] {logging_mixin.py:151} INFO - [2025-05-12T22:11:44.828+0500] {dag.py:3722} INFO - Setting next_dagrun for dataset_consumes_1 to None, run_after=None
[2025-05-12T22:11:44.831+0500] {logging_mixin.py:151} INFO - [2025-05-12T22:11:44.830+0500] {dag.py:3722} INFO - Setting next_dagrun for dataset_consumes_1_and_2 to None, run_after=None
[2025-05-12T22:11:44.831+0500] {logging_mixin.py:151} INFO - [2025-05-12T22:11:44.831+0500] {dag.py:3722} INFO - Setting next_dagrun for dataset_consumes_1_never_scheduled to None, run_after=None
[2025-05-12T22:11:44.832+0500] {logging_mixin.py:151} INFO - [2025-05-12T22:11:44.832+0500] {dag.py:3722} INFO - Setting next_dagrun for dataset_consumes_unknown_never_scheduled to None, run_after=None
[2025-05-12T22:11:44.834+0500] {logging_mixin.py:151} INFO - [2025-05-12T22:11:44.834+0500] {dag.py:3722} INFO - Setting next_dagrun for dataset_produces_1 to 2025-05-11T00:00:00+00:00, run_after=2025-05-12T00:00:00+00:00
[2025-05-12T22:11:44.836+0500] {logging_mixin.py:151} INFO - [2025-05-12T22:11:44.835+0500] {dag.py:3722} INFO - Setting next_dagrun for dataset_produces_2 to None, run_after=None
[2025-05-12T22:11:44.939+0500] {processor.py:179} INFO - Processing /home/maemoon/Documents/MLOPS_Project/env/lib/python3.10/site-packages/airflow/example_dags/example_datasets.py took 0.160 seconds
[2025-05-12T22:12:57.544+0500] {processor.py:157} INFO - Started process (PID=68815) to work on /home/maemoon/Documents/MLOPS_Project/env/lib/python3.10/site-packages/airflow/example_dags/example_datasets.py
[2025-05-12T22:12:57.545+0500] {processor.py:829} INFO - Processing file /home/maemoon/Documents/MLOPS_Project/env/lib/python3.10/site-packages/airflow/example_dags/example_datasets.py for tasks to queue
[2025-05-12T22:12:57.546+0500] {logging_mixin.py:151} INFO - [2025-05-12T22:12:57.546+0500] {dagbag.py:536} INFO - Filling up the DagBag from /home/maemoon/Documents/MLOPS_Project/env/lib/python3.10/site-packages/airflow/example_dags/example_datasets.py
[2025-05-12T22:12:57.553+0500] {processor.py:839} INFO - DAG(s) dict_keys(['dataset_consumes_1_and_2', 'dataset_consumes_unknown_never_scheduled', 'dataset_consumes_1', 'dataset_produces_1', 'dataset_produces_2', 'dataset_consumes_1_never_scheduled']) retrieved from /home/maemoon/Documents/MLOPS_Project/env/lib/python3.10/site-packages/airflow/example_dags/example_datasets.py
[2025-05-12T22:12:57.575+0500] {logging_mixin.py:151} INFO - [2025-05-12T22:12:57.575+0500] {dag.py:2941} INFO - Sync 6 DAGs
[2025-05-12T22:12:57.590+0500] {logging_mixin.py:151} INFO - [2025-05-12T22:12:57.590+0500] {dag.py:3722} INFO - Setting next_dagrun for dataset_consumes_1 to None, run_after=None
[2025-05-12T22:12:57.593+0500] {logging_mixin.py:151} INFO - [2025-05-12T22:12:57.593+0500] {dag.py:3722} INFO - Setting next_dagrun for dataset_consumes_1_and_2 to None, run_after=None
[2025-05-12T22:12:57.593+0500] {logging_mixin.py:151} INFO - [2025-05-12T22:12:57.593+0500] {dag.py:3722} INFO - Setting next_dagrun for dataset_consumes_1_never_scheduled to None, run_after=None
[2025-05-12T22:12:57.594+0500] {logging_mixin.py:151} INFO - [2025-05-12T22:12:57.594+0500] {dag.py:3722} INFO - Setting next_dagrun for dataset_consumes_unknown_never_scheduled to None, run_after=None
[2025-05-12T22:12:57.596+0500] {logging_mixin.py:151} INFO - [2025-05-12T22:12:57.596+0500] {dag.py:3722} INFO - Setting next_dagrun for dataset_produces_1 to 2025-05-11T00:00:00+00:00, run_after=2025-05-12T00:00:00+00:00
[2025-05-12T22:12:57.597+0500] {logging_mixin.py:151} INFO - [2025-05-12T22:12:57.597+0500] {dag.py:3722} INFO - Setting next_dagrun for dataset_produces_2 to None, run_after=None
[2025-05-12T22:12:57.713+0500] {processor.py:179} INFO - Processing /home/maemoon/Documents/MLOPS_Project/env/lib/python3.10/site-packages/airflow/example_dags/example_datasets.py took 0.171 seconds
[2025-05-12T22:13:48.587+0500] {processor.py:157} INFO - Started process (PID=68888) to work on /home/maemoon/Documents/MLOPS_Project/env/lib/python3.10/site-packages/airflow/example_dags/example_datasets.py
[2025-05-12T22:13:48.602+0500] {processor.py:829} INFO - Processing file /home/maemoon/Documents/MLOPS_Project/env/lib/python3.10/site-packages/airflow/example_dags/example_datasets.py for tasks to queue
[2025-05-12T22:13:48.603+0500] {logging_mixin.py:151} INFO - [2025-05-12T22:13:48.603+0500] {dagbag.py:536} INFO - Filling up the DagBag from /home/maemoon/Documents/MLOPS_Project/env/lib/python3.10/site-packages/airflow/example_dags/example_datasets.py
[2025-05-12T22:13:48.611+0500] {processor.py:839} INFO - DAG(s) dict_keys(['dataset_produces_1', 'dataset_consumes_1_never_scheduled', 'dataset_consumes_1_and_2', 'dataset_consumes_unknown_never_scheduled', 'dataset_consumes_1', 'dataset_produces_2']) retrieved from /home/maemoon/Documents/MLOPS_Project/env/lib/python3.10/site-packages/airflow/example_dags/example_datasets.py
[2025-05-12T22:13:48.632+0500] {logging_mixin.py:151} INFO - [2025-05-12T22:13:48.632+0500] {dag.py:2941} INFO - Sync 6 DAGs
[2025-05-12T22:13:48.649+0500] {logging_mixin.py:151} INFO - [2025-05-12T22:13:48.649+0500] {dag.py:3722} INFO - Setting next_dagrun for dataset_consumes_1 to None, run_after=None
[2025-05-12T22:13:48.651+0500] {logging_mixin.py:151} INFO - [2025-05-12T22:13:48.651+0500] {dag.py:3722} INFO - Setting next_dagrun for dataset_consumes_1_and_2 to None, run_after=None
[2025-05-12T22:13:48.652+0500] {logging_mixin.py:151} INFO - [2025-05-12T22:13:48.652+0500] {dag.py:3722} INFO - Setting next_dagrun for dataset_consumes_1_never_scheduled to None, run_after=None
[2025-05-12T22:13:48.653+0500] {logging_mixin.py:151} INFO - [2025-05-12T22:13:48.653+0500] {dag.py:3722} INFO - Setting next_dagrun for dataset_consumes_unknown_never_scheduled to None, run_after=None
[2025-05-12T22:13:48.655+0500] {logging_mixin.py:151} INFO - [2025-05-12T22:13:48.655+0500] {dag.py:3722} INFO - Setting next_dagrun for dataset_produces_1 to 2025-05-11T00:00:00+00:00, run_after=2025-05-12T00:00:00+00:00
[2025-05-12T22:13:48.655+0500] {logging_mixin.py:151} INFO - [2025-05-12T22:13:48.655+0500] {dag.py:3722} INFO - Setting next_dagrun for dataset_produces_2 to None, run_after=None
[2025-05-12T22:13:48.778+0500] {processor.py:179} INFO - Processing /home/maemoon/Documents/MLOPS_Project/env/lib/python3.10/site-packages/airflow/example_dags/example_datasets.py took 0.193 seconds
[2025-05-12T22:15:00.792+0500] {processor.py:157} INFO - Started process (PID=69011) to work on /home/maemoon/Documents/MLOPS_Project/env/lib/python3.10/site-packages/airflow/example_dags/example_datasets.py
[2025-05-12T22:15:00.810+0500] {processor.py:829} INFO - Processing file /home/maemoon/Documents/MLOPS_Project/env/lib/python3.10/site-packages/airflow/example_dags/example_datasets.py for tasks to queue
[2025-05-12T22:15:00.812+0500] {logging_mixin.py:151} INFO - [2025-05-12T22:15:00.811+0500] {dagbag.py:536} INFO - Filling up the DagBag from /home/maemoon/Documents/MLOPS_Project/env/lib/python3.10/site-packages/airflow/example_dags/example_datasets.py
[2025-05-12T22:15:00.827+0500] {processor.py:839} INFO - DAG(s) dict_keys(['dataset_produces_1', 'dataset_consumes_1_never_scheduled', 'dataset_consumes_1', 'dataset_consumes_1_and_2', 'dataset_consumes_unknown_never_scheduled', 'dataset_produces_2']) retrieved from /home/maemoon/Documents/MLOPS_Project/env/lib/python3.10/site-packages/airflow/example_dags/example_datasets.py
[2025-05-12T22:15:00.866+0500] {logging_mixin.py:151} INFO - [2025-05-12T22:15:00.865+0500] {dag.py:2941} INFO - Sync 6 DAGs
[2025-05-12T22:15:00.892+0500] {logging_mixin.py:151} INFO - [2025-05-12T22:15:00.892+0500] {dag.py:3722} INFO - Setting next_dagrun for dataset_consumes_1 to None, run_after=None
[2025-05-12T22:15:00.897+0500] {logging_mixin.py:151} INFO - [2025-05-12T22:15:00.897+0500] {dag.py:3722} INFO - Setting next_dagrun for dataset_consumes_1_and_2 to None, run_after=None
[2025-05-12T22:15:00.898+0500] {logging_mixin.py:151} INFO - [2025-05-12T22:15:00.898+0500] {dag.py:3722} INFO - Setting next_dagrun for dataset_consumes_1_never_scheduled to None, run_after=None
[2025-05-12T22:15:00.900+0500] {logging_mixin.py:151} INFO - [2025-05-12T22:15:00.899+0500] {dag.py:3722} INFO - Setting next_dagrun for dataset_consumes_unknown_never_scheduled to None, run_after=None
[2025-05-12T22:15:00.903+0500] {logging_mixin.py:151} INFO - [2025-05-12T22:15:00.902+0500] {dag.py:3722} INFO - Setting next_dagrun for dataset_produces_1 to 2025-05-11T00:00:00+00:00, run_after=2025-05-12T00:00:00+00:00
[2025-05-12T22:15:00.904+0500] {logging_mixin.py:151} INFO - [2025-05-12T22:15:00.904+0500] {dag.py:3722} INFO - Setting next_dagrun for dataset_produces_2 to None, run_after=None
[2025-05-12T22:15:01.133+0500] {processor.py:179} INFO - Processing /home/maemoon/Documents/MLOPS_Project/env/lib/python3.10/site-packages/airflow/example_dags/example_datasets.py took 0.345 seconds
[2025-05-12T22:15:55.062+0500] {processor.py:157} INFO - Started process (PID=69101) to work on /home/maemoon/Documents/MLOPS_Project/env/lib/python3.10/site-packages/airflow/example_dags/example_datasets.py
[2025-05-12T22:15:55.075+0500] {processor.py:829} INFO - Processing file /home/maemoon/Documents/MLOPS_Project/env/lib/python3.10/site-packages/airflow/example_dags/example_datasets.py for tasks to queue
[2025-05-12T22:15:55.078+0500] {logging_mixin.py:151} INFO - [2025-05-12T22:15:55.075+0500] {dagbag.py:536} INFO - Filling up the DagBag from /home/maemoon/Documents/MLOPS_Project/env/lib/python3.10/site-packages/airflow/example_dags/example_datasets.py
[2025-05-12T22:15:55.096+0500] {processor.py:839} INFO - DAG(s) dict_keys(['dataset_produces_2', 'dataset_produces_1', 'dataset_consumes_1', 'dataset_consumes_unknown_never_scheduled', 'dataset_consumes_1_never_scheduled', 'dataset_consumes_1_and_2']) retrieved from /home/maemoon/Documents/MLOPS_Project/env/lib/python3.10/site-packages/airflow/example_dags/example_datasets.py
[2025-05-12T22:15:55.158+0500] {logging_mixin.py:151} INFO - [2025-05-12T22:15:55.158+0500] {dag.py:2941} INFO - Sync 6 DAGs
[2025-05-12T22:15:55.202+0500] {logging_mixin.py:151} INFO - [2025-05-12T22:15:55.201+0500] {dag.py:3722} INFO - Setting next_dagrun for dataset_consumes_1 to None, run_after=None
[2025-05-12T22:15:55.206+0500] {logging_mixin.py:151} INFO - [2025-05-12T22:15:55.206+0500] {dag.py:3722} INFO - Setting next_dagrun for dataset_consumes_1_and_2 to None, run_after=None
[2025-05-12T22:15:55.208+0500] {logging_mixin.py:151} INFO - [2025-05-12T22:15:55.208+0500] {dag.py:3722} INFO - Setting next_dagrun for dataset_consumes_1_never_scheduled to None, run_after=None
[2025-05-12T22:15:55.209+0500] {logging_mixin.py:151} INFO - [2025-05-12T22:15:55.209+0500] {dag.py:3722} INFO - Setting next_dagrun for dataset_consumes_unknown_never_scheduled to None, run_after=None
[2025-05-12T22:15:55.212+0500] {logging_mixin.py:151} INFO - [2025-05-12T22:15:55.211+0500] {dag.py:3722} INFO - Setting next_dagrun for dataset_produces_1 to 2025-05-11T00:00:00+00:00, run_after=2025-05-12T00:00:00+00:00
[2025-05-12T22:15:55.213+0500] {logging_mixin.py:151} INFO - [2025-05-12T22:15:55.213+0500] {dag.py:3722} INFO - Setting next_dagrun for dataset_produces_2 to None, run_after=None
[2025-05-12T22:15:55.328+0500] {processor.py:179} INFO - Processing /home/maemoon/Documents/MLOPS_Project/env/lib/python3.10/site-packages/airflow/example_dags/example_datasets.py took 0.271 seconds
[2025-05-12T22:16:48.833+0500] {processor.py:157} INFO - Started process (PID=69250) to work on /home/maemoon/Documents/MLOPS_Project/env/lib/python3.10/site-packages/airflow/example_dags/example_datasets.py
[2025-05-12T22:16:48.851+0500] {processor.py:829} INFO - Processing file /home/maemoon/Documents/MLOPS_Project/env/lib/python3.10/site-packages/airflow/example_dags/example_datasets.py for tasks to queue
[2025-05-12T22:16:48.852+0500] {logging_mixin.py:151} INFO - [2025-05-12T22:16:48.851+0500] {dagbag.py:536} INFO - Filling up the DagBag from /home/maemoon/Documents/MLOPS_Project/env/lib/python3.10/site-packages/airflow/example_dags/example_datasets.py
[2025-05-12T22:16:48.860+0500] {processor.py:839} INFO - DAG(s) dict_keys(['dataset_consumes_1_and_2', 'dataset_consumes_unknown_never_scheduled', 'dataset_consumes_1', 'dataset_produces_1', 'dataset_consumes_1_never_scheduled', 'dataset_produces_2']) retrieved from /home/maemoon/Documents/MLOPS_Project/env/lib/python3.10/site-packages/airflow/example_dags/example_datasets.py
[2025-05-12T22:16:48.885+0500] {logging_mixin.py:151} INFO - [2025-05-12T22:16:48.885+0500] {dag.py:2941} INFO - Sync 6 DAGs
[2025-05-12T22:16:48.902+0500] {logging_mixin.py:151} INFO - [2025-05-12T22:16:48.902+0500] {dag.py:3722} INFO - Setting next_dagrun for dataset_consumes_1 to None, run_after=None
[2025-05-12T22:16:48.905+0500] {logging_mixin.py:151} INFO - [2025-05-12T22:16:48.904+0500] {dag.py:3722} INFO - Setting next_dagrun for dataset_consumes_1_and_2 to None, run_after=None
[2025-05-12T22:16:48.906+0500] {logging_mixin.py:151} INFO - [2025-05-12T22:16:48.905+0500] {dag.py:3722} INFO - Setting next_dagrun for dataset_consumes_1_never_scheduled to None, run_after=None
[2025-05-12T22:16:48.906+0500] {logging_mixin.py:151} INFO - [2025-05-12T22:16:48.906+0500] {dag.py:3722} INFO - Setting next_dagrun for dataset_consumes_unknown_never_scheduled to None, run_after=None
[2025-05-12T22:16:48.908+0500] {logging_mixin.py:151} INFO - [2025-05-12T22:16:48.908+0500] {dag.py:3722} INFO - Setting next_dagrun for dataset_produces_1 to 2025-05-11T00:00:00+00:00, run_after=2025-05-12T00:00:00+00:00
[2025-05-12T22:16:48.909+0500] {logging_mixin.py:151} INFO - [2025-05-12T22:16:48.909+0500] {dag.py:3722} INFO - Setting next_dagrun for dataset_produces_2 to None, run_after=None
[2025-05-12T22:16:49.013+0500] {processor.py:179} INFO - Processing /home/maemoon/Documents/MLOPS_Project/env/lib/python3.10/site-packages/airflow/example_dags/example_datasets.py took 0.182 seconds
[2025-05-12T22:17:42.552+0500] {processor.py:157} INFO - Started process (PID=69399) to work on /home/maemoon/Documents/MLOPS_Project/env/lib/python3.10/site-packages/airflow/example_dags/example_datasets.py
[2025-05-12T22:17:42.570+0500] {processor.py:829} INFO - Processing file /home/maemoon/Documents/MLOPS_Project/env/lib/python3.10/site-packages/airflow/example_dags/example_datasets.py for tasks to queue
[2025-05-12T22:17:42.571+0500] {logging_mixin.py:151} INFO - [2025-05-12T22:17:42.571+0500] {dagbag.py:536} INFO - Filling up the DagBag from /home/maemoon/Documents/MLOPS_Project/env/lib/python3.10/site-packages/airflow/example_dags/example_datasets.py
[2025-05-12T22:17:42.579+0500] {processor.py:839} INFO - DAG(s) dict_keys(['dataset_consumes_unknown_never_scheduled', 'dataset_produces_1', 'dataset_consumes_1', 'dataset_produces_2', 'dataset_consumes_1_and_2', 'dataset_consumes_1_never_scheduled']) retrieved from /home/maemoon/Documents/MLOPS_Project/env/lib/python3.10/site-packages/airflow/example_dags/example_datasets.py
[2025-05-12T22:17:42.602+0500] {logging_mixin.py:151} INFO - [2025-05-12T22:17:42.601+0500] {dag.py:2941} INFO - Sync 6 DAGs
[2025-05-12T22:17:42.620+0500] {logging_mixin.py:151} INFO - [2025-05-12T22:17:42.620+0500] {dag.py:3722} INFO - Setting next_dagrun for dataset_consumes_1 to None, run_after=None
[2025-05-12T22:17:42.622+0500] {logging_mixin.py:151} INFO - [2025-05-12T22:17:42.622+0500] {dag.py:3722} INFO - Setting next_dagrun for dataset_consumes_1_and_2 to None, run_after=None
[2025-05-12T22:17:42.623+0500] {logging_mixin.py:151} INFO - [2025-05-12T22:17:42.623+0500] {dag.py:3722} INFO - Setting next_dagrun for dataset_consumes_1_never_scheduled to None, run_after=None
[2025-05-12T22:17:42.623+0500] {logging_mixin.py:151} INFO - [2025-05-12T22:17:42.623+0500] {dag.py:3722} INFO - Setting next_dagrun for dataset_consumes_unknown_never_scheduled to None, run_after=None
[2025-05-12T22:17:42.626+0500] {logging_mixin.py:151} INFO - [2025-05-12T22:17:42.626+0500] {dag.py:3722} INFO - Setting next_dagrun for dataset_produces_1 to 2025-05-11T00:00:00+00:00, run_after=2025-05-12T00:00:00+00:00
[2025-05-12T22:17:42.627+0500] {logging_mixin.py:151} INFO - [2025-05-12T22:17:42.627+0500] {dag.py:3722} INFO - Setting next_dagrun for dataset_produces_2 to None, run_after=None
[2025-05-12T22:17:42.747+0500] {processor.py:179} INFO - Processing /home/maemoon/Documents/MLOPS_Project/env/lib/python3.10/site-packages/airflow/example_dags/example_datasets.py took 0.197 seconds
[2025-05-12T22:18:56.964+0500] {processor.py:157} INFO - Started process (PID=69599) to work on /home/maemoon/Documents/MLOPS_Project/env/lib/python3.10/site-packages/airflow/example_dags/example_datasets.py
[2025-05-12T22:18:56.976+0500] {processor.py:829} INFO - Processing file /home/maemoon/Documents/MLOPS_Project/env/lib/python3.10/site-packages/airflow/example_dags/example_datasets.py for tasks to queue
[2025-05-12T22:18:56.977+0500] {logging_mixin.py:151} INFO - [2025-05-12T22:18:56.977+0500] {dagbag.py:536} INFO - Filling up the DagBag from /home/maemoon/Documents/MLOPS_Project/env/lib/python3.10/site-packages/airflow/example_dags/example_datasets.py
[2025-05-12T22:18:56.985+0500] {processor.py:839} INFO - DAG(s) dict_keys(['dataset_consumes_1', 'dataset_produces_1', 'dataset_consumes_1_and_2', 'dataset_produces_2', 'dataset_consumes_unknown_never_scheduled', 'dataset_consumes_1_never_scheduled']) retrieved from /home/maemoon/Documents/MLOPS_Project/env/lib/python3.10/site-packages/airflow/example_dags/example_datasets.py
[2025-05-12T22:18:57.007+0500] {logging_mixin.py:151} INFO - [2025-05-12T22:18:57.007+0500] {dag.py:2941} INFO - Sync 6 DAGs
[2025-05-12T22:18:57.023+0500] {logging_mixin.py:151} INFO - [2025-05-12T22:18:57.023+0500] {dag.py:3722} INFO - Setting next_dagrun for dataset_consumes_1 to None, run_after=None
[2025-05-12T22:18:57.025+0500] {logging_mixin.py:151} INFO - [2025-05-12T22:18:57.025+0500] {dag.py:3722} INFO - Setting next_dagrun for dataset_consumes_1_and_2 to None, run_after=None
[2025-05-12T22:18:57.026+0500] {logging_mixin.py:151} INFO - [2025-05-12T22:18:57.026+0500] {dag.py:3722} INFO - Setting next_dagrun for dataset_consumes_1_never_scheduled to None, run_after=None
[2025-05-12T22:18:57.027+0500] {logging_mixin.py:151} INFO - [2025-05-12T22:18:57.026+0500] {dag.py:3722} INFO - Setting next_dagrun for dataset_consumes_unknown_never_scheduled to None, run_after=None
[2025-05-12T22:18:57.028+0500] {logging_mixin.py:151} INFO - [2025-05-12T22:18:57.028+0500] {dag.py:3722} INFO - Setting next_dagrun for dataset_produces_1 to 2025-05-11T00:00:00+00:00, run_after=2025-05-12T00:00:00+00:00
[2025-05-12T22:18:57.029+0500] {logging_mixin.py:151} INFO - [2025-05-12T22:18:57.029+0500] {dag.py:3722} INFO - Setting next_dagrun for dataset_produces_2 to None, run_after=None
[2025-05-12T22:18:57.155+0500] {processor.py:179} INFO - Processing /home/maemoon/Documents/MLOPS_Project/env/lib/python3.10/site-packages/airflow/example_dags/example_datasets.py took 0.194 seconds
[2025-05-12T22:19:52.253+0500] {processor.py:157} INFO - Started process (PID=69701) to work on /home/maemoon/Documents/MLOPS_Project/env/lib/python3.10/site-packages/airflow/example_dags/example_datasets.py
[2025-05-12T22:19:52.272+0500] {processor.py:829} INFO - Processing file /home/maemoon/Documents/MLOPS_Project/env/lib/python3.10/site-packages/airflow/example_dags/example_datasets.py for tasks to queue
[2025-05-12T22:19:52.273+0500] {logging_mixin.py:151} INFO - [2025-05-12T22:19:52.273+0500] {dagbag.py:536} INFO - Filling up the DagBag from /home/maemoon/Documents/MLOPS_Project/env/lib/python3.10/site-packages/airflow/example_dags/example_datasets.py
[2025-05-12T22:19:52.282+0500] {processor.py:839} INFO - DAG(s) dict_keys(['dataset_consumes_1_never_scheduled', 'dataset_consumes_unknown_never_scheduled', 'dataset_consumes_1_and_2', 'dataset_produces_1', 'dataset_consumes_1', 'dataset_produces_2']) retrieved from /home/maemoon/Documents/MLOPS_Project/env/lib/python3.10/site-packages/airflow/example_dags/example_datasets.py
[2025-05-12T22:19:52.308+0500] {logging_mixin.py:151} INFO - [2025-05-12T22:19:52.308+0500] {dag.py:2941} INFO - Sync 6 DAGs
[2025-05-12T22:19:52.328+0500] {logging_mixin.py:151} INFO - [2025-05-12T22:19:52.328+0500] {dag.py:3722} INFO - Setting next_dagrun for dataset_consumes_1 to None, run_after=None
[2025-05-12T22:19:52.331+0500] {logging_mixin.py:151} INFO - [2025-05-12T22:19:52.331+0500] {dag.py:3722} INFO - Setting next_dagrun for dataset_consumes_1_and_2 to None, run_after=None
[2025-05-12T22:19:52.332+0500] {logging_mixin.py:151} INFO - [2025-05-12T22:19:52.332+0500] {dag.py:3722} INFO - Setting next_dagrun for dataset_consumes_1_never_scheduled to None, run_after=None
[2025-05-12T22:19:52.333+0500] {logging_mixin.py:151} INFO - [2025-05-12T22:19:52.333+0500] {dag.py:3722} INFO - Setting next_dagrun for dataset_consumes_unknown_never_scheduled to None, run_after=None
[2025-05-12T22:19:52.335+0500] {logging_mixin.py:151} INFO - [2025-05-12T22:19:52.335+0500] {dag.py:3722} INFO - Setting next_dagrun for dataset_produces_1 to 2025-05-11T00:00:00+00:00, run_after=2025-05-12T00:00:00+00:00
[2025-05-12T22:19:52.336+0500] {logging_mixin.py:151} INFO - [2025-05-12T22:19:52.335+0500] {dag.py:3722} INFO - Setting next_dagrun for dataset_produces_2 to None, run_after=None
[2025-05-12T22:19:52.447+0500] {processor.py:179} INFO - Processing /home/maemoon/Documents/MLOPS_Project/env/lib/python3.10/site-packages/airflow/example_dags/example_datasets.py took 0.196 seconds
[2025-05-12T22:20:46.826+0500] {processor.py:157} INFO - Started process (PID=69806) to work on /home/maemoon/Documents/MLOPS_Project/env/lib/python3.10/site-packages/airflow/example_dags/example_datasets.py
[2025-05-12T22:20:46.836+0500] {processor.py:829} INFO - Processing file /home/maemoon/Documents/MLOPS_Project/env/lib/python3.10/site-packages/airflow/example_dags/example_datasets.py for tasks to queue
[2025-05-12T22:20:46.837+0500] {logging_mixin.py:151} INFO - [2025-05-12T22:20:46.837+0500] {dagbag.py:536} INFO - Filling up the DagBag from /home/maemoon/Documents/MLOPS_Project/env/lib/python3.10/site-packages/airflow/example_dags/example_datasets.py
[2025-05-12T22:20:46.845+0500] {processor.py:839} INFO - DAG(s) dict_keys(['dataset_produces_2', 'dataset_consumes_1_and_2', 'dataset_consumes_1_never_scheduled', 'dataset_produces_1', 'dataset_consumes_1', 'dataset_consumes_unknown_never_scheduled']) retrieved from /home/maemoon/Documents/MLOPS_Project/env/lib/python3.10/site-packages/airflow/example_dags/example_datasets.py
[2025-05-12T22:20:46.867+0500] {logging_mixin.py:151} INFO - [2025-05-12T22:20:46.867+0500] {dag.py:2941} INFO - Sync 6 DAGs
[2025-05-12T22:20:46.883+0500] {logging_mixin.py:151} INFO - [2025-05-12T22:20:46.883+0500] {dag.py:3722} INFO - Setting next_dagrun for dataset_consumes_1 to None, run_after=None
[2025-05-12T22:20:46.885+0500] {logging_mixin.py:151} INFO - [2025-05-12T22:20:46.885+0500] {dag.py:3722} INFO - Setting next_dagrun for dataset_consumes_1_and_2 to None, run_after=None
[2025-05-12T22:20:46.886+0500] {logging_mixin.py:151} INFO - [2025-05-12T22:20:46.886+0500] {dag.py:3722} INFO - Setting next_dagrun for dataset_consumes_1_never_scheduled to None, run_after=None
[2025-05-12T22:20:46.887+0500] {logging_mixin.py:151} INFO - [2025-05-12T22:20:46.886+0500] {dag.py:3722} INFO - Setting next_dagrun for dataset_consumes_unknown_never_scheduled to None, run_after=None
[2025-05-12T22:20:46.889+0500] {logging_mixin.py:151} INFO - [2025-05-12T22:20:46.888+0500] {dag.py:3722} INFO - Setting next_dagrun for dataset_produces_1 to 2025-05-11T00:00:00+00:00, run_after=2025-05-12T00:00:00+00:00
[2025-05-12T22:20:46.889+0500] {logging_mixin.py:151} INFO - [2025-05-12T22:20:46.889+0500] {dag.py:3722} INFO - Setting next_dagrun for dataset_produces_2 to None, run_after=None
[2025-05-12T22:20:47.139+0500] {processor.py:179} INFO - Processing /home/maemoon/Documents/MLOPS_Project/env/lib/python3.10/site-packages/airflow/example_dags/example_datasets.py took 0.315 seconds
[2025-05-12T22:21:42.311+0500] {processor.py:157} INFO - Started process (PID=70066) to work on /home/maemoon/Documents/MLOPS_Project/env/lib/python3.10/site-packages/airflow/example_dags/example_datasets.py
[2025-05-12T22:21:42.323+0500] {processor.py:829} INFO - Processing file /home/maemoon/Documents/MLOPS_Project/env/lib/python3.10/site-packages/airflow/example_dags/example_datasets.py for tasks to queue
[2025-05-12T22:21:42.324+0500] {logging_mixin.py:151} INFO - [2025-05-12T22:21:42.324+0500] {dagbag.py:536} INFO - Filling up the DagBag from /home/maemoon/Documents/MLOPS_Project/env/lib/python3.10/site-packages/airflow/example_dags/example_datasets.py
[2025-05-12T22:21:42.343+0500] {processor.py:839} INFO - DAG(s) dict_keys(['dataset_produces_2', 'dataset_consumes_1_and_2', 'dataset_produces_1', 'dataset_consumes_1_never_scheduled', 'dataset_consumes_1', 'dataset_consumes_unknown_never_scheduled']) retrieved from /home/maemoon/Documents/MLOPS_Project/env/lib/python3.10/site-packages/airflow/example_dags/example_datasets.py
[2025-05-12T22:21:42.398+0500] {logging_mixin.py:151} INFO - [2025-05-12T22:21:42.398+0500] {dag.py:2941} INFO - Sync 6 DAGs
[2025-05-12T22:21:42.436+0500] {logging_mixin.py:151} INFO - [2025-05-12T22:21:42.436+0500] {dag.py:3722} INFO - Setting next_dagrun for dataset_consumes_1 to None, run_after=None
[2025-05-12T22:21:42.442+0500] {logging_mixin.py:151} INFO - [2025-05-12T22:21:42.441+0500] {dag.py:3722} INFO - Setting next_dagrun for dataset_consumes_1_and_2 to None, run_after=None
[2025-05-12T22:21:42.444+0500] {logging_mixin.py:151} INFO - [2025-05-12T22:21:42.443+0500] {dag.py:3722} INFO - Setting next_dagrun for dataset_consumes_1_never_scheduled to None, run_after=None
[2025-05-12T22:21:42.446+0500] {logging_mixin.py:151} INFO - [2025-05-12T22:21:42.445+0500] {dag.py:3722} INFO - Setting next_dagrun for dataset_consumes_unknown_never_scheduled to None, run_after=None
[2025-05-12T22:21:42.452+0500] {logging_mixin.py:151} INFO - [2025-05-12T22:21:42.452+0500] {dag.py:3722} INFO - Setting next_dagrun for dataset_produces_1 to 2025-05-11T00:00:00+00:00, run_after=2025-05-12T00:00:00+00:00
[2025-05-12T22:21:42.455+0500] {logging_mixin.py:151} INFO - [2025-05-12T22:21:42.454+0500] {dag.py:3722} INFO - Setting next_dagrun for dataset_produces_2 to None, run_after=None
[2025-05-12T22:21:42.611+0500] {processor.py:179} INFO - Processing /home/maemoon/Documents/MLOPS_Project/env/lib/python3.10/site-packages/airflow/example_dags/example_datasets.py took 0.303 seconds
[2025-05-12T22:22:36.462+0500] {processor.py:157} INFO - Started process (PID=70181) to work on /home/maemoon/Documents/MLOPS_Project/env/lib/python3.10/site-packages/airflow/example_dags/example_datasets.py
[2025-05-12T22:22:36.475+0500] {processor.py:829} INFO - Processing file /home/maemoon/Documents/MLOPS_Project/env/lib/python3.10/site-packages/airflow/example_dags/example_datasets.py for tasks to queue
[2025-05-12T22:22:36.476+0500] {logging_mixin.py:151} INFO - [2025-05-12T22:22:36.476+0500] {dagbag.py:536} INFO - Filling up the DagBag from /home/maemoon/Documents/MLOPS_Project/env/lib/python3.10/site-packages/airflow/example_dags/example_datasets.py
[2025-05-12T22:22:36.484+0500] {processor.py:839} INFO - DAG(s) dict_keys(['dataset_consumes_1_and_2', 'dataset_consumes_1_never_scheduled', 'dataset_consumes_1', 'dataset_produces_1', 'dataset_consumes_unknown_never_scheduled', 'dataset_produces_2']) retrieved from /home/maemoon/Documents/MLOPS_Project/env/lib/python3.10/site-packages/airflow/example_dags/example_datasets.py
[2025-05-12T22:22:36.511+0500] {logging_mixin.py:151} INFO - [2025-05-12T22:22:36.511+0500] {dag.py:2941} INFO - Sync 6 DAGs
[2025-05-12T22:22:36.536+0500] {logging_mixin.py:151} INFO - [2025-05-12T22:22:36.536+0500] {dag.py:3722} INFO - Setting next_dagrun for dataset_consumes_1 to None, run_after=None
[2025-05-12T22:22:36.541+0500] {logging_mixin.py:151} INFO - [2025-05-12T22:22:36.541+0500] {dag.py:3722} INFO - Setting next_dagrun for dataset_consumes_1_and_2 to None, run_after=None
[2025-05-12T22:22:36.542+0500] {logging_mixin.py:151} INFO - [2025-05-12T22:22:36.542+0500] {dag.py:3722} INFO - Setting next_dagrun for dataset_consumes_1_never_scheduled to None, run_after=None
[2025-05-12T22:22:36.543+0500] {logging_mixin.py:151} INFO - [2025-05-12T22:22:36.543+0500] {dag.py:3722} INFO - Setting next_dagrun for dataset_consumes_unknown_never_scheduled to None, run_after=None
[2025-05-12T22:22:36.547+0500] {logging_mixin.py:151} INFO - [2025-05-12T22:22:36.547+0500] {dag.py:3722} INFO - Setting next_dagrun for dataset_produces_1 to 2025-05-11T00:00:00+00:00, run_after=2025-05-12T00:00:00+00:00
[2025-05-12T22:22:36.549+0500] {logging_mixin.py:151} INFO - [2025-05-12T22:22:36.549+0500] {dag.py:3722} INFO - Setting next_dagrun for dataset_produces_2 to None, run_after=None
[2025-05-12T22:22:36.695+0500] {processor.py:179} INFO - Processing /home/maemoon/Documents/MLOPS_Project/env/lib/python3.10/site-packages/airflow/example_dags/example_datasets.py took 0.236 seconds
[2025-05-12T22:23:29.284+0500] {processor.py:157} INFO - Started process (PID=70270) to work on /home/maemoon/Documents/MLOPS_Project/env/lib/python3.10/site-packages/airflow/example_dags/example_datasets.py
[2025-05-12T22:23:29.295+0500] {processor.py:829} INFO - Processing file /home/maemoon/Documents/MLOPS_Project/env/lib/python3.10/site-packages/airflow/example_dags/example_datasets.py for tasks to queue
[2025-05-12T22:23:29.296+0500] {logging_mixin.py:151} INFO - [2025-05-12T22:23:29.295+0500] {dagbag.py:536} INFO - Filling up the DagBag from /home/maemoon/Documents/MLOPS_Project/env/lib/python3.10/site-packages/airflow/example_dags/example_datasets.py
[2025-05-12T22:23:29.308+0500] {processor.py:839} INFO - DAG(s) dict_keys(['dataset_produces_2', 'dataset_produces_1', 'dataset_consumes_1_never_scheduled', 'dataset_consumes_unknown_never_scheduled', 'dataset_consumes_1_and_2', 'dataset_consumes_1']) retrieved from /home/maemoon/Documents/MLOPS_Project/env/lib/python3.10/site-packages/airflow/example_dags/example_datasets.py
[2025-05-12T22:23:29.349+0500] {logging_mixin.py:151} INFO - [2025-05-12T22:23:29.348+0500] {dag.py:2941} INFO - Sync 6 DAGs
[2025-05-12T22:23:29.378+0500] {logging_mixin.py:151} INFO - [2025-05-12T22:23:29.377+0500] {dag.py:3722} INFO - Setting next_dagrun for dataset_consumes_1 to None, run_after=None
[2025-05-12T22:23:29.382+0500] {logging_mixin.py:151} INFO - [2025-05-12T22:23:29.382+0500] {dag.py:3722} INFO - Setting next_dagrun for dataset_consumes_1_and_2 to None, run_after=None
[2025-05-12T22:23:29.383+0500] {logging_mixin.py:151} INFO - [2025-05-12T22:23:29.383+0500] {dag.py:3722} INFO - Setting next_dagrun for dataset_consumes_1_never_scheduled to None, run_after=None
[2025-05-12T22:23:29.383+0500] {logging_mixin.py:151} INFO - [2025-05-12T22:23:29.383+0500] {dag.py:3722} INFO - Setting next_dagrun for dataset_consumes_unknown_never_scheduled to None, run_after=None
[2025-05-12T22:23:29.386+0500] {logging_mixin.py:151} INFO - [2025-05-12T22:23:29.386+0500] {dag.py:3722} INFO - Setting next_dagrun for dataset_produces_1 to 2025-05-11T00:00:00+00:00, run_after=2025-05-12T00:00:00+00:00
[2025-05-12T22:23:29.387+0500] {logging_mixin.py:151} INFO - [2025-05-12T22:23:29.387+0500] {dag.py:3722} INFO - Setting next_dagrun for dataset_produces_2 to None, run_after=None
[2025-05-12T22:23:29.518+0500] {processor.py:179} INFO - Processing /home/maemoon/Documents/MLOPS_Project/env/lib/python3.10/site-packages/airflow/example_dags/example_datasets.py took 0.237 seconds
[2025-05-12T22:24:23.135+0500] {processor.py:157} INFO - Started process (PID=70476) to work on /home/maemoon/Documents/MLOPS_Project/env/lib/python3.10/site-packages/airflow/example_dags/example_datasets.py
[2025-05-12T22:24:23.159+0500] {processor.py:829} INFO - Processing file /home/maemoon/Documents/MLOPS_Project/env/lib/python3.10/site-packages/airflow/example_dags/example_datasets.py for tasks to queue
[2025-05-12T22:24:23.160+0500] {logging_mixin.py:151} INFO - [2025-05-12T22:24:23.160+0500] {dagbag.py:536} INFO - Filling up the DagBag from /home/maemoon/Documents/MLOPS_Project/env/lib/python3.10/site-packages/airflow/example_dags/example_datasets.py
[2025-05-12T22:24:23.168+0500] {processor.py:839} INFO - DAG(s) dict_keys(['dataset_consumes_1_and_2', 'dataset_consumes_1', 'dataset_produces_1', 'dataset_produces_2', 'dataset_consumes_1_never_scheduled', 'dataset_consumes_unknown_never_scheduled']) retrieved from /home/maemoon/Documents/MLOPS_Project/env/lib/python3.10/site-packages/airflow/example_dags/example_datasets.py
[2025-05-12T22:24:23.190+0500] {logging_mixin.py:151} INFO - [2025-05-12T22:24:23.189+0500] {dag.py:2941} INFO - Sync 6 DAGs
[2025-05-12T22:24:23.205+0500] {logging_mixin.py:151} INFO - [2025-05-12T22:24:23.205+0500] {dag.py:3722} INFO - Setting next_dagrun for dataset_consumes_1 to None, run_after=None
[2025-05-12T22:24:23.208+0500] {logging_mixin.py:151} INFO - [2025-05-12T22:24:23.207+0500] {dag.py:3722} INFO - Setting next_dagrun for dataset_consumes_1_and_2 to None, run_after=None
[2025-05-12T22:24:23.208+0500] {logging_mixin.py:151} INFO - [2025-05-12T22:24:23.208+0500] {dag.py:3722} INFO - Setting next_dagrun for dataset_consumes_1_never_scheduled to None, run_after=None
[2025-05-12T22:24:23.209+0500] {logging_mixin.py:151} INFO - [2025-05-12T22:24:23.209+0500] {dag.py:3722} INFO - Setting next_dagrun for dataset_consumes_unknown_never_scheduled to None, run_after=None
[2025-05-12T22:24:23.211+0500] {logging_mixin.py:151} INFO - [2025-05-12T22:24:23.211+0500] {dag.py:3722} INFO - Setting next_dagrun for dataset_produces_1 to 2025-05-11T00:00:00+00:00, run_after=2025-05-12T00:00:00+00:00
[2025-05-12T22:24:23.212+0500] {logging_mixin.py:151} INFO - [2025-05-12T22:24:23.211+0500] {dag.py:3722} INFO - Setting next_dagrun for dataset_produces_2 to None, run_after=None
[2025-05-12T22:24:23.382+0500] {processor.py:179} INFO - Processing /home/maemoon/Documents/MLOPS_Project/env/lib/python3.10/site-packages/airflow/example_dags/example_datasets.py took 0.250 seconds
