[2025-05-12T21:24:18.895+0500] {processor.py:157} INFO - Started process (PID=56310) to work on /home/maemoon/Documents/MLOPS_Project/env/lib/python3.10/site-packages/airflow/example_dags/example_latest_only.py
[2025-05-12T21:24:18.896+0500] {processor.py:829} INFO - Processing file /home/maemoon/Documents/MLOPS_Project/env/lib/python3.10/site-packages/airflow/example_dags/example_latest_only.py for tasks to queue
[2025-05-12T21:24:18.897+0500] {logging_mixin.py:151} INFO - [2025-05-12T21:24:18.896+0500] {dagbag.py:536} INFO - Filling up the DagBag from /home/maemoon/Documents/MLOPS_Project/env/lib/python3.10/site-packages/airflow/example_dags/example_latest_only.py
[2025-05-12T21:24:18.905+0500] {processor.py:839} INFO - DAG(s) dict_keys(['latest_only']) retrieved from /home/maemoon/Documents/MLOPS_Project/env/lib/python3.10/site-packages/airflow/example_dags/example_latest_only.py
[2025-05-12T21:24:19.215+0500] {logging_mixin.py:151} INFO - [2025-05-12T21:24:19.215+0500] {manager.py:499} INFO - Created Permission View: %s
[2025-05-12T21:24:19.315+0500] {logging_mixin.py:151} INFO - [2025-05-12T21:24:19.315+0500] {manager.py:499} INFO - Created Permission View: %s
[2025-05-12T21:24:19.437+0500] {logging_mixin.py:151} INFO - [2025-05-12T21:24:19.437+0500] {manager.py:499} INFO - Created Permission View: %s
[2025-05-12T21:24:19.437+0500] {logging_mixin.py:151} INFO - [2025-05-12T21:24:19.437+0500] {dag.py:2941} INFO - Sync 1 DAGs
[2025-05-12T21:24:19.446+0500] {logging_mixin.py:151} INFO - [2025-05-12T21:24:19.446+0500] {dag.py:2963} INFO - Creating ORM DAG for latest_only
[2025-05-12T21:24:19.454+0500] {logging_mixin.py:151} INFO - [2025-05-12T21:24:19.454+0500] {dag.py:3722} INFO - Setting next_dagrun for latest_only to 2025-05-12T12:24:19.454415+00:00, run_after=2025-05-12T16:24:19.454415+00:00
[2025-05-12T21:24:19.617+0500] {processor.py:179} INFO - Processing /home/maemoon/Documents/MLOPS_Project/env/lib/python3.10/site-packages/airflow/example_dags/example_latest_only.py took 0.725 seconds
[2025-05-12T21:30:24.921+0500] {processor.py:157} INFO - Started process (PID=57964) to work on /home/maemoon/Documents/MLOPS_Project/env/lib/python3.10/site-packages/airflow/example_dags/example_latest_only.py
[2025-05-12T21:30:24.922+0500] {processor.py:829} INFO - Processing file /home/maemoon/Documents/MLOPS_Project/env/lib/python3.10/site-packages/airflow/example_dags/example_latest_only.py for tasks to queue
[2025-05-12T21:30:24.923+0500] {logging_mixin.py:151} INFO - [2025-05-12T21:30:24.923+0500] {dagbag.py:536} INFO - Filling up the DagBag from /home/maemoon/Documents/MLOPS_Project/env/lib/python3.10/site-packages/airflow/example_dags/example_latest_only.py
[2025-05-12T21:30:24.929+0500] {processor.py:839} INFO - DAG(s) dict_keys(['latest_only']) retrieved from /home/maemoon/Documents/MLOPS_Project/env/lib/python3.10/site-packages/airflow/example_dags/example_latest_only.py
[2025-05-12T21:30:24.943+0500] {logging_mixin.py:151} INFO - [2025-05-12T21:30:24.943+0500] {dag.py:2941} INFO - Sync 1 DAGs
[2025-05-12T21:30:24.960+0500] {logging_mixin.py:151} INFO - [2025-05-12T21:30:24.960+0500] {dag.py:3722} INFO - Setting next_dagrun for latest_only to 2025-05-12T12:30:24.960402+00:00, run_after=2025-05-12T16:30:24.960402+00:00
[2025-05-12T21:30:25.065+0500] {processor.py:179} INFO - Processing /home/maemoon/Documents/MLOPS_Project/env/lib/python3.10/site-packages/airflow/example_dags/example_latest_only.py took 0.146 seconds
[2025-05-12T21:31:49.796+0500] {processor.py:157} INFO - Started process (PID=58573) to work on /home/maemoon/Documents/MLOPS_Project/env/lib/python3.10/site-packages/airflow/example_dags/example_latest_only.py
[2025-05-12T21:31:49.797+0500] {processor.py:829} INFO - Processing file /home/maemoon/Documents/MLOPS_Project/env/lib/python3.10/site-packages/airflow/example_dags/example_latest_only.py for tasks to queue
[2025-05-12T21:31:49.798+0500] {logging_mixin.py:151} INFO - [2025-05-12T21:31:49.797+0500] {dagbag.py:536} INFO - Filling up the DagBag from /home/maemoon/Documents/MLOPS_Project/env/lib/python3.10/site-packages/airflow/example_dags/example_latest_only.py
[2025-05-12T21:31:49.802+0500] {processor.py:839} INFO - DAG(s) dict_keys(['latest_only']) retrieved from /home/maemoon/Documents/MLOPS_Project/env/lib/python3.10/site-packages/airflow/example_dags/example_latest_only.py
[2025-05-12T21:31:49.815+0500] {logging_mixin.py:151} INFO - [2025-05-12T21:31:49.815+0500] {dag.py:2941} INFO - Sync 1 DAGs
[2025-05-12T21:31:49.831+0500] {logging_mixin.py:151} INFO - [2025-05-12T21:31:49.831+0500] {dag.py:3722} INFO - Setting next_dagrun for latest_only to 2025-05-12T12:31:49.831238+00:00, run_after=2025-05-12T16:31:49.831238+00:00
[2025-05-12T21:31:49.949+0500] {processor.py:179} INFO - Processing /home/maemoon/Documents/MLOPS_Project/env/lib/python3.10/site-packages/airflow/example_dags/example_latest_only.py took 0.155 seconds
[2025-05-12T21:33:12.797+0500] {processor.py:157} INFO - Started process (PID=59263) to work on /home/maemoon/Documents/MLOPS_Project/env/lib/python3.10/site-packages/airflow/example_dags/example_latest_only.py
[2025-05-12T21:33:12.798+0500] {processor.py:829} INFO - Processing file /home/maemoon/Documents/MLOPS_Project/env/lib/python3.10/site-packages/airflow/example_dags/example_latest_only.py for tasks to queue
[2025-05-12T21:33:12.798+0500] {logging_mixin.py:151} INFO - [2025-05-12T21:33:12.798+0500] {dagbag.py:536} INFO - Filling up the DagBag from /home/maemoon/Documents/MLOPS_Project/env/lib/python3.10/site-packages/airflow/example_dags/example_latest_only.py
[2025-05-12T21:33:12.804+0500] {processor.py:839} INFO - DAG(s) dict_keys(['latest_only']) retrieved from /home/maemoon/Documents/MLOPS_Project/env/lib/python3.10/site-packages/airflow/example_dags/example_latest_only.py
[2025-05-12T21:33:12.816+0500] {logging_mixin.py:151} INFO - [2025-05-12T21:33:12.816+0500] {dag.py:2941} INFO - Sync 1 DAGs
[2025-05-12T21:33:12.831+0500] {logging_mixin.py:151} INFO - [2025-05-12T21:33:12.831+0500] {dag.py:3722} INFO - Setting next_dagrun for latest_only to 2025-05-12T12:33:12.831541+00:00, run_after=2025-05-12T16:33:12.831541+00:00
[2025-05-12T21:33:12.923+0500] {processor.py:179} INFO - Processing /home/maemoon/Documents/MLOPS_Project/env/lib/python3.10/site-packages/airflow/example_dags/example_latest_only.py took 0.128 seconds
