[2025-05-12T21:24:52.445+0500] {processor.py:157} INFO - Started process (PID=56381) to work on /home/maemoon/Documents/MLOPS_Project/env/lib/python3.10/site-packages/airflow/example_dags/example_branch_operator.py
[2025-05-12T21:24:52.450+0500] {processor.py:829} INFO - Processing file /home/maemoon/Documents/MLOPS_Project/env/lib/python3.10/site-packages/airflow/example_dags/example_branch_operator.py for tasks to queue
[2025-05-12T21:24:52.451+0500] {logging_mixin.py:151} INFO - [2025-05-12T21:24:52.451+0500] {dagbag.py:536} INFO - Filling up the DagBag from /home/maemoon/Documents/MLOPS_Project/env/lib/python3.10/site-packages/airflow/example_dags/example_branch_operator.py
[2025-05-12T21:24:52.468+0500] {processor.py:839} INFO - DAG(s) dict_keys(['example_branch_operator']) retrieved from /home/maemoon/Documents/MLOPS_Project/env/lib/python3.10/site-packages/airflow/example_dags/example_branch_operator.py
[2025-05-12T21:24:52.869+0500] {logging_mixin.py:151} INFO - [2025-05-12T21:24:52.868+0500] {manager.py:499} INFO - Created Permission View: %s
[2025-05-12T21:24:52.969+0500] {logging_mixin.py:151} INFO - [2025-05-12T21:24:52.969+0500] {manager.py:499} INFO - Created Permission View: %s
[2025-05-12T21:24:53.058+0500] {logging_mixin.py:151} INFO - [2025-05-12T21:24:53.057+0500] {manager.py:499} INFO - Created Permission View: %s
[2025-05-12T21:24:53.058+0500] {logging_mixin.py:151} INFO - [2025-05-12T21:24:53.058+0500] {dag.py:2941} INFO - Sync 1 DAGs
[2025-05-12T21:24:53.069+0500] {logging_mixin.py:151} INFO - [2025-05-12T21:24:53.068+0500] {dag.py:2963} INFO - Creating ORM DAG for example_branch_operator
[2025-05-12T21:24:53.081+0500] {logging_mixin.py:151} INFO - [2025-05-12T21:24:53.080+0500] {dag.py:3722} INFO - Setting next_dagrun for example_branch_operator to 2025-05-11T00:00:00+00:00, run_after=2025-05-12T00:00:00+00:00
[2025-05-12T21:24:53.228+0500] {processor.py:179} INFO - Processing /home/maemoon/Documents/MLOPS_Project/env/lib/python3.10/site-packages/airflow/example_dags/example_branch_operator.py took 0.792 seconds
[2025-05-12T21:30:45.181+0500] {processor.py:157} INFO - Started process (PID=57997) to work on /home/maemoon/Documents/MLOPS_Project/env/lib/python3.10/site-packages/airflow/example_dags/example_branch_operator.py
[2025-05-12T21:30:45.183+0500] {processor.py:829} INFO - Processing file /home/maemoon/Documents/MLOPS_Project/env/lib/python3.10/site-packages/airflow/example_dags/example_branch_operator.py for tasks to queue
[2025-05-12T21:30:45.184+0500] {logging_mixin.py:151} INFO - [2025-05-12T21:30:45.183+0500] {dagbag.py:536} INFO - Filling up the DagBag from /home/maemoon/Documents/MLOPS_Project/env/lib/python3.10/site-packages/airflow/example_dags/example_branch_operator.py
[2025-05-12T21:30:45.193+0500] {processor.py:839} INFO - DAG(s) dict_keys(['example_branch_operator']) retrieved from /home/maemoon/Documents/MLOPS_Project/env/lib/python3.10/site-packages/airflow/example_dags/example_branch_operator.py
[2025-05-12T21:30:45.214+0500] {logging_mixin.py:151} INFO - [2025-05-12T21:30:45.214+0500] {dag.py:2941} INFO - Sync 1 DAGs
[2025-05-12T21:30:45.237+0500] {logging_mixin.py:151} INFO - [2025-05-12T21:30:45.236+0500] {dag.py:3722} INFO - Setting next_dagrun for example_branch_operator to 2025-05-11T00:00:00+00:00, run_after=2025-05-12T00:00:00+00:00
[2025-05-12T21:30:45.358+0500] {processor.py:179} INFO - Processing /home/maemoon/Documents/MLOPS_Project/env/lib/python3.10/site-packages/airflow/example_dags/example_branch_operator.py took 0.181 seconds
[2025-05-12T21:32:08.581+0500] {processor.py:157} INFO - Started process (PID=58643) to work on /home/maemoon/Documents/MLOPS_Project/env/lib/python3.10/site-packages/airflow/example_dags/example_branch_operator.py
[2025-05-12T21:32:08.582+0500] {processor.py:829} INFO - Processing file /home/maemoon/Documents/MLOPS_Project/env/lib/python3.10/site-packages/airflow/example_dags/example_branch_operator.py for tasks to queue
[2025-05-12T21:32:08.583+0500] {logging_mixin.py:151} INFO - [2025-05-12T21:32:08.582+0500] {dagbag.py:536} INFO - Filling up the DagBag from /home/maemoon/Documents/MLOPS_Project/env/lib/python3.10/site-packages/airflow/example_dags/example_branch_operator.py
[2025-05-12T21:32:08.591+0500] {processor.py:839} INFO - DAG(s) dict_keys(['example_branch_operator']) retrieved from /home/maemoon/Documents/MLOPS_Project/env/lib/python3.10/site-packages/airflow/example_dags/example_branch_operator.py
[2025-05-12T21:32:08.606+0500] {logging_mixin.py:151} INFO - [2025-05-12T21:32:08.606+0500] {dag.py:2941} INFO - Sync 1 DAGs
[2025-05-12T21:32:08.623+0500] {logging_mixin.py:151} INFO - [2025-05-12T21:32:08.623+0500] {dag.py:3722} INFO - Setting next_dagrun for example_branch_operator to 2025-05-11T00:00:00+00:00, run_after=2025-05-12T00:00:00+00:00
[2025-05-12T21:32:08.717+0500] {processor.py:179} INFO - Processing /home/maemoon/Documents/MLOPS_Project/env/lib/python3.10/site-packages/airflow/example_dags/example_branch_operator.py took 0.139 seconds
[2025-05-12T21:33:34.404+0500] {processor.py:157} INFO - Started process (PID=59328) to work on /home/maemoon/Documents/MLOPS_Project/env/lib/python3.10/site-packages/airflow/example_dags/example_branch_operator.py
[2025-05-12T21:33:34.406+0500] {processor.py:829} INFO - Processing file /home/maemoon/Documents/MLOPS_Project/env/lib/python3.10/site-packages/airflow/example_dags/example_branch_operator.py for tasks to queue
[2025-05-12T21:33:34.407+0500] {logging_mixin.py:151} INFO - [2025-05-12T21:33:34.406+0500] {dagbag.py:536} INFO - Filling up the DagBag from /home/maemoon/Documents/MLOPS_Project/env/lib/python3.10/site-packages/airflow/example_dags/example_branch_operator.py
[2025-05-12T21:33:34.424+0500] {processor.py:839} INFO - DAG(s) dict_keys(['example_branch_operator']) retrieved from /home/maemoon/Documents/MLOPS_Project/env/lib/python3.10/site-packages/airflow/example_dags/example_branch_operator.py
[2025-05-12T21:33:34.449+0500] {logging_mixin.py:151} INFO - [2025-05-12T21:33:34.449+0500] {dag.py:2941} INFO - Sync 1 DAGs
[2025-05-12T21:33:34.477+0500] {logging_mixin.py:151} INFO - [2025-05-12T21:33:34.477+0500] {dag.py:3722} INFO - Setting next_dagrun for example_branch_operator to 2025-05-11T00:00:00+00:00, run_after=2025-05-12T00:00:00+00:00
[2025-05-12T21:33:34.579+0500] {processor.py:179} INFO - Processing /home/maemoon/Documents/MLOPS_Project/env/lib/python3.10/site-packages/airflow/example_dags/example_branch_operator.py took 0.181 seconds
[2025-05-12T21:34:44.108+0500] {processor.py:157} INFO - Started process (PID=59489) to work on /home/maemoon/Documents/MLOPS_Project/env/lib/python3.10/site-packages/airflow/example_dags/example_branch_operator.py
[2025-05-12T21:34:44.109+0500] {processor.py:829} INFO - Processing file /home/maemoon/Documents/MLOPS_Project/env/lib/python3.10/site-packages/airflow/example_dags/example_branch_operator.py for tasks to queue
[2025-05-12T21:34:44.109+0500] {logging_mixin.py:151} INFO - [2025-05-12T21:34:44.109+0500] {dagbag.py:536} INFO - Filling up the DagBag from /home/maemoon/Documents/MLOPS_Project/env/lib/python3.10/site-packages/airflow/example_dags/example_branch_operator.py
[2025-05-12T21:34:44.117+0500] {processor.py:839} INFO - DAG(s) dict_keys(['example_branch_operator']) retrieved from /home/maemoon/Documents/MLOPS_Project/env/lib/python3.10/site-packages/airflow/example_dags/example_branch_operator.py
[2025-05-12T21:34:44.131+0500] {logging_mixin.py:151} INFO - [2025-05-12T21:34:44.131+0500] {dag.py:2941} INFO - Sync 1 DAGs
[2025-05-12T21:34:44.148+0500] {logging_mixin.py:151} INFO - [2025-05-12T21:34:44.148+0500] {dag.py:3722} INFO - Setting next_dagrun for example_branch_operator to 2025-05-11T00:00:00+00:00, run_after=2025-05-12T00:00:00+00:00
[2025-05-12T21:34:44.232+0500] {processor.py:179} INFO - Processing /home/maemoon/Documents/MLOPS_Project/env/lib/python3.10/site-packages/airflow/example_dags/example_branch_operator.py took 0.127 seconds
[2025-05-12T21:35:57.046+0500] {processor.py:157} INFO - Started process (PID=59772) to work on /home/maemoon/Documents/MLOPS_Project/env/lib/python3.10/site-packages/airflow/example_dags/example_branch_operator.py
[2025-05-12T21:35:57.057+0500] {processor.py:829} INFO - Processing file /home/maemoon/Documents/MLOPS_Project/env/lib/python3.10/site-packages/airflow/example_dags/example_branch_operator.py for tasks to queue
[2025-05-12T21:35:57.058+0500] {logging_mixin.py:151} INFO - [2025-05-12T21:35:57.057+0500] {dagbag.py:536} INFO - Filling up the DagBag from /home/maemoon/Documents/MLOPS_Project/env/lib/python3.10/site-packages/airflow/example_dags/example_branch_operator.py
[2025-05-12T21:35:57.069+0500] {processor.py:839} INFO - DAG(s) dict_keys(['example_branch_operator']) retrieved from /home/maemoon/Documents/MLOPS_Project/env/lib/python3.10/site-packages/airflow/example_dags/example_branch_operator.py
[2025-05-12T21:35:57.088+0500] {logging_mixin.py:151} INFO - [2025-05-12T21:35:57.087+0500] {dag.py:2941} INFO - Sync 1 DAGs
[2025-05-12T21:35:57.107+0500] {logging_mixin.py:151} INFO - [2025-05-12T21:35:57.106+0500] {dag.py:3722} INFO - Setting next_dagrun for example_branch_operator to 2025-05-11T00:00:00+00:00, run_after=2025-05-12T00:00:00+00:00
[2025-05-12T21:35:57.205+0500] {processor.py:179} INFO - Processing /home/maemoon/Documents/MLOPS_Project/env/lib/python3.10/site-packages/airflow/example_dags/example_branch_operator.py took 0.164 seconds
[2025-05-12T21:53:07.353+0500] {processor.py:157} INFO - Started process (PID=63997) to work on /home/maemoon/Documents/MLOPS_Project/env/lib/python3.10/site-packages/airflow/example_dags/example_branch_operator.py
[2025-05-12T21:53:07.354+0500] {processor.py:829} INFO - Processing file /home/maemoon/Documents/MLOPS_Project/env/lib/python3.10/site-packages/airflow/example_dags/example_branch_operator.py for tasks to queue
[2025-05-12T21:53:07.354+0500] {logging_mixin.py:151} INFO - [2025-05-12T21:53:07.354+0500] {dagbag.py:536} INFO - Filling up the DagBag from /home/maemoon/Documents/MLOPS_Project/env/lib/python3.10/site-packages/airflow/example_dags/example_branch_operator.py
[2025-05-12T21:53:07.362+0500] {processor.py:839} INFO - DAG(s) dict_keys(['example_branch_operator']) retrieved from /home/maemoon/Documents/MLOPS_Project/env/lib/python3.10/site-packages/airflow/example_dags/example_branch_operator.py
[2025-05-12T21:53:07.379+0500] {logging_mixin.py:151} INFO - [2025-05-12T21:53:07.379+0500] {dag.py:2941} INFO - Sync 1 DAGs
[2025-05-12T21:53:07.399+0500] {logging_mixin.py:151} INFO - [2025-05-12T21:53:07.399+0500] {dag.py:3722} INFO - Setting next_dagrun for example_branch_operator to 2025-05-11T00:00:00+00:00, run_after=2025-05-12T00:00:00+00:00
[2025-05-12T21:53:07.521+0500] {processor.py:179} INFO - Processing /home/maemoon/Documents/MLOPS_Project/env/lib/python3.10/site-packages/airflow/example_dags/example_branch_operator.py took 0.170 seconds
[2025-05-12T21:54:07.208+0500] {processor.py:157} INFO - Started process (PID=64150) to work on /home/maemoon/Documents/MLOPS_Project/env/lib/python3.10/site-packages/airflow/example_dags/example_branch_operator.py
[2025-05-12T21:54:07.225+0500] {processor.py:829} INFO - Processing file /home/maemoon/Documents/MLOPS_Project/env/lib/python3.10/site-packages/airflow/example_dags/example_branch_operator.py for tasks to queue
[2025-05-12T21:54:07.226+0500] {logging_mixin.py:151} INFO - [2025-05-12T21:54:07.225+0500] {dagbag.py:536} INFO - Filling up the DagBag from /home/maemoon/Documents/MLOPS_Project/env/lib/python3.10/site-packages/airflow/example_dags/example_branch_operator.py
[2025-05-12T21:54:07.233+0500] {processor.py:839} INFO - DAG(s) dict_keys(['example_branch_operator']) retrieved from /home/maemoon/Documents/MLOPS_Project/env/lib/python3.10/site-packages/airflow/example_dags/example_branch_operator.py
[2025-05-12T21:54:07.249+0500] {logging_mixin.py:151} INFO - [2025-05-12T21:54:07.248+0500] {dag.py:2941} INFO - Sync 1 DAGs
[2025-05-12T21:54:07.269+0500] {logging_mixin.py:151} INFO - [2025-05-12T21:54:07.269+0500] {dag.py:3722} INFO - Setting next_dagrun for example_branch_operator to 2025-05-11T00:00:00+00:00, run_after=2025-05-12T00:00:00+00:00
[2025-05-12T21:54:07.359+0500] {processor.py:179} INFO - Processing /home/maemoon/Documents/MLOPS_Project/env/lib/python3.10/site-packages/airflow/example_dags/example_branch_operator.py took 0.154 seconds
[2025-05-12T21:55:22.523+0500] {processor.py:157} INFO - Started process (PID=64735) to work on /home/maemoon/Documents/MLOPS_Project/env/lib/python3.10/site-packages/airflow/example_dags/example_branch_operator.py
[2025-05-12T21:55:22.532+0500] {processor.py:829} INFO - Processing file /home/maemoon/Documents/MLOPS_Project/env/lib/python3.10/site-packages/airflow/example_dags/example_branch_operator.py for tasks to queue
[2025-05-12T21:55:22.533+0500] {logging_mixin.py:151} INFO - [2025-05-12T21:55:22.533+0500] {dagbag.py:536} INFO - Filling up the DagBag from /home/maemoon/Documents/MLOPS_Project/env/lib/python3.10/site-packages/airflow/example_dags/example_branch_operator.py
[2025-05-12T21:55:22.541+0500] {processor.py:839} INFO - DAG(s) dict_keys(['example_branch_operator']) retrieved from /home/maemoon/Documents/MLOPS_Project/env/lib/python3.10/site-packages/airflow/example_dags/example_branch_operator.py
[2025-05-12T21:55:22.555+0500] {logging_mixin.py:151} INFO - [2025-05-12T21:55:22.555+0500] {dag.py:2941} INFO - Sync 1 DAGs
[2025-05-12T21:55:22.572+0500] {logging_mixin.py:151} INFO - [2025-05-12T21:55:22.572+0500] {dag.py:3722} INFO - Setting next_dagrun for example_branch_operator to 2025-05-11T00:00:00+00:00, run_after=2025-05-12T00:00:00+00:00
[2025-05-12T21:55:22.666+0500] {processor.py:179} INFO - Processing /home/maemoon/Documents/MLOPS_Project/env/lib/python3.10/site-packages/airflow/example_dags/example_branch_operator.py took 0.145 seconds
[2025-05-12T21:56:54.523+0500] {processor.py:157} INFO - Started process (PID=65341) to work on /home/maemoon/Documents/MLOPS_Project/env/lib/python3.10/site-packages/airflow/example_dags/example_branch_operator.py
[2025-05-12T21:56:54.524+0500] {processor.py:829} INFO - Processing file /home/maemoon/Documents/MLOPS_Project/env/lib/python3.10/site-packages/airflow/example_dags/example_branch_operator.py for tasks to queue
[2025-05-12T21:56:54.525+0500] {logging_mixin.py:151} INFO - [2025-05-12T21:56:54.524+0500] {dagbag.py:536} INFO - Filling up the DagBag from /home/maemoon/Documents/MLOPS_Project/env/lib/python3.10/site-packages/airflow/example_dags/example_branch_operator.py
[2025-05-12T21:56:54.534+0500] {processor.py:839} INFO - DAG(s) dict_keys(['example_branch_operator']) retrieved from /home/maemoon/Documents/MLOPS_Project/env/lib/python3.10/site-packages/airflow/example_dags/example_branch_operator.py
[2025-05-12T21:56:54.550+0500] {logging_mixin.py:151} INFO - [2025-05-12T21:56:54.549+0500] {dag.py:2941} INFO - Sync 1 DAGs
[2025-05-12T21:56:54.567+0500] {logging_mixin.py:151} INFO - [2025-05-12T21:56:54.566+0500] {dag.py:3722} INFO - Setting next_dagrun for example_branch_operator to 2025-05-11T00:00:00+00:00, run_after=2025-05-12T00:00:00+00:00
[2025-05-12T21:56:54.651+0500] {processor.py:179} INFO - Processing /home/maemoon/Documents/MLOPS_Project/env/lib/python3.10/site-packages/airflow/example_dags/example_branch_operator.py took 0.132 seconds
[2025-05-12T21:58:09.980+0500] {processor.py:157} INFO - Started process (PID=65479) to work on /home/maemoon/Documents/MLOPS_Project/env/lib/python3.10/site-packages/airflow/example_dags/example_branch_operator.py
[2025-05-12T21:58:09.981+0500] {processor.py:829} INFO - Processing file /home/maemoon/Documents/MLOPS_Project/env/lib/python3.10/site-packages/airflow/example_dags/example_branch_operator.py for tasks to queue
[2025-05-12T21:58:09.982+0500] {logging_mixin.py:151} INFO - [2025-05-12T21:58:09.981+0500] {dagbag.py:536} INFO - Filling up the DagBag from /home/maemoon/Documents/MLOPS_Project/env/lib/python3.10/site-packages/airflow/example_dags/example_branch_operator.py
[2025-05-12T21:58:09.989+0500] {processor.py:839} INFO - DAG(s) dict_keys(['example_branch_operator']) retrieved from /home/maemoon/Documents/MLOPS_Project/env/lib/python3.10/site-packages/airflow/example_dags/example_branch_operator.py
[2025-05-12T21:58:10.003+0500] {logging_mixin.py:151} INFO - [2025-05-12T21:58:10.003+0500] {dag.py:2941} INFO - Sync 1 DAGs
[2025-05-12T21:58:10.020+0500] {logging_mixin.py:151} INFO - [2025-05-12T21:58:10.020+0500] {dag.py:3722} INFO - Setting next_dagrun for example_branch_operator to 2025-05-11T00:00:00+00:00, run_after=2025-05-12T00:00:00+00:00
[2025-05-12T21:58:10.125+0500] {processor.py:179} INFO - Processing /home/maemoon/Documents/MLOPS_Project/env/lib/python3.10/site-packages/airflow/example_dags/example_branch_operator.py took 0.147 seconds
[2025-05-12T21:59:32.326+0500] {processor.py:157} INFO - Started process (PID=65779) to work on /home/maemoon/Documents/MLOPS_Project/env/lib/python3.10/site-packages/airflow/example_dags/example_branch_operator.py
[2025-05-12T21:59:32.327+0500] {processor.py:829} INFO - Processing file /home/maemoon/Documents/MLOPS_Project/env/lib/python3.10/site-packages/airflow/example_dags/example_branch_operator.py for tasks to queue
[2025-05-12T21:59:32.327+0500] {logging_mixin.py:151} INFO - [2025-05-12T21:59:32.327+0500] {dagbag.py:536} INFO - Filling up the DagBag from /home/maemoon/Documents/MLOPS_Project/env/lib/python3.10/site-packages/airflow/example_dags/example_branch_operator.py
[2025-05-12T21:59:32.336+0500] {processor.py:839} INFO - DAG(s) dict_keys(['example_branch_operator']) retrieved from /home/maemoon/Documents/MLOPS_Project/env/lib/python3.10/site-packages/airflow/example_dags/example_branch_operator.py
[2025-05-12T21:59:32.351+0500] {logging_mixin.py:151} INFO - [2025-05-12T21:59:32.351+0500] {dag.py:2941} INFO - Sync 1 DAGs
[2025-05-12T21:59:32.369+0500] {logging_mixin.py:151} INFO - [2025-05-12T21:59:32.369+0500] {dag.py:3722} INFO - Setting next_dagrun for example_branch_operator to 2025-05-11T00:00:00+00:00, run_after=2025-05-12T00:00:00+00:00
[2025-05-12T21:59:32.477+0500] {processor.py:179} INFO - Processing /home/maemoon/Documents/MLOPS_Project/env/lib/python3.10/site-packages/airflow/example_dags/example_branch_operator.py took 0.154 seconds
[2025-05-12T22:01:16.977+0500] {processor.py:157} INFO - Started process (PID=66178) to work on /home/maemoon/Documents/MLOPS_Project/env/lib/python3.10/site-packages/airflow/example_dags/example_branch_operator.py
[2025-05-12T22:01:16.989+0500] {processor.py:829} INFO - Processing file /home/maemoon/Documents/MLOPS_Project/env/lib/python3.10/site-packages/airflow/example_dags/example_branch_operator.py for tasks to queue
[2025-05-12T22:01:16.990+0500] {logging_mixin.py:151} INFO - [2025-05-12T22:01:16.990+0500] {dagbag.py:536} INFO - Filling up the DagBag from /home/maemoon/Documents/MLOPS_Project/env/lib/python3.10/site-packages/airflow/example_dags/example_branch_operator.py
[2025-05-12T22:01:17.002+0500] {processor.py:839} INFO - DAG(s) dict_keys(['example_branch_operator']) retrieved from /home/maemoon/Documents/MLOPS_Project/env/lib/python3.10/site-packages/airflow/example_dags/example_branch_operator.py
[2025-05-12T22:01:17.026+0500] {logging_mixin.py:151} INFO - [2025-05-12T22:01:17.025+0500] {dag.py:2941} INFO - Sync 1 DAGs
[2025-05-12T22:01:17.050+0500] {logging_mixin.py:151} INFO - [2025-05-12T22:01:17.050+0500] {dag.py:3722} INFO - Setting next_dagrun for example_branch_operator to 2025-05-11T00:00:00+00:00, run_after=2025-05-12T00:00:00+00:00
[2025-05-12T22:01:17.167+0500] {processor.py:179} INFO - Processing /home/maemoon/Documents/MLOPS_Project/env/lib/python3.10/site-packages/airflow/example_dags/example_branch_operator.py took 0.192 seconds
[2025-05-12T22:03:24.263+0500] {processor.py:157} INFO - Started process (PID=67254) to work on /home/maemoon/Documents/MLOPS_Project/env/lib/python3.10/site-packages/airflow/example_dags/example_branch_operator.py
[2025-05-12T22:03:24.271+0500] {processor.py:829} INFO - Processing file /home/maemoon/Documents/MLOPS_Project/env/lib/python3.10/site-packages/airflow/example_dags/example_branch_operator.py for tasks to queue
[2025-05-12T22:03:24.272+0500] {logging_mixin.py:151} INFO - [2025-05-12T22:03:24.272+0500] {dagbag.py:536} INFO - Filling up the DagBag from /home/maemoon/Documents/MLOPS_Project/env/lib/python3.10/site-packages/airflow/example_dags/example_branch_operator.py
[2025-05-12T22:03:24.279+0500] {processor.py:839} INFO - DAG(s) dict_keys(['example_branch_operator']) retrieved from /home/maemoon/Documents/MLOPS_Project/env/lib/python3.10/site-packages/airflow/example_dags/example_branch_operator.py
[2025-05-12T22:03:24.294+0500] {logging_mixin.py:151} INFO - [2025-05-12T22:03:24.294+0500] {dag.py:2941} INFO - Sync 1 DAGs
[2025-05-12T22:03:24.312+0500] {logging_mixin.py:151} INFO - [2025-05-12T22:03:24.311+0500] {dag.py:3722} INFO - Setting next_dagrun for example_branch_operator to 2025-05-11T00:00:00+00:00, run_after=2025-05-12T00:00:00+00:00
[2025-05-12T22:03:24.408+0500] {processor.py:179} INFO - Processing /home/maemoon/Documents/MLOPS_Project/env/lib/python3.10/site-packages/airflow/example_dags/example_branch_operator.py took 0.148 seconds
[2025-05-12T22:04:27.457+0500] {processor.py:157} INFO - Started process (PID=67439) to work on /home/maemoon/Documents/MLOPS_Project/env/lib/python3.10/site-packages/airflow/example_dags/example_branch_operator.py
[2025-05-12T22:04:27.500+0500] {processor.py:829} INFO - Processing file /home/maemoon/Documents/MLOPS_Project/env/lib/python3.10/site-packages/airflow/example_dags/example_branch_operator.py for tasks to queue
[2025-05-12T22:04:27.500+0500] {logging_mixin.py:151} INFO - [2025-05-12T22:04:27.500+0500] {dagbag.py:536} INFO - Filling up the DagBag from /home/maemoon/Documents/MLOPS_Project/env/lib/python3.10/site-packages/airflow/example_dags/example_branch_operator.py
[2025-05-12T22:04:27.508+0500] {processor.py:839} INFO - DAG(s) dict_keys(['example_branch_operator']) retrieved from /home/maemoon/Documents/MLOPS_Project/env/lib/python3.10/site-packages/airflow/example_dags/example_branch_operator.py
[2025-05-12T22:04:27.523+0500] {logging_mixin.py:151} INFO - [2025-05-12T22:04:27.522+0500] {dag.py:2941} INFO - Sync 1 DAGs
[2025-05-12T22:04:27.539+0500] {logging_mixin.py:151} INFO - [2025-05-12T22:04:27.539+0500] {dag.py:3722} INFO - Setting next_dagrun for example_branch_operator to 2025-05-11T00:00:00+00:00, run_after=2025-05-12T00:00:00+00:00
[2025-05-12T22:04:27.638+0500] {processor.py:179} INFO - Processing /home/maemoon/Documents/MLOPS_Project/env/lib/python3.10/site-packages/airflow/example_dags/example_branch_operator.py took 0.183 seconds
[2025-05-12T22:05:47.311+0500] {processor.py:157} INFO - Started process (PID=67648) to work on /home/maemoon/Documents/MLOPS_Project/env/lib/python3.10/site-packages/airflow/example_dags/example_branch_operator.py
[2025-05-12T22:05:47.312+0500] {processor.py:829} INFO - Processing file /home/maemoon/Documents/MLOPS_Project/env/lib/python3.10/site-packages/airflow/example_dags/example_branch_operator.py for tasks to queue
[2025-05-12T22:05:47.312+0500] {logging_mixin.py:151} INFO - [2025-05-12T22:05:47.312+0500] {dagbag.py:536} INFO - Filling up the DagBag from /home/maemoon/Documents/MLOPS_Project/env/lib/python3.10/site-packages/airflow/example_dags/example_branch_operator.py
[2025-05-12T22:05:47.320+0500] {processor.py:839} INFO - DAG(s) dict_keys(['example_branch_operator']) retrieved from /home/maemoon/Documents/MLOPS_Project/env/lib/python3.10/site-packages/airflow/example_dags/example_branch_operator.py
[2025-05-12T22:05:47.335+0500] {logging_mixin.py:151} INFO - [2025-05-12T22:05:47.334+0500] {dag.py:2941} INFO - Sync 1 DAGs
[2025-05-12T22:05:47.351+0500] {logging_mixin.py:151} INFO - [2025-05-12T22:05:47.350+0500] {dag.py:3722} INFO - Setting next_dagrun for example_branch_operator to 2025-05-11T00:00:00+00:00, run_after=2025-05-12T00:00:00+00:00
[2025-05-12T22:05:47.445+0500] {processor.py:179} INFO - Processing /home/maemoon/Documents/MLOPS_Project/env/lib/python3.10/site-packages/airflow/example_dags/example_branch_operator.py took 0.137 seconds
[2025-05-12T22:07:00.326+0500] {processor.py:157} INFO - Started process (PID=67847) to work on /home/maemoon/Documents/MLOPS_Project/env/lib/python3.10/site-packages/airflow/example_dags/example_branch_operator.py
[2025-05-12T22:07:00.336+0500] {processor.py:829} INFO - Processing file /home/maemoon/Documents/MLOPS_Project/env/lib/python3.10/site-packages/airflow/example_dags/example_branch_operator.py for tasks to queue
[2025-05-12T22:07:00.337+0500] {logging_mixin.py:151} INFO - [2025-05-12T22:07:00.336+0500] {dagbag.py:536} INFO - Filling up the DagBag from /home/maemoon/Documents/MLOPS_Project/env/lib/python3.10/site-packages/airflow/example_dags/example_branch_operator.py
[2025-05-12T22:07:00.344+0500] {processor.py:839} INFO - DAG(s) dict_keys(['example_branch_operator']) retrieved from /home/maemoon/Documents/MLOPS_Project/env/lib/python3.10/site-packages/airflow/example_dags/example_branch_operator.py
[2025-05-12T22:07:00.363+0500] {logging_mixin.py:151} INFO - [2025-05-12T22:07:00.362+0500] {dag.py:2941} INFO - Sync 1 DAGs
[2025-05-12T22:07:00.386+0500] {logging_mixin.py:151} INFO - [2025-05-12T22:07:00.386+0500] {dag.py:3722} INFO - Setting next_dagrun for example_branch_operator to 2025-05-11T00:00:00+00:00, run_after=2025-05-12T00:00:00+00:00
[2025-05-12T22:07:00.475+0500] {processor.py:179} INFO - Processing /home/maemoon/Documents/MLOPS_Project/env/lib/python3.10/site-packages/airflow/example_dags/example_branch_operator.py took 0.152 seconds
[2025-05-12T22:08:21.969+0500] {processor.py:157} INFO - Started process (PID=68024) to work on /home/maemoon/Documents/MLOPS_Project/env/lib/python3.10/site-packages/airflow/example_dags/example_branch_operator.py
[2025-05-12T22:08:21.970+0500] {processor.py:829} INFO - Processing file /home/maemoon/Documents/MLOPS_Project/env/lib/python3.10/site-packages/airflow/example_dags/example_branch_operator.py for tasks to queue
[2025-05-12T22:08:21.971+0500] {logging_mixin.py:151} INFO - [2025-05-12T22:08:21.971+0500] {dagbag.py:536} INFO - Filling up the DagBag from /home/maemoon/Documents/MLOPS_Project/env/lib/python3.10/site-packages/airflow/example_dags/example_branch_operator.py
[2025-05-12T22:08:21.979+0500] {processor.py:839} INFO - DAG(s) dict_keys(['example_branch_operator']) retrieved from /home/maemoon/Documents/MLOPS_Project/env/lib/python3.10/site-packages/airflow/example_dags/example_branch_operator.py
[2025-05-12T22:08:21.993+0500] {logging_mixin.py:151} INFO - [2025-05-12T22:08:21.993+0500] {dag.py:2941} INFO - Sync 1 DAGs
[2025-05-12T22:08:22.010+0500] {logging_mixin.py:151} INFO - [2025-05-12T22:08:22.010+0500] {dag.py:3722} INFO - Setting next_dagrun for example_branch_operator to 2025-05-11T00:00:00+00:00, run_after=2025-05-12T00:00:00+00:00
[2025-05-12T22:08:22.104+0500] {processor.py:179} INFO - Processing /home/maemoon/Documents/MLOPS_Project/env/lib/python3.10/site-packages/airflow/example_dags/example_branch_operator.py took 0.137 seconds
[2025-05-12T22:09:35.376+0500] {processor.py:157} INFO - Started process (PID=68193) to work on /home/maemoon/Documents/MLOPS_Project/env/lib/python3.10/site-packages/airflow/example_dags/example_branch_operator.py
[2025-05-12T22:09:35.377+0500] {processor.py:829} INFO - Processing file /home/maemoon/Documents/MLOPS_Project/env/lib/python3.10/site-packages/airflow/example_dags/example_branch_operator.py for tasks to queue
[2025-05-12T22:09:35.377+0500] {logging_mixin.py:151} INFO - [2025-05-12T22:09:35.377+0500] {dagbag.py:536} INFO - Filling up the DagBag from /home/maemoon/Documents/MLOPS_Project/env/lib/python3.10/site-packages/airflow/example_dags/example_branch_operator.py
[2025-05-12T22:09:35.384+0500] {processor.py:839} INFO - DAG(s) dict_keys(['example_branch_operator']) retrieved from /home/maemoon/Documents/MLOPS_Project/env/lib/python3.10/site-packages/airflow/example_dags/example_branch_operator.py
[2025-05-12T22:09:35.399+0500] {logging_mixin.py:151} INFO - [2025-05-12T22:09:35.399+0500] {dag.py:2941} INFO - Sync 1 DAGs
[2025-05-12T22:09:35.415+0500] {logging_mixin.py:151} INFO - [2025-05-12T22:09:35.415+0500] {dag.py:3722} INFO - Setting next_dagrun for example_branch_operator to 2025-05-11T00:00:00+00:00, run_after=2025-05-12T00:00:00+00:00
[2025-05-12T22:09:35.511+0500] {processor.py:179} INFO - Processing /home/maemoon/Documents/MLOPS_Project/env/lib/python3.10/site-packages/airflow/example_dags/example_branch_operator.py took 0.137 seconds
[2025-05-12T22:10:57.863+0500] {processor.py:157} INFO - Started process (PID=68583) to work on /home/maemoon/Documents/MLOPS_Project/env/lib/python3.10/site-packages/airflow/example_dags/example_branch_operator.py
[2025-05-12T22:10:57.864+0500] {processor.py:829} INFO - Processing file /home/maemoon/Documents/MLOPS_Project/env/lib/python3.10/site-packages/airflow/example_dags/example_branch_operator.py for tasks to queue
[2025-05-12T22:10:57.864+0500] {logging_mixin.py:151} INFO - [2025-05-12T22:10:57.864+0500] {dagbag.py:536} INFO - Filling up the DagBag from /home/maemoon/Documents/MLOPS_Project/env/lib/python3.10/site-packages/airflow/example_dags/example_branch_operator.py
[2025-05-12T22:10:57.872+0500] {processor.py:839} INFO - DAG(s) dict_keys(['example_branch_operator']) retrieved from /home/maemoon/Documents/MLOPS_Project/env/lib/python3.10/site-packages/airflow/example_dags/example_branch_operator.py
[2025-05-12T22:10:57.887+0500] {logging_mixin.py:151} INFO - [2025-05-12T22:10:57.887+0500] {dag.py:2941} INFO - Sync 1 DAGs
[2025-05-12T22:10:57.903+0500] {logging_mixin.py:151} INFO - [2025-05-12T22:10:57.903+0500] {dag.py:3722} INFO - Setting next_dagrun for example_branch_operator to 2025-05-11T00:00:00+00:00, run_after=2025-05-12T00:00:00+00:00
[2025-05-12T22:10:57.985+0500] {processor.py:179} INFO - Processing /home/maemoon/Documents/MLOPS_Project/env/lib/python3.10/site-packages/airflow/example_dags/example_branch_operator.py took 0.125 seconds
[2025-05-12T22:12:11.436+0500] {processor.py:157} INFO - Started process (PID=68722) to work on /home/maemoon/Documents/MLOPS_Project/env/lib/python3.10/site-packages/airflow/example_dags/example_branch_operator.py
[2025-05-12T22:12:11.456+0500] {processor.py:829} INFO - Processing file /home/maemoon/Documents/MLOPS_Project/env/lib/python3.10/site-packages/airflow/example_dags/example_branch_operator.py for tasks to queue
[2025-05-12T22:12:11.457+0500] {logging_mixin.py:151} INFO - [2025-05-12T22:12:11.456+0500] {dagbag.py:536} INFO - Filling up the DagBag from /home/maemoon/Documents/MLOPS_Project/env/lib/python3.10/site-packages/airflow/example_dags/example_branch_operator.py
[2025-05-12T22:12:11.465+0500] {processor.py:839} INFO - DAG(s) dict_keys(['example_branch_operator']) retrieved from /home/maemoon/Documents/MLOPS_Project/env/lib/python3.10/site-packages/airflow/example_dags/example_branch_operator.py
[2025-05-12T22:12:11.481+0500] {logging_mixin.py:151} INFO - [2025-05-12T22:12:11.481+0500] {dag.py:2941} INFO - Sync 1 DAGs
[2025-05-12T22:12:11.504+0500] {logging_mixin.py:151} INFO - [2025-05-12T22:12:11.503+0500] {dag.py:3722} INFO - Setting next_dagrun for example_branch_operator to 2025-05-11T00:00:00+00:00, run_after=2025-05-12T00:00:00+00:00
[2025-05-12T22:12:11.592+0500] {processor.py:179} INFO - Processing /home/maemoon/Documents/MLOPS_Project/env/lib/python3.10/site-packages/airflow/example_dags/example_branch_operator.py took 0.158 seconds
[2025-05-12T22:13:28.546+0500] {processor.py:157} INFO - Started process (PID=68850) to work on /home/maemoon/Documents/MLOPS_Project/env/lib/python3.10/site-packages/airflow/example_dags/example_branch_operator.py
[2025-05-12T22:13:28.563+0500] {processor.py:829} INFO - Processing file /home/maemoon/Documents/MLOPS_Project/env/lib/python3.10/site-packages/airflow/example_dags/example_branch_operator.py for tasks to queue
[2025-05-12T22:13:28.564+0500] {logging_mixin.py:151} INFO - [2025-05-12T22:13:28.564+0500] {dagbag.py:536} INFO - Filling up the DagBag from /home/maemoon/Documents/MLOPS_Project/env/lib/python3.10/site-packages/airflow/example_dags/example_branch_operator.py
[2025-05-12T22:13:28.571+0500] {processor.py:839} INFO - DAG(s) dict_keys(['example_branch_operator']) retrieved from /home/maemoon/Documents/MLOPS_Project/env/lib/python3.10/site-packages/airflow/example_dags/example_branch_operator.py
[2025-05-12T22:13:28.586+0500] {logging_mixin.py:151} INFO - [2025-05-12T22:13:28.586+0500] {dag.py:2941} INFO - Sync 1 DAGs
[2025-05-12T22:13:28.602+0500] {logging_mixin.py:151} INFO - [2025-05-12T22:13:28.602+0500] {dag.py:3722} INFO - Setting next_dagrun for example_branch_operator to 2025-05-11T00:00:00+00:00, run_after=2025-05-12T00:00:00+00:00
[2025-05-12T22:13:28.711+0500] {processor.py:179} INFO - Processing /home/maemoon/Documents/MLOPS_Project/env/lib/python3.10/site-packages/airflow/example_dags/example_branch_operator.py took 0.168 seconds
[2025-05-12T22:14:38.081+0500] {processor.py:157} INFO - Started process (PID=68984) to work on /home/maemoon/Documents/MLOPS_Project/env/lib/python3.10/site-packages/airflow/example_dags/example_branch_operator.py
[2025-05-12T22:14:38.109+0500] {processor.py:829} INFO - Processing file /home/maemoon/Documents/MLOPS_Project/env/lib/python3.10/site-packages/airflow/example_dags/example_branch_operator.py for tasks to queue
[2025-05-12T22:14:38.110+0500] {logging_mixin.py:151} INFO - [2025-05-12T22:14:38.109+0500] {dagbag.py:536} INFO - Filling up the DagBag from /home/maemoon/Documents/MLOPS_Project/env/lib/python3.10/site-packages/airflow/example_dags/example_branch_operator.py
[2025-05-12T22:14:38.119+0500] {processor.py:839} INFO - DAG(s) dict_keys(['example_branch_operator']) retrieved from /home/maemoon/Documents/MLOPS_Project/env/lib/python3.10/site-packages/airflow/example_dags/example_branch_operator.py
[2025-05-12T22:14:38.137+0500] {logging_mixin.py:151} INFO - [2025-05-12T22:14:38.137+0500] {dag.py:2941} INFO - Sync 1 DAGs
[2025-05-12T22:14:38.158+0500] {logging_mixin.py:151} INFO - [2025-05-12T22:14:38.158+0500] {dag.py:3722} INFO - Setting next_dagrun for example_branch_operator to 2025-05-11T00:00:00+00:00, run_after=2025-05-12T00:00:00+00:00
[2025-05-12T22:14:38.255+0500] {processor.py:179} INFO - Processing /home/maemoon/Documents/MLOPS_Project/env/lib/python3.10/site-packages/airflow/example_dags/example_branch_operator.py took 0.177 seconds
[2025-05-12T22:15:58.413+0500] {processor.py:157} INFO - Started process (PID=69110) to work on /home/maemoon/Documents/MLOPS_Project/env/lib/python3.10/site-packages/airflow/example_dags/example_branch_operator.py
[2025-05-12T22:15:58.427+0500] {processor.py:829} INFO - Processing file /home/maemoon/Documents/MLOPS_Project/env/lib/python3.10/site-packages/airflow/example_dags/example_branch_operator.py for tasks to queue
[2025-05-12T22:15:58.428+0500] {logging_mixin.py:151} INFO - [2025-05-12T22:15:58.428+0500] {dagbag.py:536} INFO - Filling up the DagBag from /home/maemoon/Documents/MLOPS_Project/env/lib/python3.10/site-packages/airflow/example_dags/example_branch_operator.py
[2025-05-12T22:15:58.436+0500] {processor.py:839} INFO - DAG(s) dict_keys(['example_branch_operator']) retrieved from /home/maemoon/Documents/MLOPS_Project/env/lib/python3.10/site-packages/airflow/example_dags/example_branch_operator.py
[2025-05-12T22:15:58.452+0500] {logging_mixin.py:151} INFO - [2025-05-12T22:15:58.452+0500] {dag.py:2941} INFO - Sync 1 DAGs
[2025-05-12T22:15:58.471+0500] {logging_mixin.py:151} INFO - [2025-05-12T22:15:58.471+0500] {dag.py:3722} INFO - Setting next_dagrun for example_branch_operator to 2025-05-11T00:00:00+00:00, run_after=2025-05-12T00:00:00+00:00
[2025-05-12T22:15:58.577+0500] {processor.py:179} INFO - Processing /home/maemoon/Documents/MLOPS_Project/env/lib/python3.10/site-packages/airflow/example_dags/example_branch_operator.py took 0.167 seconds
[2025-05-12T22:17:18.489+0500] {processor.py:157} INFO - Started process (PID=69342) to work on /home/maemoon/Documents/MLOPS_Project/env/lib/python3.10/site-packages/airflow/example_dags/example_branch_operator.py
[2025-05-12T22:17:18.501+0500] {processor.py:829} INFO - Processing file /home/maemoon/Documents/MLOPS_Project/env/lib/python3.10/site-packages/airflow/example_dags/example_branch_operator.py for tasks to queue
[2025-05-12T22:17:18.502+0500] {logging_mixin.py:151} INFO - [2025-05-12T22:17:18.501+0500] {dagbag.py:536} INFO - Filling up the DagBag from /home/maemoon/Documents/MLOPS_Project/env/lib/python3.10/site-packages/airflow/example_dags/example_branch_operator.py
[2025-05-12T22:17:18.511+0500] {processor.py:839} INFO - DAG(s) dict_keys(['example_branch_operator']) retrieved from /home/maemoon/Documents/MLOPS_Project/env/lib/python3.10/site-packages/airflow/example_dags/example_branch_operator.py
[2025-05-12T22:17:18.533+0500] {logging_mixin.py:151} INFO - [2025-05-12T22:17:18.533+0500] {dag.py:2941} INFO - Sync 1 DAGs
[2025-05-12T22:17:18.554+0500] {logging_mixin.py:151} INFO - [2025-05-12T22:17:18.554+0500] {dag.py:3722} INFO - Setting next_dagrun for example_branch_operator to 2025-05-11T00:00:00+00:00, run_after=2025-05-12T00:00:00+00:00
[2025-05-12T22:17:18.666+0500] {processor.py:179} INFO - Processing /home/maemoon/Documents/MLOPS_Project/env/lib/python3.10/site-packages/airflow/example_dags/example_branch_operator.py took 0.181 seconds
[2025-05-12T22:18:38.354+0500] {processor.py:157} INFO - Started process (PID=69561) to work on /home/maemoon/Documents/MLOPS_Project/env/lib/python3.10/site-packages/airflow/example_dags/example_branch_operator.py
[2025-05-12T22:18:38.355+0500] {processor.py:829} INFO - Processing file /home/maemoon/Documents/MLOPS_Project/env/lib/python3.10/site-packages/airflow/example_dags/example_branch_operator.py for tasks to queue
[2025-05-12T22:18:38.356+0500] {logging_mixin.py:151} INFO - [2025-05-12T22:18:38.356+0500] {dagbag.py:536} INFO - Filling up the DagBag from /home/maemoon/Documents/MLOPS_Project/env/lib/python3.10/site-packages/airflow/example_dags/example_branch_operator.py
[2025-05-12T22:18:38.370+0500] {processor.py:839} INFO - DAG(s) dict_keys(['example_branch_operator']) retrieved from /home/maemoon/Documents/MLOPS_Project/env/lib/python3.10/site-packages/airflow/example_dags/example_branch_operator.py
[2025-05-12T22:18:38.386+0500] {logging_mixin.py:151} INFO - [2025-05-12T22:18:38.386+0500] {dag.py:2941} INFO - Sync 1 DAGs
[2025-05-12T22:18:38.403+0500] {logging_mixin.py:151} INFO - [2025-05-12T22:18:38.403+0500] {dag.py:3722} INFO - Setting next_dagrun for example_branch_operator to 2025-05-11T00:00:00+00:00, run_after=2025-05-12T00:00:00+00:00
[2025-05-12T22:18:38.505+0500] {processor.py:179} INFO - Processing /home/maemoon/Documents/MLOPS_Project/env/lib/python3.10/site-packages/airflow/example_dags/example_branch_operator.py took 0.155 seconds
[2025-05-12T22:20:00.357+0500] {processor.py:157} INFO - Started process (PID=69710) to work on /home/maemoon/Documents/MLOPS_Project/env/lib/python3.10/site-packages/airflow/example_dags/example_branch_operator.py
[2025-05-12T22:20:00.358+0500] {processor.py:829} INFO - Processing file /home/maemoon/Documents/MLOPS_Project/env/lib/python3.10/site-packages/airflow/example_dags/example_branch_operator.py for tasks to queue
[2025-05-12T22:20:00.359+0500] {logging_mixin.py:151} INFO - [2025-05-12T22:20:00.359+0500] {dagbag.py:536} INFO - Filling up the DagBag from /home/maemoon/Documents/MLOPS_Project/env/lib/python3.10/site-packages/airflow/example_dags/example_branch_operator.py
[2025-05-12T22:20:00.366+0500] {processor.py:839} INFO - DAG(s) dict_keys(['example_branch_operator']) retrieved from /home/maemoon/Documents/MLOPS_Project/env/lib/python3.10/site-packages/airflow/example_dags/example_branch_operator.py
[2025-05-12T22:20:00.381+0500] {logging_mixin.py:151} INFO - [2025-05-12T22:20:00.381+0500] {dag.py:2941} INFO - Sync 1 DAGs
[2025-05-12T22:20:00.397+0500] {logging_mixin.py:151} INFO - [2025-05-12T22:20:00.397+0500] {dag.py:3722} INFO - Setting next_dagrun for example_branch_operator to 2025-05-11T00:00:00+00:00, run_after=2025-05-12T00:00:00+00:00
[2025-05-12T22:20:00.491+0500] {processor.py:179} INFO - Processing /home/maemoon/Documents/MLOPS_Project/env/lib/python3.10/site-packages/airflow/example_dags/example_branch_operator.py took 0.136 seconds
[2025-05-12T22:21:22.547+0500] {processor.py:157} INFO - Started process (PID=69982) to work on /home/maemoon/Documents/MLOPS_Project/env/lib/python3.10/site-packages/airflow/example_dags/example_branch_operator.py
[2025-05-12T22:21:22.560+0500] {processor.py:829} INFO - Processing file /home/maemoon/Documents/MLOPS_Project/env/lib/python3.10/site-packages/airflow/example_dags/example_branch_operator.py for tasks to queue
[2025-05-12T22:21:22.561+0500] {logging_mixin.py:151} INFO - [2025-05-12T22:21:22.561+0500] {dagbag.py:536} INFO - Filling up the DagBag from /home/maemoon/Documents/MLOPS_Project/env/lib/python3.10/site-packages/airflow/example_dags/example_branch_operator.py
[2025-05-12T22:21:22.569+0500] {processor.py:839} INFO - DAG(s) dict_keys(['example_branch_operator']) retrieved from /home/maemoon/Documents/MLOPS_Project/env/lib/python3.10/site-packages/airflow/example_dags/example_branch_operator.py
[2025-05-12T22:21:22.584+0500] {logging_mixin.py:151} INFO - [2025-05-12T22:21:22.583+0500] {dag.py:2941} INFO - Sync 1 DAGs
[2025-05-12T22:21:22.603+0500] {logging_mixin.py:151} INFO - [2025-05-12T22:21:22.603+0500] {dag.py:3722} INFO - Setting next_dagrun for example_branch_operator to 2025-05-11T00:00:00+00:00, run_after=2025-05-12T00:00:00+00:00
[2025-05-12T22:21:22.703+0500] {processor.py:179} INFO - Processing /home/maemoon/Documents/MLOPS_Project/env/lib/python3.10/site-packages/airflow/example_dags/example_branch_operator.py took 0.158 seconds
[2025-05-12T22:22:42.756+0500] {processor.py:157} INFO - Started process (PID=70209) to work on /home/maemoon/Documents/MLOPS_Project/env/lib/python3.10/site-packages/airflow/example_dags/example_branch_operator.py
[2025-05-12T22:22:42.765+0500] {processor.py:829} INFO - Processing file /home/maemoon/Documents/MLOPS_Project/env/lib/python3.10/site-packages/airflow/example_dags/example_branch_operator.py for tasks to queue
[2025-05-12T22:22:42.766+0500] {logging_mixin.py:151} INFO - [2025-05-12T22:22:42.766+0500] {dagbag.py:536} INFO - Filling up the DagBag from /home/maemoon/Documents/MLOPS_Project/env/lib/python3.10/site-packages/airflow/example_dags/example_branch_operator.py
[2025-05-12T22:22:42.777+0500] {processor.py:839} INFO - DAG(s) dict_keys(['example_branch_operator']) retrieved from /home/maemoon/Documents/MLOPS_Project/env/lib/python3.10/site-packages/airflow/example_dags/example_branch_operator.py
[2025-05-12T22:22:42.798+0500] {logging_mixin.py:151} INFO - [2025-05-12T22:22:42.798+0500] {dag.py:2941} INFO - Sync 1 DAGs
[2025-05-12T22:22:42.821+0500] {logging_mixin.py:151} INFO - [2025-05-12T22:22:42.820+0500] {dag.py:3722} INFO - Setting next_dagrun for example_branch_operator to 2025-05-11T00:00:00+00:00, run_after=2025-05-12T00:00:00+00:00
[2025-05-12T22:22:42.945+0500] {processor.py:179} INFO - Processing /home/maemoon/Documents/MLOPS_Project/env/lib/python3.10/site-packages/airflow/example_dags/example_branch_operator.py took 0.191 seconds
[2025-05-12T22:24:04.361+0500] {processor.py:157} INFO - Started process (PID=70402) to work on /home/maemoon/Documents/MLOPS_Project/env/lib/python3.10/site-packages/airflow/example_dags/example_branch_operator.py
[2025-05-12T22:24:04.372+0500] {processor.py:829} INFO - Processing file /home/maemoon/Documents/MLOPS_Project/env/lib/python3.10/site-packages/airflow/example_dags/example_branch_operator.py for tasks to queue
[2025-05-12T22:24:04.374+0500] {logging_mixin.py:151} INFO - [2025-05-12T22:24:04.373+0500] {dagbag.py:536} INFO - Filling up the DagBag from /home/maemoon/Documents/MLOPS_Project/env/lib/python3.10/site-packages/airflow/example_dags/example_branch_operator.py
[2025-05-12T22:24:04.389+0500] {processor.py:839} INFO - DAG(s) dict_keys(['example_branch_operator']) retrieved from /home/maemoon/Documents/MLOPS_Project/env/lib/python3.10/site-packages/airflow/example_dags/example_branch_operator.py
[2025-05-12T22:24:04.418+0500] {logging_mixin.py:151} INFO - [2025-05-12T22:24:04.418+0500] {dag.py:2941} INFO - Sync 1 DAGs
[2025-05-12T22:24:04.451+0500] {logging_mixin.py:151} INFO - [2025-05-12T22:24:04.451+0500] {dag.py:3722} INFO - Setting next_dagrun for example_branch_operator to 2025-05-11T00:00:00+00:00, run_after=2025-05-12T00:00:00+00:00
[2025-05-12T22:24:04.549+0500] {processor.py:179} INFO - Processing /home/maemoon/Documents/MLOPS_Project/env/lib/python3.10/site-packages/airflow/example_dags/example_branch_operator.py took 0.195 seconds
