[2025-05-12T21:24:38.791+0500] {processor.py:157} INFO - Started process (PID=56346) to work on /home/maemoon/Documents/MLOPS_Project/env/lib/python3.10/site-packages/airflow/example_dags/example_kubernetes_executor.py
[2025-05-12T21:24:38.792+0500] {processor.py:829} INFO - Processing file /home/maemoon/Documents/MLOPS_Project/env/lib/python3.10/site-packages/airflow/example_dags/example_kubernetes_executor.py for tasks to queue
[2025-05-12T21:24:38.793+0500] {logging_mixin.py:151} INFO - [2025-05-12T21:24:38.792+0500] {dagbag.py:536} INFO - Filling up the DagBag from /home/maemoon/Documents/MLOPS_Project/env/lib/python3.10/site-packages/airflow/example_dags/example_kubernetes_executor.py
[2025-05-12T21:24:38.795+0500] {logging_mixin.py:151} INFO - [2025-05-12T21:24:38.795+0500] {example_kubernetes_executor.py:38} WARNING - The example_kubernetes_executor example DAG requires the kubernetes provider. Please install it with: pip install apache-airflow[cncf.kubernetes]
[2025-05-12T21:24:38.795+0500] {processor.py:841} WARNING - No viable dags retrieved from /home/maemoon/Documents/MLOPS_Project/env/lib/python3.10/site-packages/airflow/example_dags/example_kubernetes_executor.py
[2025-05-12T21:24:38.805+0500] {processor.py:179} INFO - Processing /home/maemoon/Documents/MLOPS_Project/env/lib/python3.10/site-packages/airflow/example_dags/example_kubernetes_executor.py took 0.016 seconds
[2025-05-12T21:30:36.179+0500] {processor.py:157} INFO - Started process (PID=57985) to work on /home/maemoon/Documents/MLOPS_Project/env/lib/python3.10/site-packages/airflow/example_dags/example_kubernetes_executor.py
[2025-05-12T21:30:36.191+0500] {processor.py:829} INFO - Processing file /home/maemoon/Documents/MLOPS_Project/env/lib/python3.10/site-packages/airflow/example_dags/example_kubernetes_executor.py for tasks to queue
[2025-05-12T21:30:36.191+0500] {logging_mixin.py:151} INFO - [2025-05-12T21:30:36.191+0500] {dagbag.py:536} INFO - Filling up the DagBag from /home/maemoon/Documents/MLOPS_Project/env/lib/python3.10/site-packages/airflow/example_dags/example_kubernetes_executor.py
[2025-05-12T21:30:36.194+0500] {logging_mixin.py:151} INFO - [2025-05-12T21:30:36.194+0500] {example_kubernetes_executor.py:38} WARNING - The example_kubernetes_executor example DAG requires the kubernetes provider. Please install it with: pip install apache-airflow[cncf.kubernetes]
[2025-05-12T21:30:36.194+0500] {processor.py:841} WARNING - No viable dags retrieved from /home/maemoon/Documents/MLOPS_Project/env/lib/python3.10/site-packages/airflow/example_dags/example_kubernetes_executor.py
[2025-05-12T21:30:36.203+0500] {processor.py:179} INFO - Processing /home/maemoon/Documents/MLOPS_Project/env/lib/python3.10/site-packages/airflow/example_dags/example_kubernetes_executor.py took 0.026 seconds
[2025-05-12T21:32:00.569+0500] {processor.py:157} INFO - Started process (PID=58623) to work on /home/maemoon/Documents/MLOPS_Project/env/lib/python3.10/site-packages/airflow/example_dags/example_kubernetes_executor.py
[2025-05-12T21:32:00.575+0500] {processor.py:829} INFO - Processing file /home/maemoon/Documents/MLOPS_Project/env/lib/python3.10/site-packages/airflow/example_dags/example_kubernetes_executor.py for tasks to queue
[2025-05-12T21:32:00.576+0500] {logging_mixin.py:151} INFO - [2025-05-12T21:32:00.576+0500] {dagbag.py:536} INFO - Filling up the DagBag from /home/maemoon/Documents/MLOPS_Project/env/lib/python3.10/site-packages/airflow/example_dags/example_kubernetes_executor.py
[2025-05-12T21:32:00.581+0500] {logging_mixin.py:151} INFO - [2025-05-12T21:32:00.580+0500] {example_kubernetes_executor.py:38} WARNING - The example_kubernetes_executor example DAG requires the kubernetes provider. Please install it with: pip install apache-airflow[cncf.kubernetes]
[2025-05-12T21:32:00.582+0500] {processor.py:841} WARNING - No viable dags retrieved from /home/maemoon/Documents/MLOPS_Project/env/lib/python3.10/site-packages/airflow/example_dags/example_kubernetes_executor.py
[2025-05-12T21:32:00.593+0500] {processor.py:179} INFO - Processing /home/maemoon/Documents/MLOPS_Project/env/lib/python3.10/site-packages/airflow/example_dags/example_kubernetes_executor.py took 0.030 seconds
[2025-05-12T21:33:25.133+0500] {processor.py:157} INFO - Started process (PID=59293) to work on /home/maemoon/Documents/MLOPS_Project/env/lib/python3.10/site-packages/airflow/example_dags/example_kubernetes_executor.py
[2025-05-12T21:33:25.134+0500] {processor.py:829} INFO - Processing file /home/maemoon/Documents/MLOPS_Project/env/lib/python3.10/site-packages/airflow/example_dags/example_kubernetes_executor.py for tasks to queue
[2025-05-12T21:33:25.135+0500] {logging_mixin.py:151} INFO - [2025-05-12T21:33:25.135+0500] {dagbag.py:536} INFO - Filling up the DagBag from /home/maemoon/Documents/MLOPS_Project/env/lib/python3.10/site-packages/airflow/example_dags/example_kubernetes_executor.py
[2025-05-12T21:33:25.138+0500] {logging_mixin.py:151} INFO - [2025-05-12T21:33:25.138+0500] {example_kubernetes_executor.py:38} WARNING - The example_kubernetes_executor example DAG requires the kubernetes provider. Please install it with: pip install apache-airflow[cncf.kubernetes]
[2025-05-12T21:33:25.138+0500] {processor.py:841} WARNING - No viable dags retrieved from /home/maemoon/Documents/MLOPS_Project/env/lib/python3.10/site-packages/airflow/example_dags/example_kubernetes_executor.py
[2025-05-12T21:33:25.147+0500] {processor.py:179} INFO - Processing /home/maemoon/Documents/MLOPS_Project/env/lib/python3.10/site-packages/airflow/example_dags/example_kubernetes_executor.py took 0.017 seconds
[2025-05-12T21:34:17.894+0500] {processor.py:157} INFO - Started process (PID=59419) to work on /home/maemoon/Documents/MLOPS_Project/env/lib/python3.10/site-packages/airflow/example_dags/example_kubernetes_executor.py
[2025-05-12T21:34:17.896+0500] {processor.py:829} INFO - Processing file /home/maemoon/Documents/MLOPS_Project/env/lib/python3.10/site-packages/airflow/example_dags/example_kubernetes_executor.py for tasks to queue
[2025-05-12T21:34:17.896+0500] {logging_mixin.py:151} INFO - [2025-05-12T21:34:17.896+0500] {dagbag.py:536} INFO - Filling up the DagBag from /home/maemoon/Documents/MLOPS_Project/env/lib/python3.10/site-packages/airflow/example_dags/example_kubernetes_executor.py
[2025-05-12T21:34:17.899+0500] {logging_mixin.py:151} INFO - [2025-05-12T21:34:17.899+0500] {example_kubernetes_executor.py:38} WARNING - The example_kubernetes_executor example DAG requires the kubernetes provider. Please install it with: pip install apache-airflow[cncf.kubernetes]
[2025-05-12T21:34:17.899+0500] {processor.py:841} WARNING - No viable dags retrieved from /home/maemoon/Documents/MLOPS_Project/env/lib/python3.10/site-packages/airflow/example_dags/example_kubernetes_executor.py
[2025-05-12T21:34:17.907+0500] {processor.py:179} INFO - Processing /home/maemoon/Documents/MLOPS_Project/env/lib/python3.10/site-packages/airflow/example_dags/example_kubernetes_executor.py took 0.015 seconds
[2025-05-12T21:35:29.716+0500] {processor.py:157} INFO - Started process (PID=59699) to work on /home/maemoon/Documents/MLOPS_Project/env/lib/python3.10/site-packages/airflow/example_dags/example_kubernetes_executor.py
[2025-05-12T21:35:29.717+0500] {processor.py:829} INFO - Processing file /home/maemoon/Documents/MLOPS_Project/env/lib/python3.10/site-packages/airflow/example_dags/example_kubernetes_executor.py for tasks to queue
[2025-05-12T21:35:29.717+0500] {logging_mixin.py:151} INFO - [2025-05-12T21:35:29.717+0500] {dagbag.py:536} INFO - Filling up the DagBag from /home/maemoon/Documents/MLOPS_Project/env/lib/python3.10/site-packages/airflow/example_dags/example_kubernetes_executor.py
[2025-05-12T21:35:29.720+0500] {logging_mixin.py:151} INFO - [2025-05-12T21:35:29.720+0500] {example_kubernetes_executor.py:38} WARNING - The example_kubernetes_executor example DAG requires the kubernetes provider. Please install it with: pip install apache-airflow[cncf.kubernetes]
[2025-05-12T21:35:29.720+0500] {processor.py:841} WARNING - No viable dags retrieved from /home/maemoon/Documents/MLOPS_Project/env/lib/python3.10/site-packages/airflow/example_dags/example_kubernetes_executor.py
[2025-05-12T21:35:29.738+0500] {processor.py:179} INFO - Processing /home/maemoon/Documents/MLOPS_Project/env/lib/python3.10/site-packages/airflow/example_dags/example_kubernetes_executor.py took 0.024 seconds
[2025-05-12T21:52:57.144+0500] {processor.py:157} INFO - Started process (PID=63978) to work on /home/maemoon/Documents/MLOPS_Project/env/lib/python3.10/site-packages/airflow/example_dags/example_kubernetes_executor.py
[2025-05-12T21:52:57.145+0500] {processor.py:829} INFO - Processing file /home/maemoon/Documents/MLOPS_Project/env/lib/python3.10/site-packages/airflow/example_dags/example_kubernetes_executor.py for tasks to queue
[2025-05-12T21:52:57.146+0500] {logging_mixin.py:151} INFO - [2025-05-12T21:52:57.146+0500] {dagbag.py:536} INFO - Filling up the DagBag from /home/maemoon/Documents/MLOPS_Project/env/lib/python3.10/site-packages/airflow/example_dags/example_kubernetes_executor.py
[2025-05-12T21:52:57.148+0500] {logging_mixin.py:151} INFO - [2025-05-12T21:52:57.148+0500] {example_kubernetes_executor.py:38} WARNING - The example_kubernetes_executor example DAG requires the kubernetes provider. Please install it with: pip install apache-airflow[cncf.kubernetes]
[2025-05-12T21:52:57.149+0500] {processor.py:841} WARNING - No viable dags retrieved from /home/maemoon/Documents/MLOPS_Project/env/lib/python3.10/site-packages/airflow/example_dags/example_kubernetes_executor.py
[2025-05-12T21:52:57.156+0500] {processor.py:179} INFO - Processing /home/maemoon/Documents/MLOPS_Project/env/lib/python3.10/site-packages/airflow/example_dags/example_kubernetes_executor.py took 0.015 seconds
[2025-05-12T21:53:58.209+0500] {processor.py:157} INFO - Started process (PID=64138) to work on /home/maemoon/Documents/MLOPS_Project/env/lib/python3.10/site-packages/airflow/example_dags/example_kubernetes_executor.py
[2025-05-12T21:53:58.210+0500] {processor.py:829} INFO - Processing file /home/maemoon/Documents/MLOPS_Project/env/lib/python3.10/site-packages/airflow/example_dags/example_kubernetes_executor.py for tasks to queue
[2025-05-12T21:53:58.211+0500] {logging_mixin.py:151} INFO - [2025-05-12T21:53:58.210+0500] {dagbag.py:536} INFO - Filling up the DagBag from /home/maemoon/Documents/MLOPS_Project/env/lib/python3.10/site-packages/airflow/example_dags/example_kubernetes_executor.py
[2025-05-12T21:53:58.213+0500] {logging_mixin.py:151} INFO - [2025-05-12T21:53:58.213+0500] {example_kubernetes_executor.py:38} WARNING - The example_kubernetes_executor example DAG requires the kubernetes provider. Please install it with: pip install apache-airflow[cncf.kubernetes]
[2025-05-12T21:53:58.213+0500] {processor.py:841} WARNING - No viable dags retrieved from /home/maemoon/Documents/MLOPS_Project/env/lib/python3.10/site-packages/airflow/example_dags/example_kubernetes_executor.py
[2025-05-12T21:53:58.221+0500] {processor.py:179} INFO - Processing /home/maemoon/Documents/MLOPS_Project/env/lib/python3.10/site-packages/airflow/example_dags/example_kubernetes_executor.py took 0.015 seconds
[2025-05-12T21:55:01.024+0500] {processor.py:157} INFO - Started process (PID=64513) to work on /home/maemoon/Documents/MLOPS_Project/env/lib/python3.10/site-packages/airflow/example_dags/example_kubernetes_executor.py
[2025-05-12T21:55:01.034+0500] {processor.py:829} INFO - Processing file /home/maemoon/Documents/MLOPS_Project/env/lib/python3.10/site-packages/airflow/example_dags/example_kubernetes_executor.py for tasks to queue
[2025-05-12T21:55:01.035+0500] {logging_mixin.py:151} INFO - [2025-05-12T21:55:01.035+0500] {dagbag.py:536} INFO - Filling up the DagBag from /home/maemoon/Documents/MLOPS_Project/env/lib/python3.10/site-packages/airflow/example_dags/example_kubernetes_executor.py
[2025-05-12T21:55:01.037+0500] {logging_mixin.py:151} INFO - [2025-05-12T21:55:01.037+0500] {example_kubernetes_executor.py:38} WARNING - The example_kubernetes_executor example DAG requires the kubernetes provider. Please install it with: pip install apache-airflow[cncf.kubernetes]
[2025-05-12T21:55:01.037+0500] {processor.py:841} WARNING - No viable dags retrieved from /home/maemoon/Documents/MLOPS_Project/env/lib/python3.10/site-packages/airflow/example_dags/example_kubernetes_executor.py
[2025-05-12T21:55:01.046+0500] {processor.py:179} INFO - Processing /home/maemoon/Documents/MLOPS_Project/env/lib/python3.10/site-packages/airflow/example_dags/example_kubernetes_executor.py took 0.024 seconds
[2025-05-12T21:56:31.019+0500] {processor.py:157} INFO - Started process (PID=65267) to work on /home/maemoon/Documents/MLOPS_Project/env/lib/python3.10/site-packages/airflow/example_dags/example_kubernetes_executor.py
[2025-05-12T21:56:31.020+0500] {processor.py:829} INFO - Processing file /home/maemoon/Documents/MLOPS_Project/env/lib/python3.10/site-packages/airflow/example_dags/example_kubernetes_executor.py for tasks to queue
[2025-05-12T21:56:31.020+0500] {logging_mixin.py:151} INFO - [2025-05-12T21:56:31.020+0500] {dagbag.py:536} INFO - Filling up the DagBag from /home/maemoon/Documents/MLOPS_Project/env/lib/python3.10/site-packages/airflow/example_dags/example_kubernetes_executor.py
[2025-05-12T21:56:31.023+0500] {logging_mixin.py:151} INFO - [2025-05-12T21:56:31.023+0500] {example_kubernetes_executor.py:38} WARNING - The example_kubernetes_executor example DAG requires the kubernetes provider. Please install it with: pip install apache-airflow[cncf.kubernetes]
[2025-05-12T21:56:31.023+0500] {processor.py:841} WARNING - No viable dags retrieved from /home/maemoon/Documents/MLOPS_Project/env/lib/python3.10/site-packages/airflow/example_dags/example_kubernetes_executor.py
[2025-05-12T21:56:31.031+0500] {processor.py:179} INFO - Processing /home/maemoon/Documents/MLOPS_Project/env/lib/python3.10/site-packages/airflow/example_dags/example_kubernetes_executor.py took 0.014 seconds
[2025-05-12T21:57:39.429+0500] {processor.py:157} INFO - Started process (PID=65417) to work on /home/maemoon/Documents/MLOPS_Project/env/lib/python3.10/site-packages/airflow/example_dags/example_kubernetes_executor.py
[2025-05-12T21:57:39.430+0500] {processor.py:829} INFO - Processing file /home/maemoon/Documents/MLOPS_Project/env/lib/python3.10/site-packages/airflow/example_dags/example_kubernetes_executor.py for tasks to queue
[2025-05-12T21:57:39.430+0500] {logging_mixin.py:151} INFO - [2025-05-12T21:57:39.430+0500] {dagbag.py:536} INFO - Filling up the DagBag from /home/maemoon/Documents/MLOPS_Project/env/lib/python3.10/site-packages/airflow/example_dags/example_kubernetes_executor.py
[2025-05-12T21:57:39.434+0500] {logging_mixin.py:151} INFO - [2025-05-12T21:57:39.434+0500] {example_kubernetes_executor.py:38} WARNING - The example_kubernetes_executor example DAG requires the kubernetes provider. Please install it with: pip install apache-airflow[cncf.kubernetes]
[2025-05-12T21:57:39.434+0500] {processor.py:841} WARNING - No viable dags retrieved from /home/maemoon/Documents/MLOPS_Project/env/lib/python3.10/site-packages/airflow/example_dags/example_kubernetes_executor.py
[2025-05-12T21:57:39.444+0500] {processor.py:179} INFO - Processing /home/maemoon/Documents/MLOPS_Project/env/lib/python3.10/site-packages/airflow/example_dags/example_kubernetes_executor.py took 0.018 seconds
[2025-05-12T21:58:36.159+0500] {processor.py:157} INFO - Started process (PID=65610) to work on /home/maemoon/Documents/MLOPS_Project/env/lib/python3.10/site-packages/airflow/example_dags/example_kubernetes_executor.py
[2025-05-12T21:58:36.160+0500] {processor.py:829} INFO - Processing file /home/maemoon/Documents/MLOPS_Project/env/lib/python3.10/site-packages/airflow/example_dags/example_kubernetes_executor.py for tasks to queue
[2025-05-12T21:58:36.160+0500] {logging_mixin.py:151} INFO - [2025-05-12T21:58:36.160+0500] {dagbag.py:536} INFO - Filling up the DagBag from /home/maemoon/Documents/MLOPS_Project/env/lib/python3.10/site-packages/airflow/example_dags/example_kubernetes_executor.py
[2025-05-12T21:58:36.163+0500] {logging_mixin.py:151} INFO - [2025-05-12T21:58:36.162+0500] {example_kubernetes_executor.py:38} WARNING - The example_kubernetes_executor example DAG requires the kubernetes provider. Please install it with: pip install apache-airflow[cncf.kubernetes]
[2025-05-12T21:58:36.163+0500] {processor.py:841} WARNING - No viable dags retrieved from /home/maemoon/Documents/MLOPS_Project/env/lib/python3.10/site-packages/airflow/example_dags/example_kubernetes_executor.py
[2025-05-12T21:58:36.171+0500] {processor.py:179} INFO - Processing /home/maemoon/Documents/MLOPS_Project/env/lib/python3.10/site-packages/airflow/example_dags/example_kubernetes_executor.py took 0.014 seconds
[2025-05-12T21:59:55.157+0500] {processor.py:157} INFO - Started process (PID=65807) to work on /home/maemoon/Documents/MLOPS_Project/env/lib/python3.10/site-packages/airflow/example_dags/example_kubernetes_executor.py
[2025-05-12T21:59:55.158+0500] {processor.py:829} INFO - Processing file /home/maemoon/Documents/MLOPS_Project/env/lib/python3.10/site-packages/airflow/example_dags/example_kubernetes_executor.py for tasks to queue
[2025-05-12T21:59:55.159+0500] {logging_mixin.py:151} INFO - [2025-05-12T21:59:55.158+0500] {dagbag.py:536} INFO - Filling up the DagBag from /home/maemoon/Documents/MLOPS_Project/env/lib/python3.10/site-packages/airflow/example_dags/example_kubernetes_executor.py
[2025-05-12T21:59:55.161+0500] {logging_mixin.py:151} INFO - [2025-05-12T21:59:55.161+0500] {example_kubernetes_executor.py:38} WARNING - The example_kubernetes_executor example DAG requires the kubernetes provider. Please install it with: pip install apache-airflow[cncf.kubernetes]
[2025-05-12T21:59:55.161+0500] {processor.py:841} WARNING - No viable dags retrieved from /home/maemoon/Documents/MLOPS_Project/env/lib/python3.10/site-packages/airflow/example_dags/example_kubernetes_executor.py
[2025-05-12T21:59:55.169+0500] {processor.py:179} INFO - Processing /home/maemoon/Documents/MLOPS_Project/env/lib/python3.10/site-packages/airflow/example_dags/example_kubernetes_executor.py took 0.015 seconds
[2025-05-12T22:01:09.148+0500] {processor.py:157} INFO - Started process (PID=66164) to work on /home/maemoon/Documents/MLOPS_Project/env/lib/python3.10/site-packages/airflow/example_dags/example_kubernetes_executor.py
[2025-05-12T22:01:09.158+0500] {processor.py:829} INFO - Processing file /home/maemoon/Documents/MLOPS_Project/env/lib/python3.10/site-packages/airflow/example_dags/example_kubernetes_executor.py for tasks to queue
[2025-05-12T22:01:09.159+0500] {logging_mixin.py:151} INFO - [2025-05-12T22:01:09.158+0500] {dagbag.py:536} INFO - Filling up the DagBag from /home/maemoon/Documents/MLOPS_Project/env/lib/python3.10/site-packages/airflow/example_dags/example_kubernetes_executor.py
[2025-05-12T22:01:09.161+0500] {logging_mixin.py:151} INFO - [2025-05-12T22:01:09.161+0500] {example_kubernetes_executor.py:38} WARNING - The example_kubernetes_executor example DAG requires the kubernetes provider. Please install it with: pip install apache-airflow[cncf.kubernetes]
[2025-05-12T22:01:09.161+0500] {processor.py:841} WARNING - No viable dags retrieved from /home/maemoon/Documents/MLOPS_Project/env/lib/python3.10/site-packages/airflow/example_dags/example_kubernetes_executor.py
[2025-05-12T22:01:09.169+0500] {processor.py:179} INFO - Processing /home/maemoon/Documents/MLOPS_Project/env/lib/python3.10/site-packages/airflow/example_dags/example_kubernetes_executor.py took 0.024 seconds
[2025-05-12T22:03:12.211+0500] {processor.py:157} INFO - Started process (PID=67166) to work on /home/maemoon/Documents/MLOPS_Project/env/lib/python3.10/site-packages/airflow/example_dags/example_kubernetes_executor.py
[2025-05-12T22:03:12.252+0500] {processor.py:829} INFO - Processing file /home/maemoon/Documents/MLOPS_Project/env/lib/python3.10/site-packages/airflow/example_dags/example_kubernetes_executor.py for tasks to queue
[2025-05-12T22:03:12.253+0500] {logging_mixin.py:151} INFO - [2025-05-12T22:03:12.253+0500] {dagbag.py:536} INFO - Filling up the DagBag from /home/maemoon/Documents/MLOPS_Project/env/lib/python3.10/site-packages/airflow/example_dags/example_kubernetes_executor.py
[2025-05-12T22:03:12.257+0500] {logging_mixin.py:151} INFO - [2025-05-12T22:03:12.257+0500] {example_kubernetes_executor.py:38} WARNING - The example_kubernetes_executor example DAG requires the kubernetes provider. Please install it with: pip install apache-airflow[cncf.kubernetes]
[2025-05-12T22:03:12.258+0500] {processor.py:841} WARNING - No viable dags retrieved from /home/maemoon/Documents/MLOPS_Project/env/lib/python3.10/site-packages/airflow/example_dags/example_kubernetes_executor.py
[2025-05-12T22:03:12.269+0500] {processor.py:179} INFO - Processing /home/maemoon/Documents/MLOPS_Project/env/lib/python3.10/site-packages/airflow/example_dags/example_kubernetes_executor.py took 0.060 seconds
