[2025-05-12T21:24:50.636+0500] {processor.py:157} INFO - Started process (PID=56366) to work on /home/maemoon/Documents/MLOPS_Project/env/lib/python3.10/site-packages/airflow/example_dags/example_branch_operator_decorator.py
[2025-05-12T21:24:50.637+0500] {processor.py:829} INFO - Processing file /home/maemoon/Documents/MLOPS_Project/env/lib/python3.10/site-packages/airflow/example_dags/example_branch_operator_decorator.py for tasks to queue
[2025-05-12T21:24:50.638+0500] {logging_mixin.py:151} INFO - [2025-05-12T21:24:50.637+0500] {dagbag.py:536} INFO - Filling up the DagBag from /home/maemoon/Documents/MLOPS_Project/env/lib/python3.10/site-packages/airflow/example_dags/example_branch_operator_decorator.py
[2025-05-12T21:24:50.646+0500] {processor.py:839} INFO - DAG(s) dict_keys(['example_branch_python_operator_decorator']) retrieved from /home/maemoon/Documents/MLOPS_Project/env/lib/python3.10/site-packages/airflow/example_dags/example_branch_operator_decorator.py
[2025-05-12T21:24:50.946+0500] {logging_mixin.py:151} INFO - [2025-05-12T21:24:50.946+0500] {manager.py:499} INFO - Created Permission View: %s
[2025-05-12T21:24:51.046+0500] {logging_mixin.py:151} INFO - [2025-05-12T21:24:51.046+0500] {manager.py:499} INFO - Created Permission View: %s
[2025-05-12T21:24:51.146+0500] {logging_mixin.py:151} INFO - [2025-05-12T21:24:51.146+0500] {manager.py:499} INFO - Created Permission View: %s
[2025-05-12T21:24:51.147+0500] {logging_mixin.py:151} INFO - [2025-05-12T21:24:51.147+0500] {dag.py:2941} INFO - Sync 1 DAGs
[2025-05-12T21:24:51.156+0500] {logging_mixin.py:151} INFO - [2025-05-12T21:24:51.155+0500] {dag.py:2963} INFO - Creating ORM DAG for example_branch_python_operator_decorator
[2025-05-12T21:24:51.166+0500] {logging_mixin.py:151} INFO - [2025-05-12T21:24:51.166+0500] {dag.py:3722} INFO - Setting next_dagrun for example_branch_python_operator_decorator to 2025-05-11T00:00:00+00:00, run_after=2025-05-12T00:00:00+00:00
[2025-05-12T21:24:51.332+0500] {processor.py:179} INFO - Processing /home/maemoon/Documents/MLOPS_Project/env/lib/python3.10/site-packages/airflow/example_dags/example_branch_operator_decorator.py took 0.698 seconds
[2025-05-12T21:30:44.391+0500] {processor.py:157} INFO - Started process (PID=57996) to work on /home/maemoon/Documents/MLOPS_Project/env/lib/python3.10/site-packages/airflow/example_dags/example_branch_operator_decorator.py
[2025-05-12T21:30:44.399+0500] {processor.py:829} INFO - Processing file /home/maemoon/Documents/MLOPS_Project/env/lib/python3.10/site-packages/airflow/example_dags/example_branch_operator_decorator.py for tasks to queue
[2025-05-12T21:30:44.400+0500] {logging_mixin.py:151} INFO - [2025-05-12T21:30:44.400+0500] {dagbag.py:536} INFO - Filling up the DagBag from /home/maemoon/Documents/MLOPS_Project/env/lib/python3.10/site-packages/airflow/example_dags/example_branch_operator_decorator.py
[2025-05-12T21:30:44.409+0500] {processor.py:839} INFO - DAG(s) dict_keys(['example_branch_python_operator_decorator']) retrieved from /home/maemoon/Documents/MLOPS_Project/env/lib/python3.10/site-packages/airflow/example_dags/example_branch_operator_decorator.py
[2025-05-12T21:30:44.425+0500] {logging_mixin.py:151} INFO - [2025-05-12T21:30:44.424+0500] {dag.py:2941} INFO - Sync 1 DAGs
[2025-05-12T21:30:44.441+0500] {logging_mixin.py:151} INFO - [2025-05-12T21:30:44.441+0500] {dag.py:3722} INFO - Setting next_dagrun for example_branch_python_operator_decorator to 2025-05-11T00:00:00+00:00, run_after=2025-05-12T00:00:00+00:00
[2025-05-12T21:30:44.555+0500] {processor.py:179} INFO - Processing /home/maemoon/Documents/MLOPS_Project/env/lib/python3.10/site-packages/airflow/example_dags/example_branch_operator_decorator.py took 0.168 seconds
[2025-05-12T21:32:07.345+0500] {processor.py:157} INFO - Started process (PID=58642) to work on /home/maemoon/Documents/MLOPS_Project/env/lib/python3.10/site-packages/airflow/example_dags/example_branch_operator_decorator.py
[2025-05-12T21:32:07.346+0500] {processor.py:829} INFO - Processing file /home/maemoon/Documents/MLOPS_Project/env/lib/python3.10/site-packages/airflow/example_dags/example_branch_operator_decorator.py for tasks to queue
[2025-05-12T21:32:07.347+0500] {logging_mixin.py:151} INFO - [2025-05-12T21:32:07.346+0500] {dagbag.py:536} INFO - Filling up the DagBag from /home/maemoon/Documents/MLOPS_Project/env/lib/python3.10/site-packages/airflow/example_dags/example_branch_operator_decorator.py
[2025-05-12T21:32:07.355+0500] {processor.py:839} INFO - DAG(s) dict_keys(['example_branch_python_operator_decorator']) retrieved from /home/maemoon/Documents/MLOPS_Project/env/lib/python3.10/site-packages/airflow/example_dags/example_branch_operator_decorator.py
[2025-05-12T21:32:07.370+0500] {logging_mixin.py:151} INFO - [2025-05-12T21:32:07.370+0500] {dag.py:2941} INFO - Sync 1 DAGs
[2025-05-12T21:32:07.386+0500] {logging_mixin.py:151} INFO - [2025-05-12T21:32:07.386+0500] {dag.py:3722} INFO - Setting next_dagrun for example_branch_python_operator_decorator to 2025-05-11T00:00:00+00:00, run_after=2025-05-12T00:00:00+00:00
[2025-05-12T21:32:07.484+0500] {processor.py:179} INFO - Processing /home/maemoon/Documents/MLOPS_Project/env/lib/python3.10/site-packages/airflow/example_dags/example_branch_operator_decorator.py took 0.141 seconds
