[2025-05-12T21:24:07.756+0500] {processor.py:157} INFO - Started process (PID=56210) to work on /home/maemoon/Documents/MLOPS_Project/env/lib/python3.10/site-packages/airflow/example_dags/example_short_circuit_decorator.py
[2025-05-12T21:24:07.757+0500] {processor.py:829} INFO - Processing file /home/maemoon/Documents/MLOPS_Project/env/lib/python3.10/site-packages/airflow/example_dags/example_short_circuit_decorator.py for tasks to queue
[2025-05-12T21:24:07.758+0500] {logging_mixin.py:151} INFO - [2025-05-12T21:24:07.758+0500] {dagbag.py:536} INFO - Filling up the DagBag from /home/maemoon/Documents/MLOPS_Project/env/lib/python3.10/site-packages/airflow/example_dags/example_short_circuit_decorator.py
[2025-05-12T21:24:07.767+0500] {processor.py:839} INFO - DAG(s) dict_keys(['example_short_circuit_decorator']) retrieved from /home/maemoon/Documents/MLOPS_Project/env/lib/python3.10/site-packages/airflow/example_dags/example_short_circuit_decorator.py
[2025-05-12T21:24:08.115+0500] {logging_mixin.py:151} INFO - [2025-05-12T21:24:08.115+0500] {manager.py:499} INFO - Created Permission View: %s
[2025-05-12T21:24:08.215+0500] {logging_mixin.py:151} INFO - [2025-05-12T21:24:08.215+0500] {manager.py:499} INFO - Created Permission View: %s
[2025-05-12T21:24:08.304+0500] {logging_mixin.py:151} INFO - [2025-05-12T21:24:08.304+0500] {manager.py:499} INFO - Created Permission View: %s
[2025-05-12T21:24:08.305+0500] {logging_mixin.py:151} INFO - [2025-05-12T21:24:08.304+0500] {dag.py:2941} INFO - Sync 1 DAGs
[2025-05-12T21:24:08.316+0500] {logging_mixin.py:151} INFO - [2025-05-12T21:24:08.316+0500] {dag.py:2963} INFO - Creating ORM DAG for example_short_circuit_decorator
[2025-05-12T21:24:08.325+0500] {logging_mixin.py:151} INFO - [2025-05-12T21:24:08.325+0500] {dag.py:3722} INFO - Setting next_dagrun for example_short_circuit_decorator to 2025-05-11T16:24:08.325448+00:00, run_after=2025-05-12T16:24:08.325448+00:00
[2025-05-12T21:24:08.465+0500] {processor.py:179} INFO - Processing /home/maemoon/Documents/MLOPS_Project/env/lib/python3.10/site-packages/airflow/example_dags/example_short_circuit_decorator.py took 0.712 seconds
[2025-05-12T21:30:19.178+0500] {processor.py:157} INFO - Started process (PID=57924) to work on /home/maemoon/Documents/MLOPS_Project/env/lib/python3.10/site-packages/airflow/example_dags/example_short_circuit_decorator.py
[2025-05-12T21:30:19.180+0500] {processor.py:829} INFO - Processing file /home/maemoon/Documents/MLOPS_Project/env/lib/python3.10/site-packages/airflow/example_dags/example_short_circuit_decorator.py for tasks to queue
[2025-05-12T21:30:19.180+0500] {logging_mixin.py:151} INFO - [2025-05-12T21:30:19.180+0500] {dagbag.py:536} INFO - Filling up the DagBag from /home/maemoon/Documents/MLOPS_Project/env/lib/python3.10/site-packages/airflow/example_dags/example_short_circuit_decorator.py
[2025-05-12T21:30:19.188+0500] {processor.py:839} INFO - DAG(s) dict_keys(['example_short_circuit_decorator']) retrieved from /home/maemoon/Documents/MLOPS_Project/env/lib/python3.10/site-packages/airflow/example_dags/example_short_circuit_decorator.py
[2025-05-12T21:30:19.205+0500] {logging_mixin.py:151} INFO - [2025-05-12T21:30:19.205+0500] {dag.py:2941} INFO - Sync 1 DAGs
[2025-05-12T21:30:19.220+0500] {logging_mixin.py:151} INFO - [2025-05-12T21:30:19.220+0500] {dag.py:3722} INFO - Setting next_dagrun for example_short_circuit_decorator to 2025-05-11T16:30:19.220473+00:00, run_after=2025-05-12T16:30:19.220473+00:00
[2025-05-12T21:30:19.320+0500] {processor.py:179} INFO - Processing /home/maemoon/Documents/MLOPS_Project/env/lib/python3.10/site-packages/airflow/example_dags/example_short_circuit_decorator.py took 0.144 seconds
[2025-05-12T21:31:42.260+0500] {processor.py:157} INFO - Started process (PID=58507) to work on /home/maemoon/Documents/MLOPS_Project/env/lib/python3.10/site-packages/airflow/example_dags/example_short_circuit_decorator.py
[2025-05-12T21:31:42.261+0500] {processor.py:829} INFO - Processing file /home/maemoon/Documents/MLOPS_Project/env/lib/python3.10/site-packages/airflow/example_dags/example_short_circuit_decorator.py for tasks to queue
[2025-05-12T21:31:42.262+0500] {logging_mixin.py:151} INFO - [2025-05-12T21:31:42.261+0500] {dagbag.py:536} INFO - Filling up the DagBag from /home/maemoon/Documents/MLOPS_Project/env/lib/python3.10/site-packages/airflow/example_dags/example_short_circuit_decorator.py
[2025-05-12T21:31:42.270+0500] {processor.py:839} INFO - DAG(s) dict_keys(['example_short_circuit_decorator']) retrieved from /home/maemoon/Documents/MLOPS_Project/env/lib/python3.10/site-packages/airflow/example_dags/example_short_circuit_decorator.py
[2025-05-12T21:31:42.284+0500] {logging_mixin.py:151} INFO - [2025-05-12T21:31:42.284+0500] {dag.py:2941} INFO - Sync 1 DAGs
[2025-05-12T21:31:42.300+0500] {logging_mixin.py:151} INFO - [2025-05-12T21:31:42.300+0500] {dag.py:3722} INFO - Setting next_dagrun for example_short_circuit_decorator to 2025-05-11T16:31:42.300196+00:00, run_after=2025-05-12T16:31:42.300196+00:00
[2025-05-12T21:31:42.429+0500] {processor.py:179} INFO - Processing /home/maemoon/Documents/MLOPS_Project/env/lib/python3.10/site-packages/airflow/example_dags/example_short_circuit_decorator.py took 0.171 seconds
[2025-05-12T21:33:06.475+0500] {processor.py:157} INFO - Started process (PID=59251) to work on /home/maemoon/Documents/MLOPS_Project/env/lib/python3.10/site-packages/airflow/example_dags/example_short_circuit_decorator.py
[2025-05-12T21:33:06.476+0500] {processor.py:829} INFO - Processing file /home/maemoon/Documents/MLOPS_Project/env/lib/python3.10/site-packages/airflow/example_dags/example_short_circuit_decorator.py for tasks to queue
[2025-05-12T21:33:06.476+0500] {logging_mixin.py:151} INFO - [2025-05-12T21:33:06.476+0500] {dagbag.py:536} INFO - Filling up the DagBag from /home/maemoon/Documents/MLOPS_Project/env/lib/python3.10/site-packages/airflow/example_dags/example_short_circuit_decorator.py
[2025-05-12T21:33:06.489+0500] {processor.py:839} INFO - DAG(s) dict_keys(['example_short_circuit_decorator']) retrieved from /home/maemoon/Documents/MLOPS_Project/env/lib/python3.10/site-packages/airflow/example_dags/example_short_circuit_decorator.py
[2025-05-12T21:33:06.508+0500] {logging_mixin.py:151} INFO - [2025-05-12T21:33:06.508+0500] {dag.py:2941} INFO - Sync 1 DAGs
[2025-05-12T21:33:06.527+0500] {logging_mixin.py:151} INFO - [2025-05-12T21:33:06.526+0500] {dag.py:3722} INFO - Setting next_dagrun for example_short_circuit_decorator to 2025-05-11T16:33:06.526745+00:00, run_after=2025-05-12T16:33:06.526745+00:00
[2025-05-12T21:33:06.660+0500] {processor.py:179} INFO - Processing /home/maemoon/Documents/MLOPS_Project/env/lib/python3.10/site-packages/airflow/example_dags/example_short_circuit_decorator.py took 0.188 seconds
