[2025-05-12T21:23:47.612+0500] {processor.py:157} INFO - Started process (PID=55942) to work on /home/maemoon/Documents/MLOPS_Project/env/lib/python3.10/site-packages/airflow/example_dags/example_short_circuit_operator.py
[2025-05-12T21:23:47.613+0500] {processor.py:829} INFO - Processing file /home/maemoon/Documents/MLOPS_Project/env/lib/python3.10/site-packages/airflow/example_dags/example_short_circuit_operator.py for tasks to queue
[2025-05-12T21:23:47.614+0500] {logging_mixin.py:151} INFO - [2025-05-12T21:23:47.614+0500] {dagbag.py:536} INFO - Filling up the DagBag from /home/maemoon/Documents/MLOPS_Project/env/lib/python3.10/site-packages/airflow/example_dags/example_short_circuit_operator.py
[2025-05-12T21:23:47.622+0500] {processor.py:839} INFO - DAG(s) dict_keys(['example_short_circuit_operator']) retrieved from /home/maemoon/Documents/MLOPS_Project/env/lib/python3.10/site-packages/airflow/example_dags/example_short_circuit_operator.py
[2025-05-12T21:23:47.928+0500] {logging_mixin.py:151} INFO - [2025-05-12T21:23:47.927+0500] {manager.py:499} INFO - Created Permission View: %s
[2025-05-12T21:23:48.016+0500] {logging_mixin.py:151} INFO - [2025-05-12T21:23:48.016+0500] {manager.py:499} INFO - Created Permission View: %s
[2025-05-12T21:23:48.105+0500] {logging_mixin.py:151} INFO - [2025-05-12T21:23:48.105+0500] {manager.py:499} INFO - Created Permission View: %s
[2025-05-12T21:23:48.106+0500] {logging_mixin.py:151} INFO - [2025-05-12T21:23:48.106+0500] {dag.py:2941} INFO - Sync 1 DAGs
[2025-05-12T21:23:48.118+0500] {logging_mixin.py:151} INFO - [2025-05-12T21:23:48.117+0500] {dag.py:2963} INFO - Creating ORM DAG for example_short_circuit_operator
[2025-05-12T21:23:48.127+0500] {logging_mixin.py:151} INFO - [2025-05-12T21:23:48.127+0500] {dag.py:3722} INFO - Setting next_dagrun for example_short_circuit_operator to 2025-05-11T16:23:48.127271+00:00, run_after=2025-05-12T16:23:48.127271+00:00
[2025-05-12T21:23:48.265+0500] {processor.py:179} INFO - Processing /home/maemoon/Documents/MLOPS_Project/env/lib/python3.10/site-packages/airflow/example_dags/example_short_circuit_operator.py took 0.658 seconds
[2025-05-12T21:30:14.386+0500] {processor.py:157} INFO - Started process (PID=57862) to work on /home/maemoon/Documents/MLOPS_Project/env/lib/python3.10/site-packages/airflow/example_dags/example_short_circuit_operator.py
[2025-05-12T21:30:14.403+0500] {processor.py:829} INFO - Processing file /home/maemoon/Documents/MLOPS_Project/env/lib/python3.10/site-packages/airflow/example_dags/example_short_circuit_operator.py for tasks to queue
[2025-05-12T21:30:14.404+0500] {logging_mixin.py:151} INFO - [2025-05-12T21:30:14.404+0500] {dagbag.py:536} INFO - Filling up the DagBag from /home/maemoon/Documents/MLOPS_Project/env/lib/python3.10/site-packages/airflow/example_dags/example_short_circuit_operator.py
[2025-05-12T21:30:14.411+0500] {processor.py:839} INFO - DAG(s) dict_keys(['example_short_circuit_operator']) retrieved from /home/maemoon/Documents/MLOPS_Project/env/lib/python3.10/site-packages/airflow/example_dags/example_short_circuit_operator.py
[2025-05-12T21:30:14.428+0500] {logging_mixin.py:151} INFO - [2025-05-12T21:30:14.428+0500] {dag.py:2941} INFO - Sync 1 DAGs
[2025-05-12T21:30:14.443+0500] {logging_mixin.py:151} INFO - [2025-05-12T21:30:14.443+0500] {dag.py:3722} INFO - Setting next_dagrun for example_short_circuit_operator to 2025-05-11T16:30:14.443568+00:00, run_after=2025-05-12T16:30:14.443568+00:00
[2025-05-12T21:30:14.578+0500] {processor.py:179} INFO - Processing /home/maemoon/Documents/MLOPS_Project/env/lib/python3.10/site-packages/airflow/example_dags/example_short_circuit_operator.py took 0.194 seconds
[2025-05-12T21:31:06.523+0500] {processor.py:157} INFO - Started process (PID=58026) to work on /home/maemoon/Documents/MLOPS_Project/env/lib/python3.10/site-packages/airflow/example_dags/example_short_circuit_operator.py
[2025-05-12T21:31:06.525+0500] {processor.py:829} INFO - Processing file /home/maemoon/Documents/MLOPS_Project/env/lib/python3.10/site-packages/airflow/example_dags/example_short_circuit_operator.py for tasks to queue
[2025-05-12T21:31:06.526+0500] {logging_mixin.py:151} INFO - [2025-05-12T21:31:06.526+0500] {dagbag.py:536} INFO - Filling up the DagBag from /home/maemoon/Documents/MLOPS_Project/env/lib/python3.10/site-packages/airflow/example_dags/example_short_circuit_operator.py
[2025-05-12T21:31:06.535+0500] {processor.py:839} INFO - DAG(s) dict_keys(['example_short_circuit_operator']) retrieved from /home/maemoon/Documents/MLOPS_Project/env/lib/python3.10/site-packages/airflow/example_dags/example_short_circuit_operator.py
[2025-05-12T21:31:06.555+0500] {logging_mixin.py:151} INFO - [2025-05-12T21:31:06.554+0500] {dag.py:2941} INFO - Sync 1 DAGs
[2025-05-12T21:31:06.579+0500] {logging_mixin.py:151} INFO - [2025-05-12T21:31:06.579+0500] {dag.py:3722} INFO - Setting next_dagrun for example_short_circuit_operator to 2025-05-11T16:31:06.579235+00:00, run_after=2025-05-12T16:31:06.579235+00:00
[2025-05-12T21:31:06.685+0500] {processor.py:179} INFO - Processing /home/maemoon/Documents/MLOPS_Project/env/lib/python3.10/site-packages/airflow/example_dags/example_short_circuit_operator.py took 0.165 seconds
[2025-05-12T21:32:52.265+0500] {processor.py:157} INFO - Started process (PID=59188) to work on /home/maemoon/Documents/MLOPS_Project/env/lib/python3.10/site-packages/airflow/example_dags/example_short_circuit_operator.py
[2025-05-12T21:32:52.265+0500] {processor.py:829} INFO - Processing file /home/maemoon/Documents/MLOPS_Project/env/lib/python3.10/site-packages/airflow/example_dags/example_short_circuit_operator.py for tasks to queue
[2025-05-12T21:32:52.266+0500] {logging_mixin.py:151} INFO - [2025-05-12T21:32:52.266+0500] {dagbag.py:536} INFO - Filling up the DagBag from /home/maemoon/Documents/MLOPS_Project/env/lib/python3.10/site-packages/airflow/example_dags/example_short_circuit_operator.py
[2025-05-12T21:32:52.273+0500] {processor.py:839} INFO - DAG(s) dict_keys(['example_short_circuit_operator']) retrieved from /home/maemoon/Documents/MLOPS_Project/env/lib/python3.10/site-packages/airflow/example_dags/example_short_circuit_operator.py
[2025-05-12T21:32:52.287+0500] {logging_mixin.py:151} INFO - [2025-05-12T21:32:52.287+0500] {dag.py:2941} INFO - Sync 1 DAGs
[2025-05-12T21:32:52.303+0500] {logging_mixin.py:151} INFO - [2025-05-12T21:32:52.303+0500] {dag.py:3722} INFO - Setting next_dagrun for example_short_circuit_operator to 2025-05-11T16:32:52.302971+00:00, run_after=2025-05-12T16:32:52.302971+00:00
[2025-05-12T21:32:52.412+0500] {processor.py:179} INFO - Processing /home/maemoon/Documents/MLOPS_Project/env/lib/python3.10/site-packages/airflow/example_dags/example_short_circuit_operator.py took 0.150 seconds
