[2025-05-12T21:24:01.692+0500] {processor.py:157} INFO - Started process (PID=56129) to work on /home/maemoon/Documents/MLOPS_Project/env/lib/python3.10/site-packages/airflow/example_dags/example_time_delta_sensor_async.py
[2025-05-12T21:24:01.692+0500] {processor.py:829} INFO - Processing file /home/maemoon/Documents/MLOPS_Project/env/lib/python3.10/site-packages/airflow/example_dags/example_time_delta_sensor_async.py for tasks to queue
[2025-05-12T21:24:01.693+0500] {logging_mixin.py:151} INFO - [2025-05-12T21:24:01.693+0500] {dagbag.py:536} INFO - Filling up the DagBag from /home/maemoon/Documents/MLOPS_Project/env/lib/python3.10/site-packages/airflow/example_dags/example_time_delta_sensor_async.py
[2025-05-12T21:24:01.697+0500] {processor.py:839} INFO - DAG(s) dict_keys(['example_time_delta_sensor_async']) retrieved from /home/maemoon/Documents/MLOPS_Project/env/lib/python3.10/site-packages/airflow/example_dags/example_time_delta_sensor_async.py
[2025-05-12T21:24:02.028+0500] {logging_mixin.py:151} INFO - [2025-05-12T21:24:02.027+0500] {manager.py:499} INFO - Created Permission View: %s
[2025-05-12T21:24:02.127+0500] {logging_mixin.py:151} INFO - [2025-05-12T21:24:02.127+0500] {manager.py:499} INFO - Created Permission View: %s
[2025-05-12T21:24:02.215+0500] {logging_mixin.py:151} INFO - [2025-05-12T21:24:02.215+0500] {manager.py:499} INFO - Created Permission View: %s
[2025-05-12T21:24:02.216+0500] {logging_mixin.py:151} INFO - [2025-05-12T21:24:02.216+0500] {dag.py:2941} INFO - Sync 1 DAGs
[2025-05-12T21:24:02.229+0500] {logging_mixin.py:151} INFO - [2025-05-12T21:24:02.228+0500] {dag.py:2963} INFO - Creating ORM DAG for example_time_delta_sensor_async
[2025-05-12T21:24:02.229+0500] {logging_mixin.py:151} INFO - [2025-05-12T21:24:02.229+0500] {dag.py:3722} INFO - Setting next_dagrun for example_time_delta_sensor_async to None, run_after=None
[2025-05-12T21:24:02.347+0500] {processor.py:179} INFO - Processing /home/maemoon/Documents/MLOPS_Project/env/lib/python3.10/site-packages/airflow/example_dags/example_time_delta_sensor_async.py took 0.659 seconds
[2025-05-12T21:30:15.263+0500] {processor.py:157} INFO - Started process (PID=57878) to work on /home/maemoon/Documents/MLOPS_Project/env/lib/python3.10/site-packages/airflow/example_dags/example_time_delta_sensor_async.py
[2025-05-12T21:30:15.324+0500] {processor.py:829} INFO - Processing file /home/maemoon/Documents/MLOPS_Project/env/lib/python3.10/site-packages/airflow/example_dags/example_time_delta_sensor_async.py for tasks to queue
[2025-05-12T21:30:15.325+0500] {logging_mixin.py:151} INFO - [2025-05-12T21:30:15.324+0500] {dagbag.py:536} INFO - Filling up the DagBag from /home/maemoon/Documents/MLOPS_Project/env/lib/python3.10/site-packages/airflow/example_dags/example_time_delta_sensor_async.py
[2025-05-12T21:30:15.329+0500] {processor.py:839} INFO - DAG(s) dict_keys(['example_time_delta_sensor_async']) retrieved from /home/maemoon/Documents/MLOPS_Project/env/lib/python3.10/site-packages/airflow/example_dags/example_time_delta_sensor_async.py
[2025-05-12T21:30:15.346+0500] {logging_mixin.py:151} INFO - [2025-05-12T21:30:15.346+0500] {dag.py:2941} INFO - Sync 1 DAGs
[2025-05-12T21:30:15.357+0500] {logging_mixin.py:151} INFO - [2025-05-12T21:30:15.356+0500] {dag.py:3722} INFO - Setting next_dagrun for example_time_delta_sensor_async to None, run_after=None
[2025-05-12T21:30:15.440+0500] {processor.py:179} INFO - Processing /home/maemoon/Documents/MLOPS_Project/env/lib/python3.10/site-packages/airflow/example_dags/example_time_delta_sensor_async.py took 0.180 seconds
[2025-05-12T21:31:15.921+0500] {processor.py:157} INFO - Started process (PID=58143) to work on /home/maemoon/Documents/MLOPS_Project/env/lib/python3.10/site-packages/airflow/example_dags/example_time_delta_sensor_async.py
[2025-05-12T21:31:15.931+0500] {processor.py:829} INFO - Processing file /home/maemoon/Documents/MLOPS_Project/env/lib/python3.10/site-packages/airflow/example_dags/example_time_delta_sensor_async.py for tasks to queue
[2025-05-12T21:31:15.934+0500] {logging_mixin.py:151} INFO - [2025-05-12T21:31:15.933+0500] {dagbag.py:536} INFO - Filling up the DagBag from /home/maemoon/Documents/MLOPS_Project/env/lib/python3.10/site-packages/airflow/example_dags/example_time_delta_sensor_async.py
[2025-05-12T21:31:15.939+0500] {processor.py:839} INFO - DAG(s) dict_keys(['example_time_delta_sensor_async']) retrieved from /home/maemoon/Documents/MLOPS_Project/env/lib/python3.10/site-packages/airflow/example_dags/example_time_delta_sensor_async.py
[2025-05-12T21:31:15.956+0500] {logging_mixin.py:151} INFO - [2025-05-12T21:31:15.956+0500] {dag.py:2941} INFO - Sync 1 DAGs
[2025-05-12T21:31:15.966+0500] {logging_mixin.py:151} INFO - [2025-05-12T21:31:15.966+0500] {dag.py:3722} INFO - Setting next_dagrun for example_time_delta_sensor_async to None, run_after=None
[2025-05-12T21:31:16.063+0500] {processor.py:179} INFO - Processing /home/maemoon/Documents/MLOPS_Project/env/lib/python3.10/site-packages/airflow/example_dags/example_time_delta_sensor_async.py took 0.145 seconds
[2025-05-12T21:32:54.912+0500] {processor.py:157} INFO - Started process (PID=59224) to work on /home/maemoon/Documents/MLOPS_Project/env/lib/python3.10/site-packages/airflow/example_dags/example_time_delta_sensor_async.py
[2025-05-12T21:32:54.913+0500] {processor.py:829} INFO - Processing file /home/maemoon/Documents/MLOPS_Project/env/lib/python3.10/site-packages/airflow/example_dags/example_time_delta_sensor_async.py for tasks to queue
[2025-05-12T21:32:54.914+0500] {logging_mixin.py:151} INFO - [2025-05-12T21:32:54.913+0500] {dagbag.py:536} INFO - Filling up the DagBag from /home/maemoon/Documents/MLOPS_Project/env/lib/python3.10/site-packages/airflow/example_dags/example_time_delta_sensor_async.py
[2025-05-12T21:32:54.918+0500] {processor.py:839} INFO - DAG(s) dict_keys(['example_time_delta_sensor_async']) retrieved from /home/maemoon/Documents/MLOPS_Project/env/lib/python3.10/site-packages/airflow/example_dags/example_time_delta_sensor_async.py
[2025-05-12T21:32:54.931+0500] {logging_mixin.py:151} INFO - [2025-05-12T21:32:54.931+0500] {dag.py:2941} INFO - Sync 1 DAGs
[2025-05-12T21:32:54.941+0500] {logging_mixin.py:151} INFO - [2025-05-12T21:32:54.941+0500] {dag.py:3722} INFO - Setting next_dagrun for example_time_delta_sensor_async to None, run_after=None
[2025-05-12T21:32:55.031+0500] {processor.py:179} INFO - Processing /home/maemoon/Documents/MLOPS_Project/env/lib/python3.10/site-packages/airflow/example_dags/example_time_delta_sensor_async.py took 0.122 seconds
[2025-05-12T21:33:56.674+0500] {processor.py:157} INFO - Started process (PID=59397) to work on /home/maemoon/Documents/MLOPS_Project/env/lib/python3.10/site-packages/airflow/example_dags/example_time_delta_sensor_async.py
[2025-05-12T21:33:56.711+0500] {processor.py:829} INFO - Processing file /home/maemoon/Documents/MLOPS_Project/env/lib/python3.10/site-packages/airflow/example_dags/example_time_delta_sensor_async.py for tasks to queue
[2025-05-12T21:33:56.712+0500] {logging_mixin.py:151} INFO - [2025-05-12T21:33:56.711+0500] {dagbag.py:536} INFO - Filling up the DagBag from /home/maemoon/Documents/MLOPS_Project/env/lib/python3.10/site-packages/airflow/example_dags/example_time_delta_sensor_async.py
[2025-05-12T21:33:56.716+0500] {processor.py:839} INFO - DAG(s) dict_keys(['example_time_delta_sensor_async']) retrieved from /home/maemoon/Documents/MLOPS_Project/env/lib/python3.10/site-packages/airflow/example_dags/example_time_delta_sensor_async.py
[2025-05-12T21:33:56.733+0500] {logging_mixin.py:151} INFO - [2025-05-12T21:33:56.733+0500] {dag.py:2941} INFO - Sync 1 DAGs
[2025-05-12T21:33:56.746+0500] {logging_mixin.py:151} INFO - [2025-05-12T21:33:56.746+0500] {dag.py:3722} INFO - Setting next_dagrun for example_time_delta_sensor_async to None, run_after=None
[2025-05-12T21:33:56.918+0500] {processor.py:179} INFO - Processing /home/maemoon/Documents/MLOPS_Project/env/lib/python3.10/site-packages/airflow/example_dags/example_time_delta_sensor_async.py took 0.248 seconds
[2025-05-12T21:34:50.300+0500] {processor.py:157} INFO - Started process (PID=59507) to work on /home/maemoon/Documents/MLOPS_Project/env/lib/python3.10/site-packages/airflow/example_dags/example_time_delta_sensor_async.py
[2025-05-12T21:34:50.301+0500] {processor.py:829} INFO - Processing file /home/maemoon/Documents/MLOPS_Project/env/lib/python3.10/site-packages/airflow/example_dags/example_time_delta_sensor_async.py for tasks to queue
[2025-05-12T21:34:50.301+0500] {logging_mixin.py:151} INFO - [2025-05-12T21:34:50.301+0500] {dagbag.py:536} INFO - Filling up the DagBag from /home/maemoon/Documents/MLOPS_Project/env/lib/python3.10/site-packages/airflow/example_dags/example_time_delta_sensor_async.py
[2025-05-12T21:34:50.305+0500] {processor.py:839} INFO - DAG(s) dict_keys(['example_time_delta_sensor_async']) retrieved from /home/maemoon/Documents/MLOPS_Project/env/lib/python3.10/site-packages/airflow/example_dags/example_time_delta_sensor_async.py
[2025-05-12T21:34:50.321+0500] {logging_mixin.py:151} INFO - [2025-05-12T21:34:50.321+0500] {dag.py:2941} INFO - Sync 1 DAGs
[2025-05-12T21:34:50.331+0500] {logging_mixin.py:151} INFO - [2025-05-12T21:34:50.331+0500] {dag.py:3722} INFO - Setting next_dagrun for example_time_delta_sensor_async to None, run_after=None
[2025-05-12T21:34:50.442+0500] {processor.py:179} INFO - Processing /home/maemoon/Documents/MLOPS_Project/env/lib/python3.10/site-packages/airflow/example_dags/example_time_delta_sensor_async.py took 0.145 seconds
[2025-05-12T21:35:38.493+0500] {processor.py:157} INFO - Started process (PID=59751) to work on /home/maemoon/Documents/MLOPS_Project/env/lib/python3.10/site-packages/airflow/example_dags/example_time_delta_sensor_async.py
[2025-05-12T21:35:38.495+0500] {processor.py:829} INFO - Processing file /home/maemoon/Documents/MLOPS_Project/env/lib/python3.10/site-packages/airflow/example_dags/example_time_delta_sensor_async.py for tasks to queue
[2025-05-12T21:35:38.496+0500] {logging_mixin.py:151} INFO - [2025-05-12T21:35:38.495+0500] {dagbag.py:536} INFO - Filling up the DagBag from /home/maemoon/Documents/MLOPS_Project/env/lib/python3.10/site-packages/airflow/example_dags/example_time_delta_sensor_async.py
[2025-05-12T21:35:38.500+0500] {processor.py:839} INFO - DAG(s) dict_keys(['example_time_delta_sensor_async']) retrieved from /home/maemoon/Documents/MLOPS_Project/env/lib/python3.10/site-packages/airflow/example_dags/example_time_delta_sensor_async.py
[2025-05-12T21:35:38.516+0500] {logging_mixin.py:151} INFO - [2025-05-12T21:35:38.516+0500] {dag.py:2941} INFO - Sync 1 DAGs
[2025-05-12T21:35:38.527+0500] {logging_mixin.py:151} INFO - [2025-05-12T21:35:38.527+0500] {dag.py:3722} INFO - Setting next_dagrun for example_time_delta_sensor_async to None, run_after=None
[2025-05-12T21:35:38.624+0500] {processor.py:179} INFO - Processing /home/maemoon/Documents/MLOPS_Project/env/lib/python3.10/site-packages/airflow/example_dags/example_time_delta_sensor_async.py took 0.133 seconds
[2025-05-12T21:52:33.984+0500] {processor.py:157} INFO - Started process (PID=63787) to work on /home/maemoon/Documents/MLOPS_Project/env/lib/python3.10/site-packages/airflow/example_dags/example_time_delta_sensor_async.py
[2025-05-12T21:52:34.004+0500] {processor.py:829} INFO - Processing file /home/maemoon/Documents/MLOPS_Project/env/lib/python3.10/site-packages/airflow/example_dags/example_time_delta_sensor_async.py for tasks to queue
[2025-05-12T21:52:34.005+0500] {logging_mixin.py:151} INFO - [2025-05-12T21:52:34.004+0500] {dagbag.py:536} INFO - Filling up the DagBag from /home/maemoon/Documents/MLOPS_Project/env/lib/python3.10/site-packages/airflow/example_dags/example_time_delta_sensor_async.py
[2025-05-12T21:52:34.008+0500] {processor.py:839} INFO - DAG(s) dict_keys(['example_time_delta_sensor_async']) retrieved from /home/maemoon/Documents/MLOPS_Project/env/lib/python3.10/site-packages/airflow/example_dags/example_time_delta_sensor_async.py
[2025-05-12T21:52:34.038+0500] {logging_mixin.py:151} INFO - [2025-05-12T21:52:34.038+0500] {dag.py:2941} INFO - Sync 1 DAGs
[2025-05-12T21:52:34.048+0500] {logging_mixin.py:151} INFO - [2025-05-12T21:52:34.048+0500] {dag.py:3722} INFO - Setting next_dagrun for example_time_delta_sensor_async to None, run_after=None
[2025-05-12T21:52:34.147+0500] {processor.py:179} INFO - Processing /home/maemoon/Documents/MLOPS_Project/env/lib/python3.10/site-packages/airflow/example_dags/example_time_delta_sensor_async.py took 0.166 seconds
[2025-05-12T21:53:35.236+0500] {processor.py:157} INFO - Started process (PID=64060) to work on /home/maemoon/Documents/MLOPS_Project/env/lib/python3.10/site-packages/airflow/example_dags/example_time_delta_sensor_async.py
[2025-05-12T21:53:35.237+0500] {processor.py:829} INFO - Processing file /home/maemoon/Documents/MLOPS_Project/env/lib/python3.10/site-packages/airflow/example_dags/example_time_delta_sensor_async.py for tasks to queue
[2025-05-12T21:53:35.237+0500] {logging_mixin.py:151} INFO - [2025-05-12T21:53:35.237+0500] {dagbag.py:536} INFO - Filling up the DagBag from /home/maemoon/Documents/MLOPS_Project/env/lib/python3.10/site-packages/airflow/example_dags/example_time_delta_sensor_async.py
[2025-05-12T21:53:35.241+0500] {processor.py:839} INFO - DAG(s) dict_keys(['example_time_delta_sensor_async']) retrieved from /home/maemoon/Documents/MLOPS_Project/env/lib/python3.10/site-packages/airflow/example_dags/example_time_delta_sensor_async.py
[2025-05-12T21:53:35.258+0500] {logging_mixin.py:151} INFO - [2025-05-12T21:53:35.258+0500] {dag.py:2941} INFO - Sync 1 DAGs
[2025-05-12T21:53:35.272+0500] {logging_mixin.py:151} INFO - [2025-05-12T21:53:35.272+0500] {dag.py:3722} INFO - Setting next_dagrun for example_time_delta_sensor_async to None, run_after=None
[2025-05-12T21:53:35.391+0500] {processor.py:179} INFO - Processing /home/maemoon/Documents/MLOPS_Project/env/lib/python3.10/site-packages/airflow/example_dags/example_time_delta_sensor_async.py took 0.159 seconds
[2025-05-12T21:54:34.261+0500] {processor.py:157} INFO - Started process (PID=64261) to work on /home/maemoon/Documents/MLOPS_Project/env/lib/python3.10/site-packages/airflow/example_dags/example_time_delta_sensor_async.py
[2025-05-12T21:54:34.335+0500] {processor.py:829} INFO - Processing file /home/maemoon/Documents/MLOPS_Project/env/lib/python3.10/site-packages/airflow/example_dags/example_time_delta_sensor_async.py for tasks to queue
[2025-05-12T21:54:34.336+0500] {logging_mixin.py:151} INFO - [2025-05-12T21:54:34.335+0500] {dagbag.py:536} INFO - Filling up the DagBag from /home/maemoon/Documents/MLOPS_Project/env/lib/python3.10/site-packages/airflow/example_dags/example_time_delta_sensor_async.py
[2025-05-12T21:54:34.351+0500] {processor.py:839} INFO - DAG(s) dict_keys(['example_time_delta_sensor_async']) retrieved from /home/maemoon/Documents/MLOPS_Project/env/lib/python3.10/site-packages/airflow/example_dags/example_time_delta_sensor_async.py
[2025-05-12T21:54:34.385+0500] {logging_mixin.py:151} INFO - [2025-05-12T21:54:34.385+0500] {dag.py:2941} INFO - Sync 1 DAGs
[2025-05-12T21:54:34.406+0500] {logging_mixin.py:151} INFO - [2025-05-12T21:54:34.405+0500] {dag.py:3722} INFO - Setting next_dagrun for example_time_delta_sensor_async to None, run_after=None
[2025-05-12T21:54:34.524+0500] {processor.py:179} INFO - Processing /home/maemoon/Documents/MLOPS_Project/env/lib/python3.10/site-packages/airflow/example_dags/example_time_delta_sensor_async.py took 0.270 seconds
[2025-05-12T21:56:10.407+0500] {processor.py:157} INFO - Started process (PID=65243) to work on /home/maemoon/Documents/MLOPS_Project/env/lib/python3.10/site-packages/airflow/example_dags/example_time_delta_sensor_async.py
[2025-05-12T21:56:10.408+0500] {processor.py:829} INFO - Processing file /home/maemoon/Documents/MLOPS_Project/env/lib/python3.10/site-packages/airflow/example_dags/example_time_delta_sensor_async.py for tasks to queue
[2025-05-12T21:56:10.409+0500] {logging_mixin.py:151} INFO - [2025-05-12T21:56:10.408+0500] {dagbag.py:536} INFO - Filling up the DagBag from /home/maemoon/Documents/MLOPS_Project/env/lib/python3.10/site-packages/airflow/example_dags/example_time_delta_sensor_async.py
[2025-05-12T21:56:10.413+0500] {processor.py:839} INFO - DAG(s) dict_keys(['example_time_delta_sensor_async']) retrieved from /home/maemoon/Documents/MLOPS_Project/env/lib/python3.10/site-packages/airflow/example_dags/example_time_delta_sensor_async.py
[2025-05-12T21:56:10.435+0500] {logging_mixin.py:151} INFO - [2025-05-12T21:56:10.435+0500] {dag.py:2941} INFO - Sync 1 DAGs
[2025-05-12T21:56:10.448+0500] {logging_mixin.py:151} INFO - [2025-05-12T21:56:10.447+0500] {dag.py:3722} INFO - Setting next_dagrun for example_time_delta_sensor_async to None, run_after=None
[2025-05-12T21:56:10.593+0500] {processor.py:179} INFO - Processing /home/maemoon/Documents/MLOPS_Project/env/lib/python3.10/site-packages/airflow/example_dags/example_time_delta_sensor_async.py took 0.189 seconds
[2025-05-12T21:57:03.057+0500] {processor.py:157} INFO - Started process (PID=65352) to work on /home/maemoon/Documents/MLOPS_Project/env/lib/python3.10/site-packages/airflow/example_dags/example_time_delta_sensor_async.py
[2025-05-12T21:57:03.069+0500] {processor.py:829} INFO - Processing file /home/maemoon/Documents/MLOPS_Project/env/lib/python3.10/site-packages/airflow/example_dags/example_time_delta_sensor_async.py for tasks to queue
[2025-05-12T21:57:03.070+0500] {logging_mixin.py:151} INFO - [2025-05-12T21:57:03.070+0500] {dagbag.py:536} INFO - Filling up the DagBag from /home/maemoon/Documents/MLOPS_Project/env/lib/python3.10/site-packages/airflow/example_dags/example_time_delta_sensor_async.py
[2025-05-12T21:57:03.076+0500] {processor.py:839} INFO - DAG(s) dict_keys(['example_time_delta_sensor_async']) retrieved from /home/maemoon/Documents/MLOPS_Project/env/lib/python3.10/site-packages/airflow/example_dags/example_time_delta_sensor_async.py
[2025-05-12T21:57:03.089+0500] {logging_mixin.py:151} INFO - [2025-05-12T21:57:03.089+0500] {dag.py:2941} INFO - Sync 1 DAGs
[2025-05-12T21:57:03.098+0500] {logging_mixin.py:151} INFO - [2025-05-12T21:57:03.098+0500] {dag.py:3722} INFO - Setting next_dagrun for example_time_delta_sensor_async to None, run_after=None
[2025-05-12T21:57:03.214+0500] {processor.py:179} INFO - Processing /home/maemoon/Documents/MLOPS_Project/env/lib/python3.10/site-packages/airflow/example_dags/example_time_delta_sensor_async.py took 0.159 seconds
[2025-05-12T21:57:51.451+0500] {processor.py:157} INFO - Started process (PID=65441) to work on /home/maemoon/Documents/MLOPS_Project/env/lib/python3.10/site-packages/airflow/example_dags/example_time_delta_sensor_async.py
[2025-05-12T21:57:51.452+0500] {processor.py:829} INFO - Processing file /home/maemoon/Documents/MLOPS_Project/env/lib/python3.10/site-packages/airflow/example_dags/example_time_delta_sensor_async.py for tasks to queue
[2025-05-12T21:57:51.454+0500] {logging_mixin.py:151} INFO - [2025-05-12T21:57:51.453+0500] {dagbag.py:536} INFO - Filling up the DagBag from /home/maemoon/Documents/MLOPS_Project/env/lib/python3.10/site-packages/airflow/example_dags/example_time_delta_sensor_async.py
[2025-05-12T21:57:51.459+0500] {processor.py:839} INFO - DAG(s) dict_keys(['example_time_delta_sensor_async']) retrieved from /home/maemoon/Documents/MLOPS_Project/env/lib/python3.10/site-packages/airflow/example_dags/example_time_delta_sensor_async.py
[2025-05-12T21:57:51.476+0500] {logging_mixin.py:151} INFO - [2025-05-12T21:57:51.476+0500] {dag.py:2941} INFO - Sync 1 DAGs
[2025-05-12T21:57:51.489+0500] {logging_mixin.py:151} INFO - [2025-05-12T21:57:51.488+0500] {dag.py:3722} INFO - Setting next_dagrun for example_time_delta_sensor_async to None, run_after=None
[2025-05-12T21:57:51.590+0500] {processor.py:179} INFO - Processing /home/maemoon/Documents/MLOPS_Project/env/lib/python3.10/site-packages/airflow/example_dags/example_time_delta_sensor_async.py took 0.144 seconds
[2025-05-12T21:58:45.446+0500] {processor.py:157} INFO - Started process (PID=65653) to work on /home/maemoon/Documents/MLOPS_Project/env/lib/python3.10/site-packages/airflow/example_dags/example_time_delta_sensor_async.py
[2025-05-12T21:58:45.447+0500] {processor.py:829} INFO - Processing file /home/maemoon/Documents/MLOPS_Project/env/lib/python3.10/site-packages/airflow/example_dags/example_time_delta_sensor_async.py for tasks to queue
[2025-05-12T21:58:45.448+0500] {logging_mixin.py:151} INFO - [2025-05-12T21:58:45.447+0500] {dagbag.py:536} INFO - Filling up the DagBag from /home/maemoon/Documents/MLOPS_Project/env/lib/python3.10/site-packages/airflow/example_dags/example_time_delta_sensor_async.py
[2025-05-12T21:58:45.452+0500] {processor.py:839} INFO - DAG(s) dict_keys(['example_time_delta_sensor_async']) retrieved from /home/maemoon/Documents/MLOPS_Project/env/lib/python3.10/site-packages/airflow/example_dags/example_time_delta_sensor_async.py
[2025-05-12T21:58:45.466+0500] {logging_mixin.py:151} INFO - [2025-05-12T21:58:45.466+0500] {dag.py:2941} INFO - Sync 1 DAGs
[2025-05-12T21:58:45.476+0500] {logging_mixin.py:151} INFO - [2025-05-12T21:58:45.476+0500] {dag.py:3722} INFO - Setting next_dagrun for example_time_delta_sensor_async to None, run_after=None
[2025-05-12T21:58:45.564+0500] {processor.py:179} INFO - Processing /home/maemoon/Documents/MLOPS_Project/env/lib/python3.10/site-packages/airflow/example_dags/example_time_delta_sensor_async.py took 0.121 seconds
[2025-05-12T21:59:42.383+0500] {processor.py:157} INFO - Started process (PID=65794) to work on /home/maemoon/Documents/MLOPS_Project/env/lib/python3.10/site-packages/airflow/example_dags/example_time_delta_sensor_async.py
[2025-05-12T21:59:42.397+0500] {processor.py:829} INFO - Processing file /home/maemoon/Documents/MLOPS_Project/env/lib/python3.10/site-packages/airflow/example_dags/example_time_delta_sensor_async.py for tasks to queue
[2025-05-12T21:59:42.397+0500] {logging_mixin.py:151} INFO - [2025-05-12T21:59:42.397+0500] {dagbag.py:536} INFO - Filling up the DagBag from /home/maemoon/Documents/MLOPS_Project/env/lib/python3.10/site-packages/airflow/example_dags/example_time_delta_sensor_async.py
[2025-05-12T21:59:42.404+0500] {processor.py:839} INFO - DAG(s) dict_keys(['example_time_delta_sensor_async']) retrieved from /home/maemoon/Documents/MLOPS_Project/env/lib/python3.10/site-packages/airflow/example_dags/example_time_delta_sensor_async.py
[2025-05-12T21:59:42.417+0500] {logging_mixin.py:151} INFO - [2025-05-12T21:59:42.417+0500] {dag.py:2941} INFO - Sync 1 DAGs
[2025-05-12T21:59:42.427+0500] {logging_mixin.py:151} INFO - [2025-05-12T21:59:42.426+0500] {dag.py:3722} INFO - Setting next_dagrun for example_time_delta_sensor_async to None, run_after=None
[2025-05-12T21:59:42.526+0500] {processor.py:179} INFO - Processing /home/maemoon/Documents/MLOPS_Project/env/lib/python3.10/site-packages/airflow/example_dags/example_time_delta_sensor_async.py took 0.146 seconds
[2025-05-12T22:00:55.299+0500] {processor.py:157} INFO - Started process (PID=66149) to work on /home/maemoon/Documents/MLOPS_Project/env/lib/python3.10/site-packages/airflow/example_dags/example_time_delta_sensor_async.py
[2025-05-12T22:00:55.300+0500] {processor.py:829} INFO - Processing file /home/maemoon/Documents/MLOPS_Project/env/lib/python3.10/site-packages/airflow/example_dags/example_time_delta_sensor_async.py for tasks to queue
[2025-05-12T22:00:55.302+0500] {logging_mixin.py:151} INFO - [2025-05-12T22:00:55.301+0500] {dagbag.py:536} INFO - Filling up the DagBag from /home/maemoon/Documents/MLOPS_Project/env/lib/python3.10/site-packages/airflow/example_dags/example_time_delta_sensor_async.py
[2025-05-12T22:00:55.306+0500] {processor.py:839} INFO - DAG(s) dict_keys(['example_time_delta_sensor_async']) retrieved from /home/maemoon/Documents/MLOPS_Project/env/lib/python3.10/site-packages/airflow/example_dags/example_time_delta_sensor_async.py
[2025-05-12T22:00:55.323+0500] {logging_mixin.py:151} INFO - [2025-05-12T22:00:55.323+0500] {dag.py:2941} INFO - Sync 1 DAGs
[2025-05-12T22:00:55.333+0500] {logging_mixin.py:151} INFO - [2025-05-12T22:00:55.333+0500] {dag.py:3722} INFO - Setting next_dagrun for example_time_delta_sensor_async to None, run_after=None
[2025-05-12T22:00:55.425+0500] {processor.py:179} INFO - Processing /home/maemoon/Documents/MLOPS_Project/env/lib/python3.10/site-packages/airflow/example_dags/example_time_delta_sensor_async.py took 0.129 seconds
[2025-05-12T22:02:30.513+0500] {processor.py:157} INFO - Started process (PID=66856) to work on /home/maemoon/Documents/MLOPS_Project/env/lib/python3.10/site-packages/airflow/example_dags/example_time_delta_sensor_async.py
[2025-05-12T22:02:30.532+0500] {processor.py:829} INFO - Processing file /home/maemoon/Documents/MLOPS_Project/env/lib/python3.10/site-packages/airflow/example_dags/example_time_delta_sensor_async.py for tasks to queue
[2025-05-12T22:02:30.533+0500] {logging_mixin.py:151} INFO - [2025-05-12T22:02:30.533+0500] {dagbag.py:536} INFO - Filling up the DagBag from /home/maemoon/Documents/MLOPS_Project/env/lib/python3.10/site-packages/airflow/example_dags/example_time_delta_sensor_async.py
[2025-05-12T22:02:30.536+0500] {processor.py:839} INFO - DAG(s) dict_keys(['example_time_delta_sensor_async']) retrieved from /home/maemoon/Documents/MLOPS_Project/env/lib/python3.10/site-packages/airflow/example_dags/example_time_delta_sensor_async.py
[2025-05-12T22:02:30.550+0500] {logging_mixin.py:151} INFO - [2025-05-12T22:02:30.550+0500] {dag.py:2941} INFO - Sync 1 DAGs
[2025-05-12T22:02:30.559+0500] {logging_mixin.py:151} INFO - [2025-05-12T22:02:30.559+0500] {dag.py:3722} INFO - Setting next_dagrun for example_time_delta_sensor_async to None, run_after=None
[2025-05-12T22:02:30.629+0500] {processor.py:179} INFO - Processing /home/maemoon/Documents/MLOPS_Project/env/lib/python3.10/site-packages/airflow/example_dags/example_time_delta_sensor_async.py took 0.119 seconds
[2025-05-12T22:03:48.103+0500] {processor.py:157} INFO - Started process (PID=67319) to work on /home/maemoon/Documents/MLOPS_Project/env/lib/python3.10/site-packages/airflow/example_dags/example_time_delta_sensor_async.py
[2025-05-12T22:03:48.123+0500] {processor.py:829} INFO - Processing file /home/maemoon/Documents/MLOPS_Project/env/lib/python3.10/site-packages/airflow/example_dags/example_time_delta_sensor_async.py for tasks to queue
[2025-05-12T22:03:48.123+0500] {logging_mixin.py:151} INFO - [2025-05-12T22:03:48.123+0500] {dagbag.py:536} INFO - Filling up the DagBag from /home/maemoon/Documents/MLOPS_Project/env/lib/python3.10/site-packages/airflow/example_dags/example_time_delta_sensor_async.py
[2025-05-12T22:03:48.129+0500] {processor.py:839} INFO - DAG(s) dict_keys(['example_time_delta_sensor_async']) retrieved from /home/maemoon/Documents/MLOPS_Project/env/lib/python3.10/site-packages/airflow/example_dags/example_time_delta_sensor_async.py
[2025-05-12T22:03:48.150+0500] {logging_mixin.py:151} INFO - [2025-05-12T22:03:48.149+0500] {dag.py:2941} INFO - Sync 1 DAGs
[2025-05-12T22:03:48.160+0500] {logging_mixin.py:151} INFO - [2025-05-12T22:03:48.160+0500] {dag.py:3722} INFO - Setting next_dagrun for example_time_delta_sensor_async to None, run_after=None
[2025-05-12T22:03:48.505+0500] {processor.py:179} INFO - Processing /home/maemoon/Documents/MLOPS_Project/env/lib/python3.10/site-packages/airflow/example_dags/example_time_delta_sensor_async.py took 0.404 seconds
[2025-05-12T22:04:44.425+0500] {processor.py:157} INFO - Started process (PID=67461) to work on /home/maemoon/Documents/MLOPS_Project/env/lib/python3.10/site-packages/airflow/example_dags/example_time_delta_sensor_async.py
[2025-05-12T22:04:44.442+0500] {processor.py:829} INFO - Processing file /home/maemoon/Documents/MLOPS_Project/env/lib/python3.10/site-packages/airflow/example_dags/example_time_delta_sensor_async.py for tasks to queue
[2025-05-12T22:04:44.443+0500] {logging_mixin.py:151} INFO - [2025-05-12T22:04:44.443+0500] {dagbag.py:536} INFO - Filling up the DagBag from /home/maemoon/Documents/MLOPS_Project/env/lib/python3.10/site-packages/airflow/example_dags/example_time_delta_sensor_async.py
[2025-05-12T22:04:44.448+0500] {processor.py:839} INFO - DAG(s) dict_keys(['example_time_delta_sensor_async']) retrieved from /home/maemoon/Documents/MLOPS_Project/env/lib/python3.10/site-packages/airflow/example_dags/example_time_delta_sensor_async.py
[2025-05-12T22:04:44.461+0500] {logging_mixin.py:151} INFO - [2025-05-12T22:04:44.461+0500] {dag.py:2941} INFO - Sync 1 DAGs
[2025-05-12T22:04:44.471+0500] {logging_mixin.py:151} INFO - [2025-05-12T22:04:44.470+0500] {dag.py:3722} INFO - Setting next_dagrun for example_time_delta_sensor_async to None, run_after=None
[2025-05-12T22:04:44.557+0500] {processor.py:179} INFO - Processing /home/maemoon/Documents/MLOPS_Project/env/lib/python3.10/site-packages/airflow/example_dags/example_time_delta_sensor_async.py took 0.134 seconds
[2025-05-12T22:05:39.211+0500] {processor.py:157} INFO - Started process (PID=67627) to work on /home/maemoon/Documents/MLOPS_Project/env/lib/python3.10/site-packages/airflow/example_dags/example_time_delta_sensor_async.py
[2025-05-12T22:05:39.214+0500] {processor.py:829} INFO - Processing file /home/maemoon/Documents/MLOPS_Project/env/lib/python3.10/site-packages/airflow/example_dags/example_time_delta_sensor_async.py for tasks to queue
[2025-05-12T22:05:39.215+0500] {logging_mixin.py:151} INFO - [2025-05-12T22:05:39.214+0500] {dagbag.py:536} INFO - Filling up the DagBag from /home/maemoon/Documents/MLOPS_Project/env/lib/python3.10/site-packages/airflow/example_dags/example_time_delta_sensor_async.py
[2025-05-12T22:05:39.219+0500] {processor.py:839} INFO - DAG(s) dict_keys(['example_time_delta_sensor_async']) retrieved from /home/maemoon/Documents/MLOPS_Project/env/lib/python3.10/site-packages/airflow/example_dags/example_time_delta_sensor_async.py
[2025-05-12T22:05:39.233+0500] {logging_mixin.py:151} INFO - [2025-05-12T22:05:39.233+0500] {dag.py:2941} INFO - Sync 1 DAGs
[2025-05-12T22:05:39.242+0500] {logging_mixin.py:151} INFO - [2025-05-12T22:05:39.242+0500] {dag.py:3722} INFO - Setting next_dagrun for example_time_delta_sensor_async to None, run_after=None
[2025-05-12T22:05:39.333+0500] {processor.py:179} INFO - Processing /home/maemoon/Documents/MLOPS_Project/env/lib/python3.10/site-packages/airflow/example_dags/example_time_delta_sensor_async.py took 0.124 seconds
[2025-05-12T22:06:28.082+0500] {processor.py:157} INFO - Started process (PID=67739) to work on /home/maemoon/Documents/MLOPS_Project/env/lib/python3.10/site-packages/airflow/example_dags/example_time_delta_sensor_async.py
[2025-05-12T22:06:28.101+0500] {processor.py:829} INFO - Processing file /home/maemoon/Documents/MLOPS_Project/env/lib/python3.10/site-packages/airflow/example_dags/example_time_delta_sensor_async.py for tasks to queue
[2025-05-12T22:06:28.102+0500] {logging_mixin.py:151} INFO - [2025-05-12T22:06:28.101+0500] {dagbag.py:536} INFO - Filling up the DagBag from /home/maemoon/Documents/MLOPS_Project/env/lib/python3.10/site-packages/airflow/example_dags/example_time_delta_sensor_async.py
[2025-05-12T22:06:28.106+0500] {processor.py:839} INFO - DAG(s) dict_keys(['example_time_delta_sensor_async']) retrieved from /home/maemoon/Documents/MLOPS_Project/env/lib/python3.10/site-packages/airflow/example_dags/example_time_delta_sensor_async.py
[2025-05-12T22:06:28.119+0500] {logging_mixin.py:151} INFO - [2025-05-12T22:06:28.118+0500] {dag.py:2941} INFO - Sync 1 DAGs
[2025-05-12T22:06:28.127+0500] {logging_mixin.py:151} INFO - [2025-05-12T22:06:28.127+0500] {dag.py:3722} INFO - Setting next_dagrun for example_time_delta_sensor_async to None, run_after=None
[2025-05-12T22:06:28.210+0500] {processor.py:179} INFO - Processing /home/maemoon/Documents/MLOPS_Project/env/lib/python3.10/site-packages/airflow/example_dags/example_time_delta_sensor_async.py took 0.130 seconds
[2025-05-12T22:07:18.234+0500] {processor.py:157} INFO - Started process (PID=67875) to work on /home/maemoon/Documents/MLOPS_Project/env/lib/python3.10/site-packages/airflow/example_dags/example_time_delta_sensor_async.py
[2025-05-12T22:07:18.242+0500] {processor.py:829} INFO - Processing file /home/maemoon/Documents/MLOPS_Project/env/lib/python3.10/site-packages/airflow/example_dags/example_time_delta_sensor_async.py for tasks to queue
[2025-05-12T22:07:18.243+0500] {logging_mixin.py:151} INFO - [2025-05-12T22:07:18.243+0500] {dagbag.py:536} INFO - Filling up the DagBag from /home/maemoon/Documents/MLOPS_Project/env/lib/python3.10/site-packages/airflow/example_dags/example_time_delta_sensor_async.py
[2025-05-12T22:07:18.250+0500] {processor.py:839} INFO - DAG(s) dict_keys(['example_time_delta_sensor_async']) retrieved from /home/maemoon/Documents/MLOPS_Project/env/lib/python3.10/site-packages/airflow/example_dags/example_time_delta_sensor_async.py
[2025-05-12T22:07:18.263+0500] {logging_mixin.py:151} INFO - [2025-05-12T22:07:18.263+0500] {dag.py:2941} INFO - Sync 1 DAGs
[2025-05-12T22:07:18.274+0500] {logging_mixin.py:151} INFO - [2025-05-12T22:07:18.273+0500] {dag.py:3722} INFO - Setting next_dagrun for example_time_delta_sensor_async to None, run_after=None
[2025-05-12T22:07:18.357+0500] {processor.py:179} INFO - Processing /home/maemoon/Documents/MLOPS_Project/env/lib/python3.10/site-packages/airflow/example_dags/example_time_delta_sensor_async.py took 0.127 seconds
