[2025-05-12T21:24:35.235+0500] {processor.py:157} INFO - Started process (PID=56342) to work on /home/maemoon/Documents/MLOPS_Project/env/lib/python3.10/site-packages/airflow/example_dags/example_dynamic_task_mapping_with_no_taskflow_operators.py
[2025-05-12T21:24:35.235+0500] {processor.py:829} INFO - Processing file /home/maemoon/Documents/MLOPS_Project/env/lib/python3.10/site-packages/airflow/example_dags/example_dynamic_task_mapping_with_no_taskflow_operators.py for tasks to queue
[2025-05-12T21:24:35.236+0500] {logging_mixin.py:151} INFO - [2025-05-12T21:24:35.236+0500] {dagbag.py:536} INFO - Filling up the DagBag from /home/maemoon/Documents/MLOPS_Project/env/lib/python3.10/site-packages/airflow/example_dags/example_dynamic_task_mapping_with_no_taskflow_operators.py
[2025-05-12T21:24:35.242+0500] {processor.py:839} INFO - DAG(s) dict_keys(['example_dynamic_task_mapping_with_no_taskflow_operators']) retrieved from /home/maemoon/Documents/MLOPS_Project/env/lib/python3.10/site-packages/airflow/example_dags/example_dynamic_task_mapping_with_no_taskflow_operators.py
[2025-05-12T21:24:35.569+0500] {logging_mixin.py:151} INFO - [2025-05-12T21:24:35.569+0500] {manager.py:499} INFO - Created Permission View: %s
[2025-05-12T21:24:35.670+0500] {logging_mixin.py:151} INFO - [2025-05-12T21:24:35.669+0500] {manager.py:499} INFO - Created Permission View: %s
[2025-05-12T21:24:35.758+0500] {logging_mixin.py:151} INFO - [2025-05-12T21:24:35.758+0500] {manager.py:499} INFO - Created Permission View: %s
[2025-05-12T21:24:35.759+0500] {logging_mixin.py:151} INFO - [2025-05-12T21:24:35.758+0500] {dag.py:2941} INFO - Sync 1 DAGs
[2025-05-12T21:24:35.769+0500] {logging_mixin.py:151} INFO - [2025-05-12T21:24:35.769+0500] {dag.py:2963} INFO - Creating ORM DAG for example_dynamic_task_mapping_with_no_taskflow_operators
[2025-05-12T21:24:35.776+0500] {logging_mixin.py:151} INFO - [2025-05-12T21:24:35.776+0500] {dag.py:3722} INFO - Setting next_dagrun for example_dynamic_task_mapping_with_no_taskflow_operators to 2025-05-11T16:24:35.776475+00:00, run_after=2025-05-12T16:24:35.776475+00:00
[2025-05-12T21:24:35.903+0500] {processor.py:179} INFO - Processing /home/maemoon/Documents/MLOPS_Project/env/lib/python3.10/site-packages/airflow/example_dags/example_dynamic_task_mapping_with_no_taskflow_operators.py took 0.671 seconds
[2025-05-12T21:30:33.818+0500] {processor.py:157} INFO - Started process (PID=57977) to work on /home/maemoon/Documents/MLOPS_Project/env/lib/python3.10/site-packages/airflow/example_dags/example_dynamic_task_mapping_with_no_taskflow_operators.py
[2025-05-12T21:30:33.819+0500] {processor.py:829} INFO - Processing file /home/maemoon/Documents/MLOPS_Project/env/lib/python3.10/site-packages/airflow/example_dags/example_dynamic_task_mapping_with_no_taskflow_operators.py for tasks to queue
[2025-05-12T21:30:33.820+0500] {logging_mixin.py:151} INFO - [2025-05-12T21:30:33.820+0500] {dagbag.py:536} INFO - Filling up the DagBag from /home/maemoon/Documents/MLOPS_Project/env/lib/python3.10/site-packages/airflow/example_dags/example_dynamic_task_mapping_with_no_taskflow_operators.py
[2025-05-12T21:30:33.827+0500] {processor.py:839} INFO - DAG(s) dict_keys(['example_dynamic_task_mapping_with_no_taskflow_operators']) retrieved from /home/maemoon/Documents/MLOPS_Project/env/lib/python3.10/site-packages/airflow/example_dags/example_dynamic_task_mapping_with_no_taskflow_operators.py
[2025-05-12T21:30:33.845+0500] {logging_mixin.py:151} INFO - [2025-05-12T21:30:33.845+0500] {dag.py:2941} INFO - Sync 1 DAGs
[2025-05-12T21:30:33.862+0500] {logging_mixin.py:151} INFO - [2025-05-12T21:30:33.862+0500] {dag.py:3722} INFO - Setting next_dagrun for example_dynamic_task_mapping_with_no_taskflow_operators to 2025-05-11T16:30:33.862630+00:00, run_after=2025-05-12T16:30:33.862630+00:00
[2025-05-12T21:30:33.979+0500] {processor.py:179} INFO - Processing /home/maemoon/Documents/MLOPS_Project/env/lib/python3.10/site-packages/airflow/example_dags/example_dynamic_task_mapping_with_no_taskflow_operators.py took 0.163 seconds
[2025-05-12T21:31:58.091+0500] {processor.py:157} INFO - Started process (PID=58619) to work on /home/maemoon/Documents/MLOPS_Project/env/lib/python3.10/site-packages/airflow/example_dags/example_dynamic_task_mapping_with_no_taskflow_operators.py
[2025-05-12T21:31:58.106+0500] {processor.py:829} INFO - Processing file /home/maemoon/Documents/MLOPS_Project/env/lib/python3.10/site-packages/airflow/example_dags/example_dynamic_task_mapping_with_no_taskflow_operators.py for tasks to queue
[2025-05-12T21:31:58.107+0500] {logging_mixin.py:151} INFO - [2025-05-12T21:31:58.107+0500] {dagbag.py:536} INFO - Filling up the DagBag from /home/maemoon/Documents/MLOPS_Project/env/lib/python3.10/site-packages/airflow/example_dags/example_dynamic_task_mapping_with_no_taskflow_operators.py
[2025-05-12T21:31:58.113+0500] {processor.py:839} INFO - DAG(s) dict_keys(['example_dynamic_task_mapping_with_no_taskflow_operators']) retrieved from /home/maemoon/Documents/MLOPS_Project/env/lib/python3.10/site-packages/airflow/example_dags/example_dynamic_task_mapping_with_no_taskflow_operators.py
[2025-05-12T21:31:58.125+0500] {logging_mixin.py:151} INFO - [2025-05-12T21:31:58.125+0500] {dag.py:2941} INFO - Sync 1 DAGs
[2025-05-12T21:31:58.140+0500] {logging_mixin.py:151} INFO - [2025-05-12T21:31:58.140+0500] {dag.py:3722} INFO - Setting next_dagrun for example_dynamic_task_mapping_with_no_taskflow_operators to 2025-05-11T16:31:58.140594+00:00, run_after=2025-05-12T16:31:58.140594+00:00
[2025-05-12T21:31:58.251+0500] {processor.py:179} INFO - Processing /home/maemoon/Documents/MLOPS_Project/env/lib/python3.10/site-packages/airflow/example_dags/example_dynamic_task_mapping_with_no_taskflow_operators.py took 0.162 seconds
[2025-05-12T21:33:22.577+0500] {processor.py:157} INFO - Started process (PID=59290) to work on /home/maemoon/Documents/MLOPS_Project/env/lib/python3.10/site-packages/airflow/example_dags/example_dynamic_task_mapping_with_no_taskflow_operators.py
[2025-05-12T21:33:22.578+0500] {processor.py:829} INFO - Processing file /home/maemoon/Documents/MLOPS_Project/env/lib/python3.10/site-packages/airflow/example_dags/example_dynamic_task_mapping_with_no_taskflow_operators.py for tasks to queue
[2025-05-12T21:33:22.579+0500] {logging_mixin.py:151} INFO - [2025-05-12T21:33:22.579+0500] {dagbag.py:536} INFO - Filling up the DagBag from /home/maemoon/Documents/MLOPS_Project/env/lib/python3.10/site-packages/airflow/example_dags/example_dynamic_task_mapping_with_no_taskflow_operators.py
[2025-05-12T21:33:22.588+0500] {processor.py:839} INFO - DAG(s) dict_keys(['example_dynamic_task_mapping_with_no_taskflow_operators']) retrieved from /home/maemoon/Documents/MLOPS_Project/env/lib/python3.10/site-packages/airflow/example_dags/example_dynamic_task_mapping_with_no_taskflow_operators.py
[2025-05-12T21:33:22.607+0500] {logging_mixin.py:151} INFO - [2025-05-12T21:33:22.607+0500] {dag.py:2941} INFO - Sync 1 DAGs
[2025-05-12T21:33:22.626+0500] {logging_mixin.py:151} INFO - [2025-05-12T21:33:22.626+0500] {dag.py:3722} INFO - Setting next_dagrun for example_dynamic_task_mapping_with_no_taskflow_operators to 2025-05-11T16:33:22.625965+00:00, run_after=2025-05-12T16:33:22.625965+00:00
[2025-05-12T21:33:22.737+0500] {processor.py:179} INFO - Processing /home/maemoon/Documents/MLOPS_Project/env/lib/python3.10/site-packages/airflow/example_dags/example_dynamic_task_mapping_with_no_taskflow_operators.py took 0.163 seconds
