[2025-05-12T21:22:08.985+0500] {processor.py:157} INFO - Started process (PID=55151) to work on /home/maemoon/Documents/MLOPS_Project/env/lib/python3.10/site-packages/airflow/example_dags/example_trigger_target_dag.py
[2025-05-12T21:22:08.986+0500] {processor.py:829} INFO - Processing file /home/maemoon/Documents/MLOPS_Project/env/lib/python3.10/site-packages/airflow/example_dags/example_trigger_target_dag.py for tasks to queue
[2025-05-12T21:22:08.987+0500] {logging_mixin.py:151} INFO - [2025-05-12T21:22:08.986+0500] {dagbag.py:536} INFO - Filling up the DagBag from /home/maemoon/Documents/MLOPS_Project/env/lib/python3.10/site-packages/airflow/example_dags/example_trigger_target_dag.py
[2025-05-12T21:22:08.994+0500] {processor.py:839} INFO - DAG(s) dict_keys(['example_trigger_target_dag']) retrieved from /home/maemoon/Documents/MLOPS_Project/env/lib/python3.10/site-packages/airflow/example_dags/example_trigger_target_dag.py
[2025-05-12T21:22:13.244+0500] {logging_mixin.py:151} INFO - [2025-05-12T21:22:13.243+0500] {manager.py:499} INFO - Created Permission View: %s
[2025-05-12T21:22:13.332+0500] {logging_mixin.py:151} INFO - [2025-05-12T21:22:13.332+0500] {manager.py:499} INFO - Created Permission View: %s
[2025-05-12T21:22:13.432+0500] {logging_mixin.py:151} INFO - [2025-05-12T21:22:13.432+0500] {manager.py:499} INFO - Created Permission View: %s
[2025-05-12T21:22:13.433+0500] {logging_mixin.py:151} INFO - [2025-05-12T21:22:13.433+0500] {dag.py:2941} INFO - Sync 1 DAGs
[2025-05-12T21:22:13.441+0500] {logging_mixin.py:151} INFO - [2025-05-12T21:22:13.441+0500] {dag.py:2963} INFO - Creating ORM DAG for example_trigger_target_dag
[2025-05-12T21:22:13.442+0500] {logging_mixin.py:151} INFO - [2025-05-12T21:22:13.441+0500] {dag.py:3722} INFO - Setting next_dagrun for example_trigger_target_dag to None, run_after=None
[2025-05-12T21:22:13.539+0500] {processor.py:179} INFO - Processing /home/maemoon/Documents/MLOPS_Project/env/lib/python3.10/site-packages/airflow/example_dags/example_trigger_target_dag.py took 4.559 seconds
[2025-05-12T21:23:09.229+0500] {processor.py:157} INFO - Started process (PID=55541) to work on /home/maemoon/Documents/MLOPS_Project/env/lib/python3.10/site-packages/airflow/example_dags/example_trigger_target_dag.py
[2025-05-12T21:23:09.261+0500] {processor.py:829} INFO - Processing file /home/maemoon/Documents/MLOPS_Project/env/lib/python3.10/site-packages/airflow/example_dags/example_trigger_target_dag.py for tasks to queue
[2025-05-12T21:23:09.262+0500] {logging_mixin.py:151} INFO - [2025-05-12T21:23:09.262+0500] {dagbag.py:536} INFO - Filling up the DagBag from /home/maemoon/Documents/MLOPS_Project/env/lib/python3.10/site-packages/airflow/example_dags/example_trigger_target_dag.py
[2025-05-12T21:23:09.271+0500] {processor.py:839} INFO - DAG(s) dict_keys(['example_trigger_target_dag']) retrieved from /home/maemoon/Documents/MLOPS_Project/env/lib/python3.10/site-packages/airflow/example_dags/example_trigger_target_dag.py
[2025-05-12T21:23:11.805+0500] {logging_mixin.py:151} INFO - [2025-05-12T21:23:11.805+0500] {dag.py:2941} INFO - Sync 1 DAGs
[2025-05-12T21:23:11.921+0500] {logging_mixin.py:151} INFO - [2025-05-12T21:23:11.921+0500] {dag.py:3722} INFO - Setting next_dagrun for example_trigger_target_dag to None, run_after=None
[2025-05-12T21:23:12.060+0500] {processor.py:179} INFO - Processing /home/maemoon/Documents/MLOPS_Project/env/lib/python3.10/site-packages/airflow/example_dags/example_trigger_target_dag.py took 2.833 seconds
[2025-05-12T21:29:37.641+0500] {processor.py:157} INFO - Started process (PID=57387) to work on /home/maemoon/Documents/MLOPS_Project/env/lib/python3.10/site-packages/airflow/example_dags/example_trigger_target_dag.py
[2025-05-12T21:29:37.642+0500] {processor.py:829} INFO - Processing file /home/maemoon/Documents/MLOPS_Project/env/lib/python3.10/site-packages/airflow/example_dags/example_trigger_target_dag.py for tasks to queue
[2025-05-12T21:29:37.643+0500] {logging_mixin.py:151} INFO - [2025-05-12T21:29:37.643+0500] {dagbag.py:536} INFO - Filling up the DagBag from /home/maemoon/Documents/MLOPS_Project/env/lib/python3.10/site-packages/airflow/example_dags/example_trigger_target_dag.py
[2025-05-12T21:29:37.651+0500] {processor.py:839} INFO - DAG(s) dict_keys(['example_trigger_target_dag']) retrieved from /home/maemoon/Documents/MLOPS_Project/env/lib/python3.10/site-packages/airflow/example_dags/example_trigger_target_dag.py
[2025-05-12T21:29:37.673+0500] {logging_mixin.py:151} INFO - [2025-05-12T21:29:37.673+0500] {dag.py:2941} INFO - Sync 1 DAGs
[2025-05-12T21:29:37.684+0500] {logging_mixin.py:151} INFO - [2025-05-12T21:29:37.684+0500] {dag.py:3722} INFO - Setting next_dagrun for example_trigger_target_dag to None, run_after=None
[2025-05-12T21:29:37.777+0500] {processor.py:179} INFO - Processing /home/maemoon/Documents/MLOPS_Project/env/lib/python3.10/site-packages/airflow/example_dags/example_trigger_target_dag.py took 0.139 seconds
[2025-05-12T21:30:53.971+0500] {processor.py:157} INFO - Started process (PID=58013) to work on /home/maemoon/Documents/MLOPS_Project/env/lib/python3.10/site-packages/airflow/example_dags/example_trigger_target_dag.py
[2025-05-12T21:30:53.980+0500] {processor.py:829} INFO - Processing file /home/maemoon/Documents/MLOPS_Project/env/lib/python3.10/site-packages/airflow/example_dags/example_trigger_target_dag.py for tasks to queue
[2025-05-12T21:30:53.981+0500] {logging_mixin.py:151} INFO - [2025-05-12T21:30:53.981+0500] {dagbag.py:536} INFO - Filling up the DagBag from /home/maemoon/Documents/MLOPS_Project/env/lib/python3.10/site-packages/airflow/example_dags/example_trigger_target_dag.py
[2025-05-12T21:30:53.986+0500] {processor.py:839} INFO - DAG(s) dict_keys(['example_trigger_target_dag']) retrieved from /home/maemoon/Documents/MLOPS_Project/env/lib/python3.10/site-packages/airflow/example_dags/example_trigger_target_dag.py
[2025-05-12T21:30:53.999+0500] {logging_mixin.py:151} INFO - [2025-05-12T21:30:53.999+0500] {dag.py:2941} INFO - Sync 1 DAGs
[2025-05-12T21:30:54.009+0500] {logging_mixin.py:151} INFO - [2025-05-12T21:30:54.008+0500] {dag.py:3722} INFO - Setting next_dagrun for example_trigger_target_dag to None, run_after=None
[2025-05-12T21:30:54.095+0500] {processor.py:179} INFO - Processing /home/maemoon/Documents/MLOPS_Project/env/lib/python3.10/site-packages/airflow/example_dags/example_trigger_target_dag.py took 0.127 seconds
[2025-05-12T21:31:39.954+0500] {processor.py:157} INFO - Started process (PID=58505) to work on /home/maemoon/Documents/MLOPS_Project/env/lib/python3.10/site-packages/airflow/example_dags/example_trigger_target_dag.py
[2025-05-12T21:31:39.978+0500] {processor.py:829} INFO - Processing file /home/maemoon/Documents/MLOPS_Project/env/lib/python3.10/site-packages/airflow/example_dags/example_trigger_target_dag.py for tasks to queue
[2025-05-12T21:31:39.979+0500] {logging_mixin.py:151} INFO - [2025-05-12T21:31:39.978+0500] {dagbag.py:536} INFO - Filling up the DagBag from /home/maemoon/Documents/MLOPS_Project/env/lib/python3.10/site-packages/airflow/example_dags/example_trigger_target_dag.py
[2025-05-12T21:31:39.983+0500] {processor.py:839} INFO - DAG(s) dict_keys(['example_trigger_target_dag']) retrieved from /home/maemoon/Documents/MLOPS_Project/env/lib/python3.10/site-packages/airflow/example_dags/example_trigger_target_dag.py
[2025-05-12T21:31:39.997+0500] {logging_mixin.py:151} INFO - [2025-05-12T21:31:39.996+0500] {dag.py:2941} INFO - Sync 1 DAGs
[2025-05-12T21:31:40.006+0500] {logging_mixin.py:151} INFO - [2025-05-12T21:31:40.006+0500] {dag.py:3722} INFO - Setting next_dagrun for example_trigger_target_dag to None, run_after=None
[2025-05-12T21:31:40.103+0500] {processor.py:179} INFO - Processing /home/maemoon/Documents/MLOPS_Project/env/lib/python3.10/site-packages/airflow/example_dags/example_trigger_target_dag.py took 0.151 seconds
[2025-05-12T21:32:24.913+0500] {processor.py:157} INFO - Started process (PID=58813) to work on /home/maemoon/Documents/MLOPS_Project/env/lib/python3.10/site-packages/airflow/example_dags/example_trigger_target_dag.py
[2025-05-12T21:32:24.920+0500] {processor.py:829} INFO - Processing file /home/maemoon/Documents/MLOPS_Project/env/lib/python3.10/site-packages/airflow/example_dags/example_trigger_target_dag.py for tasks to queue
[2025-05-12T21:32:24.921+0500] {logging_mixin.py:151} INFO - [2025-05-12T21:32:24.920+0500] {dagbag.py:536} INFO - Filling up the DagBag from /home/maemoon/Documents/MLOPS_Project/env/lib/python3.10/site-packages/airflow/example_dags/example_trigger_target_dag.py
[2025-05-12T21:32:24.925+0500] {processor.py:839} INFO - DAG(s) dict_keys(['example_trigger_target_dag']) retrieved from /home/maemoon/Documents/MLOPS_Project/env/lib/python3.10/site-packages/airflow/example_dags/example_trigger_target_dag.py
[2025-05-12T21:32:24.939+0500] {logging_mixin.py:151} INFO - [2025-05-12T21:32:24.939+0500] {dag.py:2941} INFO - Sync 1 DAGs
[2025-05-12T21:32:24.947+0500] {logging_mixin.py:151} INFO - [2025-05-12T21:32:24.947+0500] {dag.py:3722} INFO - Setting next_dagrun for example_trigger_target_dag to None, run_after=None
[2025-05-12T21:32:25.033+0500] {processor.py:179} INFO - Processing /home/maemoon/Documents/MLOPS_Project/env/lib/python3.10/site-packages/airflow/example_dags/example_trigger_target_dag.py took 0.123 seconds
[2025-05-12T21:33:04.000+0500] {processor.py:157} INFO - Started process (PID=59248) to work on /home/maemoon/Documents/MLOPS_Project/env/lib/python3.10/site-packages/airflow/example_dags/example_trigger_target_dag.py
[2025-05-12T21:33:04.012+0500] {processor.py:829} INFO - Processing file /home/maemoon/Documents/MLOPS_Project/env/lib/python3.10/site-packages/airflow/example_dags/example_trigger_target_dag.py for tasks to queue
[2025-05-12T21:33:04.014+0500] {logging_mixin.py:151} INFO - [2025-05-12T21:33:04.013+0500] {dagbag.py:536} INFO - Filling up the DagBag from /home/maemoon/Documents/MLOPS_Project/env/lib/python3.10/site-packages/airflow/example_dags/example_trigger_target_dag.py
[2025-05-12T21:33:04.022+0500] {processor.py:839} INFO - DAG(s) dict_keys(['example_trigger_target_dag']) retrieved from /home/maemoon/Documents/MLOPS_Project/env/lib/python3.10/site-packages/airflow/example_dags/example_trigger_target_dag.py
[2025-05-12T21:33:04.038+0500] {logging_mixin.py:151} INFO - [2025-05-12T21:33:04.038+0500] {dag.py:2941} INFO - Sync 1 DAGs
[2025-05-12T21:33:04.050+0500] {logging_mixin.py:151} INFO - [2025-05-12T21:33:04.050+0500] {dag.py:3722} INFO - Setting next_dagrun for example_trigger_target_dag to None, run_after=None
[2025-05-12T21:33:04.136+0500] {processor.py:179} INFO - Processing /home/maemoon/Documents/MLOPS_Project/env/lib/python3.10/site-packages/airflow/example_dags/example_trigger_target_dag.py took 0.141 seconds
