[2025-05-12T21:24:36.973+0500] {processor.py:157} INFO - Started process (PID=56345) to work on /home/maemoon/Documents/MLOPS_Project/env/lib/python3.10/site-packages/airflow/example_dags/example_dynamic_task_mapping.py
[2025-05-12T21:24:36.973+0500] {processor.py:829} INFO - Processing file /home/maemoon/Documents/MLOPS_Project/env/lib/python3.10/site-packages/airflow/example_dags/example_dynamic_task_mapping.py for tasks to queue
[2025-05-12T21:24:36.974+0500] {logging_mixin.py:151} INFO - [2025-05-12T21:24:36.974+0500] {dagbag.py:536} INFO - Filling up the DagBag from /home/maemoon/Documents/MLOPS_Project/env/lib/python3.10/site-packages/airflow/example_dags/example_dynamic_task_mapping.py
[2025-05-12T21:24:36.981+0500] {processor.py:839} INFO - DAG(s) dict_keys(['example_dynamic_task_mapping']) retrieved from /home/maemoon/Documents/MLOPS_Project/env/lib/python3.10/site-packages/airflow/example_dags/example_dynamic_task_mapping.py
[2025-05-12T21:24:37.314+0500] {logging_mixin.py:151} INFO - [2025-05-12T21:24:37.314+0500] {manager.py:499} INFO - Created Permission View: %s
[2025-05-12T21:24:37.414+0500] {logging_mixin.py:151} INFO - [2025-05-12T21:24:37.414+0500] {manager.py:499} INFO - Created Permission View: %s
[2025-05-12T21:24:37.503+0500] {logging_mixin.py:151} INFO - [2025-05-12T21:24:37.502+0500] {manager.py:499} INFO - Created Permission View: %s
[2025-05-12T21:24:37.503+0500] {logging_mixin.py:151} INFO - [2025-05-12T21:24:37.503+0500] {dag.py:2941} INFO - Sync 1 DAGs
[2025-05-12T21:24:37.515+0500] {logging_mixin.py:151} INFO - [2025-05-12T21:24:37.515+0500] {dag.py:2963} INFO - Creating ORM DAG for example_dynamic_task_mapping
[2025-05-12T21:24:37.525+0500] {logging_mixin.py:151} INFO - [2025-05-12T21:24:37.525+0500] {dag.py:3722} INFO - Setting next_dagrun for example_dynamic_task_mapping to 2022-03-04T00:00:00+00:00, run_after=2022-03-05T00:00:00+00:00
[2025-05-12T21:24:37.629+0500] {processor.py:179} INFO - Processing /home/maemoon/Documents/MLOPS_Project/env/lib/python3.10/site-packages/airflow/example_dags/example_dynamic_task_mapping.py took 0.659 seconds
[2025-05-12T21:30:34.929+0500] {processor.py:157} INFO - Started process (PID=57980) to work on /home/maemoon/Documents/MLOPS_Project/env/lib/python3.10/site-packages/airflow/example_dags/example_dynamic_task_mapping.py
[2025-05-12T21:30:34.930+0500] {processor.py:829} INFO - Processing file /home/maemoon/Documents/MLOPS_Project/env/lib/python3.10/site-packages/airflow/example_dags/example_dynamic_task_mapping.py for tasks to queue
[2025-05-12T21:30:34.930+0500] {logging_mixin.py:151} INFO - [2025-05-12T21:30:34.930+0500] {dagbag.py:536} INFO - Filling up the DagBag from /home/maemoon/Documents/MLOPS_Project/env/lib/python3.10/site-packages/airflow/example_dags/example_dynamic_task_mapping.py
[2025-05-12T21:30:34.937+0500] {processor.py:839} INFO - DAG(s) dict_keys(['example_dynamic_task_mapping']) retrieved from /home/maemoon/Documents/MLOPS_Project/env/lib/python3.10/site-packages/airflow/example_dags/example_dynamic_task_mapping.py
[2025-05-12T21:30:34.949+0500] {logging_mixin.py:151} INFO - [2025-05-12T21:30:34.948+0500] {dag.py:2941} INFO - Sync 1 DAGs
[2025-05-12T21:30:34.965+0500] {logging_mixin.py:151} INFO - [2025-05-12T21:30:34.964+0500] {dag.py:3722} INFO - Setting next_dagrun for example_dynamic_task_mapping to 2022-03-04T00:00:00+00:00, run_after=2022-03-05T00:00:00+00:00
[2025-05-12T21:30:35.066+0500] {processor.py:179} INFO - Processing /home/maemoon/Documents/MLOPS_Project/env/lib/python3.10/site-packages/airflow/example_dags/example_dynamic_task_mapping.py took 0.139 seconds
[2025-05-12T21:31:59.324+0500] {processor.py:157} INFO - Started process (PID=58620) to work on /home/maemoon/Documents/MLOPS_Project/env/lib/python3.10/site-packages/airflow/example_dags/example_dynamic_task_mapping.py
[2025-05-12T21:31:59.325+0500] {processor.py:829} INFO - Processing file /home/maemoon/Documents/MLOPS_Project/env/lib/python3.10/site-packages/airflow/example_dags/example_dynamic_task_mapping.py for tasks to queue
[2025-05-12T21:31:59.326+0500] {logging_mixin.py:151} INFO - [2025-05-12T21:31:59.326+0500] {dagbag.py:536} INFO - Filling up the DagBag from /home/maemoon/Documents/MLOPS_Project/env/lib/python3.10/site-packages/airflow/example_dags/example_dynamic_task_mapping.py
[2025-05-12T21:31:59.332+0500] {processor.py:839} INFO - DAG(s) dict_keys(['example_dynamic_task_mapping']) retrieved from /home/maemoon/Documents/MLOPS_Project/env/lib/python3.10/site-packages/airflow/example_dags/example_dynamic_task_mapping.py
[2025-05-12T21:31:59.344+0500] {logging_mixin.py:151} INFO - [2025-05-12T21:31:59.344+0500] {dag.py:2941} INFO - Sync 1 DAGs
[2025-05-12T21:31:59.364+0500] {logging_mixin.py:151} INFO - [2025-05-12T21:31:59.364+0500] {dag.py:3722} INFO - Setting next_dagrun for example_dynamic_task_mapping to 2022-03-04T00:00:00+00:00, run_after=2022-03-05T00:00:00+00:00
[2025-05-12T21:31:59.499+0500] {processor.py:179} INFO - Processing /home/maemoon/Documents/MLOPS_Project/env/lib/python3.10/site-packages/airflow/example_dags/example_dynamic_task_mapping.py took 0.178 seconds
[2025-05-12T21:33:23.815+0500] {processor.py:157} INFO - Started process (PID=59291) to work on /home/maemoon/Documents/MLOPS_Project/env/lib/python3.10/site-packages/airflow/example_dags/example_dynamic_task_mapping.py
[2025-05-12T21:33:23.817+0500] {processor.py:829} INFO - Processing file /home/maemoon/Documents/MLOPS_Project/env/lib/python3.10/site-packages/airflow/example_dags/example_dynamic_task_mapping.py for tasks to queue
[2025-05-12T21:33:23.818+0500] {logging_mixin.py:151} INFO - [2025-05-12T21:33:23.817+0500] {dagbag.py:536} INFO - Filling up the DagBag from /home/maemoon/Documents/MLOPS_Project/env/lib/python3.10/site-packages/airflow/example_dags/example_dynamic_task_mapping.py
[2025-05-12T21:33:23.825+0500] {processor.py:839} INFO - DAG(s) dict_keys(['example_dynamic_task_mapping']) retrieved from /home/maemoon/Documents/MLOPS_Project/env/lib/python3.10/site-packages/airflow/example_dags/example_dynamic_task_mapping.py
[2025-05-12T21:33:23.840+0500] {logging_mixin.py:151} INFO - [2025-05-12T21:33:23.840+0500] {dag.py:2941} INFO - Sync 1 DAGs
[2025-05-12T21:33:23.862+0500] {logging_mixin.py:151} INFO - [2025-05-12T21:33:23.861+0500] {dag.py:3722} INFO - Setting next_dagrun for example_dynamic_task_mapping to 2022-03-04T00:00:00+00:00, run_after=2022-03-05T00:00:00+00:00
[2025-05-12T21:33:23.979+0500] {processor.py:179} INFO - Processing /home/maemoon/Documents/MLOPS_Project/env/lib/python3.10/site-packages/airflow/example_dags/example_dynamic_task_mapping.py took 0.169 seconds
