[2025-05-12T21:24:11.630+0500] {processor.py:157} INFO - Started process (PID=56258) to work on /home/maemoon/Documents/MLOPS_Project/env/lib/python3.10/site-packages/airflow/example_dags/example_python_operator.py
[2025-05-12T21:24:11.630+0500] {processor.py:829} INFO - Processing file /home/maemoon/Documents/MLOPS_Project/env/lib/python3.10/site-packages/airflow/example_dags/example_python_operator.py for tasks to queue
[2025-05-12T21:24:11.631+0500] {logging_mixin.py:151} INFO - [2025-05-12T21:24:11.631+0500] {dagbag.py:536} INFO - Filling up the DagBag from /home/maemoon/Documents/MLOPS_Project/env/lib/python3.10/site-packages/airflow/example_dags/example_python_operator.py
[2025-05-12T21:24:11.641+0500] {logging_mixin.py:151} INFO - [2025-05-12T21:24:11.641+0500] {example_python_operator.py:89} WARNING - The virtalenv_python example task requires virtualenv, please install it.
[2025-05-12T21:24:11.642+0500] {processor.py:839} INFO - DAG(s) dict_keys(['example_python_operator']) retrieved from /home/maemoon/Documents/MLOPS_Project/env/lib/python3.10/site-packages/airflow/example_dags/example_python_operator.py
[2025-05-12T21:24:12.026+0500] {logging_mixin.py:151} INFO - [2025-05-12T21:24:12.026+0500] {manager.py:499} INFO - Created Permission View: %s
[2025-05-12T21:24:12.126+0500] {logging_mixin.py:151} INFO - [2025-05-12T21:24:12.126+0500] {manager.py:499} INFO - Created Permission View: %s
[2025-05-12T21:24:12.226+0500] {logging_mixin.py:151} INFO - [2025-05-12T21:24:12.226+0500] {manager.py:499} INFO - Created Permission View: %s
[2025-05-12T21:24:12.226+0500] {logging_mixin.py:151} INFO - [2025-05-12T21:24:12.226+0500] {dag.py:2941} INFO - Sync 1 DAGs
[2025-05-12T21:24:12.236+0500] {logging_mixin.py:151} INFO - [2025-05-12T21:24:12.235+0500] {dag.py:2963} INFO - Creating ORM DAG for example_python_operator
[2025-05-12T21:24:12.236+0500] {logging_mixin.py:151} INFO - [2025-05-12T21:24:12.236+0500] {dag.py:3722} INFO - Setting next_dagrun for example_python_operator to None, run_after=None
[2025-05-12T21:24:12.384+0500] {processor.py:179} INFO - Processing /home/maemoon/Documents/MLOPS_Project/env/lib/python3.10/site-packages/airflow/example_dags/example_python_operator.py took 0.758 seconds
[2025-05-12T21:30:20.606+0500] {processor.py:157} INFO - Started process (PID=57942) to work on /home/maemoon/Documents/MLOPS_Project/env/lib/python3.10/site-packages/airflow/example_dags/example_python_operator.py
[2025-05-12T21:30:20.621+0500] {processor.py:829} INFO - Processing file /home/maemoon/Documents/MLOPS_Project/env/lib/python3.10/site-packages/airflow/example_dags/example_python_operator.py for tasks to queue
[2025-05-12T21:30:20.622+0500] {logging_mixin.py:151} INFO - [2025-05-12T21:30:20.622+0500] {dagbag.py:536} INFO - Filling up the DagBag from /home/maemoon/Documents/MLOPS_Project/env/lib/python3.10/site-packages/airflow/example_dags/example_python_operator.py
[2025-05-12T21:30:20.630+0500] {logging_mixin.py:151} INFO - [2025-05-12T21:30:20.630+0500] {example_python_operator.py:89} WARNING - The virtalenv_python example task requires virtualenv, please install it.
[2025-05-12T21:30:20.630+0500] {processor.py:839} INFO - DAG(s) dict_keys(['example_python_operator']) retrieved from /home/maemoon/Documents/MLOPS_Project/env/lib/python3.10/site-packages/airflow/example_dags/example_python_operator.py
[2025-05-12T21:30:20.648+0500] {logging_mixin.py:151} INFO - [2025-05-12T21:30:20.648+0500] {dag.py:2941} INFO - Sync 1 DAGs
[2025-05-12T21:30:20.657+0500] {logging_mixin.py:151} INFO - [2025-05-12T21:30:20.656+0500] {dag.py:3722} INFO - Setting next_dagrun for example_python_operator to None, run_after=None
[2025-05-12T21:30:20.741+0500] {processor.py:179} INFO - Processing /home/maemoon/Documents/MLOPS_Project/env/lib/python3.10/site-packages/airflow/example_dags/example_python_operator.py took 0.137 seconds
[2025-05-12T21:31:44.736+0500] {processor.py:157} INFO - Started process (PID=58539) to work on /home/maemoon/Documents/MLOPS_Project/env/lib/python3.10/site-packages/airflow/example_dags/example_python_operator.py
[2025-05-12T21:31:44.750+0500] {processor.py:829} INFO - Processing file /home/maemoon/Documents/MLOPS_Project/env/lib/python3.10/site-packages/airflow/example_dags/example_python_operator.py for tasks to queue
[2025-05-12T21:31:44.751+0500] {logging_mixin.py:151} INFO - [2025-05-12T21:31:44.750+0500] {dagbag.py:536} INFO - Filling up the DagBag from /home/maemoon/Documents/MLOPS_Project/env/lib/python3.10/site-packages/airflow/example_dags/example_python_operator.py
[2025-05-12T21:31:44.760+0500] {logging_mixin.py:151} INFO - [2025-05-12T21:31:44.760+0500] {example_python_operator.py:89} WARNING - The virtalenv_python example task requires virtualenv, please install it.
[2025-05-12T21:31:44.760+0500] {processor.py:839} INFO - DAG(s) dict_keys(['example_python_operator']) retrieved from /home/maemoon/Documents/MLOPS_Project/env/lib/python3.10/site-packages/airflow/example_dags/example_python_operator.py
[2025-05-12T21:31:44.779+0500] {logging_mixin.py:151} INFO - [2025-05-12T21:31:44.779+0500] {dag.py:2941} INFO - Sync 1 DAGs
[2025-05-12T21:31:44.793+0500] {logging_mixin.py:151} INFO - [2025-05-12T21:31:44.793+0500] {dag.py:3722} INFO - Setting next_dagrun for example_python_operator to None, run_after=None
[2025-05-12T21:31:44.873+0500] {processor.py:179} INFO - Processing /home/maemoon/Documents/MLOPS_Project/env/lib/python3.10/site-packages/airflow/example_dags/example_python_operator.py took 0.140 seconds
[2025-05-12T21:33:08.423+0500] {processor.py:157} INFO - Started process (PID=59254) to work on /home/maemoon/Documents/MLOPS_Project/env/lib/python3.10/site-packages/airflow/example_dags/example_python_operator.py
[2025-05-12T21:33:08.424+0500] {processor.py:829} INFO - Processing file /home/maemoon/Documents/MLOPS_Project/env/lib/python3.10/site-packages/airflow/example_dags/example_python_operator.py for tasks to queue
[2025-05-12T21:33:08.425+0500] {logging_mixin.py:151} INFO - [2025-05-12T21:33:08.424+0500] {dagbag.py:536} INFO - Filling up the DagBag from /home/maemoon/Documents/MLOPS_Project/env/lib/python3.10/site-packages/airflow/example_dags/example_python_operator.py
[2025-05-12T21:33:08.432+0500] {logging_mixin.py:151} INFO - [2025-05-12T21:33:08.432+0500] {example_python_operator.py:89} WARNING - The virtalenv_python example task requires virtualenv, please install it.
[2025-05-12T21:33:08.432+0500] {processor.py:839} INFO - DAG(s) dict_keys(['example_python_operator']) retrieved from /home/maemoon/Documents/MLOPS_Project/env/lib/python3.10/site-packages/airflow/example_dags/example_python_operator.py
[2025-05-12T21:33:08.454+0500] {logging_mixin.py:151} INFO - [2025-05-12T21:33:08.453+0500] {dag.py:2941} INFO - Sync 1 DAGs
[2025-05-12T21:33:08.468+0500] {logging_mixin.py:151} INFO - [2025-05-12T21:33:08.468+0500] {dag.py:3722} INFO - Setting next_dagrun for example_python_operator to None, run_after=None
[2025-05-12T21:33:08.566+0500] {processor.py:179} INFO - Processing /home/maemoon/Documents/MLOPS_Project/env/lib/python3.10/site-packages/airflow/example_dags/example_python_operator.py took 0.146 seconds
[2025-05-12T21:34:01.997+0500] {processor.py:157} INFO - Started process (PID=59404) to work on /home/maemoon/Documents/MLOPS_Project/env/lib/python3.10/site-packages/airflow/example_dags/example_python_operator.py
[2025-05-12T21:34:01.999+0500] {processor.py:829} INFO - Processing file /home/maemoon/Documents/MLOPS_Project/env/lib/python3.10/site-packages/airflow/example_dags/example_python_operator.py for tasks to queue
[2025-05-12T21:34:02.000+0500] {logging_mixin.py:151} INFO - [2025-05-12T21:34:01.999+0500] {dagbag.py:536} INFO - Filling up the DagBag from /home/maemoon/Documents/MLOPS_Project/env/lib/python3.10/site-packages/airflow/example_dags/example_python_operator.py
[2025-05-12T21:34:02.009+0500] {logging_mixin.py:151} INFO - [2025-05-12T21:34:02.009+0500] {example_python_operator.py:89} WARNING - The virtalenv_python example task requires virtualenv, please install it.
[2025-05-12T21:34:02.009+0500] {processor.py:839} INFO - DAG(s) dict_keys(['example_python_operator']) retrieved from /home/maemoon/Documents/MLOPS_Project/env/lib/python3.10/site-packages/airflow/example_dags/example_python_operator.py
[2025-05-12T21:34:02.026+0500] {logging_mixin.py:151} INFO - [2025-05-12T21:34:02.026+0500] {dag.py:2941} INFO - Sync 1 DAGs
[2025-05-12T21:34:02.038+0500] {logging_mixin.py:151} INFO - [2025-05-12T21:34:02.038+0500] {dag.py:3722} INFO - Setting next_dagrun for example_python_operator to None, run_after=None
[2025-05-12T21:34:02.129+0500] {processor.py:179} INFO - Processing /home/maemoon/Documents/MLOPS_Project/env/lib/python3.10/site-packages/airflow/example_dags/example_python_operator.py took 0.134 seconds
[2025-05-12T21:34:55.722+0500] {processor.py:157} INFO - Started process (PID=59513) to work on /home/maemoon/Documents/MLOPS_Project/env/lib/python3.10/site-packages/airflow/example_dags/example_python_operator.py
[2025-05-12T21:34:55.724+0500] {processor.py:829} INFO - Processing file /home/maemoon/Documents/MLOPS_Project/env/lib/python3.10/site-packages/airflow/example_dags/example_python_operator.py for tasks to queue
[2025-05-12T21:34:55.724+0500] {logging_mixin.py:151} INFO - [2025-05-12T21:34:55.724+0500] {dagbag.py:536} INFO - Filling up the DagBag from /home/maemoon/Documents/MLOPS_Project/env/lib/python3.10/site-packages/airflow/example_dags/example_python_operator.py
[2025-05-12T21:34:55.732+0500] {logging_mixin.py:151} INFO - [2025-05-12T21:34:55.732+0500] {example_python_operator.py:89} WARNING - The virtalenv_python example task requires virtualenv, please install it.
[2025-05-12T21:34:55.733+0500] {processor.py:839} INFO - DAG(s) dict_keys(['example_python_operator']) retrieved from /home/maemoon/Documents/MLOPS_Project/env/lib/python3.10/site-packages/airflow/example_dags/example_python_operator.py
[2025-05-12T21:34:55.747+0500] {logging_mixin.py:151} INFO - [2025-05-12T21:34:55.747+0500] {dag.py:2941} INFO - Sync 1 DAGs
[2025-05-12T21:34:55.756+0500] {logging_mixin.py:151} INFO - [2025-05-12T21:34:55.756+0500] {dag.py:3722} INFO - Setting next_dagrun for example_python_operator to None, run_after=None
[2025-05-12T21:34:55.848+0500] {processor.py:179} INFO - Processing /home/maemoon/Documents/MLOPS_Project/env/lib/python3.10/site-packages/airflow/example_dags/example_python_operator.py took 0.128 seconds
[2025-05-12T21:35:44.734+0500] {processor.py:157} INFO - Started process (PID=59758) to work on /home/maemoon/Documents/MLOPS_Project/env/lib/python3.10/site-packages/airflow/example_dags/example_python_operator.py
[2025-05-12T21:35:44.736+0500] {processor.py:829} INFO - Processing file /home/maemoon/Documents/MLOPS_Project/env/lib/python3.10/site-packages/airflow/example_dags/example_python_operator.py for tasks to queue
[2025-05-12T21:35:44.737+0500] {logging_mixin.py:151} INFO - [2025-05-12T21:35:44.736+0500] {dagbag.py:536} INFO - Filling up the DagBag from /home/maemoon/Documents/MLOPS_Project/env/lib/python3.10/site-packages/airflow/example_dags/example_python_operator.py
[2025-05-12T21:35:44.745+0500] {logging_mixin.py:151} INFO - [2025-05-12T21:35:44.745+0500] {example_python_operator.py:89} WARNING - The virtalenv_python example task requires virtualenv, please install it.
[2025-05-12T21:35:44.746+0500] {processor.py:839} INFO - DAG(s) dict_keys(['example_python_operator']) retrieved from /home/maemoon/Documents/MLOPS_Project/env/lib/python3.10/site-packages/airflow/example_dags/example_python_operator.py
[2025-05-12T21:35:44.764+0500] {logging_mixin.py:151} INFO - [2025-05-12T21:35:44.764+0500] {dag.py:2941} INFO - Sync 1 DAGs
[2025-05-12T21:35:44.773+0500] {logging_mixin.py:151} INFO - [2025-05-12T21:35:44.773+0500] {dag.py:3722} INFO - Setting next_dagrun for example_python_operator to None, run_after=None
[2025-05-12T21:35:44.868+0500] {processor.py:179} INFO - Processing /home/maemoon/Documents/MLOPS_Project/env/lib/python3.10/site-packages/airflow/example_dags/example_python_operator.py took 0.137 seconds
[2025-05-12T21:52:40.322+0500] {processor.py:157} INFO - Started process (PID=63829) to work on /home/maemoon/Documents/MLOPS_Project/env/lib/python3.10/site-packages/airflow/example_dags/example_python_operator.py
[2025-05-12T21:52:40.323+0500] {processor.py:829} INFO - Processing file /home/maemoon/Documents/MLOPS_Project/env/lib/python3.10/site-packages/airflow/example_dags/example_python_operator.py for tasks to queue
[2025-05-12T21:52:40.323+0500] {logging_mixin.py:151} INFO - [2025-05-12T21:52:40.323+0500] {dagbag.py:536} INFO - Filling up the DagBag from /home/maemoon/Documents/MLOPS_Project/env/lib/python3.10/site-packages/airflow/example_dags/example_python_operator.py
[2025-05-12T21:52:40.333+0500] {logging_mixin.py:151} INFO - [2025-05-12T21:52:40.333+0500] {example_python_operator.py:89} WARNING - The virtalenv_python example task requires virtualenv, please install it.
[2025-05-12T21:52:40.334+0500] {processor.py:839} INFO - DAG(s) dict_keys(['example_python_operator']) retrieved from /home/maemoon/Documents/MLOPS_Project/env/lib/python3.10/site-packages/airflow/example_dags/example_python_operator.py
[2025-05-12T21:52:40.355+0500] {logging_mixin.py:151} INFO - [2025-05-12T21:52:40.354+0500] {dag.py:2941} INFO - Sync 1 DAGs
[2025-05-12T21:52:40.366+0500] {logging_mixin.py:151} INFO - [2025-05-12T21:52:40.365+0500] {dag.py:3722} INFO - Setting next_dagrun for example_python_operator to None, run_after=None
[2025-05-12T21:52:40.459+0500] {processor.py:179} INFO - Processing /home/maemoon/Documents/MLOPS_Project/env/lib/python3.10/site-packages/airflow/example_dags/example_python_operator.py took 0.139 seconds
[2025-05-12T21:53:41.867+0500] {processor.py:157} INFO - Started process (PID=64099) to work on /home/maemoon/Documents/MLOPS_Project/env/lib/python3.10/site-packages/airflow/example_dags/example_python_operator.py
[2025-05-12T21:53:41.868+0500] {processor.py:829} INFO - Processing file /home/maemoon/Documents/MLOPS_Project/env/lib/python3.10/site-packages/airflow/example_dags/example_python_operator.py for tasks to queue
[2025-05-12T21:53:41.869+0500] {logging_mixin.py:151} INFO - [2025-05-12T21:53:41.869+0500] {dagbag.py:536} INFO - Filling up the DagBag from /home/maemoon/Documents/MLOPS_Project/env/lib/python3.10/site-packages/airflow/example_dags/example_python_operator.py
[2025-05-12T21:53:41.877+0500] {logging_mixin.py:151} INFO - [2025-05-12T21:53:41.877+0500] {example_python_operator.py:89} WARNING - The virtalenv_python example task requires virtualenv, please install it.
[2025-05-12T21:53:41.877+0500] {processor.py:839} INFO - DAG(s) dict_keys(['example_python_operator']) retrieved from /home/maemoon/Documents/MLOPS_Project/env/lib/python3.10/site-packages/airflow/example_dags/example_python_operator.py
[2025-05-12T21:53:41.892+0500] {logging_mixin.py:151} INFO - [2025-05-12T21:53:41.892+0500] {dag.py:2941} INFO - Sync 1 DAGs
[2025-05-12T21:53:41.903+0500] {logging_mixin.py:151} INFO - [2025-05-12T21:53:41.903+0500] {dag.py:3722} INFO - Setting next_dagrun for example_python_operator to None, run_after=None
[2025-05-12T21:53:42.002+0500] {processor.py:179} INFO - Processing /home/maemoon/Documents/MLOPS_Project/env/lib/python3.10/site-packages/airflow/example_dags/example_python_operator.py took 0.138 seconds
[2025-05-12T21:54:41.133+0500] {processor.py:157} INFO - Started process (PID=64394) to work on /home/maemoon/Documents/MLOPS_Project/env/lib/python3.10/site-packages/airflow/example_dags/example_python_operator.py
[2025-05-12T21:54:41.145+0500] {processor.py:829} INFO - Processing file /home/maemoon/Documents/MLOPS_Project/env/lib/python3.10/site-packages/airflow/example_dags/example_python_operator.py for tasks to queue
[2025-05-12T21:54:41.146+0500] {logging_mixin.py:151} INFO - [2025-05-12T21:54:41.146+0500] {dagbag.py:536} INFO - Filling up the DagBag from /home/maemoon/Documents/MLOPS_Project/env/lib/python3.10/site-packages/airflow/example_dags/example_python_operator.py
[2025-05-12T21:54:41.159+0500] {logging_mixin.py:151} INFO - [2025-05-12T21:54:41.159+0500] {example_python_operator.py:89} WARNING - The virtalenv_python example task requires virtualenv, please install it.
[2025-05-12T21:54:41.160+0500] {processor.py:839} INFO - DAG(s) dict_keys(['example_python_operator']) retrieved from /home/maemoon/Documents/MLOPS_Project/env/lib/python3.10/site-packages/airflow/example_dags/example_python_operator.py
[2025-05-12T21:54:41.187+0500] {logging_mixin.py:151} INFO - [2025-05-12T21:54:41.187+0500] {dag.py:2941} INFO - Sync 1 DAGs
[2025-05-12T21:54:41.207+0500] {logging_mixin.py:151} INFO - [2025-05-12T21:54:41.206+0500] {dag.py:3722} INFO - Setting next_dagrun for example_python_operator to None, run_after=None
[2025-05-12T21:54:41.338+0500] {processor.py:179} INFO - Processing /home/maemoon/Documents/MLOPS_Project/env/lib/python3.10/site-packages/airflow/example_dags/example_python_operator.py took 0.209 seconds
[2025-05-12T21:56:15.380+0500] {processor.py:157} INFO - Started process (PID=65248) to work on /home/maemoon/Documents/MLOPS_Project/env/lib/python3.10/site-packages/airflow/example_dags/example_python_operator.py
[2025-05-12T21:56:15.391+0500] {processor.py:829} INFO - Processing file /home/maemoon/Documents/MLOPS_Project/env/lib/python3.10/site-packages/airflow/example_dags/example_python_operator.py for tasks to queue
[2025-05-12T21:56:15.392+0500] {logging_mixin.py:151} INFO - [2025-05-12T21:56:15.392+0500] {dagbag.py:536} INFO - Filling up the DagBag from /home/maemoon/Documents/MLOPS_Project/env/lib/python3.10/site-packages/airflow/example_dags/example_python_operator.py
[2025-05-12T21:56:15.401+0500] {logging_mixin.py:151} INFO - [2025-05-12T21:56:15.401+0500] {example_python_operator.py:89} WARNING - The virtalenv_python example task requires virtualenv, please install it.
[2025-05-12T21:56:15.401+0500] {processor.py:839} INFO - DAG(s) dict_keys(['example_python_operator']) retrieved from /home/maemoon/Documents/MLOPS_Project/env/lib/python3.10/site-packages/airflow/example_dags/example_python_operator.py
[2025-05-12T21:56:15.419+0500] {logging_mixin.py:151} INFO - [2025-05-12T21:56:15.419+0500] {dag.py:2941} INFO - Sync 1 DAGs
[2025-05-12T21:56:15.432+0500] {logging_mixin.py:151} INFO - [2025-05-12T21:56:15.432+0500] {dag.py:3722} INFO - Setting next_dagrun for example_python_operator to None, run_after=None
[2025-05-12T21:56:15.550+0500] {processor.py:179} INFO - Processing /home/maemoon/Documents/MLOPS_Project/env/lib/python3.10/site-packages/airflow/example_dags/example_python_operator.py took 0.175 seconds
[2025-05-12T21:57:08.397+0500] {processor.py:157} INFO - Started process (PID=65363) to work on /home/maemoon/Documents/MLOPS_Project/env/lib/python3.10/site-packages/airflow/example_dags/example_python_operator.py
[2025-05-12T21:57:08.410+0500] {processor.py:829} INFO - Processing file /home/maemoon/Documents/MLOPS_Project/env/lib/python3.10/site-packages/airflow/example_dags/example_python_operator.py for tasks to queue
[2025-05-12T21:57:08.411+0500] {logging_mixin.py:151} INFO - [2025-05-12T21:57:08.410+0500] {dagbag.py:536} INFO - Filling up the DagBag from /home/maemoon/Documents/MLOPS_Project/env/lib/python3.10/site-packages/airflow/example_dags/example_python_operator.py
[2025-05-12T21:57:08.419+0500] {logging_mixin.py:151} INFO - [2025-05-12T21:57:08.418+0500] {example_python_operator.py:89} WARNING - The virtalenv_python example task requires virtualenv, please install it.
[2025-05-12T21:57:08.419+0500] {processor.py:839} INFO - DAG(s) dict_keys(['example_python_operator']) retrieved from /home/maemoon/Documents/MLOPS_Project/env/lib/python3.10/site-packages/airflow/example_dags/example_python_operator.py
[2025-05-12T21:57:08.435+0500] {logging_mixin.py:151} INFO - [2025-05-12T21:57:08.435+0500] {dag.py:2941} INFO - Sync 1 DAGs
[2025-05-12T21:57:08.446+0500] {logging_mixin.py:151} INFO - [2025-05-12T21:57:08.446+0500] {dag.py:3722} INFO - Setting next_dagrun for example_python_operator to None, run_after=None
[2025-05-12T21:57:08.536+0500] {processor.py:179} INFO - Processing /home/maemoon/Documents/MLOPS_Project/env/lib/python3.10/site-packages/airflow/example_dags/example_python_operator.py took 0.141 seconds
[2025-05-12T21:57:56.810+0500] {processor.py:157} INFO - Started process (PID=65451) to work on /home/maemoon/Documents/MLOPS_Project/env/lib/python3.10/site-packages/airflow/example_dags/example_python_operator.py
[2025-05-12T21:57:56.830+0500] {processor.py:829} INFO - Processing file /home/maemoon/Documents/MLOPS_Project/env/lib/python3.10/site-packages/airflow/example_dags/example_python_operator.py for tasks to queue
[2025-05-12T21:57:56.831+0500] {logging_mixin.py:151} INFO - [2025-05-12T21:57:56.830+0500] {dagbag.py:536} INFO - Filling up the DagBag from /home/maemoon/Documents/MLOPS_Project/env/lib/python3.10/site-packages/airflow/example_dags/example_python_operator.py
[2025-05-12T21:57:56.846+0500] {logging_mixin.py:151} INFO - [2025-05-12T21:57:56.846+0500] {example_python_operator.py:89} WARNING - The virtalenv_python example task requires virtualenv, please install it.
[2025-05-12T21:57:56.846+0500] {processor.py:839} INFO - DAG(s) dict_keys(['example_python_operator']) retrieved from /home/maemoon/Documents/MLOPS_Project/env/lib/python3.10/site-packages/airflow/example_dags/example_python_operator.py
[2025-05-12T21:57:56.870+0500] {logging_mixin.py:151} INFO - [2025-05-12T21:57:56.869+0500] {dag.py:2941} INFO - Sync 1 DAGs
[2025-05-12T21:57:56.886+0500] {logging_mixin.py:151} INFO - [2025-05-12T21:57:56.885+0500] {dag.py:3722} INFO - Setting next_dagrun for example_python_operator to None, run_after=None
[2025-05-12T21:57:56.996+0500] {processor.py:179} INFO - Processing /home/maemoon/Documents/MLOPS_Project/env/lib/python3.10/site-packages/airflow/example_dags/example_python_operator.py took 0.192 seconds
[2025-05-12T21:58:50.779+0500] {processor.py:157} INFO - Started process (PID=65659) to work on /home/maemoon/Documents/MLOPS_Project/env/lib/python3.10/site-packages/airflow/example_dags/example_python_operator.py
[2025-05-12T21:58:50.780+0500] {processor.py:829} INFO - Processing file /home/maemoon/Documents/MLOPS_Project/env/lib/python3.10/site-packages/airflow/example_dags/example_python_operator.py for tasks to queue
[2025-05-12T21:58:50.781+0500] {logging_mixin.py:151} INFO - [2025-05-12T21:58:50.780+0500] {dagbag.py:536} INFO - Filling up the DagBag from /home/maemoon/Documents/MLOPS_Project/env/lib/python3.10/site-packages/airflow/example_dags/example_python_operator.py
[2025-05-12T21:58:50.792+0500] {logging_mixin.py:151} INFO - [2025-05-12T21:58:50.792+0500] {example_python_operator.py:89} WARNING - The virtalenv_python example task requires virtualenv, please install it.
[2025-05-12T21:58:50.793+0500] {processor.py:839} INFO - DAG(s) dict_keys(['example_python_operator']) retrieved from /home/maemoon/Documents/MLOPS_Project/env/lib/python3.10/site-packages/airflow/example_dags/example_python_operator.py
[2025-05-12T21:58:50.812+0500] {logging_mixin.py:151} INFO - [2025-05-12T21:58:50.811+0500] {dag.py:2941} INFO - Sync 1 DAGs
[2025-05-12T21:58:50.825+0500] {logging_mixin.py:151} INFO - [2025-05-12T21:58:50.824+0500] {dag.py:3722} INFO - Setting next_dagrun for example_python_operator to None, run_after=None
[2025-05-12T21:58:50.921+0500] {processor.py:179} INFO - Processing /home/maemoon/Documents/MLOPS_Project/env/lib/python3.10/site-packages/airflow/example_dags/example_python_operator.py took 0.144 seconds
[2025-05-12T21:59:48.677+0500] {processor.py:157} INFO - Started process (PID=65799) to work on /home/maemoon/Documents/MLOPS_Project/env/lib/python3.10/site-packages/airflow/example_dags/example_python_operator.py
[2025-05-12T21:59:48.678+0500] {processor.py:829} INFO - Processing file /home/maemoon/Documents/MLOPS_Project/env/lib/python3.10/site-packages/airflow/example_dags/example_python_operator.py for tasks to queue
[2025-05-12T21:59:48.679+0500] {logging_mixin.py:151} INFO - [2025-05-12T21:59:48.678+0500] {dagbag.py:536} INFO - Filling up the DagBag from /home/maemoon/Documents/MLOPS_Project/env/lib/python3.10/site-packages/airflow/example_dags/example_python_operator.py
[2025-05-12T21:59:48.686+0500] {logging_mixin.py:151} INFO - [2025-05-12T21:59:48.685+0500] {example_python_operator.py:89} WARNING - The virtalenv_python example task requires virtualenv, please install it.
[2025-05-12T21:59:48.686+0500] {processor.py:839} INFO - DAG(s) dict_keys(['example_python_operator']) retrieved from /home/maemoon/Documents/MLOPS_Project/env/lib/python3.10/site-packages/airflow/example_dags/example_python_operator.py
[2025-05-12T21:59:48.700+0500] {logging_mixin.py:151} INFO - [2025-05-12T21:59:48.700+0500] {dag.py:2941} INFO - Sync 1 DAGs
[2025-05-12T21:59:48.708+0500] {logging_mixin.py:151} INFO - [2025-05-12T21:59:48.708+0500] {dag.py:3722} INFO - Setting next_dagrun for example_python_operator to None, run_after=None
[2025-05-12T21:59:48.825+0500] {processor.py:179} INFO - Processing /home/maemoon/Documents/MLOPS_Project/env/lib/python3.10/site-packages/airflow/example_dags/example_python_operator.py took 0.150 seconds
[2025-05-12T22:01:01.729+0500] {processor.py:157} INFO - Started process (PID=66156) to work on /home/maemoon/Documents/MLOPS_Project/env/lib/python3.10/site-packages/airflow/example_dags/example_python_operator.py
[2025-05-12T22:01:01.730+0500] {processor.py:829} INFO - Processing file /home/maemoon/Documents/MLOPS_Project/env/lib/python3.10/site-packages/airflow/example_dags/example_python_operator.py for tasks to queue
[2025-05-12T22:01:01.731+0500] {logging_mixin.py:151} INFO - [2025-05-12T22:01:01.731+0500] {dagbag.py:536} INFO - Filling up the DagBag from /home/maemoon/Documents/MLOPS_Project/env/lib/python3.10/site-packages/airflow/example_dags/example_python_operator.py
[2025-05-12T22:01:01.740+0500] {logging_mixin.py:151} INFO - [2025-05-12T22:01:01.740+0500] {example_python_operator.py:89} WARNING - The virtalenv_python example task requires virtualenv, please install it.
[2025-05-12T22:01:01.741+0500] {processor.py:839} INFO - DAG(s) dict_keys(['example_python_operator']) retrieved from /home/maemoon/Documents/MLOPS_Project/env/lib/python3.10/site-packages/airflow/example_dags/example_python_operator.py
[2025-05-12T22:01:01.757+0500] {logging_mixin.py:151} INFO - [2025-05-12T22:01:01.757+0500] {dag.py:2941} INFO - Sync 1 DAGs
[2025-05-12T22:01:01.769+0500] {logging_mixin.py:151} INFO - [2025-05-12T22:01:01.769+0500] {dag.py:3722} INFO - Setting next_dagrun for example_python_operator to None, run_after=None
[2025-05-12T22:01:01.877+0500] {processor.py:179} INFO - Processing /home/maemoon/Documents/MLOPS_Project/env/lib/python3.10/site-packages/airflow/example_dags/example_python_operator.py took 0.150 seconds
[2025-05-12T22:03:05.488+0500] {processor.py:157} INFO - Started process (PID=67144) to work on /home/maemoon/Documents/MLOPS_Project/env/lib/python3.10/site-packages/airflow/example_dags/example_python_operator.py
[2025-05-12T22:03:05.537+0500] {processor.py:829} INFO - Processing file /home/maemoon/Documents/MLOPS_Project/env/lib/python3.10/site-packages/airflow/example_dags/example_python_operator.py for tasks to queue
[2025-05-12T22:03:05.538+0500] {logging_mixin.py:151} INFO - [2025-05-12T22:03:05.537+0500] {dagbag.py:536} INFO - Filling up the DagBag from /home/maemoon/Documents/MLOPS_Project/env/lib/python3.10/site-packages/airflow/example_dags/example_python_operator.py
[2025-05-12T22:03:05.545+0500] {logging_mixin.py:151} INFO - [2025-05-12T22:03:05.545+0500] {example_python_operator.py:89} WARNING - The virtalenv_python example task requires virtualenv, please install it.
[2025-05-12T22:03:05.545+0500] {processor.py:839} INFO - DAG(s) dict_keys(['example_python_operator']) retrieved from /home/maemoon/Documents/MLOPS_Project/env/lib/python3.10/site-packages/airflow/example_dags/example_python_operator.py
[2025-05-12T22:03:05.559+0500] {logging_mixin.py:151} INFO - [2025-05-12T22:03:05.559+0500] {dag.py:2941} INFO - Sync 1 DAGs
[2025-05-12T22:03:05.567+0500] {logging_mixin.py:151} INFO - [2025-05-12T22:03:05.567+0500] {dag.py:3722} INFO - Setting next_dagrun for example_python_operator to None, run_after=None
[2025-05-12T22:03:05.659+0500] {processor.py:179} INFO - Processing /home/maemoon/Documents/MLOPS_Project/env/lib/python3.10/site-packages/airflow/example_dags/example_python_operator.py took 0.173 seconds
