[2025-05-12T21:24:00.400+0500] {taskinstance.py:1159} INFO - Dependencies all met for dep_context=non-requeueable deps ti=<TaskInstance: data_pipeline_dag.track_raw_data manual__2025-05-12T16:23:37.519235+00:00 [queued]>
[2025-05-12T21:24:00.406+0500] {taskinstance.py:1159} INFO - Dependencies all met for dep_context=requeueable deps ti=<TaskInstance: data_pipeline_dag.track_raw_data manual__2025-05-12T16:23:37.519235+00:00 [queued]>
[2025-05-12T21:24:00.407+0500] {taskinstance.py:1361} INFO - Starting attempt 1 of 1
[2025-05-12T21:24:00.531+0500] {taskinstance.py:1382} INFO - Executing <Task(PythonOperator): track_raw_data> on 2025-05-12 16:23:37.519235+00:00
[2025-05-12T21:24:00.535+0500] {standard_task_runner.py:57} INFO - Started process 56112 to run task
[2025-05-12T21:24:00.538+0500] {standard_task_runner.py:84} INFO - Running: ['airflow', 'tasks', 'run', 'data_pipeline_dag', 'track_raw_data', 'manual__2025-05-12T16:23:37.519235+00:00', '--job-id', '8', '--raw', '--subdir', 'DAGS_FOLDER/mlflow.py', '--cfg-path', '/tmp/tmp7wiwhjdb']
[2025-05-12T21:24:00.538+0500] {standard_task_runner.py:85} INFO - Job 8: Subtask track_raw_data
[2025-05-12T21:24:00.703+0500] {task_command.py:416} INFO - Running <TaskInstance: data_pipeline_dag.track_raw_data manual__2025-05-12T16:23:37.519235+00:00 [running]> on host maemoon-Inspiron-15-3567
[2025-05-12T21:24:00.957+0500] {taskinstance.py:1662} INFO - Exporting env vars: AIRFLOW_CTX_DAG_OWNER='airflow' AIRFLOW_CTX_DAG_ID='data_pipeline_dag' AIRFLOW_CTX_TASK_ID='track_raw_data' AIRFLOW_CTX_EXECUTION_DATE='2025-05-12T16:23:37.519235+00:00' AIRFLOW_CTX_TRY_NUMBER='1' AIRFLOW_CTX_DAG_RUN_ID='manual__2025-05-12T16:23:37.519235+00:00'
[2025-05-12T21:24:00.959+0500] {taskinstance.py:1937} ERROR - Task failed with exception
Traceback (most recent call last):
  File "/home/maemoon/Documents/MLOPS_Project/env/lib/python3.10/site-packages/airflow/operators/python.py", line 192, in execute
    return_value = self.execute_callable()
  File "/home/maemoon/Documents/MLOPS_Project/env/lib/python3.10/site-packages/airflow/operators/python.py", line 209, in execute_callable
    return self.python_callable(*self.op_args, **self.op_kwargs)
  File "/home/maemoon/Documents/MLOPS_Project/dags/Tasks/tracking.py", line 6, in track_raw_data
    subprocess.run(['dvc', 'add', 'WeatherData/Lahore_Forecast.csv'])
  File "/usr/lib/python3.10/subprocess.py", line 503, in run
    with Popen(*popenargs, **kwargs) as process:
  File "/usr/lib/python3.10/subprocess.py", line 971, in __init__
    self._execute_child(args, executable, preexec_fn, close_fds,
  File "/usr/lib/python3.10/subprocess.py", line 1863, in _execute_child
    raise child_exception_type(errno_num, err_msg, err_filename)
FileNotFoundError: [Errno 2] No such file or directory: 'dvc'
[2025-05-12T21:24:00.965+0500] {taskinstance.py:1400} INFO - Marking task as FAILED. dag_id=data_pipeline_dag, task_id=track_raw_data, execution_date=20250512T162337, start_date=20250512T162400, end_date=20250512T162400
[2025-05-12T21:24:01.086+0500] {standard_task_runner.py:104} ERROR - Failed to execute job 8 for task track_raw_data ([Errno 2] No such file or directory: 'dvc'; 56112)
[2025-05-12T21:24:01.111+0500] {local_task_job_runner.py:228} INFO - Task exited with return code 1
[2025-05-12T21:24:01.134+0500] {taskinstance.py:2778} INFO - 0 downstream tasks scheduled from follow-on schedule check
